<?xml version="1.0" encoding="UTF-8"?>
<TestRun id="e61fc2a3-5f26-4c62-ac6d-b66470e474f7" name="kwilliams@WS-KWILLIAMS 2012-10-08 08:38:30" runUser="CCS\kwilliams" xmlns="http://microsoft.com/schemas/VisualStudio/TeamTest/2010">
  <TestSettings name="Local" id="a1caf380-46cb-40ec-bf71-1f09af674c7e">
    <Description>These are default test settings for a local test run.</Description>
    <Deployment enabled="false" runDeploymentRoot="kwilliams_WS-KWILLIAMS 2012-10-08 08_38_30">
      <DeploymentItem filename="C:\Users\kwilliams\Downloads\NotMyself-GildedRose-v1.0-3-gccb50d0\NotMyself-GildedRose-ccb50d0\GildedRose.Core\bin\Debug\GildedRose.Core.dll" />
    </Deployment>
    <Execution>
      <TestTypeSpecific />
      <AgentRule name="Execution Agents">
      </AgentRule>
    </Execution>
  </TestSettings>
  <Times creation="2012-10-08T08:38:30.4301478-04:00" queuing="2012-10-08T08:38:30.6017544-04:00" start="2012-10-08T08:38:30.6173550-04:00" finish="2012-10-08T08:38:30.8513640-04:00" />
  <ResultSummary outcome="Completed">
    <Counters total="1" executed="1" passed="1" error="0" failed="0" timeout="0" aborted="0" inconclusive="0" passedButRunAborted="0" notRunnable="0" notExecuted="0" disconnected="0" warning="0" completed="0" inProgress="0" pending="0" />
  </ResultSummary>
  <TestDefinitions>
    <UnitTest name="BackstagePassQualityDropsToZeroAfterTheConcert" storage="c:\users\kwilliams\downloads\notmyself-gildedrose-v1.0-3-gccb50d0\notmyself-gildedrose-ccb50d0\src\gildedroses.unittests\bin\debug\gildedroses.unittests.dll" id="27d60e5a-ef7a-8ef1-9964-13d0f335072f">
      <Execution id="0e64e80c-45ec-45e4-b584-dd5e93469b6c" />
      <TestMethod codeBase="C:/Users/kwilliams/Downloads/NotMyself-GildedRose-v1.0-3-gccb50d0/NotMyself-GildedRose-ccb50d0/src/GildedRoses.UnitTests/bin/Debug/GildedRoses.UnitTests.DLL" adapterTypeName="Microsoft.VisualStudio.TestTools.TestTypes.Unit.UnitTestAdapter, Microsoft.VisualStudio.QualityTools.Tips.UnitTest.Adapter, Version=10.0.0.0, Culture=neutral, PublicKeyToken=b03f5f7f11d50a3a" className="GildedRoses.UnitTests.GildedRoseProcessorTests, GildedRoses.UnitTests, Version=1.0.0.0, Culture=neutral, PublicKeyToken=null" name="BackstagePassQualityDropsToZeroAfterTheConcert" />
    </UnitTest>
  </TestDefinitions>
  <TestLists>
    <TestList name="Results Not in a List" id="8c84fa94-04c1-424b-9868-57a2d4851a1d" />
    <TestList name="All Loaded Results" id="19431567-8539-422a-85d7-44ee4e166bda" />
  </TestLists>
  <TestEntries>
    <TestEntry testId="27d60e5a-ef7a-8ef1-9964-13d0f335072f" executionId="0e64e80c-45ec-45e4-b584-dd5e93469b6c" testListId="8c84fa94-04c1-424b-9868-57a2d4851a1d" />
  </TestEntries>
  <Results>
    <UnitTestResult executionId="0e64e80c-45ec-45e4-b584-dd5e93469b6c" testId="27d60e5a-ef7a-8ef1-9964-13d0f335072f" testName="BackstagePassQualityDropsToZeroAfterTheConcert" computerName="WS-KWILLIAMS" duration="00:00:00.0128734" startTime="2012-10-08T08:38:30.6329556-04:00" endTime="2012-10-08T08:38:30.8357634-04:00" testType="13cdc9d9-ddb5-4fa4-a97d-d965ccfc6d4b" outcome="Passed" testListId="8c84fa94-04c1-424b-9868-57a2d4851a1d" relativeResultsDirectory="0e64e80c-45ec-45e4-b584-dd5e93469b6c">
    </UnitTestResult>
  </Results>
</TestRun>