<?xml version="1.0" encoding="UTF-8"?>
<TestRun id="01961d3a-d6af-4a65-a811-b97a2c8cd599" name="kwilliams@WS-KWILLIAMS 2012-10-08 08:44:35" runUser="CCS\kwilliams" xmlns="http://microsoft.com/schemas/VisualStudio/TeamTest/2010">
  <TestSettings name="Local" id="a1caf380-46cb-40ec-bf71-1f09af674c7e">
    <Description>These are default test settings for a local test run.</Description>
    <Deployment enabled="false" runDeploymentRoot="kwilliams_WS-KWILLIAMS 2012-10-08 08_44_35">
      <DeploymentItem filename="C:\Users\kwilliams\Downloads\NotMyself-GildedRose-v1.0-3-gccb50d0\NotMyself-GildedRose-ccb50d0\GildedRose.Core\bin\Debug\GildedRose.Core.dll" />
    </Deployment>
    <Execution>
      <TestTypeSpecific />
      <AgentRule name="Execution Agents">
      </AgentRule>
    </Execution>
  </TestSettings>
  <Times creation="2012-10-08T08:44:35.3929151-04:00" queuing="2012-10-08T08:44:35.4241163-04:00" start="2012-10-08T08:44:35.4397169-04:00" finish="2012-10-08T08:44:35.7985307-04:00" />
  <ResultSummary outcome="Failed">
    <Counters total="37" executed="37" passed="36" error="0" failed="1" timeout="0" aborted="0" inconclusive="0" passedButRunAborted="0" notRunnable="0" notExecuted="0" disconnected="0" warning="0" completed="0" inProgress="0" pending="0" />
  </ResultSummary>
  <TestDefinitions>
    <UnitTest name="QualityIncreasesByTwoWhenSellInIsWithinSixAndTenDays" storage="c:\users\kwilliams\downloads\notmyself-gildedrose-v1.0-3-gccb50d0\notmyself-gildedrose-ccb50d0\src\gildedroses.unittests\bin\debug\gildedroses.unittests.dll" id="b2d28e5c-02f2-7621-be11-937a94c7f399">
      <Execution id="deff970d-9a66-444b-bc79-2fcd5c57d5de" />
      <TestMethod codeBase="C:/Users/kwilliams/Downloads/NotMyself-GildedRose-v1.0-3-gccb50d0/NotMyself-GildedRose-ccb50d0/src/GildedRoses.UnitTests/bin/Debug/GildedRoses.UnitTests.DLL" adapterTypeName="Microsoft.VisualStudio.TestTools.TestTypes.Unit.UnitTestAdapter, Microsoft.VisualStudio.QualityTools.Tips.UnitTest.Adapter, Version=10.0.0.0, Culture=neutral, PublicKeyToken=b03f5f7f11d50a3a" className="GildedRoses.UnitTests.Strategies.Quality.BackstagePassQualityStrategyTests, GildedRoses.UnitTests, Version=1.0.0.0, Culture=neutral, PublicKeyToken=null" name="QualityIncreasesByTwoWhenSellInIsWithinSixAndTenDays" />
    </UnitTest>
    <UnitTest name="DoesNotChange" storage="c:\users\kwilliams\downloads\notmyself-gildedrose-v1.0-3-gccb50d0\notmyself-gildedrose-ccb50d0\src\gildedroses.unittests\bin\debug\gildedroses.unittests.dll" id="99e8fe7a-2dc4-b8bf-5973-f43514db8194">
      <Execution id="08259ace-a9a8-48eb-8f3b-d18ce8a63137" />
      <TestMethod codeBase="C:/Users/kwilliams/Downloads/NotMyself-GildedRose-v1.0-3-gccb50d0/NotMyself-GildedRose-ccb50d0/src/GildedRoses.UnitTests/bin/Debug/GildedRoses.UnitTests.DLL" adapterTypeName="Microsoft.VisualStudio.TestTools.TestTypes.Unit.UnitTestAdapter, Microsoft.VisualStudio.QualityTools.Tips.UnitTest.Adapter, Version=10.0.0.0, Culture=neutral, PublicKeyToken=b03f5f7f11d50a3a" className="GildedRoses.UnitTests.Strategies.SellIn.SulfurasSellInStrategyTests, GildedRoses.UnitTests, Version=1.0.0.0, Culture=neutral, PublicKeyToken=null" name="DoesNotChange" />
    </UnitTest>
    <UnitTest name="SulfurasNeverDegrades" storage="c:\users\kwilliams\downloads\notmyself-gildedrose-v1.0-3-gccb50d0\notmyself-gildedrose-ccb50d0\src\gildedroses.unittests\bin\debug\gildedroses.unittests.dll" id="e11acf43-8b72-ef0a-3f56-4944d3063c48">
      <Execution id="36f365cc-59a8-4350-a8d1-04662777a40d" />
      <TestMethod codeBase="C:/Users/kwilliams/Downloads/NotMyself-GildedRose-v1.0-3-gccb50d0/NotMyself-GildedRose-ccb50d0/src/GildedRoses.UnitTests/bin/Debug/GildedRoses.UnitTests.DLL" adapterTypeName="Microsoft.VisualStudio.TestTools.TestTypes.Unit.UnitTestAdapter, Microsoft.VisualStudio.QualityTools.Tips.UnitTest.Adapter, Version=10.0.0.0, Culture=neutral, PublicKeyToken=b03f5f7f11d50a3a" className="GildedRoses.UnitTests.GildedRoseProcessorTests, GildedRoses.UnitTests, Version=1.0.0.0, Culture=neutral, PublicKeyToken=null" name="SulfurasNeverDegrades" />
    </UnitTest>
    <UnitTest name="SellInForNormalItemDecreasesByOne" storage="c:\users\kwilliams\downloads\notmyself-gildedrose-v1.0-3-gccb50d0\notmyself-gildedrose-ccb50d0\src\gildedroses.unittests\bin\debug\gildedroses.unittests.dll" id="5a70c8e3-3797-968c-683e-53e240c9614d">
      <Execution id="750da807-41a2-4376-b871-f971ab2b962b" />
      <TestMethod codeBase="C:/Users/kwilliams/Downloads/NotMyself-GildedRose-v1.0-3-gccb50d0/NotMyself-GildedRose-ccb50d0/src/GildedRoses.UnitTests/bin/Debug/GildedRoses.UnitTests.DLL" adapterTypeName="Microsoft.VisualStudio.TestTools.TestTypes.Unit.UnitTestAdapter, Microsoft.VisualStudio.QualityTools.Tips.UnitTest.Adapter, Version=10.0.0.0, Culture=neutral, PublicKeyToken=b03f5f7f11d50a3a" className="GildedRoses.UnitTests.GildedRoseProcessorTests, GildedRoses.UnitTests, Version=1.0.0.0, Culture=neutral, PublicKeyToken=null" name="SellInForNormalItemDecreasesByOne" />
    </UnitTest>
    <UnitTest name="BackstagePassQualityIncreasesByThreeWhenSellInIsBetweenFiveAndZeroDays" storage="c:\users\kwilliams\downloads\notmyself-gildedrose-v1.0-3-gccb50d0\notmyself-gildedrose-ccb50d0\src\gildedroses.unittests\bin\debug\gildedroses.unittests.dll" id="ad04d720-9c82-06a8-6df0-8185f69d3af2">
      <Execution id="c3595e7f-ded9-44d8-8d45-6e30ce09f1cd" />
      <TestMethod codeBase="C:/Users/kwilliams/Downloads/NotMyself-GildedRose-v1.0-3-gccb50d0/NotMyself-GildedRose-ccb50d0/src/GildedRoses.UnitTests/bin/Debug/GildedRoses.UnitTests.DLL" adapterTypeName="Microsoft.VisualStudio.TestTools.TestTypes.Unit.UnitTestAdapter, Microsoft.VisualStudio.QualityTools.Tips.UnitTest.Adapter, Version=10.0.0.0, Culture=neutral, PublicKeyToken=b03f5f7f11d50a3a" className="GildedRoses.UnitTests.GildedRoseProcessorTests, GildedRoses.UnitTests, Version=1.0.0.0, Culture=neutral, PublicKeyToken=null" name="BackstagePassQualityIncreasesByThreeWhenSellInIsBetweenFiveAndZeroDays" />
    </UnitTest>
    <UnitTest name="QualityDegradesTwiceAsFastForNormalItem" storage="c:\users\kwilliams\downloads\notmyself-gildedrose-v1.0-3-gccb50d0\notmyself-gildedrose-ccb50d0\src\gildedroses.unittests\bin\debug\gildedroses.unittests.dll" id="3bcc2279-1a8f-0714-a6fd-9d4937534e55">
      <Execution id="5a62519e-8cba-49bb-bc79-1ebf08be944f" />
      <TestMethod codeBase="C:/Users/kwilliams/Downloads/NotMyself-GildedRose-v1.0-3-gccb50d0/NotMyself-GildedRose-ccb50d0/src/GildedRoses.UnitTests/bin/Debug/GildedRoses.UnitTests.DLL" adapterTypeName="Microsoft.VisualStudio.TestTools.TestTypes.Unit.UnitTestAdapter, Microsoft.VisualStudio.QualityTools.Tips.UnitTest.Adapter, Version=10.0.0.0, Culture=neutral, PublicKeyToken=b03f5f7f11d50a3a" className="GildedRoses.UnitTests.GildedRoseProcessorTests, GildedRoses.UnitTests, Version=1.0.0.0, Culture=neutral, PublicKeyToken=null" name="QualityDegradesTwiceAsFastForNormalItem" />
    </UnitTest>
    <UnitTest name="QualityDecreasesByOneWhenSellInIsGreaterThanOrEqualToZero" storage="c:\users\kwilliams\downloads\notmyself-gildedrose-v1.0-3-gccb50d0\notmyself-gildedrose-ccb50d0\src\gildedroses.unittests\bin\debug\gildedroses.unittests.dll" id="01b3fe5c-9c9d-6b49-485b-3530d2ef3eb2">
      <Execution id="bb2c828b-0bb2-4f20-be47-c136f49f3a20" />
      <TestMethod codeBase="C:/Users/kwilliams/Downloads/NotMyself-GildedRose-v1.0-3-gccb50d0/NotMyself-GildedRose-ccb50d0/src/GildedRoses.UnitTests/bin/Debug/GildedRoses.UnitTests.DLL" adapterTypeName="Microsoft.VisualStudio.TestTools.TestTypes.Unit.UnitTestAdapter, Microsoft.VisualStudio.QualityTools.Tips.UnitTest.Adapter, Version=10.0.0.0, Culture=neutral, PublicKeyToken=b03f5f7f11d50a3a" className="GildedRoses.UnitTests.Strategies.Quality.DefaultQualityStrategyTests, GildedRoses.UnitTests, Version=1.0.0.0, Culture=neutral, PublicKeyToken=null" name="QualityDecreasesByOneWhenSellInIsGreaterThanOrEqualToZero" />
    </UnitTest>
    <UnitTest name="GetStrategyReturnsAgedBrieQualityStrategyForAgedBrie" storage="c:\users\kwilliams\downloads\notmyself-gildedrose-v1.0-3-gccb50d0\notmyself-gildedrose-ccb50d0\src\gildedroses.unittests\bin\debug\gildedroses.unittests.dll" id="bb03be4f-ea91-5112-a71b-22043a2e65b7">
      <Execution id="eb5fc139-7dfb-4a92-bd80-b813d96440cb" />
      <TestMethod codeBase="C:/Users/kwilliams/Downloads/NotMyself-GildedRose-v1.0-3-gccb50d0/NotMyself-GildedRose-ccb50d0/src/GildedRoses.UnitTests/bin/Debug/GildedRoses.UnitTests.DLL" adapterTypeName="Microsoft.VisualStudio.TestTools.TestTypes.Unit.UnitTestAdapter, Microsoft.VisualStudio.QualityTools.Tips.UnitTest.Adapter, Version=10.0.0.0, Culture=neutral, PublicKeyToken=b03f5f7f11d50a3a" className="GildedRoses.UnitTests.Strategies.Quality.QualityStrategyFactoryTests, GildedRoses.UnitTests, Version=1.0.0.0, Culture=neutral, PublicKeyToken=null" name="GetStrategyReturnsAgedBrieQualityStrategyForAgedBrie" />
    </UnitTest>
    <UnitTest name="QualityDoesNotGoAboveFifty" storage="c:\users\kwilliams\downloads\notmyself-gildedrose-v1.0-3-gccb50d0\notmyself-gildedrose-ccb50d0\src\gildedroses.unittests\bin\debug\gildedroses.unittests.dll" id="33377cb1-02fc-c3bf-2deb-4f32f6490ca4">
      <Execution id="f530f320-dd70-462a-8f44-107eeb87f3de" />
      <TestMethod codeBase="C:/Users/kwilliams/Downloads/NotMyself-GildedRose-v1.0-3-gccb50d0/NotMyself-GildedRose-ccb50d0/src/GildedRoses.UnitTests/bin/Debug/GildedRoses.UnitTests.DLL" adapterTypeName="Microsoft.VisualStudio.TestTools.TestTypes.Unit.UnitTestAdapter, Microsoft.VisualStudio.QualityTools.Tips.UnitTest.Adapter, Version=10.0.0.0, Culture=neutral, PublicKeyToken=b03f5f7f11d50a3a" className="GildedRoses.UnitTests.Strategies.Quality.AgedBrieQualityStrategyTests, GildedRoses.UnitTests, Version=1.0.0.0, Culture=neutral, PublicKeyToken=null" name="QualityDoesNotGoAboveFifty" />
    </UnitTest>
    <UnitTest name="QualityDoesNotGoAboveFiftyWhenSellInIsWithinZeroAndFiveDays" storage="c:\users\kwilliams\downloads\notmyself-gildedrose-v1.0-3-gccb50d0\notmyself-gildedrose-ccb50d0\src\gildedroses.unittests\bin\debug\gildedroses.unittests.dll" id="28154d4f-24ee-8105-02a9-c7bc69939eb7">
      <Execution id="e801451d-6833-4d72-b8b2-fd61610b5a3f" />
      <TestMethod codeBase="C:/Users/kwilliams/Downloads/NotMyself-GildedRose-v1.0-3-gccb50d0/NotMyself-GildedRose-ccb50d0/src/GildedRoses.UnitTests/bin/Debug/GildedRoses.UnitTests.DLL" adapterTypeName="Microsoft.VisualStudio.TestTools.TestTypes.Unit.UnitTestAdapter, Microsoft.VisualStudio.QualityTools.Tips.UnitTest.Adapter, Version=10.0.0.0, Culture=neutral, PublicKeyToken=b03f5f7f11d50a3a" className="GildedRoses.UnitTests.Strategies.Quality.BackstagePassQualityStrategyTests, GildedRoses.UnitTests, Version=1.0.0.0, Culture=neutral, PublicKeyToken=null" name="QualityDoesNotGoAboveFiftyWhenSellInIsWithinZeroAndFiveDays" />
    </UnitTest>
    <UnitTest name="BackstagePassQualityIncreasesByOneTenDays" storage="c:\users\kwilliams\downloads\notmyself-gildedrose-v1.0-3-gccb50d0\notmyself-gildedrose-ccb50d0\src\gildedroses.unittests\bin\debug\gildedroses.unittests.dll" id="9202ead1-dedc-5e0d-2780-c966e630f975">
      <Execution id="76a2e1dc-09b9-41c5-9be8-81036e59bbb0" />
      <TestMethod codeBase="C:/Users/kwilliams/Downloads/NotMyself-GildedRose-v1.0-3-gccb50d0/NotMyself-GildedRose-ccb50d0/src/GildedRoses.UnitTests/bin/Debug/GildedRoses.UnitTests.DLL" adapterTypeName="Microsoft.VisualStudio.TestTools.TestTypes.Unit.UnitTestAdapter, Microsoft.VisualStudio.QualityTools.Tips.UnitTest.Adapter, Version=10.0.0.0, Culture=neutral, PublicKeyToken=b03f5f7f11d50a3a" className="GildedRoses.UnitTests.GildedRoseProcessorTests, GildedRoses.UnitTests, Version=1.0.0.0, Culture=neutral, PublicKeyToken=null" name="BackstagePassQualityIncreasesByOneTenDays" />
    </UnitTest>
    <UnitTest name="QualityDecreasesByFourWhenSellInIsGreaterThanOrEqualToZero" storage="c:\users\kwilliams\downloads\notmyself-gildedrose-v1.0-3-gccb50d0\notmyself-gildedrose-ccb50d0\src\gildedroses.unittests\bin\debug\gildedroses.unittests.dll" id="b9f52232-1b74-369c-c28a-1648794ca68b">
      <Execution id="f348da72-683e-47f6-8e65-19d2446c334b" />
      <TestMethod codeBase="C:/Users/kwilliams/Downloads/NotMyself-GildedRose-v1.0-3-gccb50d0/NotMyself-GildedRose-ccb50d0/src/GildedRoses.UnitTests/bin/Debug/GildedRoses.UnitTests.DLL" adapterTypeName="Microsoft.VisualStudio.TestTools.TestTypes.Unit.UnitTestAdapter, Microsoft.VisualStudio.QualityTools.Tips.UnitTest.Adapter, Version=10.0.0.0, Culture=neutral, PublicKeyToken=b03f5f7f11d50a3a" className="GildedRoses.UnitTests.Strategies.Quality.ConjuredQualityStrategyTests, GildedRoses.UnitTests, Version=1.0.0.0, Culture=neutral, PublicKeyToken=null" name="QualityDecreasesByFourWhenSellInIsGreaterThanOrEqualToZero" />
    </UnitTest>
    <UnitTest name="GetStrategyReturnsBackStagePassQualityStrategyForBackstagePass" storage="c:\users\kwilliams\downloads\notmyself-gildedrose-v1.0-3-gccb50d0\notmyself-gildedrose-ccb50d0\src\gildedroses.unittests\bin\debug\gildedroses.unittests.dll" id="591af166-1b4a-0984-7eee-62898709dd3e">
      <Execution id="90e97601-7204-4a9c-a5a9-2a94cd8e8d63" />
      <TestMethod codeBase="C:/Users/kwilliams/Downloads/NotMyself-GildedRose-v1.0-3-gccb50d0/NotMyself-GildedRose-ccb50d0/src/GildedRoses.UnitTests/bin/Debug/GildedRoses.UnitTests.DLL" adapterTypeName="Microsoft.VisualStudio.TestTools.TestTypes.Unit.UnitTestAdapter, Microsoft.VisualStudio.QualityTools.Tips.UnitTest.Adapter, Version=10.0.0.0, Culture=neutral, PublicKeyToken=b03f5f7f11d50a3a" className="GildedRoses.UnitTests.Strategies.Quality.QualityStrategyFactoryTests, GildedRoses.UnitTests, Version=1.0.0.0, Culture=neutral, PublicKeyToken=null" name="GetStrategyReturnsBackStagePassQualityStrategyForBackstagePass" />
    </UnitTest>
    <UnitTest name="QualityDoesNotGoAboveFiftyWhenSellInIsGreaterThanTenDays" storage="c:\users\kwilliams\downloads\notmyself-gildedrose-v1.0-3-gccb50d0\notmyself-gildedrose-ccb50d0\src\gildedroses.unittests\bin\debug\gildedroses.unittests.dll" id="c14da039-df56-a14b-dda5-b66cb3117dc3">
      <Execution id="b5110125-241c-48fd-bf49-2740545bcf51" />
      <TestMethod codeBase="C:/Users/kwilliams/Downloads/NotMyself-GildedRose-v1.0-3-gccb50d0/NotMyself-GildedRose-ccb50d0/src/GildedRoses.UnitTests/bin/Debug/GildedRoses.UnitTests.DLL" adapterTypeName="Microsoft.VisualStudio.TestTools.TestTypes.Unit.UnitTestAdapter, Microsoft.VisualStudio.QualityTools.Tips.UnitTest.Adapter, Version=10.0.0.0, Culture=neutral, PublicKeyToken=b03f5f7f11d50a3a" className="GildedRoses.UnitTests.Strategies.Quality.BackstagePassQualityStrategyTests, GildedRoses.UnitTests, Version=1.0.0.0, Culture=neutral, PublicKeyToken=null" name="QualityDoesNotGoAboveFiftyWhenSellInIsGreaterThanTenDays" />
    </UnitTest>
    <UnitTest name="SellInForBackstagePassDecreasesByOne" storage="c:\users\kwilliams\downloads\notmyself-gildedrose-v1.0-3-gccb50d0\notmyself-gildedrose-ccb50d0\src\gildedroses.unittests\bin\debug\gildedroses.unittests.dll" id="40b689f2-c768-3d7f-d7eb-990bb800d1b0">
      <Execution id="099d0677-6f06-4c75-be43-2ee3a5c90cec" />
      <TestMethod codeBase="C:/Users/kwilliams/Downloads/NotMyself-GildedRose-v1.0-3-gccb50d0/NotMyself-GildedRose-ccb50d0/src/GildedRoses.UnitTests/bin/Debug/GildedRoses.UnitTests.DLL" adapterTypeName="Microsoft.VisualStudio.TestTools.TestTypes.Unit.UnitTestAdapter, Microsoft.VisualStudio.QualityTools.Tips.UnitTest.Adapter, Version=10.0.0.0, Culture=neutral, PublicKeyToken=b03f5f7f11d50a3a" className="GildedRoses.UnitTests.GildedRoseProcessorTests, GildedRoses.UnitTests, Version=1.0.0.0, Culture=neutral, PublicKeyToken=null" name="SellInForBackstagePassDecreasesByOne" />
    </UnitTest>
    <UnitTest name="BackstagePassQualityDropsToZeroAfterTheConcert" storage="c:\users\kwilliams\downloads\notmyself-gildedrose-v1.0-3-gccb50d0\notmyself-gildedrose-ccb50d0\src\gildedroses.unittests\bin\debug\gildedroses.unittests.dll" id="27d60e5a-ef7a-8ef1-9964-13d0f335072f">
      <Execution id="5a101c66-eaff-4a77-a853-7f925d0b9fc2" />
      <TestMethod codeBase="C:/Users/kwilliams/Downloads/NotMyself-GildedRose-v1.0-3-gccb50d0/NotMyself-GildedRose-ccb50d0/src/GildedRoses.UnitTests/bin/Debug/GildedRoses.UnitTests.DLL" adapterTypeName="Microsoft.VisualStudio.TestTools.TestTypes.Unit.UnitTestAdapter, Microsoft.VisualStudio.QualityTools.Tips.UnitTest.Adapter, Version=10.0.0.0, Culture=neutral, PublicKeyToken=b03f5f7f11d50a3a" className="GildedRoses.UnitTests.GildedRoseProcessorTests, GildedRoses.UnitTests, Version=1.0.0.0, Culture=neutral, PublicKeyToken=null" name="BackstagePassQualityDropsToZeroAfterTheConcert" />
    </UnitTest>
    <UnitTest name="SellInForConjuredDecreasesByOne" storage="c:\users\kwilliams\downloads\notmyself-gildedrose-v1.0-3-gccb50d0\notmyself-gildedrose-ccb50d0\src\gildedroses.unittests\bin\debug\gildedroses.unittests.dll" id="ddf4f376-d23b-f447-f252-2fe1d83b1b05">
      <Execution id="0c62b58b-6cc1-4a43-aeae-b9c0fbf8ed1b" />
      <TestMethod codeBase="C:/Users/kwilliams/Downloads/NotMyself-GildedRose-v1.0-3-gccb50d0/NotMyself-GildedRose-ccb50d0/src/GildedRoses.UnitTests/bin/Debug/GildedRoses.UnitTests.DLL" adapterTypeName="Microsoft.VisualStudio.TestTools.TestTypes.Unit.UnitTestAdapter, Microsoft.VisualStudio.QualityTools.Tips.UnitTest.Adapter, Version=10.0.0.0, Culture=neutral, PublicKeyToken=b03f5f7f11d50a3a" className="GildedRoses.UnitTests.GildedRoseProcessorTests, GildedRoses.UnitTests, Version=1.0.0.0, Culture=neutral, PublicKeyToken=null" name="SellInForConjuredDecreasesByOne" />
    </UnitTest>
    <UnitTest name="QualityIncreasesByOne" storage="c:\users\kwilliams\downloads\notmyself-gildedrose-v1.0-3-gccb50d0\notmyself-gildedrose-ccb50d0\src\gildedroses.unittests\bin\debug\gildedroses.unittests.dll" id="a6be764d-4c17-7d50-b4ca-a609322a855f">
      <Execution id="4f08bc4e-9435-4764-a3ff-ff722c9b8f98" />
      <TestMethod codeBase="C:/Users/kwilliams/Downloads/NotMyself-GildedRose-v1.0-3-gccb50d0/NotMyself-GildedRose-ccb50d0/src/GildedRoses.UnitTests/bin/Debug/GildedRoses.UnitTests.DLL" adapterTypeName="Microsoft.VisualStudio.TestTools.TestTypes.Unit.UnitTestAdapter, Microsoft.VisualStudio.QualityTools.Tips.UnitTest.Adapter, Version=10.0.0.0, Culture=neutral, PublicKeyToken=b03f5f7f11d50a3a" className="GildedRoses.UnitTests.Strategies.Quality.AgedBrieQualityStrategyTests, GildedRoses.UnitTests, Version=1.0.0.0, Culture=neutral, PublicKeyToken=null" name="QualityIncreasesByOne" />
    </UnitTest>
    <UnitTest name="QualityDoesNotChange" storage="c:\users\kwilliams\downloads\notmyself-gildedrose-v1.0-3-gccb50d0\notmyself-gildedrose-ccb50d0\src\gildedroses.unittests\bin\debug\gildedroses.unittests.dll" id="e4f833c7-13fe-b064-7135-20b5f97c6d5d">
      <Execution id="a061d4a8-c3c2-4be8-bf15-e693ee2463bf" />
      <TestMethod codeBase="C:/Users/kwilliams/Downloads/NotMyself-GildedRose-v1.0-3-gccb50d0/NotMyself-GildedRose-ccb50d0/src/GildedRoses.UnitTests/bin/Debug/GildedRoses.UnitTests.DLL" adapterTypeName="Microsoft.VisualStudio.TestTools.TestTypes.Unit.UnitTestAdapter, Microsoft.VisualStudio.QualityTools.Tips.UnitTest.Adapter, Version=10.0.0.0, Culture=neutral, PublicKeyToken=b03f5f7f11d50a3a" className="GildedRoses.UnitTests.Strategies.Quality.SulfurasQualityStrategyTests, GildedRoses.UnitTests, Version=1.0.0.0, Culture=neutral, PublicKeyToken=null" name="QualityDoesNotChange" />
    </UnitTest>
    <UnitTest name="SellInForAgedBrieDecreasesByOne" storage="c:\users\kwilliams\downloads\notmyself-gildedrose-v1.0-3-gccb50d0\notmyself-gildedrose-ccb50d0\src\gildedroses.unittests\bin\debug\gildedroses.unittests.dll" id="1f23eec8-cc35-f80d-1a5e-828ebf392750">
      <Execution id="4e0d2c53-19d9-4be4-a172-7b890839a675" />
      <TestMethod codeBase="C:/Users/kwilliams/Downloads/NotMyself-GildedRose-v1.0-3-gccb50d0/NotMyself-GildedRose-ccb50d0/src/GildedRoses.UnitTests/bin/Debug/GildedRoses.UnitTests.DLL" adapterTypeName="Microsoft.VisualStudio.TestTools.TestTypes.Unit.UnitTestAdapter, Microsoft.VisualStudio.QualityTools.Tips.UnitTest.Adapter, Version=10.0.0.0, Culture=neutral, PublicKeyToken=b03f5f7f11d50a3a" className="GildedRoses.UnitTests.GildedRoseProcessorTests, GildedRoses.UnitTests, Version=1.0.0.0, Culture=neutral, PublicKeyToken=null" name="SellInForAgedBrieDecreasesByOne" />
    </UnitTest>
    <UnitTest name="QualityIncreasesByOneWhenSellInIsGreaterThanTenDays" storage="c:\users\kwilliams\downloads\notmyself-gildedrose-v1.0-3-gccb50d0\notmyself-gildedrose-ccb50d0\src\gildedroses.unittests\bin\debug\gildedroses.unittests.dll" id="debe6527-36f9-32d2-7126-5f2a10b9915c">
      <Execution id="34f4729c-ad05-4ae1-ad18-2a456ae35593" />
      <TestMethod codeBase="C:/Users/kwilliams/Downloads/NotMyself-GildedRose-v1.0-3-gccb50d0/NotMyself-GildedRose-ccb50d0/src/GildedRoses.UnitTests/bin/Debug/GildedRoses.UnitTests.DLL" adapterTypeName="Microsoft.VisualStudio.TestTools.TestTypes.Unit.UnitTestAdapter, Microsoft.VisualStudio.QualityTools.Tips.UnitTest.Adapter, Version=10.0.0.0, Culture=neutral, PublicKeyToken=b03f5f7f11d50a3a" className="GildedRoses.UnitTests.Strategies.Quality.BackstagePassQualityStrategyTests, GildedRoses.UnitTests, Version=1.0.0.0, Culture=neutral, PublicKeyToken=null" name="QualityIncreasesByOneWhenSellInIsGreaterThanTenDays" />
    </UnitTest>
    <UnitTest name="DecreasesByOne" storage="c:\users\kwilliams\downloads\notmyself-gildedrose-v1.0-3-gccb50d0\notmyself-gildedrose-ccb50d0\src\gildedroses.unittests\bin\debug\gildedroses.unittests.dll" id="c33c3c45-bc58-e8ef-1cab-996cda5c4ccc">
      <Execution id="19f25346-cb97-49f2-81d6-28948a6e6dca" />
      <TestMethod codeBase="C:/Users/kwilliams/Downloads/NotMyself-GildedRose-v1.0-3-gccb50d0/NotMyself-GildedRose-ccb50d0/src/GildedRoses.UnitTests/bin/Debug/GildedRoses.UnitTests.DLL" adapterTypeName="Microsoft.VisualStudio.TestTools.TestTypes.Unit.UnitTestAdapter, Microsoft.VisualStudio.QualityTools.Tips.UnitTest.Adapter, Version=10.0.0.0, Culture=neutral, PublicKeyToken=b03f5f7f11d50a3a" className="GildedRoses.UnitTests.Strategies.SellIn.NormalSellInStrategyTests, GildedRoses.UnitTests, Version=1.0.0.0, Culture=neutral, PublicKeyToken=null" name="DecreasesByOne" />
    </UnitTest>
    <UnitTest name="QualityOfAnItemIsNeverGreaterThanFifty" storage="c:\users\kwilliams\downloads\notmyself-gildedrose-v1.0-3-gccb50d0\notmyself-gildedrose-ccb50d0\src\gildedroses.unittests\bin\debug\gildedroses.unittests.dll" id="241e0825-0a15-4f2d-7550-cf48efb3e3f7">
      <Execution id="427b4809-cf6e-4337-ab66-871bcbdd3ea0" />
      <TestMethod codeBase="C:/Users/kwilliams/Downloads/NotMyself-GildedRose-v1.0-3-gccb50d0/NotMyself-GildedRose-ccb50d0/src/GildedRoses.UnitTests/bin/Debug/GildedRoses.UnitTests.DLL" adapterTypeName="Microsoft.VisualStudio.TestTools.TestTypes.Unit.UnitTestAdapter, Microsoft.VisualStudio.QualityTools.Tips.UnitTest.Adapter, Version=10.0.0.0, Culture=neutral, PublicKeyToken=b03f5f7f11d50a3a" className="GildedRoses.UnitTests.GildedRoseProcessorTests, GildedRoses.UnitTests, Version=1.0.0.0, Culture=neutral, PublicKeyToken=null" name="QualityOfAnItemIsNeverGreaterThanFifty" />
    </UnitTest>
    <UnitTest name="GetStrategyReturnsAgedBrieQualityStrategyForAgedBrie" storage="c:\users\kwilliams\downloads\notmyself-gildedrose-v1.0-3-gccb50d0\notmyself-gildedrose-ccb50d0\src\gildedroses.unittests\bin\debug\gildedroses.unittests.dll" id="8bd11791-be6f-6bbc-2cd3-f330033d64da">
      <Execution id="389b7d3d-95f0-4b39-bb55-a15b64ff635d" />
      <TestMethod codeBase="C:/Users/kwilliams/Downloads/NotMyself-GildedRose-v1.0-3-gccb50d0/NotMyself-GildedRose-ccb50d0/src/GildedRoses.UnitTests/bin/Debug/GildedRoses.UnitTests.DLL" adapterTypeName="Microsoft.VisualStudio.TestTools.TestTypes.Unit.UnitTestAdapter, Microsoft.VisualStudio.QualityTools.Tips.UnitTest.Adapter, Version=10.0.0.0, Culture=neutral, PublicKeyToken=b03f5f7f11d50a3a" className="GildedRoses.UnitTests.Strategies.SellIn.SellInStrategyFactoryTests, GildedRoses.UnitTests, Version=1.0.0.0, Culture=neutral, PublicKeyToken=null" name="GetStrategyReturnsAgedBrieQualityStrategyForAgedBrie" />
    </UnitTest>
    <UnitTest name="QualityDecreasesByTwoWhenSellInIsGreaterThanOrEqualToZero" storage="c:\users\kwilliams\downloads\notmyself-gildedrose-v1.0-3-gccb50d0\notmyself-gildedrose-ccb50d0\src\gildedroses.unittests\bin\debug\gildedroses.unittests.dll" id="06372207-d70b-9ffd-e3b3-6c51f3decd07">
      <Execution id="ba4fe5ee-7c3a-44d4-a4d4-5b5d7fe0a3a0" />
      <TestMethod codeBase="C:/Users/kwilliams/Downloads/NotMyself-GildedRose-v1.0-3-gccb50d0/NotMyself-GildedRose-ccb50d0/src/GildedRoses.UnitTests/bin/Debug/GildedRoses.UnitTests.DLL" adapterTypeName="Microsoft.VisualStudio.TestTools.TestTypes.Unit.UnitTestAdapter, Microsoft.VisualStudio.QualityTools.Tips.UnitTest.Adapter, Version=10.0.0.0, Culture=neutral, PublicKeyToken=b03f5f7f11d50a3a" className="GildedRoses.UnitTests.Strategies.Quality.DefaultQualityStrategyTests, GildedRoses.UnitTests, Version=1.0.0.0, Culture=neutral, PublicKeyToken=null" name="QualityDecreasesByTwoWhenSellInIsGreaterThanOrEqualToZero" />
    </UnitTest>
    <UnitTest name="GetStrategyReturnsNormalQualityStrategyForNormalItem" storage="c:\users\kwilliams\downloads\notmyself-gildedrose-v1.0-3-gccb50d0\notmyself-gildedrose-ccb50d0\src\gildedroses.unittests\bin\debug\gildedroses.unittests.dll" id="1994e197-928f-3d31-fc37-5a4552c68ca8">
      <Execution id="97a497df-fd2e-43cc-a46a-7a53b2d6aa2e" />
      <TestMethod codeBase="C:/Users/kwilliams/Downloads/NotMyself-GildedRose-v1.0-3-gccb50d0/NotMyself-GildedRose-ccb50d0/src/GildedRoses.UnitTests/bin/Debug/GildedRoses.UnitTests.DLL" adapterTypeName="Microsoft.VisualStudio.TestTools.TestTypes.Unit.UnitTestAdapter, Microsoft.VisualStudio.QualityTools.Tips.UnitTest.Adapter, Version=10.0.0.0, Culture=neutral, PublicKeyToken=b03f5f7f11d50a3a" className="GildedRoses.UnitTests.Strategies.SellIn.SellInStrategyFactoryTests, GildedRoses.UnitTests, Version=1.0.0.0, Culture=neutral, PublicKeyToken=null" name="GetStrategyReturnsNormalQualityStrategyForNormalItem" />
    </UnitTest>
    <UnitTest name="GetStrategyReturnsConjuredQualityStrategyForConjured" storage="c:\users\kwilliams\downloads\notmyself-gildedrose-v1.0-3-gccb50d0\notmyself-gildedrose-ccb50d0\src\gildedroses.unittests\bin\debug\gildedroses.unittests.dll" id="71dcff6b-e732-6c33-e5a1-85ca528032ee">
      <Execution id="6ca6f31b-bf18-4216-9582-17a4dcd8a04a" />
      <TestMethod codeBase="C:/Users/kwilliams/Downloads/NotMyself-GildedRose-v1.0-3-gccb50d0/NotMyself-GildedRose-ccb50d0/src/GildedRoses.UnitTests/bin/Debug/GildedRoses.UnitTests.DLL" adapterTypeName="Microsoft.VisualStudio.TestTools.TestTypes.Unit.UnitTestAdapter, Microsoft.VisualStudio.QualityTools.Tips.UnitTest.Adapter, Version=10.0.0.0, Culture=neutral, PublicKeyToken=b03f5f7f11d50a3a" className="GildedRoses.UnitTests.Strategies.Quality.QualityStrategyFactoryTests, GildedRoses.UnitTests, Version=1.0.0.0, Culture=neutral, PublicKeyToken=null" name="GetStrategyReturnsConjuredQualityStrategyForConjured" />
    </UnitTest>
    <UnitTest name="QualityIncreasesByThreeWhenSellInIsWithinZeroAndFiveDays" storage="c:\users\kwilliams\downloads\notmyself-gildedrose-v1.0-3-gccb50d0\notmyself-gildedrose-ccb50d0\src\gildedroses.unittests\bin\debug\gildedroses.unittests.dll" id="e343510d-1cbf-7e51-ccf4-d82793d7feae">
      <Execution id="8ee0cfb6-533e-4523-ab27-21f66d7359a1" />
      <TestMethod codeBase="C:/Users/kwilliams/Downloads/NotMyself-GildedRose-v1.0-3-gccb50d0/NotMyself-GildedRose-ccb50d0/src/GildedRoses.UnitTests/bin/Debug/GildedRoses.UnitTests.DLL" adapterTypeName="Microsoft.VisualStudio.TestTools.TestTypes.Unit.UnitTestAdapter, Microsoft.VisualStudio.QualityTools.Tips.UnitTest.Adapter, Version=10.0.0.0, Culture=neutral, PublicKeyToken=b03f5f7f11d50a3a" className="GildedRoses.UnitTests.Strategies.Quality.BackstagePassQualityStrategyTests, GildedRoses.UnitTests, Version=1.0.0.0, Culture=neutral, PublicKeyToken=null" name="QualityIncreasesByThreeWhenSellInIsWithinZeroAndFiveDays" />
    </UnitTest>
    <UnitTest name="BackstagePassQualityIncreasesByTwoWhenSellInIsBetweenSixAndTenDays" storage="c:\users\kwilliams\downloads\notmyself-gildedrose-v1.0-3-gccb50d0\notmyself-gildedrose-ccb50d0\src\gildedroses.unittests\bin\debug\gildedroses.unittests.dll" id="4894d071-074d-20dd-f6bc-5e57825bcec8">
      <Execution id="0084152b-c0d7-449f-8710-239591f2fe52" />
      <TestMethod codeBase="C:/Users/kwilliams/Downloads/NotMyself-GildedRose-v1.0-3-gccb50d0/NotMyself-GildedRose-ccb50d0/src/GildedRoses.UnitTests/bin/Debug/GildedRoses.UnitTests.DLL" adapterTypeName="Microsoft.VisualStudio.TestTools.TestTypes.Unit.UnitTestAdapter, Microsoft.VisualStudio.QualityTools.Tips.UnitTest.Adapter, Version=10.0.0.0, Culture=neutral, PublicKeyToken=b03f5f7f11d50a3a" className="GildedRoses.UnitTests.GildedRoseProcessorTests, GildedRoses.UnitTests, Version=1.0.0.0, Culture=neutral, PublicKeyToken=null" name="BackstagePassQualityIncreasesByTwoWhenSellInIsBetweenSixAndTenDays" />
    </UnitTest>
    <UnitTest name="QualityDecreasesByTwoWhenSellInIsGreaterThanOrEqualToZero" storage="c:\users\kwilliams\downloads\notmyself-gildedrose-v1.0-3-gccb50d0\notmyself-gildedrose-ccb50d0\src\gildedroses.unittests\bin\debug\gildedroses.unittests.dll" id="bf6924ff-32b9-e2c3-9658-0cd3f426ce9a">
      <Execution id="41752c58-cde6-4abb-b0e2-34c99cef55f6" />
      <TestMethod codeBase="C:/Users/kwilliams/Downloads/NotMyself-GildedRose-v1.0-3-gccb50d0/NotMyself-GildedRose-ccb50d0/src/GildedRoses.UnitTests/bin/Debug/GildedRoses.UnitTests.DLL" adapterTypeName="Microsoft.VisualStudio.TestTools.TestTypes.Unit.UnitTestAdapter, Microsoft.VisualStudio.QualityTools.Tips.UnitTest.Adapter, Version=10.0.0.0, Culture=neutral, PublicKeyToken=b03f5f7f11d50a3a" className="GildedRoses.UnitTests.Strategies.Quality.ConjuredQualityStrategyTests, GildedRoses.UnitTests, Version=1.0.0.0, Culture=neutral, PublicKeyToken=null" name="QualityDecreasesByTwoWhenSellInIsGreaterThanOrEqualToZero" />
    </UnitTest>
    <UnitTest name="SulfurasNeverHasToBeSold" storage="c:\users\kwilliams\downloads\notmyself-gildedrose-v1.0-3-gccb50d0\notmyself-gildedrose-ccb50d0\src\gildedroses.unittests\bin\debug\gildedroses.unittests.dll" id="46505c2c-0fe3-f3a0-6e81-7b857b1e2798">
      <Execution id="2a51a0bb-03e2-4c33-9723-127f8e413265" />
      <TestMethod codeBase="C:/Users/kwilliams/Downloads/NotMyself-GildedRose-v1.0-3-gccb50d0/NotMyself-GildedRose-ccb50d0/src/GildedRoses.UnitTests/bin/Debug/GildedRoses.UnitTests.DLL" adapterTypeName="Microsoft.VisualStudio.TestTools.TestTypes.Unit.UnitTestAdapter, Microsoft.VisualStudio.QualityTools.Tips.UnitTest.Adapter, Version=10.0.0.0, Culture=neutral, PublicKeyToken=b03f5f7f11d50a3a" className="GildedRoses.UnitTests.GildedRoseProcessorTests, GildedRoses.UnitTests, Version=1.0.0.0, Culture=neutral, PublicKeyToken=null" name="SulfurasNeverHasToBeSold" />
    </UnitTest>
    <UnitTest name="GetStrategyReturnsSulfurasQualityStrategyForSulfuras" storage="c:\users\kwilliams\downloads\notmyself-gildedrose-v1.0-3-gccb50d0\notmyself-gildedrose-ccb50d0\src\gildedroses.unittests\bin\debug\gildedroses.unittests.dll" id="a94384c9-d8f1-b3d7-95cb-392fdb62625f">
      <Execution id="427d0dec-8883-4807-aa38-24c01f3ffd1e" />
      <TestMethod codeBase="C:/Users/kwilliams/Downloads/NotMyself-GildedRose-v1.0-3-gccb50d0/NotMyself-GildedRose-ccb50d0/src/GildedRoses.UnitTests/bin/Debug/GildedRoses.UnitTests.DLL" adapterTypeName="Microsoft.VisualStudio.TestTools.TestTypes.Unit.UnitTestAdapter, Microsoft.VisualStudio.QualityTools.Tips.UnitTest.Adapter, Version=10.0.0.0, Culture=neutral, PublicKeyToken=b03f5f7f11d50a3a" className="GildedRoses.UnitTests.Strategies.Quality.QualityStrategyFactoryTests, GildedRoses.UnitTests, Version=1.0.0.0, Culture=neutral, PublicKeyToken=null" name="GetStrategyReturnsSulfurasQualityStrategyForSulfuras" />
    </UnitTest>
    <UnitTest name="QualityIncreasesForAgedBrie" storage="c:\users\kwilliams\downloads\notmyself-gildedrose-v1.0-3-gccb50d0\notmyself-gildedrose-ccb50d0\src\gildedroses.unittests\bin\debug\gildedroses.unittests.dll" id="b25b1176-8d56-e62a-3696-f3a35826d4ba">
      <Execution id="90eb986e-f134-456f-af80-82a48879b833" />
      <TestMethod codeBase="C:/Users/kwilliams/Downloads/NotMyself-GildedRose-v1.0-3-gccb50d0/NotMyself-GildedRose-ccb50d0/src/GildedRoses.UnitTests/bin/Debug/GildedRoses.UnitTests.DLL" adapterTypeName="Microsoft.VisualStudio.TestTools.TestTypes.Unit.UnitTestAdapter, Microsoft.VisualStudio.QualityTools.Tips.UnitTest.Adapter, Version=10.0.0.0, Culture=neutral, PublicKeyToken=b03f5f7f11d50a3a" className="GildedRoses.UnitTests.GildedRoseProcessorTests, GildedRoses.UnitTests, Version=1.0.0.0, Culture=neutral, PublicKeyToken=null" name="QualityIncreasesForAgedBrie" />
    </UnitTest>
    <UnitTest name="QualityOfAnItemIsNeverNegative" storage="c:\users\kwilliams\downloads\notmyself-gildedrose-v1.0-3-gccb50d0\notmyself-gildedrose-ccb50d0\src\gildedroses.unittests\bin\debug\gildedroses.unittests.dll" id="5334f3a6-73a7-3531-f824-e6113d25ab7f">
      <Execution id="62c05c54-e1aa-4485-bcfc-0595c85434b4" />
      <TestMethod codeBase="C:/Users/kwilliams/Downloads/NotMyself-GildedRose-v1.0-3-gccb50d0/NotMyself-GildedRose-ccb50d0/src/GildedRoses.UnitTests/bin/Debug/GildedRoses.UnitTests.DLL" adapterTypeName="Microsoft.VisualStudio.TestTools.TestTypes.Unit.UnitTestAdapter, Microsoft.VisualStudio.QualityTools.Tips.UnitTest.Adapter, Version=10.0.0.0, Culture=neutral, PublicKeyToken=b03f5f7f11d50a3a" className="GildedRoses.UnitTests.GildedRoseProcessorTests, GildedRoses.UnitTests, Version=1.0.0.0, Culture=neutral, PublicKeyToken=null" name="QualityOfAnItemIsNeverNegative" />
    </UnitTest>
    <UnitTest name="ConjuredItemsDegradeInQualityTwiceAsFastAsNormalItems" storage="c:\users\kwilliams\downloads\notmyself-gildedrose-v1.0-3-gccb50d0\notmyself-gildedrose-ccb50d0\src\gildedroses.unittests\bin\debug\gildedroses.unittests.dll" id="a461a388-f879-aaf1-0d5b-96e359488f0b">
      <Execution id="e21dfc06-027e-496a-b19f-fe27d6754f1d" />
      <TestMethod codeBase="C:/Users/kwilliams/Downloads/NotMyself-GildedRose-v1.0-3-gccb50d0/NotMyself-GildedRose-ccb50d0/src/GildedRoses.UnitTests/bin/Debug/GildedRoses.UnitTests.DLL" adapterTypeName="Microsoft.VisualStudio.TestTools.TestTypes.Unit.UnitTestAdapter, Microsoft.VisualStudio.QualityTools.Tips.UnitTest.Adapter, Version=10.0.0.0, Culture=neutral, PublicKeyToken=b03f5f7f11d50a3a" className="GildedRoses.UnitTests.GildedRoseProcessorTests, GildedRoses.UnitTests, Version=1.0.0.0, Culture=neutral, PublicKeyToken=null" name="ConjuredItemsDegradeInQualityTwiceAsFastAsNormalItems" />
    </UnitTest>
    <UnitTest name="GetStrategyReturnsNormalQualityStrategyForNormalItem" storage="c:\users\kwilliams\downloads\notmyself-gildedrose-v1.0-3-gccb50d0\notmyself-gildedrose-ccb50d0\src\gildedroses.unittests\bin\debug\gildedroses.unittests.dll" id="0570af00-cdbf-7937-3fbb-38d7afe9fb36">
      <Execution id="2c16aa32-86c3-4d14-b8a7-6877a21944eb" />
      <TestMethod codeBase="C:/Users/kwilliams/Downloads/NotMyself-GildedRose-v1.0-3-gccb50d0/NotMyself-GildedRose-ccb50d0/src/GildedRoses.UnitTests/bin/Debug/GildedRoses.UnitTests.DLL" adapterTypeName="Microsoft.VisualStudio.TestTools.TestTypes.Unit.UnitTestAdapter, Microsoft.VisualStudio.QualityTools.Tips.UnitTest.Adapter, Version=10.0.0.0, Culture=neutral, PublicKeyToken=b03f5f7f11d50a3a" className="GildedRoses.UnitTests.Strategies.Quality.QualityStrategyFactoryTests, GildedRoses.UnitTests, Version=1.0.0.0, Culture=neutral, PublicKeyToken=null" name="GetStrategyReturnsNormalQualityStrategyForNormalItem" />
    </UnitTest>
    <UnitTest name="QualityDoesNotGoAboveFiftyWhenSellInIsWithinSixAndTenDays" storage="c:\users\kwilliams\downloads\notmyself-gildedrose-v1.0-3-gccb50d0\notmyself-gildedrose-ccb50d0\src\gildedroses.unittests\bin\debug\gildedroses.unittests.dll" id="cecebdfe-6d27-291a-2de2-48893f597415">
      <Execution id="43a01ef7-2dc6-4e2c-9837-ef522e49a0af" />
      <TestMethod codeBase="C:/Users/kwilliams/Downloads/NotMyself-GildedRose-v1.0-3-gccb50d0/NotMyself-GildedRose-ccb50d0/src/GildedRoses.UnitTests/bin/Debug/GildedRoses.UnitTests.DLL" adapterTypeName="Microsoft.VisualStudio.TestTools.TestTypes.Unit.UnitTestAdapter, Microsoft.VisualStudio.QualityTools.Tips.UnitTest.Adapter, Version=10.0.0.0, Culture=neutral, PublicKeyToken=b03f5f7f11d50a3a" className="GildedRoses.UnitTests.Strategies.Quality.BackstagePassQualityStrategyTests, GildedRoses.UnitTests, Version=1.0.0.0, Culture=neutral, PublicKeyToken=null" name="QualityDoesNotGoAboveFiftyWhenSellInIsWithinSixAndTenDays" />
    </UnitTest>
  </TestDefinitions>
  <TestLists>
    <TestList name="Results Not in a List" id="8c84fa94-04c1-424b-9868-57a2d4851a1d" />
    <TestList name="All Loaded Results" id="19431567-8539-422a-85d7-44ee4e166bda" />
  </TestLists>
  <TestEntries>
    <TestEntry testId="01b3fe5c-9c9d-6b49-485b-3530d2ef3eb2" executionId="bb2c828b-0bb2-4f20-be47-c136f49f3a20" testListId="8c84fa94-04c1-424b-9868-57a2d4851a1d" />
    <TestEntry testId="0570af00-cdbf-7937-3fbb-38d7afe9fb36" executionId="2c16aa32-86c3-4d14-b8a7-6877a21944eb" testListId="8c84fa94-04c1-424b-9868-57a2d4851a1d" />
    <TestEntry testId="06372207-d70b-9ffd-e3b3-6c51f3decd07" executionId="ba4fe5ee-7c3a-44d4-a4d4-5b5d7fe0a3a0" testListId="8c84fa94-04c1-424b-9868-57a2d4851a1d" />
    <TestEntry testId="1994e197-928f-3d31-fc37-5a4552c68ca8" executionId="97a497df-fd2e-43cc-a46a-7a53b2d6aa2e" testListId="8c84fa94-04c1-424b-9868-57a2d4851a1d" />
    <TestEntry testId="1f23eec8-cc35-f80d-1a5e-828ebf392750" executionId="4e0d2c53-19d9-4be4-a172-7b890839a675" testListId="8c84fa94-04c1-424b-9868-57a2d4851a1d" />
    <TestEntry testId="241e0825-0a15-4f2d-7550-cf48efb3e3f7" executionId="427b4809-cf6e-4337-ab66-871bcbdd3ea0" testListId="8c84fa94-04c1-424b-9868-57a2d4851a1d" />
    <TestEntry testId="27d60e5a-ef7a-8ef1-9964-13d0f335072f" executionId="5a101c66-eaff-4a77-a853-7f925d0b9fc2" testListId="8c84fa94-04c1-424b-9868-57a2d4851a1d" />
    <TestEntry testId="28154d4f-24ee-8105-02a9-c7bc69939eb7" executionId="e801451d-6833-4d72-b8b2-fd61610b5a3f" testListId="8c84fa94-04c1-424b-9868-57a2d4851a1d" />
    <TestEntry testId="33377cb1-02fc-c3bf-2deb-4f32f6490ca4" executionId="f530f320-dd70-462a-8f44-107eeb87f3de" testListId="8c84fa94-04c1-424b-9868-57a2d4851a1d" />
    <TestEntry testId="3bcc2279-1a8f-0714-a6fd-9d4937534e55" executionId="5a62519e-8cba-49bb-bc79-1ebf08be944f" testListId="8c84fa94-04c1-424b-9868-57a2d4851a1d" />
    <TestEntry testId="40b689f2-c768-3d7f-d7eb-990bb800d1b0" executionId="099d0677-6f06-4c75-be43-2ee3a5c90cec" testListId="8c84fa94-04c1-424b-9868-57a2d4851a1d" />
    <TestEntry testId="46505c2c-0fe3-f3a0-6e81-7b857b1e2798" executionId="2a51a0bb-03e2-4c33-9723-127f8e413265" testListId="8c84fa94-04c1-424b-9868-57a2d4851a1d" />
    <TestEntry testId="4894d071-074d-20dd-f6bc-5e57825bcec8" executionId="0084152b-c0d7-449f-8710-239591f2fe52" testListId="8c84fa94-04c1-424b-9868-57a2d4851a1d" />
    <TestEntry testId="5334f3a6-73a7-3531-f824-e6113d25ab7f" executionId="62c05c54-e1aa-4485-bcfc-0595c85434b4" testListId="8c84fa94-04c1-424b-9868-57a2d4851a1d" />
    <TestEntry testId="591af166-1b4a-0984-7eee-62898709dd3e" executionId="90e97601-7204-4a9c-a5a9-2a94cd8e8d63" testListId="8c84fa94-04c1-424b-9868-57a2d4851a1d" />
    <TestEntry testId="5a70c8e3-3797-968c-683e-53e240c9614d" executionId="750da807-41a2-4376-b871-f971ab2b962b" testListId="8c84fa94-04c1-424b-9868-57a2d4851a1d" />
    <TestEntry testId="71dcff6b-e732-6c33-e5a1-85ca528032ee" executionId="6ca6f31b-bf18-4216-9582-17a4dcd8a04a" testListId="8c84fa94-04c1-424b-9868-57a2d4851a1d" />
    <TestEntry testId="8bd11791-be6f-6bbc-2cd3-f330033d64da" executionId="389b7d3d-95f0-4b39-bb55-a15b64ff635d" testListId="8c84fa94-04c1-424b-9868-57a2d4851a1d" />
    <TestEntry testId="9202ead1-dedc-5e0d-2780-c966e630f975" executionId="76a2e1dc-09b9-41c5-9be8-81036e59bbb0" testListId="8c84fa94-04c1-424b-9868-57a2d4851a1d" />
    <TestEntry testId="99e8fe7a-2dc4-b8bf-5973-f43514db8194" executionId="08259ace-a9a8-48eb-8f3b-d18ce8a63137" testListId="8c84fa94-04c1-424b-9868-57a2d4851a1d" />
    <TestEntry testId="a461a388-f879-aaf1-0d5b-96e359488f0b" executionId="e21dfc06-027e-496a-b19f-fe27d6754f1d" testListId="8c84fa94-04c1-424b-9868-57a2d4851a1d" />
    <TestEntry testId="a6be764d-4c17-7d50-b4ca-a609322a855f" executionId="4f08bc4e-9435-4764-a3ff-ff722c9b8f98" testListId="8c84fa94-04c1-424b-9868-57a2d4851a1d" />
    <TestEntry testId="a94384c9-d8f1-b3d7-95cb-392fdb62625f" executionId="427d0dec-8883-4807-aa38-24c01f3ffd1e" testListId="8c84fa94-04c1-424b-9868-57a2d4851a1d" />
    <TestEntry testId="ad04d720-9c82-06a8-6df0-8185f69d3af2" executionId="c3595e7f-ded9-44d8-8d45-6e30ce09f1cd" testListId="8c84fa94-04c1-424b-9868-57a2d4851a1d" />
    <TestEntry testId="b25b1176-8d56-e62a-3696-f3a35826d4ba" executionId="90eb986e-f134-456f-af80-82a48879b833" testListId="8c84fa94-04c1-424b-9868-57a2d4851a1d" />
    <TestEntry testId="b2d28e5c-02f2-7621-be11-937a94c7f399" executionId="deff970d-9a66-444b-bc79-2fcd5c57d5de" testListId="8c84fa94-04c1-424b-9868-57a2d4851a1d" />
    <TestEntry testId="b9f52232-1b74-369c-c28a-1648794ca68b" executionId="f348da72-683e-47f6-8e65-19d2446c334b" testListId="8c84fa94-04c1-424b-9868-57a2d4851a1d" />
    <TestEntry testId="bb03be4f-ea91-5112-a71b-22043a2e65b7" executionId="eb5fc139-7dfb-4a92-bd80-b813d96440cb" testListId="8c84fa94-04c1-424b-9868-57a2d4851a1d" />
    <TestEntry testId="bf6924ff-32b9-e2c3-9658-0cd3f426ce9a" executionId="41752c58-cde6-4abb-b0e2-34c99cef55f6" testListId="8c84fa94-04c1-424b-9868-57a2d4851a1d" />
    <TestEntry testId="c14da039-df56-a14b-dda5-b66cb3117dc3" executionId="b5110125-241c-48fd-bf49-2740545bcf51" testListId="8c84fa94-04c1-424b-9868-57a2d4851a1d" />
    <TestEntry testId="c33c3c45-bc58-e8ef-1cab-996cda5c4ccc" executionId="19f25346-cb97-49f2-81d6-28948a6e6dca" testListId="8c84fa94-04c1-424b-9868-57a2d4851a1d" />
    <TestEntry testId="cecebdfe-6d27-291a-2de2-48893f597415" executionId="43a01ef7-2dc6-4e2c-9837-ef522e49a0af" testListId="8c84fa94-04c1-424b-9868-57a2d4851a1d" />
    <TestEntry testId="ddf4f376-d23b-f447-f252-2fe1d83b1b05" executionId="0c62b58b-6cc1-4a43-aeae-b9c0fbf8ed1b" testListId="8c84fa94-04c1-424b-9868-57a2d4851a1d" />
    <TestEntry testId="debe6527-36f9-32d2-7126-5f2a10b9915c" executionId="34f4729c-ad05-4ae1-ad18-2a456ae35593" testListId="8c84fa94-04c1-424b-9868-57a2d4851a1d" />
    <TestEntry testId="e11acf43-8b72-ef0a-3f56-4944d3063c48" executionId="36f365cc-59a8-4350-a8d1-04662777a40d" testListId="8c84fa94-04c1-424b-9868-57a2d4851a1d" />
    <TestEntry testId="e343510d-1cbf-7e51-ccf4-d82793d7feae" executionId="8ee0cfb6-533e-4523-ab27-21f66d7359a1" testListId="8c84fa94-04c1-424b-9868-57a2d4851a1d" />
    <TestEntry testId="e4f833c7-13fe-b064-7135-20b5f97c6d5d" executionId="a061d4a8-c3c2-4be8-bf15-e693ee2463bf" testListId="8c84fa94-04c1-424b-9868-57a2d4851a1d" />
  </TestEntries>
  <Results>
    <UnitTestResult executionId="bb2c828b-0bb2-4f20-be47-c136f49f3a20" testId="01b3fe5c-9c9d-6b49-485b-3530d2ef3eb2" testName="QualityDecreasesByOneWhenSellInIsGreaterThanOrEqualToZero" computerName="WS-KWILLIAMS" duration="00:00:00.0114454" startTime="2012-10-08T08:44:35.4397169-04:00" endTime="2012-10-08T08:44:35.6269241-04:00" testType="13cdc9d9-ddb5-4fa4-a97d-d965ccfc6d4b" outcome="Passed" testListId="8c84fa94-04c1-424b-9868-57a2d4851a1d" relativeResultsDirectory="bb2c828b-0bb2-4f20-be47-c136f49f3a20">
    </UnitTestResult>
    <UnitTestResult executionId="2c16aa32-86c3-4d14-b8a7-6877a21944eb" testId="0570af00-cdbf-7937-3fbb-38d7afe9fb36" testName="GetStrategyReturnsNormalQualityStrategyForNormalItem" computerName="WS-KWILLIAMS" duration="00:00:00.0006728" startTime="2012-10-08T08:44:35.6269241-04:00" endTime="2012-10-08T08:44:35.6269241-04:00" testType="13cdc9d9-ddb5-4fa4-a97d-d965ccfc6d4b" outcome="Passed" testListId="8c84fa94-04c1-424b-9868-57a2d4851a1d" relativeResultsDirectory="2c16aa32-86c3-4d14-b8a7-6877a21944eb">
    </UnitTestResult>
    <UnitTestResult executionId="ba4fe5ee-7c3a-44d4-a4d4-5b5d7fe0a3a0" testId="06372207-d70b-9ffd-e3b3-6c51f3decd07" testName="QualityDecreasesByTwoWhenSellInIsGreaterThanOrEqualToZero" computerName="WS-KWILLIAMS" duration="00:00:00.0001755" startTime="2012-10-08T08:44:35.6425247-04:00" endTime="2012-10-08T08:44:35.6425247-04:00" testType="13cdc9d9-ddb5-4fa4-a97d-d965ccfc6d4b" outcome="Passed" testListId="8c84fa94-04c1-424b-9868-57a2d4851a1d" relativeResultsDirectory="ba4fe5ee-7c3a-44d4-a4d4-5b5d7fe0a3a0">
    </UnitTestResult>
    <UnitTestResult executionId="97a497df-fd2e-43cc-a46a-7a53b2d6aa2e" testId="1994e197-928f-3d31-fc37-5a4552c68ca8" testName="GetStrategyReturnsNormalQualityStrategyForNormalItem" computerName="WS-KWILLIAMS" duration="00:00:00.0004780" startTime="2012-10-08T08:44:35.6425247-04:00" endTime="2012-10-08T08:44:35.6425247-04:00" testType="13cdc9d9-ddb5-4fa4-a97d-d965ccfc6d4b" outcome="Passed" testListId="8c84fa94-04c1-424b-9868-57a2d4851a1d" relativeResultsDirectory="97a497df-fd2e-43cc-a46a-7a53b2d6aa2e">
    </UnitTestResult>
    <UnitTestResult executionId="4e0d2c53-19d9-4be4-a172-7b890839a675" testId="1f23eec8-cc35-f80d-1a5e-828ebf392750" testName="SellInForAgedBrieDecreasesByOne" computerName="WS-KWILLIAMS" duration="00:00:00.0010015" startTime="2012-10-08T08:44:35.6425247-04:00" endTime="2012-10-08T08:44:35.6425247-04:00" testType="13cdc9d9-ddb5-4fa4-a97d-d965ccfc6d4b" outcome="Passed" testListId="8c84fa94-04c1-424b-9868-57a2d4851a1d" relativeResultsDirectory="4e0d2c53-19d9-4be4-a172-7b890839a675">
    </UnitTestResult>
    <UnitTestResult executionId="427b4809-cf6e-4337-ab66-871bcbdd3ea0" testId="241e0825-0a15-4f2d-7550-cf48efb3e3f7" testName="QualityOfAnItemIsNeverGreaterThanFifty" computerName="WS-KWILLIAMS" duration="00:00:00.0003760" startTime="2012-10-08T08:44:35.6581253-04:00" endTime="2012-10-08T08:44:35.6581253-04:00" testType="13cdc9d9-ddb5-4fa4-a97d-d965ccfc6d4b" outcome="Passed" testListId="8c84fa94-04c1-424b-9868-57a2d4851a1d" relativeResultsDirectory="427b4809-cf6e-4337-ab66-871bcbdd3ea0">
    </UnitTestResult>
    <UnitTestResult executionId="5a101c66-eaff-4a77-a853-7f925d0b9fc2" testId="27d60e5a-ef7a-8ef1-9964-13d0f335072f" testName="BackstagePassQualityDropsToZeroAfterTheConcert" computerName="WS-KWILLIAMS" duration="00:00:00.0004719" startTime="2012-10-08T08:44:35.6581253-04:00" endTime="2012-10-08T08:44:35.6581253-04:00" testType="13cdc9d9-ddb5-4fa4-a97d-d965ccfc6d4b" outcome="Passed" testListId="8c84fa94-04c1-424b-9868-57a2d4851a1d" relativeResultsDirectory="5a101c66-eaff-4a77-a853-7f925d0b9fc2">
    </UnitTestResult>
    <UnitTestResult executionId="e801451d-6833-4d72-b8b2-fd61610b5a3f" testId="28154d4f-24ee-8105-02a9-c7bc69939eb7" testName="QualityDoesNotGoAboveFiftyWhenSellInIsWithinZeroAndFiveDays" computerName="WS-KWILLIAMS" duration="00:00:00.0002378" startTime="2012-10-08T08:44:35.6581253-04:00" endTime="2012-10-08T08:44:35.6581253-04:00" testType="13cdc9d9-ddb5-4fa4-a97d-d965ccfc6d4b" outcome="Passed" testListId="8c84fa94-04c1-424b-9868-57a2d4851a1d" relativeResultsDirectory="e801451d-6833-4d72-b8b2-fd61610b5a3f">
    </UnitTestResult>
    <UnitTestResult executionId="f530f320-dd70-462a-8f44-107eeb87f3de" testId="33377cb1-02fc-c3bf-2deb-4f32f6490ca4" testName="QualityDoesNotGoAboveFifty" computerName="WS-KWILLIAMS" duration="00:00:00.0002328" startTime="2012-10-08T08:44:35.6581253-04:00" endTime="2012-10-08T08:44:35.6581253-04:00" testType="13cdc9d9-ddb5-4fa4-a97d-d965ccfc6d4b" outcome="Passed" testListId="8c84fa94-04c1-424b-9868-57a2d4851a1d" relativeResultsDirectory="f530f320-dd70-462a-8f44-107eeb87f3de">
    </UnitTestResult>
    <UnitTestResult executionId="5a62519e-8cba-49bb-bc79-1ebf08be944f" testId="3bcc2279-1a8f-0714-a6fd-9d4937534e55" testName="QualityDegradesTwiceAsFastForNormalItem" computerName="WS-KWILLIAMS" duration="00:00:00.0002305" startTime="2012-10-08T08:44:35.6737259-04:00" endTime="2012-10-08T08:44:35.6737259-04:00" testType="13cdc9d9-ddb5-4fa4-a97d-d965ccfc6d4b" outcome="Passed" testListId="8c84fa94-04c1-424b-9868-57a2d4851a1d" relativeResultsDirectory="5a62519e-8cba-49bb-bc79-1ebf08be944f">
    </UnitTestResult>
    <UnitTestResult executionId="099d0677-6f06-4c75-be43-2ee3a5c90cec" testId="40b689f2-c768-3d7f-d7eb-990bb800d1b0" testName="SellInForBackstagePassDecreasesByOne" computerName="WS-KWILLIAMS" duration="00:00:00.0002040" startTime="2012-10-08T08:44:35.6737259-04:00" endTime="2012-10-08T08:44:35.6737259-04:00" testType="13cdc9d9-ddb5-4fa4-a97d-d965ccfc6d4b" outcome="Passed" testListId="8c84fa94-04c1-424b-9868-57a2d4851a1d" relativeResultsDirectory="099d0677-6f06-4c75-be43-2ee3a5c90cec">
    </UnitTestResult>
    <UnitTestResult executionId="2a51a0bb-03e2-4c33-9723-127f8e413265" testId="46505c2c-0fe3-f3a0-6e81-7b857b1e2798" testName="SulfurasNeverHasToBeSold" computerName="WS-KWILLIAMS" duration="00:00:00.0004334" startTime="2012-10-08T08:44:35.6737259-04:00" endTime="2012-10-08T08:44:35.6737259-04:00" testType="13cdc9d9-ddb5-4fa4-a97d-d965ccfc6d4b" outcome="Passed" testListId="8c84fa94-04c1-424b-9868-57a2d4851a1d" relativeResultsDirectory="2a51a0bb-03e2-4c33-9723-127f8e413265">
    </UnitTestResult>
    <UnitTestResult executionId="0084152b-c0d7-449f-8710-239591f2fe52" testId="4894d071-074d-20dd-f6bc-5e57825bcec8" testName="BackstagePassQualityIncreasesByTwoWhenSellInIsBetweenSixAndTenDays" computerName="WS-KWILLIAMS" duration="00:00:00.0117041" startTime="2012-10-08T08:44:35.6737259-04:00" endTime="2012-10-08T08:44:35.6893265-04:00" testType="13cdc9d9-ddb5-4fa4-a97d-d965ccfc6d4b" outcome="Failed" testListId="8c84fa94-04c1-424b-9868-57a2d4851a1d" relativeResultsDirectory="0084152b-c0d7-449f-8710-239591f2fe52">
      <Output>
        <ErrorInfo>
          <Message>Assert.AreEqual failed. Expected:&lt;20&gt;. Actual:&lt;21&gt;. </Message>
          <StackTrace>   at GildedRoses.UnitTests.GildedRoseProcessorTests.BackstagePassQualityIncreasesByTwoWhenSellInIsBetweenSixAndTenDays() in C:\Users\kwilliams\Downloads\NotMyself-GildedRose-v1.0-3-gccb50d0\NotMyself-GildedRose-ccb50d0\src\GildedRoses.UnitTests\ItemsProcessorTests.cs:line 120
</StackTrace>
        </ErrorInfo>
      </Output>
    </UnitTestResult>
    <UnitTestResult executionId="62c05c54-e1aa-4485-bcfc-0595c85434b4" testId="5334f3a6-73a7-3531-f824-e6113d25ab7f" testName="QualityOfAnItemIsNeverNegative" computerName="WS-KWILLIAMS" duration="00:00:00.0002340" startTime="2012-10-08T08:44:35.6893265-04:00" endTime="2012-10-08T08:44:35.6893265-04:00" testType="13cdc9d9-ddb5-4fa4-a97d-d965ccfc6d4b" outcome="Passed" testListId="8c84fa94-04c1-424b-9868-57a2d4851a1d" relativeResultsDirectory="62c05c54-e1aa-4485-bcfc-0595c85434b4">
    </UnitTestResult>
    <UnitTestResult executionId="90e97601-7204-4a9c-a5a9-2a94cd8e8d63" testId="591af166-1b4a-0984-7eee-62898709dd3e" testName="GetStrategyReturnsBackStagePassQualityStrategyForBackstagePass" computerName="WS-KWILLIAMS" duration="00:00:00.0001608" startTime="2012-10-08T08:44:35.7049271-04:00" endTime="2012-10-08T08:44:35.7049271-04:00" testType="13cdc9d9-ddb5-4fa4-a97d-d965ccfc6d4b" outcome="Passed" testListId="8c84fa94-04c1-424b-9868-57a2d4851a1d" relativeResultsDirectory="90e97601-7204-4a9c-a5a9-2a94cd8e8d63">
    </UnitTestResult>
    <UnitTestResult executionId="750da807-41a2-4376-b871-f971ab2b962b" testId="5a70c8e3-3797-968c-683e-53e240c9614d" testName="SellInForNormalItemDecreasesByOne" computerName="WS-KWILLIAMS" duration="00:00:00.0002093" startTime="2012-10-08T08:44:35.7049271-04:00" endTime="2012-10-08T08:44:35.7049271-04:00" testType="13cdc9d9-ddb5-4fa4-a97d-d965ccfc6d4b" outcome="Passed" testListId="8c84fa94-04c1-424b-9868-57a2d4851a1d" relativeResultsDirectory="750da807-41a2-4376-b871-f971ab2b962b">
    </UnitTestResult>
    <UnitTestResult executionId="6ca6f31b-bf18-4216-9582-17a4dcd8a04a" testId="71dcff6b-e732-6c33-e5a1-85ca528032ee" testName="GetStrategyReturnsConjuredQualityStrategyForConjured" computerName="WS-KWILLIAMS" duration="00:00:00.0002428" startTime="2012-10-08T08:44:35.7049271-04:00" endTime="2012-10-08T08:44:35.7049271-04:00" testType="13cdc9d9-ddb5-4fa4-a97d-d965ccfc6d4b" outcome="Passed" testListId="8c84fa94-04c1-424b-9868-57a2d4851a1d" relativeResultsDirectory="6ca6f31b-bf18-4216-9582-17a4dcd8a04a">
    </UnitTestResult>
    <UnitTestResult executionId="389b7d3d-95f0-4b39-bb55-a15b64ff635d" testId="8bd11791-be6f-6bbc-2cd3-f330033d64da" testName="GetStrategyReturnsAgedBrieQualityStrategyForAgedBrie" computerName="WS-KWILLIAMS" duration="00:00:00.0001489" startTime="2012-10-08T08:44:35.7049271-04:00" endTime="2012-10-08T08:44:35.7049271-04:00" testType="13cdc9d9-ddb5-4fa4-a97d-d965ccfc6d4b" outcome="Passed" testListId="8c84fa94-04c1-424b-9868-57a2d4851a1d" relativeResultsDirectory="389b7d3d-95f0-4b39-bb55-a15b64ff635d">
    </UnitTestResult>
    <UnitTestResult executionId="76a2e1dc-09b9-41c5-9be8-81036e59bbb0" testId="9202ead1-dedc-5e0d-2780-c966e630f975" testName="BackstagePassQualityIncreasesByOneTenDays" computerName="WS-KWILLIAMS" duration="00:00:00.0005612" startTime="2012-10-08T08:44:35.7049271-04:00" endTime="2012-10-08T08:44:35.7205277-04:00" testType="13cdc9d9-ddb5-4fa4-a97d-d965ccfc6d4b" outcome="Passed" testListId="8c84fa94-04c1-424b-9868-57a2d4851a1d" relativeResultsDirectory="76a2e1dc-09b9-41c5-9be8-81036e59bbb0">
    </UnitTestResult>
    <UnitTestResult executionId="08259ace-a9a8-48eb-8f3b-d18ce8a63137" testId="99e8fe7a-2dc4-b8bf-5973-f43514db8194" testName="DoesNotChange" computerName="WS-KWILLIAMS" duration="00:00:00.0002698" startTime="2012-10-08T08:44:35.7205277-04:00" endTime="2012-10-08T08:44:35.7205277-04:00" testType="13cdc9d9-ddb5-4fa4-a97d-d965ccfc6d4b" outcome="Passed" testListId="8c84fa94-04c1-424b-9868-57a2d4851a1d" relativeResultsDirectory="08259ace-a9a8-48eb-8f3b-d18ce8a63137">
    </UnitTestResult>
    <UnitTestResult executionId="e21dfc06-027e-496a-b19f-fe27d6754f1d" testId="a461a388-f879-aaf1-0d5b-96e359488f0b" testName="ConjuredItemsDegradeInQualityTwiceAsFastAsNormalItems" computerName="WS-KWILLIAMS" duration="00:00:00.0003310" startTime="2012-10-08T08:44:35.7205277-04:00" endTime="2012-10-08T08:44:35.7205277-04:00" testType="13cdc9d9-ddb5-4fa4-a97d-d965ccfc6d4b" outcome="Passed" testListId="8c84fa94-04c1-424b-9868-57a2d4851a1d" relativeResultsDirectory="e21dfc06-027e-496a-b19f-fe27d6754f1d">
    </UnitTestResult>
    <UnitTestResult executionId="4f08bc4e-9435-4764-a3ff-ff722c9b8f98" testId="a6be764d-4c17-7d50-b4ca-a609322a855f" testName="QualityIncreasesByOne" computerName="WS-KWILLIAMS" duration="00:00:00.0001570" startTime="2012-10-08T08:44:35.7205277-04:00" endTime="2012-10-08T08:44:35.7205277-04:00" testType="13cdc9d9-ddb5-4fa4-a97d-d965ccfc6d4b" outcome="Passed" testListId="8c84fa94-04c1-424b-9868-57a2d4851a1d" relativeResultsDirectory="4f08bc4e-9435-4764-a3ff-ff722c9b8f98">
    </UnitTestResult>
    <UnitTestResult executionId="427d0dec-8883-4807-aa38-24c01f3ffd1e" testId="a94384c9-d8f1-b3d7-95cb-392fdb62625f" testName="GetStrategyReturnsSulfurasQualityStrategyForSulfuras" computerName="WS-KWILLIAMS" duration="00:00:00.0001574" startTime="2012-10-08T08:44:35.7361283-04:00" endTime="2012-10-08T08:44:35.7361283-04:00" testType="13cdc9d9-ddb5-4fa4-a97d-d965ccfc6d4b" outcome="Passed" testListId="8c84fa94-04c1-424b-9868-57a2d4851a1d" relativeResultsDirectory="427d0dec-8883-4807-aa38-24c01f3ffd1e">
    </UnitTestResult>
    <UnitTestResult executionId="c3595e7f-ded9-44d8-8d45-6e30ce09f1cd" testId="ad04d720-9c82-06a8-6df0-8185f69d3af2" testName="BackstagePassQualityIncreasesByThreeWhenSellInIsBetweenFiveAndZeroDays" computerName="WS-KWILLIAMS" duration="00:00:00.0002463" startTime="2012-10-08T08:44:35.7361283-04:00" endTime="2012-10-08T08:44:35.7361283-04:00" testType="13cdc9d9-ddb5-4fa4-a97d-d965ccfc6d4b" outcome="Passed" testListId="8c84fa94-04c1-424b-9868-57a2d4851a1d" relativeResultsDirectory="c3595e7f-ded9-44d8-8d45-6e30ce09f1cd">
    </UnitTestResult>
    <UnitTestResult executionId="90eb986e-f134-456f-af80-82a48879b833" testId="b25b1176-8d56-e62a-3696-f3a35826d4ba" testName="QualityIncreasesForAgedBrie" computerName="WS-KWILLIAMS" duration="00:00:00.0002174" startTime="2012-10-08T08:44:35.7361283-04:00" endTime="2012-10-08T08:44:35.7361283-04:00" testType="13cdc9d9-ddb5-4fa4-a97d-d965ccfc6d4b" outcome="Passed" testListId="8c84fa94-04c1-424b-9868-57a2d4851a1d" relativeResultsDirectory="90eb986e-f134-456f-af80-82a48879b833">
    </UnitTestResult>
    <UnitTestResult executionId="deff970d-9a66-444b-bc79-2fcd5c57d5de" testId="b2d28e5c-02f2-7621-be11-937a94c7f399" testName="QualityIncreasesByTwoWhenSellInIsWithinSixAndTenDays" computerName="WS-KWILLIAMS" duration="00:00:00.0001678" startTime="2012-10-08T08:44:35.7361283-04:00" endTime="2012-10-08T08:44:35.7361283-04:00" testType="13cdc9d9-ddb5-4fa4-a97d-d965ccfc6d4b" outcome="Passed" testListId="8c84fa94-04c1-424b-9868-57a2d4851a1d" relativeResultsDirectory="deff970d-9a66-444b-bc79-2fcd5c57d5de">
    </UnitTestResult>
    <UnitTestResult executionId="f348da72-683e-47f6-8e65-19d2446c334b" testId="b9f52232-1b74-369c-c28a-1648794ca68b" testName="QualityDecreasesByFourWhenSellInIsGreaterThanOrEqualToZero" computerName="WS-KWILLIAMS" duration="00:00:00.0002528" startTime="2012-10-08T08:44:35.7517289-04:00" endTime="2012-10-08T08:44:35.7517289-04:00" testType="13cdc9d9-ddb5-4fa4-a97d-d965ccfc6d4b" outcome="Passed" testListId="8c84fa94-04c1-424b-9868-57a2d4851a1d" relativeResultsDirectory="f348da72-683e-47f6-8e65-19d2446c334b">
    </UnitTestResult>
    <UnitTestResult executionId="eb5fc139-7dfb-4a92-bd80-b813d96440cb" testId="bb03be4f-ea91-5112-a71b-22043a2e65b7" testName="GetStrategyReturnsAgedBrieQualityStrategyForAgedBrie" computerName="WS-KWILLIAMS" duration="00:00:00.0001824" startTime="2012-10-08T08:44:35.7517289-04:00" endTime="2012-10-08T08:44:35.7517289-04:00" testType="13cdc9d9-ddb5-4fa4-a97d-d965ccfc6d4b" outcome="Passed" testListId="8c84fa94-04c1-424b-9868-57a2d4851a1d" relativeResultsDirectory="eb5fc139-7dfb-4a92-bd80-b813d96440cb">
    </UnitTestResult>
    <UnitTestResult executionId="41752c58-cde6-4abb-b0e2-34c99cef55f6" testId="bf6924ff-32b9-e2c3-9658-0cd3f426ce9a" testName="QualityDecreasesByTwoWhenSellInIsGreaterThanOrEqualToZero" computerName="WS-KWILLIAMS" duration="00:00:00.0001766" startTime="2012-10-08T08:44:35.7517289-04:00" endTime="2012-10-08T08:44:35.7517289-04:00" testType="13cdc9d9-ddb5-4fa4-a97d-d965ccfc6d4b" outcome="Passed" testListId="8c84fa94-04c1-424b-9868-57a2d4851a1d" relativeResultsDirectory="41752c58-cde6-4abb-b0e2-34c99cef55f6">
    </UnitTestResult>
    <UnitTestResult executionId="b5110125-241c-48fd-bf49-2740545bcf51" testId="c14da039-df56-a14b-dda5-b66cb3117dc3" testName="QualityDoesNotGoAboveFiftyWhenSellInIsGreaterThanTenDays" computerName="WS-KWILLIAMS" duration="00:00:00.0001678" startTime="2012-10-08T08:44:35.7517289-04:00" endTime="2012-10-08T08:44:35.7517289-04:00" testType="13cdc9d9-ddb5-4fa4-a97d-d965ccfc6d4b" outcome="Passed" testListId="8c84fa94-04c1-424b-9868-57a2d4851a1d" relativeResultsDirectory="b5110125-241c-48fd-bf49-2740545bcf51">
    </UnitTestResult>
    <UnitTestResult executionId="19f25346-cb97-49f2-81d6-28948a6e6dca" testId="c33c3c45-bc58-e8ef-1cab-996cda5c4ccc" testName="DecreasesByOne" computerName="WS-KWILLIAMS" duration="00:00:00.0002390" startTime="2012-10-08T08:44:35.7673295-04:00" endTime="2012-10-08T08:44:35.7673295-04:00" testType="13cdc9d9-ddb5-4fa4-a97d-d965ccfc6d4b" outcome="Passed" testListId="8c84fa94-04c1-424b-9868-57a2d4851a1d" relativeResultsDirectory="19f25346-cb97-49f2-81d6-28948a6e6dca">
    </UnitTestResult>
    <UnitTestResult executionId="43a01ef7-2dc6-4e2c-9837-ef522e49a0af" testId="cecebdfe-6d27-291a-2de2-48893f597415" testName="QualityDoesNotGoAboveFiftyWhenSellInIsWithinSixAndTenDays" computerName="WS-KWILLIAMS" duration="00:00:00.0001932" startTime="2012-10-08T08:44:35.7673295-04:00" endTime="2012-10-08T08:44:35.7673295-04:00" testType="13cdc9d9-ddb5-4fa4-a97d-d965ccfc6d4b" outcome="Passed" testListId="8c84fa94-04c1-424b-9868-57a2d4851a1d" relativeResultsDirectory="43a01ef7-2dc6-4e2c-9837-ef522e49a0af">
    </UnitTestResult>
    <UnitTestResult executionId="0c62b58b-6cc1-4a43-aeae-b9c0fbf8ed1b" testId="ddf4f376-d23b-f447-f252-2fe1d83b1b05" testName="SellInForConjuredDecreasesByOne" computerName="WS-KWILLIAMS" duration="00:00:00.0002063" startTime="2012-10-08T08:44:35.7673295-04:00" endTime="2012-10-08T08:44:35.7673295-04:00" testType="13cdc9d9-ddb5-4fa4-a97d-d965ccfc6d4b" outcome="Passed" testListId="8c84fa94-04c1-424b-9868-57a2d4851a1d" relativeResultsDirectory="0c62b58b-6cc1-4a43-aeae-b9c0fbf8ed1b">
    </UnitTestResult>
    <UnitTestResult executionId="34f4729c-ad05-4ae1-ad18-2a456ae35593" testId="debe6527-36f9-32d2-7126-5f2a10b9915c" testName="QualityIncreasesByOneWhenSellInIsGreaterThanTenDays" computerName="WS-KWILLIAMS" duration="00:00:00.0001589" startTime="2012-10-08T08:44:35.7673295-04:00" endTime="2012-10-08T08:44:35.7673295-04:00" testType="13cdc9d9-ddb5-4fa4-a97d-d965ccfc6d4b" outcome="Passed" testListId="8c84fa94-04c1-424b-9868-57a2d4851a1d" relativeResultsDirectory="34f4729c-ad05-4ae1-ad18-2a456ae35593">
    </UnitTestResult>
    <UnitTestResult executionId="36f365cc-59a8-4350-a8d1-04662777a40d" testId="e11acf43-8b72-ef0a-3f56-4944d3063c48" testName="SulfurasNeverDegrades" computerName="WS-KWILLIAMS" duration="00:00:00.0002421" startTime="2012-10-08T08:44:35.7829301-04:00" endTime="2012-10-08T08:44:35.7829301-04:00" testType="13cdc9d9-ddb5-4fa4-a97d-d965ccfc6d4b" outcome="Passed" testListId="8c84fa94-04c1-424b-9868-57a2d4851a1d" relativeResultsDirectory="36f365cc-59a8-4350-a8d1-04662777a40d">
    </UnitTestResult>
    <UnitTestResult executionId="8ee0cfb6-533e-4523-ab27-21f66d7359a1" testId="e343510d-1cbf-7e51-ccf4-d82793d7feae" testName="QualityIncreasesByThreeWhenSellInIsWithinZeroAndFiveDays" computerName="WS-KWILLIAMS" duration="00:00:00.0001970" startTime="2012-10-08T08:44:35.7829301-04:00" endTime="2012-10-08T08:44:35.7829301-04:00" testType="13cdc9d9-ddb5-4fa4-a97d-d965ccfc6d4b" outcome="Passed" testListId="8c84fa94-04c1-424b-9868-57a2d4851a1d" relativeResultsDirectory="8ee0cfb6-533e-4523-ab27-21f66d7359a1">
    </UnitTestResult>
    <UnitTestResult executionId="a061d4a8-c3c2-4be8-bf15-e693ee2463bf" testId="e4f833c7-13fe-b064-7135-20b5f97c6d5d" testName="QualityDoesNotChange" computerName="WS-KWILLIAMS" duration="00:00:00.0002929" startTime="2012-10-08T08:44:35.7829301-04:00" endTime="2012-10-08T08:44:35.7829301-04:00" testType="13cdc9d9-ddb5-4fa4-a97d-d965ccfc6d4b" outcome="Passed" testListId="8c84fa94-04c1-424b-9868-57a2d4851a1d" relativeResultsDirectory="a061d4a8-c3c2-4be8-bf15-e693ee2463bf">
    </UnitTestResult>
  </Results>
</TestRun>