<?xml version="1.0" encoding="UTF-8"?>
<TestRun id="f912dc27-b984-4ec9-85ce-8012eb220cce" name="kwilliams@WS-KWILLIAMS 2012-10-08 09:05:51" runUser="CCS\kwilliams" xmlns="http://microsoft.com/schemas/VisualStudio/TeamTest/2010">
  <TestSettings name="Local" id="a1caf380-46cb-40ec-bf71-1f09af674c7e">
    <Description>These are default test settings for a local test run.</Description>
    <Deployment enabled="false" runDeploymentRoot="kwilliams_WS-KWILLIAMS 2012-10-08 09_05_51">
      <DeploymentItem filename="C:\Users\kwilliams\Downloads\NotMyself-GildedRose-v1.0-3-gccb50d0\NotMyself-GildedRose-ccb50d0\GildedRose.Core\bin\Debug\GildedRose.Core.dll" />
    </Deployment>
    <Execution>
      <TestTypeSpecific />
      <AgentRule name="Execution Agents">
      </AgentRule>
    </Execution>
  </TestSettings>
  <Times creation="2012-10-08T09:05:51.7387900-04:00" queuing="2012-10-08T09:05:51.8479942-04:00" start="2012-10-08T09:05:51.8635948-04:00" finish="2012-10-08T09:05:52.2068080-04:00" />
  <ResultSummary outcome="Completed">
    <Counters total="37" executed="37" passed="37" error="0" failed="0" timeout="0" aborted="0" inconclusive="0" passedButRunAborted="0" notRunnable="0" notExecuted="0" disconnected="0" warning="0" completed="0" inProgress="0" pending="0" />
  </ResultSummary>
  <TestDefinitions>
    <UnitTest name="QualityIncreasesByTwoWhenSellInIsWithinSixAndTenDays" storage="c:\users\kwilliams\downloads\notmyself-gildedrose-v1.0-3-gccb50d0\notmyself-gildedrose-ccb50d0\src\gildedroses.unittests\bin\debug\gildedroses.unittests.dll" id="b2d28e5c-02f2-7621-be11-937a94c7f399">
      <Execution id="193a26f9-91af-4938-b5c8-d9b6b9790788" />
      <TestMethod codeBase="C:/Users/kwilliams/Downloads/NotMyself-GildedRose-v1.0-3-gccb50d0/NotMyself-GildedRose-ccb50d0/src/GildedRoses.UnitTests/bin/Debug/GildedRoses.UnitTests.DLL" adapterTypeName="Microsoft.VisualStudio.TestTools.TestTypes.Unit.UnitTestAdapter, Microsoft.VisualStudio.QualityTools.Tips.UnitTest.Adapter, Version=10.0.0.0, Culture=neutral, PublicKeyToken=b03f5f7f11d50a3a" className="GildedRoses.UnitTests.Strategies.Quality.BackstagePassQualityStrategyTests, GildedRoses.UnitTests, Version=1.0.0.0, Culture=neutral, PublicKeyToken=null" name="QualityIncreasesByTwoWhenSellInIsWithinSixAndTenDays" />
    </UnitTest>
    <UnitTest name="DoesNotChange" storage="c:\users\kwilliams\downloads\notmyself-gildedrose-v1.0-3-gccb50d0\notmyself-gildedrose-ccb50d0\src\gildedroses.unittests\bin\debug\gildedroses.unittests.dll" id="99e8fe7a-2dc4-b8bf-5973-f43514db8194">
      <Execution id="86f04ae7-aee7-487f-a5e0-348a2517a8c1" />
      <TestMethod codeBase="C:/Users/kwilliams/Downloads/NotMyself-GildedRose-v1.0-3-gccb50d0/NotMyself-GildedRose-ccb50d0/src/GildedRoses.UnitTests/bin/Debug/GildedRoses.UnitTests.DLL" adapterTypeName="Microsoft.VisualStudio.TestTools.TestTypes.Unit.UnitTestAdapter, Microsoft.VisualStudio.QualityTools.Tips.UnitTest.Adapter, Version=10.0.0.0, Culture=neutral, PublicKeyToken=b03f5f7f11d50a3a" className="GildedRoses.UnitTests.Strategies.SellIn.SulfurasSellInStrategyTests, GildedRoses.UnitTests, Version=1.0.0.0, Culture=neutral, PublicKeyToken=null" name="DoesNotChange" />
    </UnitTest>
    <UnitTest name="SulfurasNeverDegrades" storage="c:\users\kwilliams\downloads\notmyself-gildedrose-v1.0-3-gccb50d0\notmyself-gildedrose-ccb50d0\src\gildedroses.unittests\bin\debug\gildedroses.unittests.dll" id="e11acf43-8b72-ef0a-3f56-4944d3063c48">
      <Execution id="00301a8f-985b-4441-8007-fd84fb0477b6" />
      <TestMethod codeBase="C:/Users/kwilliams/Downloads/NotMyself-GildedRose-v1.0-3-gccb50d0/NotMyself-GildedRose-ccb50d0/src/GildedRoses.UnitTests/bin/Debug/GildedRoses.UnitTests.DLL" adapterTypeName="Microsoft.VisualStudio.TestTools.TestTypes.Unit.UnitTestAdapter, Microsoft.VisualStudio.QualityTools.Tips.UnitTest.Adapter, Version=10.0.0.0, Culture=neutral, PublicKeyToken=b03f5f7f11d50a3a" className="GildedRoses.UnitTests.GildedRoseProcessorTests, GildedRoses.UnitTests, Version=1.0.0.0, Culture=neutral, PublicKeyToken=null" name="SulfurasNeverDegrades" />
    </UnitTest>
    <UnitTest name="SellInForNormalItemDecreasesByOne" storage="c:\users\kwilliams\downloads\notmyself-gildedrose-v1.0-3-gccb50d0\notmyself-gildedrose-ccb50d0\src\gildedroses.unittests\bin\debug\gildedroses.unittests.dll" id="5a70c8e3-3797-968c-683e-53e240c9614d">
      <Execution id="8305d1d3-14ee-4f6e-8bce-1055dcd955f6" />
      <TestMethod codeBase="C:/Users/kwilliams/Downloads/NotMyself-GildedRose-v1.0-3-gccb50d0/NotMyself-GildedRose-ccb50d0/src/GildedRoses.UnitTests/bin/Debug/GildedRoses.UnitTests.DLL" adapterTypeName="Microsoft.VisualStudio.TestTools.TestTypes.Unit.UnitTestAdapter, Microsoft.VisualStudio.QualityTools.Tips.UnitTest.Adapter, Version=10.0.0.0, Culture=neutral, PublicKeyToken=b03f5f7f11d50a3a" className="GildedRoses.UnitTests.GildedRoseProcessorTests, GildedRoses.UnitTests, Version=1.0.0.0, Culture=neutral, PublicKeyToken=null" name="SellInForNormalItemDecreasesByOne" />
    </UnitTest>
    <UnitTest name="QualityDoesNotGoAboveFiftyWhenSellInIsGreaterThanTenDays" storage="c:\users\kwilliams\downloads\notmyself-gildedrose-v1.0-3-gccb50d0\notmyself-gildedrose-ccb50d0\src\gildedroses.unittests\bin\debug\gildedroses.unittests.dll" id="c14da039-df56-a14b-dda5-b66cb3117dc3">
      <Execution id="43b53c23-93f0-424b-95ea-d3bbfc58984e" />
      <TestMethod codeBase="C:/Users/kwilliams/Downloads/NotMyself-GildedRose-v1.0-3-gccb50d0/NotMyself-GildedRose-ccb50d0/src/GildedRoses.UnitTests/bin/Debug/GildedRoses.UnitTests.DLL" adapterTypeName="Microsoft.VisualStudio.TestTools.TestTypes.Unit.UnitTestAdapter, Microsoft.VisualStudio.QualityTools.Tips.UnitTest.Adapter, Version=10.0.0.0, Culture=neutral, PublicKeyToken=b03f5f7f11d50a3a" className="GildedRoses.UnitTests.Strategies.Quality.BackstagePassQualityStrategyTests, GildedRoses.UnitTests, Version=1.0.0.0, Culture=neutral, PublicKeyToken=null" name="QualityDoesNotGoAboveFiftyWhenSellInIsGreaterThanTenDays" />
    </UnitTest>
    <UnitTest name="QualityDegradesTwiceAsFastForNormalItem" storage="c:\users\kwilliams\downloads\notmyself-gildedrose-v1.0-3-gccb50d0\notmyself-gildedrose-ccb50d0\src\gildedroses.unittests\bin\debug\gildedroses.unittests.dll" id="3bcc2279-1a8f-0714-a6fd-9d4937534e55">
      <Execution id="a34c70e5-c437-4b27-aebf-ef1cd0ec15c9" />
      <TestMethod codeBase="C:/Users/kwilliams/Downloads/NotMyself-GildedRose-v1.0-3-gccb50d0/NotMyself-GildedRose-ccb50d0/src/GildedRoses.UnitTests/bin/Debug/GildedRoses.UnitTests.DLL" adapterTypeName="Microsoft.VisualStudio.TestTools.TestTypes.Unit.UnitTestAdapter, Microsoft.VisualStudio.QualityTools.Tips.UnitTest.Adapter, Version=10.0.0.0, Culture=neutral, PublicKeyToken=b03f5f7f11d50a3a" className="GildedRoses.UnitTests.GildedRoseProcessorTests, GildedRoses.UnitTests, Version=1.0.0.0, Culture=neutral, PublicKeyToken=null" name="QualityDegradesTwiceAsFastForNormalItem" />
    </UnitTest>
    <UnitTest name="QualityDecreasesByOneWhenSellInIsGreaterThanOrEqualToZero" storage="c:\users\kwilliams\downloads\notmyself-gildedrose-v1.0-3-gccb50d0\notmyself-gildedrose-ccb50d0\src\gildedroses.unittests\bin\debug\gildedroses.unittests.dll" id="01b3fe5c-9c9d-6b49-485b-3530d2ef3eb2">
      <Execution id="c14c27e0-41ae-4588-a153-ad5c9b293bb9" />
      <TestMethod codeBase="C:/Users/kwilliams/Downloads/NotMyself-GildedRose-v1.0-3-gccb50d0/NotMyself-GildedRose-ccb50d0/src/GildedRoses.UnitTests/bin/Debug/GildedRoses.UnitTests.DLL" adapterTypeName="Microsoft.VisualStudio.TestTools.TestTypes.Unit.UnitTestAdapter, Microsoft.VisualStudio.QualityTools.Tips.UnitTest.Adapter, Version=10.0.0.0, Culture=neutral, PublicKeyToken=b03f5f7f11d50a3a" className="GildedRoses.UnitTests.Strategies.Quality.DefaultQualityStrategyTests, GildedRoses.UnitTests, Version=1.0.0.0, Culture=neutral, PublicKeyToken=null" name="QualityDecreasesByOneWhenSellInIsGreaterThanOrEqualToZero" />
    </UnitTest>
    <UnitTest name="GetStrategyReturnsAgedBrieQualityStrategyForAgedBrie" storage="c:\users\kwilliams\downloads\notmyself-gildedrose-v1.0-3-gccb50d0\notmyself-gildedrose-ccb50d0\src\gildedroses.unittests\bin\debug\gildedroses.unittests.dll" id="bb03be4f-ea91-5112-a71b-22043a2e65b7">
      <Execution id="8092826f-8cfc-453b-9fa9-67cbcb090aeb" />
      <TestMethod codeBase="C:/Users/kwilliams/Downloads/NotMyself-GildedRose-v1.0-3-gccb50d0/NotMyself-GildedRose-ccb50d0/src/GildedRoses.UnitTests/bin/Debug/GildedRoses.UnitTests.DLL" adapterTypeName="Microsoft.VisualStudio.TestTools.TestTypes.Unit.UnitTestAdapter, Microsoft.VisualStudio.QualityTools.Tips.UnitTest.Adapter, Version=10.0.0.0, Culture=neutral, PublicKeyToken=b03f5f7f11d50a3a" className="GildedRoses.UnitTests.Strategies.Quality.QualityStrategyFactoryTests, GildedRoses.UnitTests, Version=1.0.0.0, Culture=neutral, PublicKeyToken=null" name="GetStrategyReturnsAgedBrieQualityStrategyForAgedBrie" />
    </UnitTest>
    <UnitTest name="QualityDoesNotGoAboveFifty" storage="c:\users\kwilliams\downloads\notmyself-gildedrose-v1.0-3-gccb50d0\notmyself-gildedrose-ccb50d0\src\gildedroses.unittests\bin\debug\gildedroses.unittests.dll" id="33377cb1-02fc-c3bf-2deb-4f32f6490ca4">
      <Execution id="1b503d5e-0c43-42bc-8014-e19498373603" />
      <TestMethod codeBase="C:/Users/kwilliams/Downloads/NotMyself-GildedRose-v1.0-3-gccb50d0/NotMyself-GildedRose-ccb50d0/src/GildedRoses.UnitTests/bin/Debug/GildedRoses.UnitTests.DLL" adapterTypeName="Microsoft.VisualStudio.TestTools.TestTypes.Unit.UnitTestAdapter, Microsoft.VisualStudio.QualityTools.Tips.UnitTest.Adapter, Version=10.0.0.0, Culture=neutral, PublicKeyToken=b03f5f7f11d50a3a" className="GildedRoses.UnitTests.Strategies.Quality.AgedBrieQualityStrategyTests, GildedRoses.UnitTests, Version=1.0.0.0, Culture=neutral, PublicKeyToken=null" name="QualityDoesNotGoAboveFifty" />
    </UnitTest>
    <UnitTest name="BackstagePassQualityIncreasesByOneTenDays" storage="c:\users\kwilliams\downloads\notmyself-gildedrose-v1.0-3-gccb50d0\notmyself-gildedrose-ccb50d0\src\gildedroses.unittests\bin\debug\gildedroses.unittests.dll" id="9202ead1-dedc-5e0d-2780-c966e630f975">
      <Execution id="fd45928e-3d7f-4f11-870d-a697b084d06e" />
      <TestMethod codeBase="C:/Users/kwilliams/Downloads/NotMyself-GildedRose-v1.0-3-gccb50d0/NotMyself-GildedRose-ccb50d0/src/GildedRoses.UnitTests/bin/Debug/GildedRoses.UnitTests.DLL" adapterTypeName="Microsoft.VisualStudio.TestTools.TestTypes.Unit.UnitTestAdapter, Microsoft.VisualStudio.QualityTools.Tips.UnitTest.Adapter, Version=10.0.0.0, Culture=neutral, PublicKeyToken=b03f5f7f11d50a3a" className="GildedRoses.UnitTests.GildedRoseProcessorTests, GildedRoses.UnitTests, Version=1.0.0.0, Culture=neutral, PublicKeyToken=null" name="BackstagePassQualityIncreasesByOneTenDays" />
    </UnitTest>
    <UnitTest name="QualityDecreasesByFourWhenSellInIsGreaterThanOrEqualToZero" storage="c:\users\kwilliams\downloads\notmyself-gildedrose-v1.0-3-gccb50d0\notmyself-gildedrose-ccb50d0\src\gildedroses.unittests\bin\debug\gildedroses.unittests.dll" id="b9f52232-1b74-369c-c28a-1648794ca68b">
      <Execution id="779d38ce-0941-48ff-b7df-a88aae36aa1f" />
      <TestMethod codeBase="C:/Users/kwilliams/Downloads/NotMyself-GildedRose-v1.0-3-gccb50d0/NotMyself-GildedRose-ccb50d0/src/GildedRoses.UnitTests/bin/Debug/GildedRoses.UnitTests.DLL" adapterTypeName="Microsoft.VisualStudio.TestTools.TestTypes.Unit.UnitTestAdapter, Microsoft.VisualStudio.QualityTools.Tips.UnitTest.Adapter, Version=10.0.0.0, Culture=neutral, PublicKeyToken=b03f5f7f11d50a3a" className="GildedRoses.UnitTests.Strategies.Quality.ConjuredQualityStrategyTests, GildedRoses.UnitTests, Version=1.0.0.0, Culture=neutral, PublicKeyToken=null" name="QualityDecreasesByFourWhenSellInIsGreaterThanOrEqualToZero" />
    </UnitTest>
    <UnitTest name="GetStrategyReturnsBackStagePassQualityStrategyForBackstagePass" storage="c:\users\kwilliams\downloads\notmyself-gildedrose-v1.0-3-gccb50d0\notmyself-gildedrose-ccb50d0\src\gildedroses.unittests\bin\debug\gildedroses.unittests.dll" id="591af166-1b4a-0984-7eee-62898709dd3e">
      <Execution id="0ed5f0e6-b3fc-45d3-836a-ba9a3b2c4cd9" />
      <TestMethod codeBase="C:/Users/kwilliams/Downloads/NotMyself-GildedRose-v1.0-3-gccb50d0/NotMyself-GildedRose-ccb50d0/src/GildedRoses.UnitTests/bin/Debug/GildedRoses.UnitTests.DLL" adapterTypeName="Microsoft.VisualStudio.TestTools.TestTypes.Unit.UnitTestAdapter, Microsoft.VisualStudio.QualityTools.Tips.UnitTest.Adapter, Version=10.0.0.0, Culture=neutral, PublicKeyToken=b03f5f7f11d50a3a" className="GildedRoses.UnitTests.Strategies.Quality.QualityStrategyFactoryTests, GildedRoses.UnitTests, Version=1.0.0.0, Culture=neutral, PublicKeyToken=null" name="GetStrategyReturnsBackStagePassQualityStrategyForBackstagePass" />
    </UnitTest>
    <UnitTest name="BackstagePassQualityIncreasesByTwoWhenSellInReachesBetweenSixAndTenDays" storage="c:\users\kwilliams\downloads\notmyself-gildedrose-v1.0-3-gccb50d0\notmyself-gildedrose-ccb50d0\src\gildedroses.unittests\bin\debug\gildedroses.unittests.dll" id="9aeece14-35f8-a03c-b76b-e6229850e874">
      <Execution id="fa9e9f86-7273-41e8-98f8-536b1a7d90d3" />
      <TestMethod codeBase="C:/Users/kwilliams/Downloads/NotMyself-GildedRose-v1.0-3-gccb50d0/NotMyself-GildedRose-ccb50d0/src/GildedRoses.UnitTests/bin/Debug/GildedRoses.UnitTests.DLL" adapterTypeName="Microsoft.VisualStudio.TestTools.TestTypes.Unit.UnitTestAdapter, Microsoft.VisualStudio.QualityTools.Tips.UnitTest.Adapter, Version=10.0.0.0, Culture=neutral, PublicKeyToken=b03f5f7f11d50a3a" className="GildedRoses.UnitTests.GildedRoseProcessorTests, GildedRoses.UnitTests, Version=1.0.0.0, Culture=neutral, PublicKeyToken=null" name="BackstagePassQualityIncreasesByTwoWhenSellInReachesBetweenSixAndTenDays" />
    </UnitTest>
    <UnitTest name="SellInForBackstagePassDecreasesByOne" storage="c:\users\kwilliams\downloads\notmyself-gildedrose-v1.0-3-gccb50d0\notmyself-gildedrose-ccb50d0\src\gildedroses.unittests\bin\debug\gildedroses.unittests.dll" id="40b689f2-c768-3d7f-d7eb-990bb800d1b0">
      <Execution id="efd9de61-0084-4da9-8fbd-6d21b1798aea" />
      <TestMethod codeBase="C:/Users/kwilliams/Downloads/NotMyself-GildedRose-v1.0-3-gccb50d0/NotMyself-GildedRose-ccb50d0/src/GildedRoses.UnitTests/bin/Debug/GildedRoses.UnitTests.DLL" adapterTypeName="Microsoft.VisualStudio.TestTools.TestTypes.Unit.UnitTestAdapter, Microsoft.VisualStudio.QualityTools.Tips.UnitTest.Adapter, Version=10.0.0.0, Culture=neutral, PublicKeyToken=b03f5f7f11d50a3a" className="GildedRoses.UnitTests.GildedRoseProcessorTests, GildedRoses.UnitTests, Version=1.0.0.0, Culture=neutral, PublicKeyToken=null" name="SellInForBackstagePassDecreasesByOne" />
    </UnitTest>
    <UnitTest name="BackstagePassQualityDropsToZeroAfterTheConcert" storage="c:\users\kwilliams\downloads\notmyself-gildedrose-v1.0-3-gccb50d0\notmyself-gildedrose-ccb50d0\src\gildedroses.unittests\bin\debug\gildedroses.unittests.dll" id="27d60e5a-ef7a-8ef1-9964-13d0f335072f">
      <Execution id="f114187c-45e2-436f-b7f8-89e184df090d" />
      <TestMethod codeBase="C:/Users/kwilliams/Downloads/NotMyself-GildedRose-v1.0-3-gccb50d0/NotMyself-GildedRose-ccb50d0/src/GildedRoses.UnitTests/bin/Debug/GildedRoses.UnitTests.DLL" adapterTypeName="Microsoft.VisualStudio.TestTools.TestTypes.Unit.UnitTestAdapter, Microsoft.VisualStudio.QualityTools.Tips.UnitTest.Adapter, Version=10.0.0.0, Culture=neutral, PublicKeyToken=b03f5f7f11d50a3a" className="GildedRoses.UnitTests.GildedRoseProcessorTests, GildedRoses.UnitTests, Version=1.0.0.0, Culture=neutral, PublicKeyToken=null" name="BackstagePassQualityDropsToZeroAfterTheConcert" />
    </UnitTest>
    <UnitTest name="SellInForConjuredDecreasesByOne" storage="c:\users\kwilliams\downloads\notmyself-gildedrose-v1.0-3-gccb50d0\notmyself-gildedrose-ccb50d0\src\gildedroses.unittests\bin\debug\gildedroses.unittests.dll" id="ddf4f376-d23b-f447-f252-2fe1d83b1b05">
      <Execution id="0894fab3-d1ba-4116-8997-eeb9c401c847" />
      <TestMethod codeBase="C:/Users/kwilliams/Downloads/NotMyself-GildedRose-v1.0-3-gccb50d0/NotMyself-GildedRose-ccb50d0/src/GildedRoses.UnitTests/bin/Debug/GildedRoses.UnitTests.DLL" adapterTypeName="Microsoft.VisualStudio.TestTools.TestTypes.Unit.UnitTestAdapter, Microsoft.VisualStudio.QualityTools.Tips.UnitTest.Adapter, Version=10.0.0.0, Culture=neutral, PublicKeyToken=b03f5f7f11d50a3a" className="GildedRoses.UnitTests.GildedRoseProcessorTests, GildedRoses.UnitTests, Version=1.0.0.0, Culture=neutral, PublicKeyToken=null" name="SellInForConjuredDecreasesByOne" />
    </UnitTest>
    <UnitTest name="QualityIncreasesByOne" storage="c:\users\kwilliams\downloads\notmyself-gildedrose-v1.0-3-gccb50d0\notmyself-gildedrose-ccb50d0\src\gildedroses.unittests\bin\debug\gildedroses.unittests.dll" id="a6be764d-4c17-7d50-b4ca-a609322a855f">
      <Execution id="796329c7-762a-46fe-bb77-e193430f3f1c" />
      <TestMethod codeBase="C:/Users/kwilliams/Downloads/NotMyself-GildedRose-v1.0-3-gccb50d0/NotMyself-GildedRose-ccb50d0/src/GildedRoses.UnitTests/bin/Debug/GildedRoses.UnitTests.DLL" adapterTypeName="Microsoft.VisualStudio.TestTools.TestTypes.Unit.UnitTestAdapter, Microsoft.VisualStudio.QualityTools.Tips.UnitTest.Adapter, Version=10.0.0.0, Culture=neutral, PublicKeyToken=b03f5f7f11d50a3a" className="GildedRoses.UnitTests.Strategies.Quality.AgedBrieQualityStrategyTests, GildedRoses.UnitTests, Version=1.0.0.0, Culture=neutral, PublicKeyToken=null" name="QualityIncreasesByOne" />
    </UnitTest>
    <UnitTest name="QualityDoesNotChange" storage="c:\users\kwilliams\downloads\notmyself-gildedrose-v1.0-3-gccb50d0\notmyself-gildedrose-ccb50d0\src\gildedroses.unittests\bin\debug\gildedroses.unittests.dll" id="e4f833c7-13fe-b064-7135-20b5f97c6d5d">
      <Execution id="a9653cab-9a99-463c-9db2-5784bd4478fd" />
      <TestMethod codeBase="C:/Users/kwilliams/Downloads/NotMyself-GildedRose-v1.0-3-gccb50d0/NotMyself-GildedRose-ccb50d0/src/GildedRoses.UnitTests/bin/Debug/GildedRoses.UnitTests.DLL" adapterTypeName="Microsoft.VisualStudio.TestTools.TestTypes.Unit.UnitTestAdapter, Microsoft.VisualStudio.QualityTools.Tips.UnitTest.Adapter, Version=10.0.0.0, Culture=neutral, PublicKeyToken=b03f5f7f11d50a3a" className="GildedRoses.UnitTests.Strategies.Quality.SulfurasQualityStrategyTests, GildedRoses.UnitTests, Version=1.0.0.0, Culture=neutral, PublicKeyToken=null" name="QualityDoesNotChange" />
    </UnitTest>
    <UnitTest name="SellInForAgedBrieDecreasesByOne" storage="c:\users\kwilliams\downloads\notmyself-gildedrose-v1.0-3-gccb50d0\notmyself-gildedrose-ccb50d0\src\gildedroses.unittests\bin\debug\gildedroses.unittests.dll" id="1f23eec8-cc35-f80d-1a5e-828ebf392750">
      <Execution id="04530bc6-4b77-474b-9c01-752c3ac63999" />
      <TestMethod codeBase="C:/Users/kwilliams/Downloads/NotMyself-GildedRose-v1.0-3-gccb50d0/NotMyself-GildedRose-ccb50d0/src/GildedRoses.UnitTests/bin/Debug/GildedRoses.UnitTests.DLL" adapterTypeName="Microsoft.VisualStudio.TestTools.TestTypes.Unit.UnitTestAdapter, Microsoft.VisualStudio.QualityTools.Tips.UnitTest.Adapter, Version=10.0.0.0, Culture=neutral, PublicKeyToken=b03f5f7f11d50a3a" className="GildedRoses.UnitTests.GildedRoseProcessorTests, GildedRoses.UnitTests, Version=1.0.0.0, Culture=neutral, PublicKeyToken=null" name="SellInForAgedBrieDecreasesByOne" />
    </UnitTest>
    <UnitTest name="QualityIncreasesByOneWhenSellInIsGreaterThanTenDays" storage="c:\users\kwilliams\downloads\notmyself-gildedrose-v1.0-3-gccb50d0\notmyself-gildedrose-ccb50d0\src\gildedroses.unittests\bin\debug\gildedroses.unittests.dll" id="debe6527-36f9-32d2-7126-5f2a10b9915c">
      <Execution id="4308a42f-e015-4bb4-8c1a-bd1d67b25feb" />
      <TestMethod codeBase="C:/Users/kwilliams/Downloads/NotMyself-GildedRose-v1.0-3-gccb50d0/NotMyself-GildedRose-ccb50d0/src/GildedRoses.UnitTests/bin/Debug/GildedRoses.UnitTests.DLL" adapterTypeName="Microsoft.VisualStudio.TestTools.TestTypes.Unit.UnitTestAdapter, Microsoft.VisualStudio.QualityTools.Tips.UnitTest.Adapter, Version=10.0.0.0, Culture=neutral, PublicKeyToken=b03f5f7f11d50a3a" className="GildedRoses.UnitTests.Strategies.Quality.BackstagePassQualityStrategyTests, GildedRoses.UnitTests, Version=1.0.0.0, Culture=neutral, PublicKeyToken=null" name="QualityIncreasesByOneWhenSellInIsGreaterThanTenDays" />
    </UnitTest>
    <UnitTest name="DecreasesByOne" storage="c:\users\kwilliams\downloads\notmyself-gildedrose-v1.0-3-gccb50d0\notmyself-gildedrose-ccb50d0\src\gildedroses.unittests\bin\debug\gildedroses.unittests.dll" id="c33c3c45-bc58-e8ef-1cab-996cda5c4ccc">
      <Execution id="99db9eb7-b5e9-47e8-8ba2-16e3c98fdbfd" />
      <TestMethod codeBase="C:/Users/kwilliams/Downloads/NotMyself-GildedRose-v1.0-3-gccb50d0/NotMyself-GildedRose-ccb50d0/src/GildedRoses.UnitTests/bin/Debug/GildedRoses.UnitTests.DLL" adapterTypeName="Microsoft.VisualStudio.TestTools.TestTypes.Unit.UnitTestAdapter, Microsoft.VisualStudio.QualityTools.Tips.UnitTest.Adapter, Version=10.0.0.0, Culture=neutral, PublicKeyToken=b03f5f7f11d50a3a" className="GildedRoses.UnitTests.Strategies.SellIn.NormalSellInStrategyTests, GildedRoses.UnitTests, Version=1.0.0.0, Culture=neutral, PublicKeyToken=null" name="DecreasesByOne" />
    </UnitTest>
    <UnitTest name="QualityOfAnItemIsNeverGreaterThanFifty" storage="c:\users\kwilliams\downloads\notmyself-gildedrose-v1.0-3-gccb50d0\notmyself-gildedrose-ccb50d0\src\gildedroses.unittests\bin\debug\gildedroses.unittests.dll" id="241e0825-0a15-4f2d-7550-cf48efb3e3f7">
      <Execution id="5dd97eb6-488d-4420-b253-d7643ce0d7cb" />
      <TestMethod codeBase="C:/Users/kwilliams/Downloads/NotMyself-GildedRose-v1.0-3-gccb50d0/NotMyself-GildedRose-ccb50d0/src/GildedRoses.UnitTests/bin/Debug/GildedRoses.UnitTests.DLL" adapterTypeName="Microsoft.VisualStudio.TestTools.TestTypes.Unit.UnitTestAdapter, Microsoft.VisualStudio.QualityTools.Tips.UnitTest.Adapter, Version=10.0.0.0, Culture=neutral, PublicKeyToken=b03f5f7f11d50a3a" className="GildedRoses.UnitTests.GildedRoseProcessorTests, GildedRoses.UnitTests, Version=1.0.0.0, Culture=neutral, PublicKeyToken=null" name="QualityOfAnItemIsNeverGreaterThanFifty" />
    </UnitTest>
    <UnitTest name="GetStrategyReturnsAgedBrieQualityStrategyForAgedBrie" storage="c:\users\kwilliams\downloads\notmyself-gildedrose-v1.0-3-gccb50d0\notmyself-gildedrose-ccb50d0\src\gildedroses.unittests\bin\debug\gildedroses.unittests.dll" id="8bd11791-be6f-6bbc-2cd3-f330033d64da">
      <Execution id="577716f6-a748-45e4-a88d-399fc9e56a33" />
      <TestMethod codeBase="C:/Users/kwilliams/Downloads/NotMyself-GildedRose-v1.0-3-gccb50d0/NotMyself-GildedRose-ccb50d0/src/GildedRoses.UnitTests/bin/Debug/GildedRoses.UnitTests.DLL" adapterTypeName="Microsoft.VisualStudio.TestTools.TestTypes.Unit.UnitTestAdapter, Microsoft.VisualStudio.QualityTools.Tips.UnitTest.Adapter, Version=10.0.0.0, Culture=neutral, PublicKeyToken=b03f5f7f11d50a3a" className="GildedRoses.UnitTests.Strategies.SellIn.SellInStrategyFactoryTests, GildedRoses.UnitTests, Version=1.0.0.0, Culture=neutral, PublicKeyToken=null" name="GetStrategyReturnsAgedBrieQualityStrategyForAgedBrie" />
    </UnitTest>
    <UnitTest name="QualityDecreasesByTwoWhenSellInIsGreaterThanOrEqualToZero" storage="c:\users\kwilliams\downloads\notmyself-gildedrose-v1.0-3-gccb50d0\notmyself-gildedrose-ccb50d0\src\gildedroses.unittests\bin\debug\gildedroses.unittests.dll" id="06372207-d70b-9ffd-e3b3-6c51f3decd07">
      <Execution id="d443479d-c52f-4523-a24d-9360be90c1a2" />
      <TestMethod codeBase="C:/Users/kwilliams/Downloads/NotMyself-GildedRose-v1.0-3-gccb50d0/NotMyself-GildedRose-ccb50d0/src/GildedRoses.UnitTests/bin/Debug/GildedRoses.UnitTests.DLL" adapterTypeName="Microsoft.VisualStudio.TestTools.TestTypes.Unit.UnitTestAdapter, Microsoft.VisualStudio.QualityTools.Tips.UnitTest.Adapter, Version=10.0.0.0, Culture=neutral, PublicKeyToken=b03f5f7f11d50a3a" className="GildedRoses.UnitTests.Strategies.Quality.DefaultQualityStrategyTests, GildedRoses.UnitTests, Version=1.0.0.0, Culture=neutral, PublicKeyToken=null" name="QualityDecreasesByTwoWhenSellInIsGreaterThanOrEqualToZero" />
    </UnitTest>
    <UnitTest name="GetStrategyReturnsNormalQualityStrategyForNormalItem" storage="c:\users\kwilliams\downloads\notmyself-gildedrose-v1.0-3-gccb50d0\notmyself-gildedrose-ccb50d0\src\gildedroses.unittests\bin\debug\gildedroses.unittests.dll" id="1994e197-928f-3d31-fc37-5a4552c68ca8">
      <Execution id="d376eaf8-4e89-4f10-a2c6-36ea9ffb35a1" />
      <TestMethod codeBase="C:/Users/kwilliams/Downloads/NotMyself-GildedRose-v1.0-3-gccb50d0/NotMyself-GildedRose-ccb50d0/src/GildedRoses.UnitTests/bin/Debug/GildedRoses.UnitTests.DLL" adapterTypeName="Microsoft.VisualStudio.TestTools.TestTypes.Unit.UnitTestAdapter, Microsoft.VisualStudio.QualityTools.Tips.UnitTest.Adapter, Version=10.0.0.0, Culture=neutral, PublicKeyToken=b03f5f7f11d50a3a" className="GildedRoses.UnitTests.Strategies.SellIn.SellInStrategyFactoryTests, GildedRoses.UnitTests, Version=1.0.0.0, Culture=neutral, PublicKeyToken=null" name="GetStrategyReturnsNormalQualityStrategyForNormalItem" />
    </UnitTest>
    <UnitTest name="GetStrategyReturnsConjuredQualityStrategyForConjured" storage="c:\users\kwilliams\downloads\notmyself-gildedrose-v1.0-3-gccb50d0\notmyself-gildedrose-ccb50d0\src\gildedroses.unittests\bin\debug\gildedroses.unittests.dll" id="71dcff6b-e732-6c33-e5a1-85ca528032ee">
      <Execution id="3e5f808b-125b-4320-aa02-d6fbeff6c45f" />
      <TestMethod codeBase="C:/Users/kwilliams/Downloads/NotMyself-GildedRose-v1.0-3-gccb50d0/NotMyself-GildedRose-ccb50d0/src/GildedRoses.UnitTests/bin/Debug/GildedRoses.UnitTests.DLL" adapterTypeName="Microsoft.VisualStudio.TestTools.TestTypes.Unit.UnitTestAdapter, Microsoft.VisualStudio.QualityTools.Tips.UnitTest.Adapter, Version=10.0.0.0, Culture=neutral, PublicKeyToken=b03f5f7f11d50a3a" className="GildedRoses.UnitTests.Strategies.Quality.QualityStrategyFactoryTests, GildedRoses.UnitTests, Version=1.0.0.0, Culture=neutral, PublicKeyToken=null" name="GetStrategyReturnsConjuredQualityStrategyForConjured" />
    </UnitTest>
    <UnitTest name="QualityIncreasesByThreeWhenSellInIsWithinZeroAndFiveDays" storage="c:\users\kwilliams\downloads\notmyself-gildedrose-v1.0-3-gccb50d0\notmyself-gildedrose-ccb50d0\src\gildedroses.unittests\bin\debug\gildedroses.unittests.dll" id="e343510d-1cbf-7e51-ccf4-d82793d7feae">
      <Execution id="1876bb2b-348d-4c3d-b66a-2bca46963f7d" />
      <TestMethod codeBase="C:/Users/kwilliams/Downloads/NotMyself-GildedRose-v1.0-3-gccb50d0/NotMyself-GildedRose-ccb50d0/src/GildedRoses.UnitTests/bin/Debug/GildedRoses.UnitTests.DLL" adapterTypeName="Microsoft.VisualStudio.TestTools.TestTypes.Unit.UnitTestAdapter, Microsoft.VisualStudio.QualityTools.Tips.UnitTest.Adapter, Version=10.0.0.0, Culture=neutral, PublicKeyToken=b03f5f7f11d50a3a" className="GildedRoses.UnitTests.Strategies.Quality.BackstagePassQualityStrategyTests, GildedRoses.UnitTests, Version=1.0.0.0, Culture=neutral, PublicKeyToken=null" name="QualityIncreasesByThreeWhenSellInIsWithinZeroAndFiveDays" />
    </UnitTest>
    <UnitTest name="QualityDoesNotGoAboveFiftyWhenSellInIsWithinZeroAndFiveDays" storage="c:\users\kwilliams\downloads\notmyself-gildedrose-v1.0-3-gccb50d0\notmyself-gildedrose-ccb50d0\src\gildedroses.unittests\bin\debug\gildedroses.unittests.dll" id="28154d4f-24ee-8105-02a9-c7bc69939eb7">
      <Execution id="ec3b4d65-cbc3-4505-b03d-9232155d7bf3" />
      <TestMethod codeBase="C:/Users/kwilliams/Downloads/NotMyself-GildedRose-v1.0-3-gccb50d0/NotMyself-GildedRose-ccb50d0/src/GildedRoses.UnitTests/bin/Debug/GildedRoses.UnitTests.DLL" adapterTypeName="Microsoft.VisualStudio.TestTools.TestTypes.Unit.UnitTestAdapter, Microsoft.VisualStudio.QualityTools.Tips.UnitTest.Adapter, Version=10.0.0.0, Culture=neutral, PublicKeyToken=b03f5f7f11d50a3a" className="GildedRoses.UnitTests.Strategies.Quality.BackstagePassQualityStrategyTests, GildedRoses.UnitTests, Version=1.0.0.0, Culture=neutral, PublicKeyToken=null" name="QualityDoesNotGoAboveFiftyWhenSellInIsWithinZeroAndFiveDays" />
    </UnitTest>
    <UnitTest name="QualityDecreasesByTwoWhenSellInIsGreaterThanOrEqualToZero" storage="c:\users\kwilliams\downloads\notmyself-gildedrose-v1.0-3-gccb50d0\notmyself-gildedrose-ccb50d0\src\gildedroses.unittests\bin\debug\gildedroses.unittests.dll" id="bf6924ff-32b9-e2c3-9658-0cd3f426ce9a">
      <Execution id="63147211-08c6-4d68-991b-3d29a0c7c5d8" />
      <TestMethod codeBase="C:/Users/kwilliams/Downloads/NotMyself-GildedRose-v1.0-3-gccb50d0/NotMyself-GildedRose-ccb50d0/src/GildedRoses.UnitTests/bin/Debug/GildedRoses.UnitTests.DLL" adapterTypeName="Microsoft.VisualStudio.TestTools.TestTypes.Unit.UnitTestAdapter, Microsoft.VisualStudio.QualityTools.Tips.UnitTest.Adapter, Version=10.0.0.0, Culture=neutral, PublicKeyToken=b03f5f7f11d50a3a" className="GildedRoses.UnitTests.Strategies.Quality.ConjuredQualityStrategyTests, GildedRoses.UnitTests, Version=1.0.0.0, Culture=neutral, PublicKeyToken=null" name="QualityDecreasesByTwoWhenSellInIsGreaterThanOrEqualToZero" />
    </UnitTest>
    <UnitTest name="SulfurasNeverHasToBeSold" storage="c:\users\kwilliams\downloads\notmyself-gildedrose-v1.0-3-gccb50d0\notmyself-gildedrose-ccb50d0\src\gildedroses.unittests\bin\debug\gildedroses.unittests.dll" id="46505c2c-0fe3-f3a0-6e81-7b857b1e2798">
      <Execution id="5cd27b63-b894-4faa-924a-a333ca878fdc" />
      <TestMethod codeBase="C:/Users/kwilliams/Downloads/NotMyself-GildedRose-v1.0-3-gccb50d0/NotMyself-GildedRose-ccb50d0/src/GildedRoses.UnitTests/bin/Debug/GildedRoses.UnitTests.DLL" adapterTypeName="Microsoft.VisualStudio.TestTools.TestTypes.Unit.UnitTestAdapter, Microsoft.VisualStudio.QualityTools.Tips.UnitTest.Adapter, Version=10.0.0.0, Culture=neutral, PublicKeyToken=b03f5f7f11d50a3a" className="GildedRoses.UnitTests.GildedRoseProcessorTests, GildedRoses.UnitTests, Version=1.0.0.0, Culture=neutral, PublicKeyToken=null" name="SulfurasNeverHasToBeSold" />
    </UnitTest>
    <UnitTest name="GetStrategyReturnsSulfurasQualityStrategyForSulfuras" storage="c:\users\kwilliams\downloads\notmyself-gildedrose-v1.0-3-gccb50d0\notmyself-gildedrose-ccb50d0\src\gildedroses.unittests\bin\debug\gildedroses.unittests.dll" id="a94384c9-d8f1-b3d7-95cb-392fdb62625f">
      <Execution id="062b5a40-cd06-4ea7-86d9-2fa06c3e7518" />
      <TestMethod codeBase="C:/Users/kwilliams/Downloads/NotMyself-GildedRose-v1.0-3-gccb50d0/NotMyself-GildedRose-ccb50d0/src/GildedRoses.UnitTests/bin/Debug/GildedRoses.UnitTests.DLL" adapterTypeName="Microsoft.VisualStudio.TestTools.TestTypes.Unit.UnitTestAdapter, Microsoft.VisualStudio.QualityTools.Tips.UnitTest.Adapter, Version=10.0.0.0, Culture=neutral, PublicKeyToken=b03f5f7f11d50a3a" className="GildedRoses.UnitTests.Strategies.Quality.QualityStrategyFactoryTests, GildedRoses.UnitTests, Version=1.0.0.0, Culture=neutral, PublicKeyToken=null" name="GetStrategyReturnsSulfurasQualityStrategyForSulfuras" />
    </UnitTest>
    <UnitTest name="QualityIncreasesForAgedBrie" storage="c:\users\kwilliams\downloads\notmyself-gildedrose-v1.0-3-gccb50d0\notmyself-gildedrose-ccb50d0\src\gildedroses.unittests\bin\debug\gildedroses.unittests.dll" id="b25b1176-8d56-e62a-3696-f3a35826d4ba">
      <Execution id="988f5ec4-4552-4083-813a-837e8042934a" />
      <TestMethod codeBase="C:/Users/kwilliams/Downloads/NotMyself-GildedRose-v1.0-3-gccb50d0/NotMyself-GildedRose-ccb50d0/src/GildedRoses.UnitTests/bin/Debug/GildedRoses.UnitTests.DLL" adapterTypeName="Microsoft.VisualStudio.TestTools.TestTypes.Unit.UnitTestAdapter, Microsoft.VisualStudio.QualityTools.Tips.UnitTest.Adapter, Version=10.0.0.0, Culture=neutral, PublicKeyToken=b03f5f7f11d50a3a" className="GildedRoses.UnitTests.GildedRoseProcessorTests, GildedRoses.UnitTests, Version=1.0.0.0, Culture=neutral, PublicKeyToken=null" name="QualityIncreasesForAgedBrie" />
    </UnitTest>
    <UnitTest name="BackstagePassQualityIncreasesByThreeWhenSellInReachesBetweenFiveAndZeroDays" storage="c:\users\kwilliams\downloads\notmyself-gildedrose-v1.0-3-gccb50d0\notmyself-gildedrose-ccb50d0\src\gildedroses.unittests\bin\debug\gildedroses.unittests.dll" id="487973b3-147d-7c24-2972-4c431dd090aa">
      <Execution id="164f0d45-3001-49a3-bc2d-e9e253d3c048" />
      <TestMethod codeBase="C:/Users/kwilliams/Downloads/NotMyself-GildedRose-v1.0-3-gccb50d0/NotMyself-GildedRose-ccb50d0/src/GildedRoses.UnitTests/bin/Debug/GildedRoses.UnitTests.DLL" adapterTypeName="Microsoft.VisualStudio.TestTools.TestTypes.Unit.UnitTestAdapter, Microsoft.VisualStudio.QualityTools.Tips.UnitTest.Adapter, Version=10.0.0.0, Culture=neutral, PublicKeyToken=b03f5f7f11d50a3a" className="GildedRoses.UnitTests.GildedRoseProcessorTests, GildedRoses.UnitTests, Version=1.0.0.0, Culture=neutral, PublicKeyToken=null" name="BackstagePassQualityIncreasesByThreeWhenSellInReachesBetweenFiveAndZeroDays" />
    </UnitTest>
    <UnitTest name="ConjuredItemsDegradeInQualityTwiceAsFastAsNormalItems" storage="c:\users\kwilliams\downloads\notmyself-gildedrose-v1.0-3-gccb50d0\notmyself-gildedrose-ccb50d0\src\gildedroses.unittests\bin\debug\gildedroses.unittests.dll" id="a461a388-f879-aaf1-0d5b-96e359488f0b">
      <Execution id="25da787b-b5a9-4da0-a13c-b14eb488ed72" />
      <TestMethod codeBase="C:/Users/kwilliams/Downloads/NotMyself-GildedRose-v1.0-3-gccb50d0/NotMyself-GildedRose-ccb50d0/src/GildedRoses.UnitTests/bin/Debug/GildedRoses.UnitTests.DLL" adapterTypeName="Microsoft.VisualStudio.TestTools.TestTypes.Unit.UnitTestAdapter, Microsoft.VisualStudio.QualityTools.Tips.UnitTest.Adapter, Version=10.0.0.0, Culture=neutral, PublicKeyToken=b03f5f7f11d50a3a" className="GildedRoses.UnitTests.GildedRoseProcessorTests, GildedRoses.UnitTests, Version=1.0.0.0, Culture=neutral, PublicKeyToken=null" name="ConjuredItemsDegradeInQualityTwiceAsFastAsNormalItems" />
    </UnitTest>
    <UnitTest name="QualityOfAnItemIsNeverNegative" storage="c:\users\kwilliams\downloads\notmyself-gildedrose-v1.0-3-gccb50d0\notmyself-gildedrose-ccb50d0\src\gildedroses.unittests\bin\debug\gildedroses.unittests.dll" id="5334f3a6-73a7-3531-f824-e6113d25ab7f">
      <Execution id="e3926714-636a-4fa3-b1e7-f2b78af7b90a" />
      <TestMethod codeBase="C:/Users/kwilliams/Downloads/NotMyself-GildedRose-v1.0-3-gccb50d0/NotMyself-GildedRose-ccb50d0/src/GildedRoses.UnitTests/bin/Debug/GildedRoses.UnitTests.DLL" adapterTypeName="Microsoft.VisualStudio.TestTools.TestTypes.Unit.UnitTestAdapter, Microsoft.VisualStudio.QualityTools.Tips.UnitTest.Adapter, Version=10.0.0.0, Culture=neutral, PublicKeyToken=b03f5f7f11d50a3a" className="GildedRoses.UnitTests.GildedRoseProcessorTests, GildedRoses.UnitTests, Version=1.0.0.0, Culture=neutral, PublicKeyToken=null" name="QualityOfAnItemIsNeverNegative" />
    </UnitTest>
    <UnitTest name="GetStrategyReturnsNormalQualityStrategyForNormalItem" storage="c:\users\kwilliams\downloads\notmyself-gildedrose-v1.0-3-gccb50d0\notmyself-gildedrose-ccb50d0\src\gildedroses.unittests\bin\debug\gildedroses.unittests.dll" id="0570af00-cdbf-7937-3fbb-38d7afe9fb36">
      <Execution id="56e8d4c4-0fdd-46f7-8b22-c1f655374f5a" />
      <TestMethod codeBase="C:/Users/kwilliams/Downloads/NotMyself-GildedRose-v1.0-3-gccb50d0/NotMyself-GildedRose-ccb50d0/src/GildedRoses.UnitTests/bin/Debug/GildedRoses.UnitTests.DLL" adapterTypeName="Microsoft.VisualStudio.TestTools.TestTypes.Unit.UnitTestAdapter, Microsoft.VisualStudio.QualityTools.Tips.UnitTest.Adapter, Version=10.0.0.0, Culture=neutral, PublicKeyToken=b03f5f7f11d50a3a" className="GildedRoses.UnitTests.Strategies.Quality.QualityStrategyFactoryTests, GildedRoses.UnitTests, Version=1.0.0.0, Culture=neutral, PublicKeyToken=null" name="GetStrategyReturnsNormalQualityStrategyForNormalItem" />
    </UnitTest>
    <UnitTest name="QualityDoesNotGoAboveFiftyWhenSellInIsWithinSixAndTenDays" storage="c:\users\kwilliams\downloads\notmyself-gildedrose-v1.0-3-gccb50d0\notmyself-gildedrose-ccb50d0\src\gildedroses.unittests\bin\debug\gildedroses.unittests.dll" id="cecebdfe-6d27-291a-2de2-48893f597415">
      <Execution id="35fe2220-7c7b-4630-9cfc-9314d5b7a705" />
      <TestMethod codeBase="C:/Users/kwilliams/Downloads/NotMyself-GildedRose-v1.0-3-gccb50d0/NotMyself-GildedRose-ccb50d0/src/GildedRoses.UnitTests/bin/Debug/GildedRoses.UnitTests.DLL" adapterTypeName="Microsoft.VisualStudio.TestTools.TestTypes.Unit.UnitTestAdapter, Microsoft.VisualStudio.QualityTools.Tips.UnitTest.Adapter, Version=10.0.0.0, Culture=neutral, PublicKeyToken=b03f5f7f11d50a3a" className="GildedRoses.UnitTests.Strategies.Quality.BackstagePassQualityStrategyTests, GildedRoses.UnitTests, Version=1.0.0.0, Culture=neutral, PublicKeyToken=null" name="QualityDoesNotGoAboveFiftyWhenSellInIsWithinSixAndTenDays" />
    </UnitTest>
  </TestDefinitions>
  <TestLists>
    <TestList name="Results Not in a List" id="8c84fa94-04c1-424b-9868-57a2d4851a1d" />
    <TestList name="All Loaded Results" id="19431567-8539-422a-85d7-44ee4e166bda" />
  </TestLists>
  <TestEntries>
    <TestEntry testId="01b3fe5c-9c9d-6b49-485b-3530d2ef3eb2" executionId="c14c27e0-41ae-4588-a153-ad5c9b293bb9" testListId="8c84fa94-04c1-424b-9868-57a2d4851a1d" />
    <TestEntry testId="0570af00-cdbf-7937-3fbb-38d7afe9fb36" executionId="56e8d4c4-0fdd-46f7-8b22-c1f655374f5a" testListId="8c84fa94-04c1-424b-9868-57a2d4851a1d" />
    <TestEntry testId="06372207-d70b-9ffd-e3b3-6c51f3decd07" executionId="d443479d-c52f-4523-a24d-9360be90c1a2" testListId="8c84fa94-04c1-424b-9868-57a2d4851a1d" />
    <TestEntry testId="1994e197-928f-3d31-fc37-5a4552c68ca8" executionId="d376eaf8-4e89-4f10-a2c6-36ea9ffb35a1" testListId="8c84fa94-04c1-424b-9868-57a2d4851a1d" />
    <TestEntry testId="1f23eec8-cc35-f80d-1a5e-828ebf392750" executionId="04530bc6-4b77-474b-9c01-752c3ac63999" testListId="8c84fa94-04c1-424b-9868-57a2d4851a1d" />
    <TestEntry testId="241e0825-0a15-4f2d-7550-cf48efb3e3f7" executionId="5dd97eb6-488d-4420-b253-d7643ce0d7cb" testListId="8c84fa94-04c1-424b-9868-57a2d4851a1d" />
    <TestEntry testId="27d60e5a-ef7a-8ef1-9964-13d0f335072f" executionId="f114187c-45e2-436f-b7f8-89e184df090d" testListId="8c84fa94-04c1-424b-9868-57a2d4851a1d" />
    <TestEntry testId="28154d4f-24ee-8105-02a9-c7bc69939eb7" executionId="ec3b4d65-cbc3-4505-b03d-9232155d7bf3" testListId="8c84fa94-04c1-424b-9868-57a2d4851a1d" />
    <TestEntry testId="33377cb1-02fc-c3bf-2deb-4f32f6490ca4" executionId="1b503d5e-0c43-42bc-8014-e19498373603" testListId="8c84fa94-04c1-424b-9868-57a2d4851a1d" />
    <TestEntry testId="3bcc2279-1a8f-0714-a6fd-9d4937534e55" executionId="a34c70e5-c437-4b27-aebf-ef1cd0ec15c9" testListId="8c84fa94-04c1-424b-9868-57a2d4851a1d" />
    <TestEntry testId="40b689f2-c768-3d7f-d7eb-990bb800d1b0" executionId="efd9de61-0084-4da9-8fbd-6d21b1798aea" testListId="8c84fa94-04c1-424b-9868-57a2d4851a1d" />
    <TestEntry testId="46505c2c-0fe3-f3a0-6e81-7b857b1e2798" executionId="5cd27b63-b894-4faa-924a-a333ca878fdc" testListId="8c84fa94-04c1-424b-9868-57a2d4851a1d" />
    <TestEntry testId="487973b3-147d-7c24-2972-4c431dd090aa" executionId="164f0d45-3001-49a3-bc2d-e9e253d3c048" testListId="8c84fa94-04c1-424b-9868-57a2d4851a1d" />
    <TestEntry testId="5334f3a6-73a7-3531-f824-e6113d25ab7f" executionId="e3926714-636a-4fa3-b1e7-f2b78af7b90a" testListId="8c84fa94-04c1-424b-9868-57a2d4851a1d" />
    <TestEntry testId="591af166-1b4a-0984-7eee-62898709dd3e" executionId="0ed5f0e6-b3fc-45d3-836a-ba9a3b2c4cd9" testListId="8c84fa94-04c1-424b-9868-57a2d4851a1d" />
    <TestEntry testId="5a70c8e3-3797-968c-683e-53e240c9614d" executionId="8305d1d3-14ee-4f6e-8bce-1055dcd955f6" testListId="8c84fa94-04c1-424b-9868-57a2d4851a1d" />
    <TestEntry testId="71dcff6b-e732-6c33-e5a1-85ca528032ee" executionId="3e5f808b-125b-4320-aa02-d6fbeff6c45f" testListId="8c84fa94-04c1-424b-9868-57a2d4851a1d" />
    <TestEntry testId="8bd11791-be6f-6bbc-2cd3-f330033d64da" executionId="577716f6-a748-45e4-a88d-399fc9e56a33" testListId="8c84fa94-04c1-424b-9868-57a2d4851a1d" />
    <TestEntry testId="9202ead1-dedc-5e0d-2780-c966e630f975" executionId="fd45928e-3d7f-4f11-870d-a697b084d06e" testListId="8c84fa94-04c1-424b-9868-57a2d4851a1d" />
    <TestEntry testId="99e8fe7a-2dc4-b8bf-5973-f43514db8194" executionId="86f04ae7-aee7-487f-a5e0-348a2517a8c1" testListId="8c84fa94-04c1-424b-9868-57a2d4851a1d" />
    <TestEntry testId="9aeece14-35f8-a03c-b76b-e6229850e874" executionId="fa9e9f86-7273-41e8-98f8-536b1a7d90d3" testListId="8c84fa94-04c1-424b-9868-57a2d4851a1d" />
    <TestEntry testId="a461a388-f879-aaf1-0d5b-96e359488f0b" executionId="25da787b-b5a9-4da0-a13c-b14eb488ed72" testListId="8c84fa94-04c1-424b-9868-57a2d4851a1d" />
    <TestEntry testId="a6be764d-4c17-7d50-b4ca-a609322a855f" executionId="796329c7-762a-46fe-bb77-e193430f3f1c" testListId="8c84fa94-04c1-424b-9868-57a2d4851a1d" />
    <TestEntry testId="a94384c9-d8f1-b3d7-95cb-392fdb62625f" executionId="062b5a40-cd06-4ea7-86d9-2fa06c3e7518" testListId="8c84fa94-04c1-424b-9868-57a2d4851a1d" />
    <TestEntry testId="b25b1176-8d56-e62a-3696-f3a35826d4ba" executionId="988f5ec4-4552-4083-813a-837e8042934a" testListId="8c84fa94-04c1-424b-9868-57a2d4851a1d" />
    <TestEntry testId="b2d28e5c-02f2-7621-be11-937a94c7f399" executionId="193a26f9-91af-4938-b5c8-d9b6b9790788" testListId="8c84fa94-04c1-424b-9868-57a2d4851a1d" />
    <TestEntry testId="b9f52232-1b74-369c-c28a-1648794ca68b" executionId="779d38ce-0941-48ff-b7df-a88aae36aa1f" testListId="8c84fa94-04c1-424b-9868-57a2d4851a1d" />
    <TestEntry testId="bb03be4f-ea91-5112-a71b-22043a2e65b7" executionId="8092826f-8cfc-453b-9fa9-67cbcb090aeb" testListId="8c84fa94-04c1-424b-9868-57a2d4851a1d" />
    <TestEntry testId="bf6924ff-32b9-e2c3-9658-0cd3f426ce9a" executionId="63147211-08c6-4d68-991b-3d29a0c7c5d8" testListId="8c84fa94-04c1-424b-9868-57a2d4851a1d" />
    <TestEntry testId="c14da039-df56-a14b-dda5-b66cb3117dc3" executionId="43b53c23-93f0-424b-95ea-d3bbfc58984e" testListId="8c84fa94-04c1-424b-9868-57a2d4851a1d" />
    <TestEntry testId="c33c3c45-bc58-e8ef-1cab-996cda5c4ccc" executionId="99db9eb7-b5e9-47e8-8ba2-16e3c98fdbfd" testListId="8c84fa94-04c1-424b-9868-57a2d4851a1d" />
    <TestEntry testId="cecebdfe-6d27-291a-2de2-48893f597415" executionId="35fe2220-7c7b-4630-9cfc-9314d5b7a705" testListId="8c84fa94-04c1-424b-9868-57a2d4851a1d" />
    <TestEntry testId="ddf4f376-d23b-f447-f252-2fe1d83b1b05" executionId="0894fab3-d1ba-4116-8997-eeb9c401c847" testListId="8c84fa94-04c1-424b-9868-57a2d4851a1d" />
    <TestEntry testId="debe6527-36f9-32d2-7126-5f2a10b9915c" executionId="4308a42f-e015-4bb4-8c1a-bd1d67b25feb" testListId="8c84fa94-04c1-424b-9868-57a2d4851a1d" />
    <TestEntry testId="e11acf43-8b72-ef0a-3f56-4944d3063c48" executionId="00301a8f-985b-4441-8007-fd84fb0477b6" testListId="8c84fa94-04c1-424b-9868-57a2d4851a1d" />
    <TestEntry testId="e343510d-1cbf-7e51-ccf4-d82793d7feae" executionId="1876bb2b-348d-4c3d-b66a-2bca46963f7d" testListId="8c84fa94-04c1-424b-9868-57a2d4851a1d" />
    <TestEntry testId="e4f833c7-13fe-b064-7135-20b5f97c6d5d" executionId="a9653cab-9a99-463c-9db2-5784bd4478fd" testListId="8c84fa94-04c1-424b-9868-57a2d4851a1d" />
  </TestEntries>
  <Results>
    <UnitTestResult executionId="c14c27e0-41ae-4588-a153-ad5c9b293bb9" testId="01b3fe5c-9c9d-6b49-485b-3530d2ef3eb2" testName="QualityDecreasesByOneWhenSellInIsGreaterThanOrEqualToZero" computerName="WS-KWILLIAMS" duration="00:00:00.0132668" startTime="2012-10-08T09:05:51.8635948-04:00" endTime="2012-10-08T09:05:52.0352014-04:00" testType="13cdc9d9-ddb5-4fa4-a97d-d965ccfc6d4b" outcome="Passed" testListId="8c84fa94-04c1-424b-9868-57a2d4851a1d" relativeResultsDirectory="c14c27e0-41ae-4588-a153-ad5c9b293bb9">
    </UnitTestResult>
    <UnitTestResult executionId="56e8d4c4-0fdd-46f7-8b22-c1f655374f5a" testId="0570af00-cdbf-7937-3fbb-38d7afe9fb36" testName="GetStrategyReturnsNormalQualityStrategyForNormalItem" computerName="WS-KWILLIAMS" duration="00:00:00.0008171" startTime="2012-10-08T09:05:52.0352014-04:00" endTime="2012-10-08T09:05:52.0508020-04:00" testType="13cdc9d9-ddb5-4fa4-a97d-d965ccfc6d4b" outcome="Passed" testListId="8c84fa94-04c1-424b-9868-57a2d4851a1d" relativeResultsDirectory="56e8d4c4-0fdd-46f7-8b22-c1f655374f5a">
    </UnitTestResult>
    <UnitTestResult executionId="d443479d-c52f-4523-a24d-9360be90c1a2" testId="06372207-d70b-9ffd-e3b3-6c51f3decd07" testName="QualityDecreasesByTwoWhenSellInIsGreaterThanOrEqualToZero" computerName="WS-KWILLIAMS" duration="00:00:00.0001970" startTime="2012-10-08T09:05:52.0508020-04:00" endTime="2012-10-08T09:05:52.0508020-04:00" testType="13cdc9d9-ddb5-4fa4-a97d-d965ccfc6d4b" outcome="Passed" testListId="8c84fa94-04c1-424b-9868-57a2d4851a1d" relativeResultsDirectory="d443479d-c52f-4523-a24d-9360be90c1a2">
    </UnitTestResult>
    <UnitTestResult executionId="d376eaf8-4e89-4f10-a2c6-36ea9ffb35a1" testId="1994e197-928f-3d31-fc37-5a4552c68ca8" testName="GetStrategyReturnsNormalQualityStrategyForNormalItem" computerName="WS-KWILLIAMS" duration="00:00:00.0004873" startTime="2012-10-08T09:05:52.0508020-04:00" endTime="2012-10-08T09:05:52.0508020-04:00" testType="13cdc9d9-ddb5-4fa4-a97d-d965ccfc6d4b" outcome="Passed" testListId="8c84fa94-04c1-424b-9868-57a2d4851a1d" relativeResultsDirectory="d376eaf8-4e89-4f10-a2c6-36ea9ffb35a1">
    </UnitTestResult>
    <UnitTestResult executionId="04530bc6-4b77-474b-9c01-752c3ac63999" testId="1f23eec8-cc35-f80d-1a5e-828ebf392750" testName="SellInForAgedBrieDecreasesByOne" computerName="WS-KWILLIAMS" duration="00:00:00.0013595" startTime="2012-10-08T09:05:52.0508020-04:00" endTime="2012-10-08T09:05:52.0664026-04:00" testType="13cdc9d9-ddb5-4fa4-a97d-d965ccfc6d4b" outcome="Passed" testListId="8c84fa94-04c1-424b-9868-57a2d4851a1d" relativeResultsDirectory="04530bc6-4b77-474b-9c01-752c3ac63999">
    </UnitTestResult>
    <UnitTestResult executionId="5dd97eb6-488d-4420-b253-d7643ce0d7cb" testId="241e0825-0a15-4f2d-7550-cf48efb3e3f7" testName="QualityOfAnItemIsNeverGreaterThanFifty" computerName="WS-KWILLIAMS" duration="00:00:00.0003614" startTime="2012-10-08T09:05:52.0664026-04:00" endTime="2012-10-08T09:05:52.0664026-04:00" testType="13cdc9d9-ddb5-4fa4-a97d-d965ccfc6d4b" outcome="Passed" testListId="8c84fa94-04c1-424b-9868-57a2d4851a1d" relativeResultsDirectory="5dd97eb6-488d-4420-b253-d7643ce0d7cb">
    </UnitTestResult>
    <UnitTestResult executionId="f114187c-45e2-436f-b7f8-89e184df090d" testId="27d60e5a-ef7a-8ef1-9964-13d0f335072f" testName="BackstagePassQualityDropsToZeroAfterTheConcert" computerName="WS-KWILLIAMS" duration="00:00:00.0004942" startTime="2012-10-08T09:05:52.0664026-04:00" endTime="2012-10-08T09:05:52.0664026-04:00" testType="13cdc9d9-ddb5-4fa4-a97d-d965ccfc6d4b" outcome="Passed" testListId="8c84fa94-04c1-424b-9868-57a2d4851a1d" relativeResultsDirectory="f114187c-45e2-436f-b7f8-89e184df090d">
    </UnitTestResult>
    <UnitTestResult executionId="ec3b4d65-cbc3-4505-b03d-9232155d7bf3" testId="28154d4f-24ee-8105-02a9-c7bc69939eb7" testName="QualityDoesNotGoAboveFiftyWhenSellInIsWithinZeroAndFiveDays" computerName="WS-KWILLIAMS" duration="00:00:00.0003183" startTime="2012-10-08T09:05:52.0664026-04:00" endTime="2012-10-08T09:05:52.0664026-04:00" testType="13cdc9d9-ddb5-4fa4-a97d-d965ccfc6d4b" outcome="Passed" testListId="8c84fa94-04c1-424b-9868-57a2d4851a1d" relativeResultsDirectory="ec3b4d65-cbc3-4505-b03d-9232155d7bf3">
    </UnitTestResult>
    <UnitTestResult executionId="1b503d5e-0c43-42bc-8014-e19498373603" testId="33377cb1-02fc-c3bf-2deb-4f32f6490ca4" testName="QualityDoesNotGoAboveFifty" computerName="WS-KWILLIAMS" duration="00:00:00.0002863" startTime="2012-10-08T09:05:52.0664026-04:00" endTime="2012-10-08T09:05:52.0820032-04:00" testType="13cdc9d9-ddb5-4fa4-a97d-d965ccfc6d4b" outcome="Passed" testListId="8c84fa94-04c1-424b-9868-57a2d4851a1d" relativeResultsDirectory="1b503d5e-0c43-42bc-8014-e19498373603">
    </UnitTestResult>
    <UnitTestResult executionId="a34c70e5-c437-4b27-aebf-ef1cd0ec15c9" testId="3bcc2279-1a8f-0714-a6fd-9d4937534e55" testName="QualityDegradesTwiceAsFastForNormalItem" computerName="WS-KWILLIAMS" duration="00:00:00.0002663" startTime="2012-10-08T09:05:52.0820032-04:00" endTime="2012-10-08T09:05:52.0820032-04:00" testType="13cdc9d9-ddb5-4fa4-a97d-d965ccfc6d4b" outcome="Passed" testListId="8c84fa94-04c1-424b-9868-57a2d4851a1d" relativeResultsDirectory="a34c70e5-c437-4b27-aebf-ef1cd0ec15c9">
    </UnitTestResult>
    <UnitTestResult executionId="efd9de61-0084-4da9-8fbd-6d21b1798aea" testId="40b689f2-c768-3d7f-d7eb-990bb800d1b0" testName="SellInForBackstagePassDecreasesByOne" computerName="WS-KWILLIAMS" duration="00:00:00.0002390" startTime="2012-10-08T09:05:52.0820032-04:00" endTime="2012-10-08T09:05:52.0820032-04:00" testType="13cdc9d9-ddb5-4fa4-a97d-d965ccfc6d4b" outcome="Passed" testListId="8c84fa94-04c1-424b-9868-57a2d4851a1d" relativeResultsDirectory="efd9de61-0084-4da9-8fbd-6d21b1798aea">
    </UnitTestResult>
    <UnitTestResult executionId="5cd27b63-b894-4faa-924a-a333ca878fdc" testId="46505c2c-0fe3-f3a0-6e81-7b857b1e2798" testName="SulfurasNeverHasToBeSold" computerName="WS-KWILLIAMS" duration="00:00:00.0004722" startTime="2012-10-08T09:05:52.0820032-04:00" endTime="2012-10-08T09:05:52.0820032-04:00" testType="13cdc9d9-ddb5-4fa4-a97d-d965ccfc6d4b" outcome="Passed" testListId="8c84fa94-04c1-424b-9868-57a2d4851a1d" relativeResultsDirectory="5cd27b63-b894-4faa-924a-a333ca878fdc">
    </UnitTestResult>
    <UnitTestResult executionId="164f0d45-3001-49a3-bc2d-e9e253d3c048" testId="487973b3-147d-7c24-2972-4c431dd090aa" testName="BackstagePassQualityIncreasesByThreeWhenSellInReachesBetweenFiveAndZeroDays" computerName="WS-KWILLIAMS" duration="00:00:00.0002247" startTime="2012-10-08T09:05:52.0976038-04:00" endTime="2012-10-08T09:05:52.0976038-04:00" testType="13cdc9d9-ddb5-4fa4-a97d-d965ccfc6d4b" outcome="Passed" testListId="8c84fa94-04c1-424b-9868-57a2d4851a1d" relativeResultsDirectory="164f0d45-3001-49a3-bc2d-e9e253d3c048">
    </UnitTestResult>
    <UnitTestResult executionId="e3926714-636a-4fa3-b1e7-f2b78af7b90a" testId="5334f3a6-73a7-3531-f824-e6113d25ab7f" testName="QualityOfAnItemIsNeverNegative" computerName="WS-KWILLIAMS" duration="00:00:00.0001978" startTime="2012-10-08T09:05:52.0976038-04:00" endTime="2012-10-08T09:05:52.0976038-04:00" testType="13cdc9d9-ddb5-4fa4-a97d-d965ccfc6d4b" outcome="Passed" testListId="8c84fa94-04c1-424b-9868-57a2d4851a1d" relativeResultsDirectory="e3926714-636a-4fa3-b1e7-f2b78af7b90a">
    </UnitTestResult>
    <UnitTestResult executionId="0ed5f0e6-b3fc-45d3-836a-ba9a3b2c4cd9" testId="591af166-1b4a-0984-7eee-62898709dd3e" testName="GetStrategyReturnsBackStagePassQualityStrategyForBackstagePass" computerName="WS-KWILLIAMS" duration="00:00:00.0001447" startTime="2012-10-08T09:05:52.0976038-04:00" endTime="2012-10-08T09:05:52.0976038-04:00" testType="13cdc9d9-ddb5-4fa4-a97d-d965ccfc6d4b" outcome="Passed" testListId="8c84fa94-04c1-424b-9868-57a2d4851a1d" relativeResultsDirectory="0ed5f0e6-b3fc-45d3-836a-ba9a3b2c4cd9">
    </UnitTestResult>
    <UnitTestResult executionId="8305d1d3-14ee-4f6e-8bce-1055dcd955f6" testId="5a70c8e3-3797-968c-683e-53e240c9614d" testName="SellInForNormalItemDecreasesByOne" computerName="WS-KWILLIAMS" duration="00:00:00.0002043" startTime="2012-10-08T09:05:52.0976038-04:00" endTime="2012-10-08T09:05:52.0976038-04:00" testType="13cdc9d9-ddb5-4fa4-a97d-d965ccfc6d4b" outcome="Passed" testListId="8c84fa94-04c1-424b-9868-57a2d4851a1d" relativeResultsDirectory="8305d1d3-14ee-4f6e-8bce-1055dcd955f6">
    </UnitTestResult>
    <UnitTestResult executionId="3e5f808b-125b-4320-aa02-d6fbeff6c45f" testId="71dcff6b-e732-6c33-e5a1-85ca528032ee" testName="GetStrategyReturnsConjuredQualityStrategyForConjured" computerName="WS-KWILLIAMS" duration="00:00:00.0002428" startTime="2012-10-08T09:05:52.0976038-04:00" endTime="2012-10-08T09:05:52.1132044-04:00" testType="13cdc9d9-ddb5-4fa4-a97d-d965ccfc6d4b" outcome="Passed" testListId="8c84fa94-04c1-424b-9868-57a2d4851a1d" relativeResultsDirectory="3e5f808b-125b-4320-aa02-d6fbeff6c45f">
    </UnitTestResult>
    <UnitTestResult executionId="577716f6-a748-45e4-a88d-399fc9e56a33" testId="8bd11791-be6f-6bbc-2cd3-f330033d64da" testName="GetStrategyReturnsAgedBrieQualityStrategyForAgedBrie" computerName="WS-KWILLIAMS" duration="00:00:00.0001870" startTime="2012-10-08T09:05:52.1132044-04:00" endTime="2012-10-08T09:05:52.1132044-04:00" testType="13cdc9d9-ddb5-4fa4-a97d-d965ccfc6d4b" outcome="Passed" testListId="8c84fa94-04c1-424b-9868-57a2d4851a1d" relativeResultsDirectory="577716f6-a748-45e4-a88d-399fc9e56a33">
    </UnitTestResult>
    <UnitTestResult executionId="fd45928e-3d7f-4f11-870d-a697b084d06e" testId="9202ead1-dedc-5e0d-2780-c966e630f975" testName="BackstagePassQualityIncreasesByOneTenDays" computerName="WS-KWILLIAMS" duration="00:00:00.0002109" startTime="2012-10-08T09:05:52.1132044-04:00" endTime="2012-10-08T09:05:52.1132044-04:00" testType="13cdc9d9-ddb5-4fa4-a97d-d965ccfc6d4b" outcome="Passed" testListId="8c84fa94-04c1-424b-9868-57a2d4851a1d" relativeResultsDirectory="fd45928e-3d7f-4f11-870d-a697b084d06e">
    </UnitTestResult>
    <UnitTestResult executionId="86f04ae7-aee7-487f-a5e0-348a2517a8c1" testId="99e8fe7a-2dc4-b8bf-5973-f43514db8194" testName="DoesNotChange" computerName="WS-KWILLIAMS" duration="00:00:00.0002398" startTime="2012-10-08T09:05:52.1132044-04:00" endTime="2012-10-08T09:05:52.1132044-04:00" testType="13cdc9d9-ddb5-4fa4-a97d-d965ccfc6d4b" outcome="Passed" testListId="8c84fa94-04c1-424b-9868-57a2d4851a1d" relativeResultsDirectory="86f04ae7-aee7-487f-a5e0-348a2517a8c1">
    </UnitTestResult>
    <UnitTestResult executionId="fa9e9f86-7273-41e8-98f8-536b1a7d90d3" testId="9aeece14-35f8-a03c-b76b-e6229850e874" testName="BackstagePassQualityIncreasesByTwoWhenSellInReachesBetweenSixAndTenDays" computerName="WS-KWILLIAMS" duration="00:00:00.0002186" startTime="2012-10-08T09:05:52.1288050-04:00" endTime="2012-10-08T09:05:52.1288050-04:00" testType="13cdc9d9-ddb5-4fa4-a97d-d965ccfc6d4b" outcome="Passed" testListId="8c84fa94-04c1-424b-9868-57a2d4851a1d" relativeResultsDirectory="fa9e9f86-7273-41e8-98f8-536b1a7d90d3">
    </UnitTestResult>
    <UnitTestResult executionId="25da787b-b5a9-4da0-a13c-b14eb488ed72" testId="a461a388-f879-aaf1-0d5b-96e359488f0b" testName="ConjuredItemsDegradeInQualityTwiceAsFastAsNormalItems" computerName="WS-KWILLIAMS" duration="00:00:00.0003237" startTime="2012-10-08T09:05:52.1288050-04:00" endTime="2012-10-08T09:05:52.1288050-04:00" testType="13cdc9d9-ddb5-4fa4-a97d-d965ccfc6d4b" outcome="Passed" testListId="8c84fa94-04c1-424b-9868-57a2d4851a1d" relativeResultsDirectory="25da787b-b5a9-4da0-a13c-b14eb488ed72">
    </UnitTestResult>
    <UnitTestResult executionId="796329c7-762a-46fe-bb77-e193430f3f1c" testId="a6be764d-4c17-7d50-b4ca-a609322a855f" testName="QualityIncreasesByOne" computerName="WS-KWILLIAMS" duration="00:00:00.0001524" startTime="2012-10-08T09:05:52.1288050-04:00" endTime="2012-10-08T09:05:52.1288050-04:00" testType="13cdc9d9-ddb5-4fa4-a97d-d965ccfc6d4b" outcome="Passed" testListId="8c84fa94-04c1-424b-9868-57a2d4851a1d" relativeResultsDirectory="796329c7-762a-46fe-bb77-e193430f3f1c">
    </UnitTestResult>
    <UnitTestResult executionId="062b5a40-cd06-4ea7-86d9-2fa06c3e7518" testId="a94384c9-d8f1-b3d7-95cb-392fdb62625f" testName="GetStrategyReturnsSulfurasQualityStrategyForSulfuras" computerName="WS-KWILLIAMS" duration="00:00:00.0001512" startTime="2012-10-08T09:05:52.1288050-04:00" endTime="2012-10-08T09:05:52.1288050-04:00" testType="13cdc9d9-ddb5-4fa4-a97d-d965ccfc6d4b" outcome="Passed" testListId="8c84fa94-04c1-424b-9868-57a2d4851a1d" relativeResultsDirectory="062b5a40-cd06-4ea7-86d9-2fa06c3e7518">
    </UnitTestResult>
    <UnitTestResult executionId="988f5ec4-4552-4083-813a-837e8042934a" testId="b25b1176-8d56-e62a-3696-f3a35826d4ba" testName="QualityIncreasesForAgedBrie" computerName="WS-KWILLIAMS" duration="00:00:00.0002147" startTime="2012-10-08T09:05:52.1444056-04:00" endTime="2012-10-08T09:05:52.1444056-04:00" testType="13cdc9d9-ddb5-4fa4-a97d-d965ccfc6d4b" outcome="Passed" testListId="8c84fa94-04c1-424b-9868-57a2d4851a1d" relativeResultsDirectory="988f5ec4-4552-4083-813a-837e8042934a">
    </UnitTestResult>
    <UnitTestResult executionId="193a26f9-91af-4938-b5c8-d9b6b9790788" testId="b2d28e5c-02f2-7621-be11-937a94c7f399" testName="QualityIncreasesByTwoWhenSellInIsWithinSixAndTenDays" computerName="WS-KWILLIAMS" duration="00:00:00.0001632" startTime="2012-10-08T09:05:52.1444056-04:00" endTime="2012-10-08T09:05:52.1444056-04:00" testType="13cdc9d9-ddb5-4fa4-a97d-d965ccfc6d4b" outcome="Passed" testListId="8c84fa94-04c1-424b-9868-57a2d4851a1d" relativeResultsDirectory="193a26f9-91af-4938-b5c8-d9b6b9790788">
    </UnitTestResult>
    <UnitTestResult executionId="779d38ce-0941-48ff-b7df-a88aae36aa1f" testId="b9f52232-1b74-369c-c28a-1648794ca68b" testName="QualityDecreasesByFourWhenSellInIsGreaterThanOrEqualToZero" computerName="WS-KWILLIAMS" duration="00:00:00.0002459" startTime="2012-10-08T09:05:52.1444056-04:00" endTime="2012-10-08T09:05:52.1444056-04:00" testType="13cdc9d9-ddb5-4fa4-a97d-d965ccfc6d4b" outcome="Passed" testListId="8c84fa94-04c1-424b-9868-57a2d4851a1d" relativeResultsDirectory="779d38ce-0941-48ff-b7df-a88aae36aa1f">
    </UnitTestResult>
    <UnitTestResult executionId="8092826f-8cfc-453b-9fa9-67cbcb090aeb" testId="bb03be4f-ea91-5112-a71b-22043a2e65b7" testName="GetStrategyReturnsAgedBrieQualityStrategyForAgedBrie" computerName="WS-KWILLIAMS" duration="00:00:00.0001508" startTime="2012-10-08T09:05:52.1444056-04:00" endTime="2012-10-08T09:05:52.1444056-04:00" testType="13cdc9d9-ddb5-4fa4-a97d-d965ccfc6d4b" outcome="Passed" testListId="8c84fa94-04c1-424b-9868-57a2d4851a1d" relativeResultsDirectory="8092826f-8cfc-453b-9fa9-67cbcb090aeb">
    </UnitTestResult>
    <UnitTestResult executionId="63147211-08c6-4d68-991b-3d29a0c7c5d8" testId="bf6924ff-32b9-e2c3-9658-0cd3f426ce9a" testName="QualityDecreasesByTwoWhenSellInIsGreaterThanOrEqualToZero" computerName="WS-KWILLIAMS" duration="00:00:00.0001547" startTime="2012-10-08T09:05:52.1600062-04:00" endTime="2012-10-08T09:05:52.1600062-04:00" testType="13cdc9d9-ddb5-4fa4-a97d-d965ccfc6d4b" outcome="Passed" testListId="8c84fa94-04c1-424b-9868-57a2d4851a1d" relativeResultsDirectory="63147211-08c6-4d68-991b-3d29a0c7c5d8">
    </UnitTestResult>
    <UnitTestResult executionId="43b53c23-93f0-424b-95ea-d3bbfc58984e" testId="c14da039-df56-a14b-dda5-b66cb3117dc3" testName="QualityDoesNotGoAboveFiftyWhenSellInIsGreaterThanTenDays" computerName="WS-KWILLIAMS" duration="00:00:00.0002267" startTime="2012-10-08T09:05:52.1600062-04:00" endTime="2012-10-08T09:05:52.1600062-04:00" testType="13cdc9d9-ddb5-4fa4-a97d-d965ccfc6d4b" outcome="Passed" testListId="8c84fa94-04c1-424b-9868-57a2d4851a1d" relativeResultsDirectory="43b53c23-93f0-424b-95ea-d3bbfc58984e">
    </UnitTestResult>
    <UnitTestResult executionId="99db9eb7-b5e9-47e8-8ba2-16e3c98fdbfd" testId="c33c3c45-bc58-e8ef-1cab-996cda5c4ccc" testName="DecreasesByOne" computerName="WS-KWILLIAMS" duration="00:00:00.0002501" startTime="2012-10-08T09:05:52.1600062-04:00" endTime="2012-10-08T09:05:52.1600062-04:00" testType="13cdc9d9-ddb5-4fa4-a97d-d965ccfc6d4b" outcome="Passed" testListId="8c84fa94-04c1-424b-9868-57a2d4851a1d" relativeResultsDirectory="99db9eb7-b5e9-47e8-8ba2-16e3c98fdbfd">
    </UnitTestResult>
    <UnitTestResult executionId="35fe2220-7c7b-4630-9cfc-9314d5b7a705" testId="cecebdfe-6d27-291a-2de2-48893f597415" testName="QualityDoesNotGoAboveFiftyWhenSellInIsWithinSixAndTenDays" computerName="WS-KWILLIAMS" duration="00:00:00.0001539" startTime="2012-10-08T09:05:52.1600062-04:00" endTime="2012-10-08T09:05:52.1600062-04:00" testType="13cdc9d9-ddb5-4fa4-a97d-d965ccfc6d4b" outcome="Passed" testListId="8c84fa94-04c1-424b-9868-57a2d4851a1d" relativeResultsDirectory="35fe2220-7c7b-4630-9cfc-9314d5b7a705">
    </UnitTestResult>
    <UnitTestResult executionId="0894fab3-d1ba-4116-8997-eeb9c401c847" testId="ddf4f376-d23b-f447-f252-2fe1d83b1b05" testName="SellInForConjuredDecreasesByOne" computerName="WS-KWILLIAMS" duration="00:00:00.0002047" startTime="2012-10-08T09:05:52.1756068-04:00" endTime="2012-10-08T09:05:52.1756068-04:00" testType="13cdc9d9-ddb5-4fa4-a97d-d965ccfc6d4b" outcome="Passed" testListId="8c84fa94-04c1-424b-9868-57a2d4851a1d" relativeResultsDirectory="0894fab3-d1ba-4116-8997-eeb9c401c847">
    </UnitTestResult>
    <UnitTestResult executionId="4308a42f-e015-4bb4-8c1a-bd1d67b25feb" testId="debe6527-36f9-32d2-7126-5f2a10b9915c" testName="QualityIncreasesByOneWhenSellInIsGreaterThanTenDays" computerName="WS-KWILLIAMS" duration="00:00:00.0001828" startTime="2012-10-08T09:05:52.1756068-04:00" endTime="2012-10-08T09:05:52.1756068-04:00" testType="13cdc9d9-ddb5-4fa4-a97d-d965ccfc6d4b" outcome="Passed" testListId="8c84fa94-04c1-424b-9868-57a2d4851a1d" relativeResultsDirectory="4308a42f-e015-4bb4-8c1a-bd1d67b25feb">
    </UnitTestResult>
    <UnitTestResult executionId="00301a8f-985b-4441-8007-fd84fb0477b6" testId="e11acf43-8b72-ef0a-3f56-4944d3063c48" testName="SulfurasNeverDegrades" computerName="WS-KWILLIAMS" duration="00:00:00.0002309" startTime="2012-10-08T09:05:52.1756068-04:00" endTime="2012-10-08T09:05:52.1756068-04:00" testType="13cdc9d9-ddb5-4fa4-a97d-d965ccfc6d4b" outcome="Passed" testListId="8c84fa94-04c1-424b-9868-57a2d4851a1d" relativeResultsDirectory="00301a8f-985b-4441-8007-fd84fb0477b6">
    </UnitTestResult>
    <UnitTestResult executionId="1876bb2b-348d-4c3d-b66a-2bca46963f7d" testId="e343510d-1cbf-7e51-ccf4-d82793d7feae" testName="QualityIncreasesByThreeWhenSellInIsWithinZeroAndFiveDays" computerName="WS-KWILLIAMS" duration="00:00:00.0001555" startTime="2012-10-08T09:05:52.1756068-04:00" endTime="2012-10-08T09:05:52.1756068-04:00" testType="13cdc9d9-ddb5-4fa4-a97d-d965ccfc6d4b" outcome="Passed" testListId="8c84fa94-04c1-424b-9868-57a2d4851a1d" relativeResultsDirectory="1876bb2b-348d-4c3d-b66a-2bca46963f7d">
    </UnitTestResult>
    <UnitTestResult executionId="a9653cab-9a99-463c-9db2-5784bd4478fd" testId="e4f833c7-13fe-b064-7135-20b5f97c6d5d" testName="QualityDoesNotChange" computerName="WS-KWILLIAMS" duration="00:00:00.0002567" startTime="2012-10-08T09:05:52.1912074-04:00" endTime="2012-10-08T09:05:52.1912074-04:00" testType="13cdc9d9-ddb5-4fa4-a97d-d965ccfc6d4b" outcome="Passed" testListId="8c84fa94-04c1-424b-9868-57a2d4851a1d" relativeResultsDirectory="a9653cab-9a99-463c-9db2-5784bd4478fd">
    </UnitTestResult>
  </Results>
</TestRun>