<?xml version="1.0" encoding="UTF-8"?>
<TestRun id="c9fe0b77-8279-408e-a86b-ad9e606bae1e" name="kwilliams@WS-KWILLIAMS 2012-10-08 08:33:36" runUser="CCS\kwilliams" xmlns="http://microsoft.com/schemas/VisualStudio/TeamTest/2010">
  <TestSettings name="Local" id="a1caf380-46cb-40ec-bf71-1f09af674c7e">
    <Description>These are default test settings for a local test run.</Description>
    <Deployment enabled="false" runDeploymentRoot="kwilliams_WS-KWILLIAMS 2012-10-08 08_33_36">
      <DeploymentItem filename="C:\Users\kwilliams\Downloads\NotMyself-GildedRose-v1.0-3-gccb50d0\NotMyself-GildedRose-ccb50d0\GildedRose.Core\bin\Debug\GildedRose.Core.dll" />
    </Deployment>
    <Execution>
      <TestTypeSpecific />
      <AgentRule name="Execution Agents">
      </AgentRule>
    </Execution>
  </TestSettings>
  <Times creation="2012-10-08T08:33:36.9195016-04:00" queuing="2012-10-08T08:33:36.9663034-04:00" start="2012-10-08T08:33:36.9819040-04:00" finish="2012-10-08T08:33:37.3875196-04:00" />
  <ResultSummary outcome="Failed">
    <Counters total="37" executed="37" passed="36" error="0" failed="1" timeout="0" aborted="0" inconclusive="0" passedButRunAborted="0" notRunnable="0" notExecuted="0" disconnected="0" warning="0" completed="0" inProgress="0" pending="0" />
  </ResultSummary>
  <TestDefinitions>
    <UnitTest name="QualityIncreasesByTwoWhenSellInIsWithinSixAndTenDays" storage="c:\users\kwilliams\downloads\notmyself-gildedrose-v1.0-3-gccb50d0\notmyself-gildedrose-ccb50d0\src\gildedroses.unittests\bin\debug\gildedroses.unittests.dll" id="b2d28e5c-02f2-7621-be11-937a94c7f399">
      <Execution id="73a9ae39-34af-4c69-8712-f03f9e2d6833" />
      <TestMethod codeBase="C:/Users/kwilliams/Downloads/NotMyself-GildedRose-v1.0-3-gccb50d0/NotMyself-GildedRose-ccb50d0/src/GildedRoses.UnitTests/bin/Debug/GildedRoses.UnitTests.DLL" adapterTypeName="Microsoft.VisualStudio.TestTools.TestTypes.Unit.UnitTestAdapter, Microsoft.VisualStudio.QualityTools.Tips.UnitTest.Adapter, Version=10.0.0.0, Culture=neutral, PublicKeyToken=b03f5f7f11d50a3a" className="GildedRoses.UnitTests.Strategies.Quality.BackstagePassQualityStrategyTests, GildedRoses.UnitTests, Version=1.0.0.0, Culture=neutral, PublicKeyToken=null" name="QualityIncreasesByTwoWhenSellInIsWithinSixAndTenDays" />
    </UnitTest>
    <UnitTest name="SellInForBackstagePassDecreasesByOne" storage="c:\users\kwilliams\downloads\notmyself-gildedrose-v1.0-3-gccb50d0\notmyself-gildedrose-ccb50d0\src\gildedroses.unittests\bin\debug\gildedroses.unittests.dll" id="bce909f7-89d6-f9a2-5398-ce34d52550d5">
      <Execution id="cc248750-31e2-4485-978c-5d43b246cc11" />
      <TestMethod codeBase="C:/Users/kwilliams/Downloads/NotMyself-GildedRose-v1.0-3-gccb50d0/NotMyself-GildedRose-ccb50d0/src/GildedRoses.UnitTests/bin/Debug/GildedRoses.UnitTests.DLL" adapterTypeName="Microsoft.VisualStudio.TestTools.TestTypes.Unit.UnitTestAdapter, Microsoft.VisualStudio.QualityTools.Tips.UnitTest.Adapter, Version=10.0.0.0, Culture=neutral, PublicKeyToken=b03f5f7f11d50a3a" className="GildedRose.UnitTests.GildedRoseProcessorTests, GildedRoses.UnitTests, Version=1.0.0.0, Culture=neutral, PublicKeyToken=null" name="SellInForBackstagePassDecreasesByOne" />
    </UnitTest>
    <UnitTest name="ConjuredItemsDegradeInQualityTwiceAsFastAsNormalItems" storage="c:\users\kwilliams\downloads\notmyself-gildedrose-v1.0-3-gccb50d0\notmyself-gildedrose-ccb50d0\src\gildedroses.unittests\bin\debug\gildedroses.unittests.dll" id="f835aa2c-fcac-adc6-42e6-7298b1ae58dc">
      <Execution id="a6c9e19c-763c-41f4-8d9b-028f367e0ed6" />
      <TestMethod codeBase="C:/Users/kwilliams/Downloads/NotMyself-GildedRose-v1.0-3-gccb50d0/NotMyself-GildedRose-ccb50d0/src/GildedRoses.UnitTests/bin/Debug/GildedRoses.UnitTests.DLL" adapterTypeName="Microsoft.VisualStudio.TestTools.TestTypes.Unit.UnitTestAdapter, Microsoft.VisualStudio.QualityTools.Tips.UnitTest.Adapter, Version=10.0.0.0, Culture=neutral, PublicKeyToken=b03f5f7f11d50a3a" className="GildedRose.UnitTests.GildedRoseProcessorTests, GildedRoses.UnitTests, Version=1.0.0.0, Culture=neutral, PublicKeyToken=null" name="ConjuredItemsDegradeInQualityTwiceAsFastAsNormalItems" />
    </UnitTest>
    <UnitTest name="GetStrategyReturnsAgedBrieQualityStrategyForAgedBrie" storage="c:\users\kwilliams\downloads\notmyself-gildedrose-v1.0-3-gccb50d0\notmyself-gildedrose-ccb50d0\src\gildedroses.unittests\bin\debug\gildedroses.unittests.dll" id="8bd11791-be6f-6bbc-2cd3-f330033d64da">
      <Execution id="9a612e86-1990-4d6f-aa1d-5f20673f8512" />
      <TestMethod codeBase="C:/Users/kwilliams/Downloads/NotMyself-GildedRose-v1.0-3-gccb50d0/NotMyself-GildedRose-ccb50d0/src/GildedRoses.UnitTests/bin/Debug/GildedRoses.UnitTests.DLL" adapterTypeName="Microsoft.VisualStudio.TestTools.TestTypes.Unit.UnitTestAdapter, Microsoft.VisualStudio.QualityTools.Tips.UnitTest.Adapter, Version=10.0.0.0, Culture=neutral, PublicKeyToken=b03f5f7f11d50a3a" className="GildedRoses.UnitTests.Strategies.SellIn.SellInStrategyFactoryTests, GildedRoses.UnitTests, Version=1.0.0.0, Culture=neutral, PublicKeyToken=null" name="GetStrategyReturnsAgedBrieQualityStrategyForAgedBrie" />
    </UnitTest>
    <UnitTest name="BackstagePassQualityStaysTheSameUntilTenDays" storage="c:\users\kwilliams\downloads\notmyself-gildedrose-v1.0-3-gccb50d0\notmyself-gildedrose-ccb50d0\src\gildedroses.unittests\bin\debug\gildedroses.unittests.dll" id="ce413595-969f-4836-93d1-a32f53d7aed8">
      <Execution id="f31ce80e-96ae-48d2-88db-f76ff0d64662" />
      <TestMethod codeBase="C:/Users/kwilliams/Downloads/NotMyself-GildedRose-v1.0-3-gccb50d0/NotMyself-GildedRose-ccb50d0/src/GildedRoses.UnitTests/bin/Debug/GildedRoses.UnitTests.DLL" adapterTypeName="Microsoft.VisualStudio.TestTools.TestTypes.Unit.UnitTestAdapter, Microsoft.VisualStudio.QualityTools.Tips.UnitTest.Adapter, Version=10.0.0.0, Culture=neutral, PublicKeyToken=b03f5f7f11d50a3a" className="GildedRose.UnitTests.GildedRoseProcessorTests, GildedRoses.UnitTests, Version=1.0.0.0, Culture=neutral, PublicKeyToken=null" name="BackstagePassQualityStaysTheSameUntilTenDays" />
    </UnitTest>
    <UnitTest name="QualityDoesNotGoAboveFifty" storage="c:\users\kwilliams\downloads\notmyself-gildedrose-v1.0-3-gccb50d0\notmyself-gildedrose-ccb50d0\src\gildedroses.unittests\bin\debug\gildedroses.unittests.dll" id="33377cb1-02fc-c3bf-2deb-4f32f6490ca4">
      <Execution id="535494ca-ee75-4c4a-8381-95fe7eef5460" />
      <TestMethod codeBase="C:/Users/kwilliams/Downloads/NotMyself-GildedRose-v1.0-3-gccb50d0/NotMyself-GildedRose-ccb50d0/src/GildedRoses.UnitTests/bin/Debug/GildedRoses.UnitTests.DLL" adapterTypeName="Microsoft.VisualStudio.TestTools.TestTypes.Unit.UnitTestAdapter, Microsoft.VisualStudio.QualityTools.Tips.UnitTest.Adapter, Version=10.0.0.0, Culture=neutral, PublicKeyToken=b03f5f7f11d50a3a" className="GildedRoses.UnitTests.Strategies.Quality.AgedBrieQualityStrategyTests, GildedRoses.UnitTests, Version=1.0.0.0, Culture=neutral, PublicKeyToken=null" name="QualityDoesNotGoAboveFifty" />
    </UnitTest>
    <UnitTest name="QualityDecreasesByOneWhenSellInIsGreaterThanOrEqualToZero" storage="c:\users\kwilliams\downloads\notmyself-gildedrose-v1.0-3-gccb50d0\notmyself-gildedrose-ccb50d0\src\gildedroses.unittests\bin\debug\gildedroses.unittests.dll" id="01b3fe5c-9c9d-6b49-485b-3530d2ef3eb2">
      <Execution id="ca442121-6cf2-4d86-bd04-f8d297658185" />
      <TestMethod codeBase="C:/Users/kwilliams/Downloads/NotMyself-GildedRose-v1.0-3-gccb50d0/NotMyself-GildedRose-ccb50d0/src/GildedRoses.UnitTests/bin/Debug/GildedRoses.UnitTests.DLL" adapterTypeName="Microsoft.VisualStudio.TestTools.TestTypes.Unit.UnitTestAdapter, Microsoft.VisualStudio.QualityTools.Tips.UnitTest.Adapter, Version=10.0.0.0, Culture=neutral, PublicKeyToken=b03f5f7f11d50a3a" className="GildedRoses.UnitTests.Strategies.Quality.DefaultQualityStrategyTests, GildedRoses.UnitTests, Version=1.0.0.0, Culture=neutral, PublicKeyToken=null" name="QualityDecreasesByOneWhenSellInIsGreaterThanOrEqualToZero" />
    </UnitTest>
    <UnitTest name="SulfurasNeverHasToBeSold" storage="c:\users\kwilliams\downloads\notmyself-gildedrose-v1.0-3-gccb50d0\notmyself-gildedrose-ccb50d0\src\gildedroses.unittests\bin\debug\gildedroses.unittests.dll" id="a37a26e5-3251-eae2-41ab-cfde8e82534c">
      <Execution id="45c8f327-e5d6-4282-97c4-cdfb05034df3" />
      <TestMethod codeBase="C:/Users/kwilliams/Downloads/NotMyself-GildedRose-v1.0-3-gccb50d0/NotMyself-GildedRose-ccb50d0/src/GildedRoses.UnitTests/bin/Debug/GildedRoses.UnitTests.DLL" adapterTypeName="Microsoft.VisualStudio.TestTools.TestTypes.Unit.UnitTestAdapter, Microsoft.VisualStudio.QualityTools.Tips.UnitTest.Adapter, Version=10.0.0.0, Culture=neutral, PublicKeyToken=b03f5f7f11d50a3a" className="GildedRose.UnitTests.GildedRoseProcessorTests, GildedRoses.UnitTests, Version=1.0.0.0, Culture=neutral, PublicKeyToken=null" name="SulfurasNeverHasToBeSold" />
    </UnitTest>
    <UnitTest name="GetStrategyReturnsAgedBrieQualityStrategyForAgedBrie" storage="c:\users\kwilliams\downloads\notmyself-gildedrose-v1.0-3-gccb50d0\notmyself-gildedrose-ccb50d0\src\gildedroses.unittests\bin\debug\gildedroses.unittests.dll" id="bb03be4f-ea91-5112-a71b-22043a2e65b7">
      <Execution id="df7458f2-83d1-4242-83de-111112da5e83" />
      <TestMethod codeBase="C:/Users/kwilliams/Downloads/NotMyself-GildedRose-v1.0-3-gccb50d0/NotMyself-GildedRose-ccb50d0/src/GildedRoses.UnitTests/bin/Debug/GildedRoses.UnitTests.DLL" adapterTypeName="Microsoft.VisualStudio.TestTools.TestTypes.Unit.UnitTestAdapter, Microsoft.VisualStudio.QualityTools.Tips.UnitTest.Adapter, Version=10.0.0.0, Culture=neutral, PublicKeyToken=b03f5f7f11d50a3a" className="GildedRoses.UnitTests.Strategies.Quality.QualityStrategyFactoryTests, GildedRoses.UnitTests, Version=1.0.0.0, Culture=neutral, PublicKeyToken=null" name="GetStrategyReturnsAgedBrieQualityStrategyForAgedBrie" />
    </UnitTest>
    <UnitTest name="SellInForNormalItemDecreasesByOne" storage="c:\users\kwilliams\downloads\notmyself-gildedrose-v1.0-3-gccb50d0\notmyself-gildedrose-ccb50d0\src\gildedroses.unittests\bin\debug\gildedroses.unittests.dll" id="ccd557cb-8d5e-3d46-06e4-fe4b0bc2858f">
      <Execution id="6ae83c3b-8dee-4150-b195-fe14dc6fd0d8" />
      <TestMethod codeBase="C:/Users/kwilliams/Downloads/NotMyself-GildedRose-v1.0-3-gccb50d0/NotMyself-GildedRose-ccb50d0/src/GildedRoses.UnitTests/bin/Debug/GildedRoses.UnitTests.DLL" adapterTypeName="Microsoft.VisualStudio.TestTools.TestTypes.Unit.UnitTestAdapter, Microsoft.VisualStudio.QualityTools.Tips.UnitTest.Adapter, Version=10.0.0.0, Culture=neutral, PublicKeyToken=b03f5f7f11d50a3a" className="GildedRose.UnitTests.GildedRoseProcessorTests, GildedRoses.UnitTests, Version=1.0.0.0, Culture=neutral, PublicKeyToken=null" name="SellInForNormalItemDecreasesByOne" />
    </UnitTest>
    <UnitTest name="DoesNotChange" storage="c:\users\kwilliams\downloads\notmyself-gildedrose-v1.0-3-gccb50d0\notmyself-gildedrose-ccb50d0\src\gildedroses.unittests\bin\debug\gildedroses.unittests.dll" id="99e8fe7a-2dc4-b8bf-5973-f43514db8194">
      <Execution id="7432e35d-6bf2-41ac-8ae2-8c8da69fad87" />
      <TestMethod codeBase="C:/Users/kwilliams/Downloads/NotMyself-GildedRose-v1.0-3-gccb50d0/NotMyself-GildedRose-ccb50d0/src/GildedRoses.UnitTests/bin/Debug/GildedRoses.UnitTests.DLL" adapterTypeName="Microsoft.VisualStudio.TestTools.TestTypes.Unit.UnitTestAdapter, Microsoft.VisualStudio.QualityTools.Tips.UnitTest.Adapter, Version=10.0.0.0, Culture=neutral, PublicKeyToken=b03f5f7f11d50a3a" className="GildedRoses.UnitTests.Strategies.SellIn.SulfurasSellInStrategyTests, GildedRoses.UnitTests, Version=1.0.0.0, Culture=neutral, PublicKeyToken=null" name="DoesNotChange" />
    </UnitTest>
    <UnitTest name="BackstagePassQualityDropsToZeroAfterTheConcert" storage="c:\users\kwilliams\downloads\notmyself-gildedrose-v1.0-3-gccb50d0\notmyself-gildedrose-ccb50d0\src\gildedroses.unittests\bin\debug\gildedroses.unittests.dll" id="6f34fb8c-d619-23b1-a2b3-dde4c73ea402">
      <Execution id="7646a14f-3c21-499e-a81e-86a9213052ec" />
      <TestMethod codeBase="C:/Users/kwilliams/Downloads/NotMyself-GildedRose-v1.0-3-gccb50d0/NotMyself-GildedRose-ccb50d0/src/GildedRoses.UnitTests/bin/Debug/GildedRoses.UnitTests.DLL" adapterTypeName="Microsoft.VisualStudio.TestTools.TestTypes.Unit.UnitTestAdapter, Microsoft.VisualStudio.QualityTools.Tips.UnitTest.Adapter, Version=10.0.0.0, Culture=neutral, PublicKeyToken=b03f5f7f11d50a3a" className="GildedRose.UnitTests.GildedRoseProcessorTests, GildedRoses.UnitTests, Version=1.0.0.0, Culture=neutral, PublicKeyToken=null" name="BackstagePassQualityDropsToZeroAfterTheConcert" />
    </UnitTest>
    <UnitTest name="QualityDecreasesByFourWhenSellInIsGreaterThanOrEqualToZero" storage="c:\users\kwilliams\downloads\notmyself-gildedrose-v1.0-3-gccb50d0\notmyself-gildedrose-ccb50d0\src\gildedroses.unittests\bin\debug\gildedroses.unittests.dll" id="b9f52232-1b74-369c-c28a-1648794ca68b">
      <Execution id="54a480ee-900a-451b-b4c6-de0b414e35ed" />
      <TestMethod codeBase="C:/Users/kwilliams/Downloads/NotMyself-GildedRose-v1.0-3-gccb50d0/NotMyself-GildedRose-ccb50d0/src/GildedRoses.UnitTests/bin/Debug/GildedRoses.UnitTests.DLL" adapterTypeName="Microsoft.VisualStudio.TestTools.TestTypes.Unit.UnitTestAdapter, Microsoft.VisualStudio.QualityTools.Tips.UnitTest.Adapter, Version=10.0.0.0, Culture=neutral, PublicKeyToken=b03f5f7f11d50a3a" className="GildedRoses.UnitTests.Strategies.Quality.ConjuredQualityStrategyTests, GildedRoses.UnitTests, Version=1.0.0.0, Culture=neutral, PublicKeyToken=null" name="QualityDecreasesByFourWhenSellInIsGreaterThanOrEqualToZero" />
    </UnitTest>
    <UnitTest name="GetStrategyReturnsBackStagePassQualityStrategyForBackstagePass" storage="c:\users\kwilliams\downloads\notmyself-gildedrose-v1.0-3-gccb50d0\notmyself-gildedrose-ccb50d0\src\gildedroses.unittests\bin\debug\gildedroses.unittests.dll" id="591af166-1b4a-0984-7eee-62898709dd3e">
      <Execution id="f0855b44-64ee-46bc-bb89-4197c00dee20" />
      <TestMethod codeBase="C:/Users/kwilliams/Downloads/NotMyself-GildedRose-v1.0-3-gccb50d0/NotMyself-GildedRose-ccb50d0/src/GildedRoses.UnitTests/bin/Debug/GildedRoses.UnitTests.DLL" adapterTypeName="Microsoft.VisualStudio.TestTools.TestTypes.Unit.UnitTestAdapter, Microsoft.VisualStudio.QualityTools.Tips.UnitTest.Adapter, Version=10.0.0.0, Culture=neutral, PublicKeyToken=b03f5f7f11d50a3a" className="GildedRoses.UnitTests.Strategies.Quality.QualityStrategyFactoryTests, GildedRoses.UnitTests, Version=1.0.0.0, Culture=neutral, PublicKeyToken=null" name="GetStrategyReturnsBackStagePassQualityStrategyForBackstagePass" />
    </UnitTest>
    <UnitTest name="QualityDoesNotGoAboveFiftyWhenSellInIsWithinSixAndTenDays" storage="c:\users\kwilliams\downloads\notmyself-gildedrose-v1.0-3-gccb50d0\notmyself-gildedrose-ccb50d0\src\gildedroses.unittests\bin\debug\gildedroses.unittests.dll" id="cecebdfe-6d27-291a-2de2-48893f597415">
      <Execution id="c2d415c1-07dd-4555-80e9-c56e674cfef6" />
      <TestMethod codeBase="C:/Users/kwilliams/Downloads/NotMyself-GildedRose-v1.0-3-gccb50d0/NotMyself-GildedRose-ccb50d0/src/GildedRoses.UnitTests/bin/Debug/GildedRoses.UnitTests.DLL" adapterTypeName="Microsoft.VisualStudio.TestTools.TestTypes.Unit.UnitTestAdapter, Microsoft.VisualStudio.QualityTools.Tips.UnitTest.Adapter, Version=10.0.0.0, Culture=neutral, PublicKeyToken=b03f5f7f11d50a3a" className="GildedRoses.UnitTests.Strategies.Quality.BackstagePassQualityStrategyTests, GildedRoses.UnitTests, Version=1.0.0.0, Culture=neutral, PublicKeyToken=null" name="QualityDoesNotGoAboveFiftyWhenSellInIsWithinSixAndTenDays" />
    </UnitTest>
    <UnitTest name="QualityIncreasesByOne" storage="c:\users\kwilliams\downloads\notmyself-gildedrose-v1.0-3-gccb50d0\notmyself-gildedrose-ccb50d0\src\gildedroses.unittests\bin\debug\gildedroses.unittests.dll" id="a6be764d-4c17-7d50-b4ca-a609322a855f">
      <Execution id="3365b4df-e50c-46e3-a83e-22c14478173c" />
      <TestMethod codeBase="C:/Users/kwilliams/Downloads/NotMyself-GildedRose-v1.0-3-gccb50d0/NotMyself-GildedRose-ccb50d0/src/GildedRoses.UnitTests/bin/Debug/GildedRoses.UnitTests.DLL" adapterTypeName="Microsoft.VisualStudio.TestTools.TestTypes.Unit.UnitTestAdapter, Microsoft.VisualStudio.QualityTools.Tips.UnitTest.Adapter, Version=10.0.0.0, Culture=neutral, PublicKeyToken=b03f5f7f11d50a3a" className="GildedRoses.UnitTests.Strategies.Quality.AgedBrieQualityStrategyTests, GildedRoses.UnitTests, Version=1.0.0.0, Culture=neutral, PublicKeyToken=null" name="QualityIncreasesByOne" />
    </UnitTest>
    <UnitTest name="QualityDoesNotChange" storage="c:\users\kwilliams\downloads\notmyself-gildedrose-v1.0-3-gccb50d0\notmyself-gildedrose-ccb50d0\src\gildedroses.unittests\bin\debug\gildedroses.unittests.dll" id="e4f833c7-13fe-b064-7135-20b5f97c6d5d">
      <Execution id="3d6e6f9a-3ce3-4849-a68d-4a6210902362" />
      <TestMethod codeBase="C:/Users/kwilliams/Downloads/NotMyself-GildedRose-v1.0-3-gccb50d0/NotMyself-GildedRose-ccb50d0/src/GildedRoses.UnitTests/bin/Debug/GildedRoses.UnitTests.DLL" adapterTypeName="Microsoft.VisualStudio.TestTools.TestTypes.Unit.UnitTestAdapter, Microsoft.VisualStudio.QualityTools.Tips.UnitTest.Adapter, Version=10.0.0.0, Culture=neutral, PublicKeyToken=b03f5f7f11d50a3a" className="GildedRoses.UnitTests.Strategies.Quality.SulfurasQualityStrategyTests, GildedRoses.UnitTests, Version=1.0.0.0, Culture=neutral, PublicKeyToken=null" name="QualityDoesNotChange" />
    </UnitTest>
    <UnitTest name="QualityIncreasesForAgedBrie" storage="c:\users\kwilliams\downloads\notmyself-gildedrose-v1.0-3-gccb50d0\notmyself-gildedrose-ccb50d0\src\gildedroses.unittests\bin\debug\gildedroses.unittests.dll" id="4b68dd3f-1fec-2ad9-0153-971ebb6fd601">
      <Execution id="69661897-6a01-4ab6-9d57-54d1003be2f8" />
      <TestMethod codeBase="C:/Users/kwilliams/Downloads/NotMyself-GildedRose-v1.0-3-gccb50d0/NotMyself-GildedRose-ccb50d0/src/GildedRoses.UnitTests/bin/Debug/GildedRoses.UnitTests.DLL" adapterTypeName="Microsoft.VisualStudio.TestTools.TestTypes.Unit.UnitTestAdapter, Microsoft.VisualStudio.QualityTools.Tips.UnitTest.Adapter, Version=10.0.0.0, Culture=neutral, PublicKeyToken=b03f5f7f11d50a3a" className="GildedRose.UnitTests.GildedRoseProcessorTests, GildedRoses.UnitTests, Version=1.0.0.0, Culture=neutral, PublicKeyToken=null" name="QualityIncreasesForAgedBrie" />
    </UnitTest>
    <UnitTest name="DecreasesByOne" storage="c:\users\kwilliams\downloads\notmyself-gildedrose-v1.0-3-gccb50d0\notmyself-gildedrose-ccb50d0\src\gildedroses.unittests\bin\debug\gildedroses.unittests.dll" id="c33c3c45-bc58-e8ef-1cab-996cda5c4ccc">
      <Execution id="f4ea4987-ec61-422b-9ded-75e5ed3d0e11" />
      <TestMethod codeBase="C:/Users/kwilliams/Downloads/NotMyself-GildedRose-v1.0-3-gccb50d0/NotMyself-GildedRose-ccb50d0/src/GildedRoses.UnitTests/bin/Debug/GildedRoses.UnitTests.DLL" adapterTypeName="Microsoft.VisualStudio.TestTools.TestTypes.Unit.UnitTestAdapter, Microsoft.VisualStudio.QualityTools.Tips.UnitTest.Adapter, Version=10.0.0.0, Culture=neutral, PublicKeyToken=b03f5f7f11d50a3a" className="GildedRoses.UnitTests.Strategies.SellIn.NormalSellInStrategyTests, GildedRoses.UnitTests, Version=1.0.0.0, Culture=neutral, PublicKeyToken=null" name="DecreasesByOne" />
    </UnitTest>
    <UnitTest name="SellInForAgedBrieDecreasesByOne" storage="c:\users\kwilliams\downloads\notmyself-gildedrose-v1.0-3-gccb50d0\notmyself-gildedrose-ccb50d0\src\gildedroses.unittests\bin\debug\gildedroses.unittests.dll" id="ca2989b2-7ee6-b36e-f08f-8f4a3814fa57">
      <Execution id="2d0f42c2-5818-4540-84ad-d72a5e0afe37" />
      <TestMethod codeBase="C:/Users/kwilliams/Downloads/NotMyself-GildedRose-v1.0-3-gccb50d0/NotMyself-GildedRose-ccb50d0/src/GildedRoses.UnitTests/bin/Debug/GildedRoses.UnitTests.DLL" adapterTypeName="Microsoft.VisualStudio.TestTools.TestTypes.Unit.UnitTestAdapter, Microsoft.VisualStudio.QualityTools.Tips.UnitTest.Adapter, Version=10.0.0.0, Culture=neutral, PublicKeyToken=b03f5f7f11d50a3a" className="GildedRose.UnitTests.GildedRoseProcessorTests, GildedRoses.UnitTests, Version=1.0.0.0, Culture=neutral, PublicKeyToken=null" name="SellInForAgedBrieDecreasesByOne" />
    </UnitTest>
    <UnitTest name="BackstagePassQualityIncreasesByTwoWhenSellInIsBetweenSixAndTenDays" storage="c:\users\kwilliams\downloads\notmyself-gildedrose-v1.0-3-gccb50d0\notmyself-gildedrose-ccb50d0\src\gildedroses.unittests\bin\debug\gildedroses.unittests.dll" id="0892cff4-36db-81c4-7740-8978016ca9e2">
      <Execution id="c46a8009-5c25-41a4-8e91-a06357256ee1" />
      <TestMethod codeBase="C:/Users/kwilliams/Downloads/NotMyself-GildedRose-v1.0-3-gccb50d0/NotMyself-GildedRose-ccb50d0/src/GildedRoses.UnitTests/bin/Debug/GildedRoses.UnitTests.DLL" adapterTypeName="Microsoft.VisualStudio.TestTools.TestTypes.Unit.UnitTestAdapter, Microsoft.VisualStudio.QualityTools.Tips.UnitTest.Adapter, Version=10.0.0.0, Culture=neutral, PublicKeyToken=b03f5f7f11d50a3a" className="GildedRose.UnitTests.GildedRoseProcessorTests, GildedRoses.UnitTests, Version=1.0.0.0, Culture=neutral, PublicKeyToken=null" name="BackstagePassQualityIncreasesByTwoWhenSellInIsBetweenSixAndTenDays" />
    </UnitTest>
    <UnitTest name="QualityOfAnItemIsNeverGreaterThanFifty" storage="c:\users\kwilliams\downloads\notmyself-gildedrose-v1.0-3-gccb50d0\notmyself-gildedrose-ccb50d0\src\gildedroses.unittests\bin\debug\gildedroses.unittests.dll" id="a03dd018-0c3a-2404-bcea-96a308115063">
      <Execution id="0011f03c-4a13-4b45-8a82-ce6ccc1c7178" />
      <TestMethod codeBase="C:/Users/kwilliams/Downloads/NotMyself-GildedRose-v1.0-3-gccb50d0/NotMyself-GildedRose-ccb50d0/src/GildedRoses.UnitTests/bin/Debug/GildedRoses.UnitTests.DLL" adapterTypeName="Microsoft.VisualStudio.TestTools.TestTypes.Unit.UnitTestAdapter, Microsoft.VisualStudio.QualityTools.Tips.UnitTest.Adapter, Version=10.0.0.0, Culture=neutral, PublicKeyToken=b03f5f7f11d50a3a" className="GildedRose.UnitTests.GildedRoseProcessorTests, GildedRoses.UnitTests, Version=1.0.0.0, Culture=neutral, PublicKeyToken=null" name="QualityOfAnItemIsNeverGreaterThanFifty" />
    </UnitTest>
    <UnitTest name="QualityDoesNotGoAboveFiftyWhenSellInIsGreaterThanTenDays" storage="c:\users\kwilliams\downloads\notmyself-gildedrose-v1.0-3-gccb50d0\notmyself-gildedrose-ccb50d0\src\gildedroses.unittests\bin\debug\gildedroses.unittests.dll" id="c14da039-df56-a14b-dda5-b66cb3117dc3">
      <Execution id="52dd7084-d9a7-48b2-a713-a1b9dfe4cdd1" />
      <TestMethod codeBase="C:/Users/kwilliams/Downloads/NotMyself-GildedRose-v1.0-3-gccb50d0/NotMyself-GildedRose-ccb50d0/src/GildedRoses.UnitTests/bin/Debug/GildedRoses.UnitTests.DLL" adapterTypeName="Microsoft.VisualStudio.TestTools.TestTypes.Unit.UnitTestAdapter, Microsoft.VisualStudio.QualityTools.Tips.UnitTest.Adapter, Version=10.0.0.0, Culture=neutral, PublicKeyToken=b03f5f7f11d50a3a" className="GildedRoses.UnitTests.Strategies.Quality.BackstagePassQualityStrategyTests, GildedRoses.UnitTests, Version=1.0.0.0, Culture=neutral, PublicKeyToken=null" name="QualityDoesNotGoAboveFiftyWhenSellInIsGreaterThanTenDays" />
    </UnitTest>
    <UnitTest name="QualityDecreasesByTwoWhenSellInIsGreaterThanOrEqualToZero" storage="c:\users\kwilliams\downloads\notmyself-gildedrose-v1.0-3-gccb50d0\notmyself-gildedrose-ccb50d0\src\gildedroses.unittests\bin\debug\gildedroses.unittests.dll" id="06372207-d70b-9ffd-e3b3-6c51f3decd07">
      <Execution id="c2500ffd-8698-4f82-8094-344c0767918e" />
      <TestMethod codeBase="C:/Users/kwilliams/Downloads/NotMyself-GildedRose-v1.0-3-gccb50d0/NotMyself-GildedRose-ccb50d0/src/GildedRoses.UnitTests/bin/Debug/GildedRoses.UnitTests.DLL" adapterTypeName="Microsoft.VisualStudio.TestTools.TestTypes.Unit.UnitTestAdapter, Microsoft.VisualStudio.QualityTools.Tips.UnitTest.Adapter, Version=10.0.0.0, Culture=neutral, PublicKeyToken=b03f5f7f11d50a3a" className="GildedRoses.UnitTests.Strategies.Quality.DefaultQualityStrategyTests, GildedRoses.UnitTests, Version=1.0.0.0, Culture=neutral, PublicKeyToken=null" name="QualityDecreasesByTwoWhenSellInIsGreaterThanOrEqualToZero" />
    </UnitTest>
    <UnitTest name="GetStrategyReturnsNormalQualityStrategyForNormalItem" storage="c:\users\kwilliams\downloads\notmyself-gildedrose-v1.0-3-gccb50d0\notmyself-gildedrose-ccb50d0\src\gildedroses.unittests\bin\debug\gildedroses.unittests.dll" id="1994e197-928f-3d31-fc37-5a4552c68ca8">
      <Execution id="e707803e-81db-4fd8-a191-132a7853966d" />
      <TestMethod codeBase="C:/Users/kwilliams/Downloads/NotMyself-GildedRose-v1.0-3-gccb50d0/NotMyself-GildedRose-ccb50d0/src/GildedRoses.UnitTests/bin/Debug/GildedRoses.UnitTests.DLL" adapterTypeName="Microsoft.VisualStudio.TestTools.TestTypes.Unit.UnitTestAdapter, Microsoft.VisualStudio.QualityTools.Tips.UnitTest.Adapter, Version=10.0.0.0, Culture=neutral, PublicKeyToken=b03f5f7f11d50a3a" className="GildedRoses.UnitTests.Strategies.SellIn.SellInStrategyFactoryTests, GildedRoses.UnitTests, Version=1.0.0.0, Culture=neutral, PublicKeyToken=null" name="GetStrategyReturnsNormalQualityStrategyForNormalItem" />
    </UnitTest>
    <UnitTest name="GetStrategyReturnsConjuredQualityStrategyForConjured" storage="c:\users\kwilliams\downloads\notmyself-gildedrose-v1.0-3-gccb50d0\notmyself-gildedrose-ccb50d0\src\gildedroses.unittests\bin\debug\gildedroses.unittests.dll" id="71dcff6b-e732-6c33-e5a1-85ca528032ee">
      <Execution id="05a5110e-9bf9-4269-8524-062019c1783d" />
      <TestMethod codeBase="C:/Users/kwilliams/Downloads/NotMyself-GildedRose-v1.0-3-gccb50d0/NotMyself-GildedRose-ccb50d0/src/GildedRoses.UnitTests/bin/Debug/GildedRoses.UnitTests.DLL" adapterTypeName="Microsoft.VisualStudio.TestTools.TestTypes.Unit.UnitTestAdapter, Microsoft.VisualStudio.QualityTools.Tips.UnitTest.Adapter, Version=10.0.0.0, Culture=neutral, PublicKeyToken=b03f5f7f11d50a3a" className="GildedRoses.UnitTests.Strategies.Quality.QualityStrategyFactoryTests, GildedRoses.UnitTests, Version=1.0.0.0, Culture=neutral, PublicKeyToken=null" name="GetStrategyReturnsConjuredQualityStrategyForConjured" />
    </UnitTest>
    <UnitTest name="SulfurasNeverDegrades" storage="c:\users\kwilliams\downloads\notmyself-gildedrose-v1.0-3-gccb50d0\notmyself-gildedrose-ccb50d0\src\gildedroses.unittests\bin\debug\gildedroses.unittests.dll" id="bc190aaf-2fb3-0b3d-4043-9372d7d4d5e1">
      <Execution id="27c28765-c3d2-4d50-8265-34613ec00d07" />
      <TestMethod codeBase="C:/Users/kwilliams/Downloads/NotMyself-GildedRose-v1.0-3-gccb50d0/NotMyself-GildedRose-ccb50d0/src/GildedRoses.UnitTests/bin/Debug/GildedRoses.UnitTests.DLL" adapterTypeName="Microsoft.VisualStudio.TestTools.TestTypes.Unit.UnitTestAdapter, Microsoft.VisualStudio.QualityTools.Tips.UnitTest.Adapter, Version=10.0.0.0, Culture=neutral, PublicKeyToken=b03f5f7f11d50a3a" className="GildedRose.UnitTests.GildedRoseProcessorTests, GildedRoses.UnitTests, Version=1.0.0.0, Culture=neutral, PublicKeyToken=null" name="SulfurasNeverDegrades" />
    </UnitTest>
    <UnitTest name="BackstagePassQualityIncreasesByThreeWhenSellInIsBetweenSixAndTenDays" storage="c:\users\kwilliams\downloads\notmyself-gildedrose-v1.0-3-gccb50d0\notmyself-gildedrose-ccb50d0\src\gildedroses.unittests\bin\debug\gildedroses.unittests.dll" id="3065c56a-dca4-e21a-532a-da264c1bda69">
      <Execution id="b4bc6efa-2a63-482e-b519-8ef68b6bbede" />
      <TestMethod codeBase="C:/Users/kwilliams/Downloads/NotMyself-GildedRose-v1.0-3-gccb50d0/NotMyself-GildedRose-ccb50d0/src/GildedRoses.UnitTests/bin/Debug/GildedRoses.UnitTests.DLL" adapterTypeName="Microsoft.VisualStudio.TestTools.TestTypes.Unit.UnitTestAdapter, Microsoft.VisualStudio.QualityTools.Tips.UnitTest.Adapter, Version=10.0.0.0, Culture=neutral, PublicKeyToken=b03f5f7f11d50a3a" className="GildedRose.UnitTests.GildedRoseProcessorTests, GildedRoses.UnitTests, Version=1.0.0.0, Culture=neutral, PublicKeyToken=null" name="BackstagePassQualityIncreasesByThreeWhenSellInIsBetweenSixAndTenDays" />
    </UnitTest>
    <UnitTest name="QualityIncreasesByThreeWhenSellInIsWithinZeroAndFiveDays" storage="c:\users\kwilliams\downloads\notmyself-gildedrose-v1.0-3-gccb50d0\notmyself-gildedrose-ccb50d0\src\gildedroses.unittests\bin\debug\gildedroses.unittests.dll" id="e343510d-1cbf-7e51-ccf4-d82793d7feae">
      <Execution id="a6845451-a870-403b-94d5-9a940f2d26f3" />
      <TestMethod codeBase="C:/Users/kwilliams/Downloads/NotMyself-GildedRose-v1.0-3-gccb50d0/NotMyself-GildedRose-ccb50d0/src/GildedRoses.UnitTests/bin/Debug/GildedRoses.UnitTests.DLL" adapterTypeName="Microsoft.VisualStudio.TestTools.TestTypes.Unit.UnitTestAdapter, Microsoft.VisualStudio.QualityTools.Tips.UnitTest.Adapter, Version=10.0.0.0, Culture=neutral, PublicKeyToken=b03f5f7f11d50a3a" className="GildedRoses.UnitTests.Strategies.Quality.BackstagePassQualityStrategyTests, GildedRoses.UnitTests, Version=1.0.0.0, Culture=neutral, PublicKeyToken=null" name="QualityIncreasesByThreeWhenSellInIsWithinZeroAndFiveDays" />
    </UnitTest>
    <UnitTest name="QualityDoesNotGoAboveFiftyWhenSellInIsWithinZeroAndFiveDays" storage="c:\users\kwilliams\downloads\notmyself-gildedrose-v1.0-3-gccb50d0\notmyself-gildedrose-ccb50d0\src\gildedroses.unittests\bin\debug\gildedroses.unittests.dll" id="28154d4f-24ee-8105-02a9-c7bc69939eb7">
      <Execution id="d06bd697-5c33-4f38-83f8-5b4f8f282eea" />
      <TestMethod codeBase="C:/Users/kwilliams/Downloads/NotMyself-GildedRose-v1.0-3-gccb50d0/NotMyself-GildedRose-ccb50d0/src/GildedRoses.UnitTests/bin/Debug/GildedRoses.UnitTests.DLL" adapterTypeName="Microsoft.VisualStudio.TestTools.TestTypes.Unit.UnitTestAdapter, Microsoft.VisualStudio.QualityTools.Tips.UnitTest.Adapter, Version=10.0.0.0, Culture=neutral, PublicKeyToken=b03f5f7f11d50a3a" className="GildedRoses.UnitTests.Strategies.Quality.BackstagePassQualityStrategyTests, GildedRoses.UnitTests, Version=1.0.0.0, Culture=neutral, PublicKeyToken=null" name="QualityDoesNotGoAboveFiftyWhenSellInIsWithinZeroAndFiveDays" />
    </UnitTest>
    <UnitTest name="QualityDecreasesByTwoWhenSellInIsGreaterThanOrEqualToZero" storage="c:\users\kwilliams\downloads\notmyself-gildedrose-v1.0-3-gccb50d0\notmyself-gildedrose-ccb50d0\src\gildedroses.unittests\bin\debug\gildedroses.unittests.dll" id="bf6924ff-32b9-e2c3-9658-0cd3f426ce9a">
      <Execution id="a0587a82-2916-423b-ac8d-1fed002b5031" />
      <TestMethod codeBase="C:/Users/kwilliams/Downloads/NotMyself-GildedRose-v1.0-3-gccb50d0/NotMyself-GildedRose-ccb50d0/src/GildedRoses.UnitTests/bin/Debug/GildedRoses.UnitTests.DLL" adapterTypeName="Microsoft.VisualStudio.TestTools.TestTypes.Unit.UnitTestAdapter, Microsoft.VisualStudio.QualityTools.Tips.UnitTest.Adapter, Version=10.0.0.0, Culture=neutral, PublicKeyToken=b03f5f7f11d50a3a" className="GildedRoses.UnitTests.Strategies.Quality.ConjuredQualityStrategyTests, GildedRoses.UnitTests, Version=1.0.0.0, Culture=neutral, PublicKeyToken=null" name="QualityDecreasesByTwoWhenSellInIsGreaterThanOrEqualToZero" />
    </UnitTest>
    <UnitTest name="GetStrategyReturnsSulfurasQualityStrategyForSulfuras" storage="c:\users\kwilliams\downloads\notmyself-gildedrose-v1.0-3-gccb50d0\notmyself-gildedrose-ccb50d0\src\gildedroses.unittests\bin\debug\gildedroses.unittests.dll" id="a94384c9-d8f1-b3d7-95cb-392fdb62625f">
      <Execution id="b956923d-2d87-4d45-b567-463bef5d2517" />
      <TestMethod codeBase="C:/Users/kwilliams/Downloads/NotMyself-GildedRose-v1.0-3-gccb50d0/NotMyself-GildedRose-ccb50d0/src/GildedRoses.UnitTests/bin/Debug/GildedRoses.UnitTests.DLL" adapterTypeName="Microsoft.VisualStudio.TestTools.TestTypes.Unit.UnitTestAdapter, Microsoft.VisualStudio.QualityTools.Tips.UnitTest.Adapter, Version=10.0.0.0, Culture=neutral, PublicKeyToken=b03f5f7f11d50a3a" className="GildedRoses.UnitTests.Strategies.Quality.QualityStrategyFactoryTests, GildedRoses.UnitTests, Version=1.0.0.0, Culture=neutral, PublicKeyToken=null" name="GetStrategyReturnsSulfurasQualityStrategyForSulfuras" />
    </UnitTest>
    <UnitTest name="QualityIncreasesByOneWhenSellInIsGreaterThanTenDays" storage="c:\users\kwilliams\downloads\notmyself-gildedrose-v1.0-3-gccb50d0\notmyself-gildedrose-ccb50d0\src\gildedroses.unittests\bin\debug\gildedroses.unittests.dll" id="debe6527-36f9-32d2-7126-5f2a10b9915c">
      <Execution id="4f1fe36d-b520-4f20-9c3f-ba4032a660ca" />
      <TestMethod codeBase="C:/Users/kwilliams/Downloads/NotMyself-GildedRose-v1.0-3-gccb50d0/NotMyself-GildedRose-ccb50d0/src/GildedRoses.UnitTests/bin/Debug/GildedRoses.UnitTests.DLL" adapterTypeName="Microsoft.VisualStudio.TestTools.TestTypes.Unit.UnitTestAdapter, Microsoft.VisualStudio.QualityTools.Tips.UnitTest.Adapter, Version=10.0.0.0, Culture=neutral, PublicKeyToken=b03f5f7f11d50a3a" className="GildedRoses.UnitTests.Strategies.Quality.BackstagePassQualityStrategyTests, GildedRoses.UnitTests, Version=1.0.0.0, Culture=neutral, PublicKeyToken=null" name="QualityIncreasesByOneWhenSellInIsGreaterThanTenDays" />
    </UnitTest>
    <UnitTest name="QualityDegradesTwiceAsFastForNormalItem" storage="c:\users\kwilliams\downloads\notmyself-gildedrose-v1.0-3-gccb50d0\notmyself-gildedrose-ccb50d0\src\gildedroses.unittests\bin\debug\gildedroses.unittests.dll" id="3c23dad3-d82b-d1ff-5694-cf71c311fc39">
      <Execution id="f49242ee-fea6-4f11-a1c1-062f7e002173" />
      <TestMethod codeBase="C:/Users/kwilliams/Downloads/NotMyself-GildedRose-v1.0-3-gccb50d0/NotMyself-GildedRose-ccb50d0/src/GildedRoses.UnitTests/bin/Debug/GildedRoses.UnitTests.DLL" adapterTypeName="Microsoft.VisualStudio.TestTools.TestTypes.Unit.UnitTestAdapter, Microsoft.VisualStudio.QualityTools.Tips.UnitTest.Adapter, Version=10.0.0.0, Culture=neutral, PublicKeyToken=b03f5f7f11d50a3a" className="GildedRose.UnitTests.GildedRoseProcessorTests, GildedRoses.UnitTests, Version=1.0.0.0, Culture=neutral, PublicKeyToken=null" name="QualityDegradesTwiceAsFastForNormalItem" />
    </UnitTest>
    <UnitTest name="SellInForConjuredDecreasesByOne" storage="c:\users\kwilliams\downloads\notmyself-gildedrose-v1.0-3-gccb50d0\notmyself-gildedrose-ccb50d0\src\gildedroses.unittests\bin\debug\gildedroses.unittests.dll" id="123bb257-3032-3f4f-ef39-48d1e6e4bb3a">
      <Execution id="7b08f76f-fdfc-4f9d-8e72-a80a0de5b500" />
      <TestMethod codeBase="C:/Users/kwilliams/Downloads/NotMyself-GildedRose-v1.0-3-gccb50d0/NotMyself-GildedRose-ccb50d0/src/GildedRoses.UnitTests/bin/Debug/GildedRoses.UnitTests.DLL" adapterTypeName="Microsoft.VisualStudio.TestTools.TestTypes.Unit.UnitTestAdapter, Microsoft.VisualStudio.QualityTools.Tips.UnitTest.Adapter, Version=10.0.0.0, Culture=neutral, PublicKeyToken=b03f5f7f11d50a3a" className="GildedRose.UnitTests.GildedRoseProcessorTests, GildedRoses.UnitTests, Version=1.0.0.0, Culture=neutral, PublicKeyToken=null" name="SellInForConjuredDecreasesByOne" />
    </UnitTest>
    <UnitTest name="GetStrategyReturnsNormalQualityStrategyForNormalItem" storage="c:\users\kwilliams\downloads\notmyself-gildedrose-v1.0-3-gccb50d0\notmyself-gildedrose-ccb50d0\src\gildedroses.unittests\bin\debug\gildedroses.unittests.dll" id="0570af00-cdbf-7937-3fbb-38d7afe9fb36">
      <Execution id="d56be50a-8c90-4f7d-a645-c7c6c5660d20" />
      <TestMethod codeBase="C:/Users/kwilliams/Downloads/NotMyself-GildedRose-v1.0-3-gccb50d0/NotMyself-GildedRose-ccb50d0/src/GildedRoses.UnitTests/bin/Debug/GildedRoses.UnitTests.DLL" adapterTypeName="Microsoft.VisualStudio.TestTools.TestTypes.Unit.UnitTestAdapter, Microsoft.VisualStudio.QualityTools.Tips.UnitTest.Adapter, Version=10.0.0.0, Culture=neutral, PublicKeyToken=b03f5f7f11d50a3a" className="GildedRoses.UnitTests.Strategies.Quality.QualityStrategyFactoryTests, GildedRoses.UnitTests, Version=1.0.0.0, Culture=neutral, PublicKeyToken=null" name="GetStrategyReturnsNormalQualityStrategyForNormalItem" />
    </UnitTest>
    <UnitTest name="QualityOfAnItemIsNeverNegative" storage="c:\users\kwilliams\downloads\notmyself-gildedrose-v1.0-3-gccb50d0\notmyself-gildedrose-ccb50d0\src\gildedroses.unittests\bin\debug\gildedroses.unittests.dll" id="0f1ea7f8-5373-5988-4b75-070480550a7a">
      <Execution id="191c543d-545a-48f4-b351-565afe64ac38" />
      <TestMethod codeBase="C:/Users/kwilliams/Downloads/NotMyself-GildedRose-v1.0-3-gccb50d0/NotMyself-GildedRose-ccb50d0/src/GildedRoses.UnitTests/bin/Debug/GildedRoses.UnitTests.DLL" adapterTypeName="Microsoft.VisualStudio.TestTools.TestTypes.Unit.UnitTestAdapter, Microsoft.VisualStudio.QualityTools.Tips.UnitTest.Adapter, Version=10.0.0.0, Culture=neutral, PublicKeyToken=b03f5f7f11d50a3a" className="GildedRose.UnitTests.GildedRoseProcessorTests, GildedRoses.UnitTests, Version=1.0.0.0, Culture=neutral, PublicKeyToken=null" name="QualityOfAnItemIsNeverNegative" />
    </UnitTest>
  </TestDefinitions>
  <TestLists>
    <TestList name="Results Not in a List" id="8c84fa94-04c1-424b-9868-57a2d4851a1d" />
    <TestList name="All Loaded Results" id="19431567-8539-422a-85d7-44ee4e166bda" />
  </TestLists>
  <TestEntries>
    <TestEntry testId="01b3fe5c-9c9d-6b49-485b-3530d2ef3eb2" executionId="ca442121-6cf2-4d86-bd04-f8d297658185" testListId="8c84fa94-04c1-424b-9868-57a2d4851a1d" />
    <TestEntry testId="0570af00-cdbf-7937-3fbb-38d7afe9fb36" executionId="d56be50a-8c90-4f7d-a645-c7c6c5660d20" testListId="8c84fa94-04c1-424b-9868-57a2d4851a1d" />
    <TestEntry testId="06372207-d70b-9ffd-e3b3-6c51f3decd07" executionId="c2500ffd-8698-4f82-8094-344c0767918e" testListId="8c84fa94-04c1-424b-9868-57a2d4851a1d" />
    <TestEntry testId="0892cff4-36db-81c4-7740-8978016ca9e2" executionId="c46a8009-5c25-41a4-8e91-a06357256ee1" testListId="8c84fa94-04c1-424b-9868-57a2d4851a1d" />
    <TestEntry testId="0f1ea7f8-5373-5988-4b75-070480550a7a" executionId="191c543d-545a-48f4-b351-565afe64ac38" testListId="8c84fa94-04c1-424b-9868-57a2d4851a1d" />
    <TestEntry testId="123bb257-3032-3f4f-ef39-48d1e6e4bb3a" executionId="7b08f76f-fdfc-4f9d-8e72-a80a0de5b500" testListId="8c84fa94-04c1-424b-9868-57a2d4851a1d" />
    <TestEntry testId="1994e197-928f-3d31-fc37-5a4552c68ca8" executionId="e707803e-81db-4fd8-a191-132a7853966d" testListId="8c84fa94-04c1-424b-9868-57a2d4851a1d" />
    <TestEntry testId="28154d4f-24ee-8105-02a9-c7bc69939eb7" executionId="d06bd697-5c33-4f38-83f8-5b4f8f282eea" testListId="8c84fa94-04c1-424b-9868-57a2d4851a1d" />
    <TestEntry testId="3065c56a-dca4-e21a-532a-da264c1bda69" executionId="b4bc6efa-2a63-482e-b519-8ef68b6bbede" testListId="8c84fa94-04c1-424b-9868-57a2d4851a1d" />
    <TestEntry testId="33377cb1-02fc-c3bf-2deb-4f32f6490ca4" executionId="535494ca-ee75-4c4a-8381-95fe7eef5460" testListId="8c84fa94-04c1-424b-9868-57a2d4851a1d" />
    <TestEntry testId="3c23dad3-d82b-d1ff-5694-cf71c311fc39" executionId="f49242ee-fea6-4f11-a1c1-062f7e002173" testListId="8c84fa94-04c1-424b-9868-57a2d4851a1d" />
    <TestEntry testId="4b68dd3f-1fec-2ad9-0153-971ebb6fd601" executionId="69661897-6a01-4ab6-9d57-54d1003be2f8" testListId="8c84fa94-04c1-424b-9868-57a2d4851a1d" />
    <TestEntry testId="591af166-1b4a-0984-7eee-62898709dd3e" executionId="f0855b44-64ee-46bc-bb89-4197c00dee20" testListId="8c84fa94-04c1-424b-9868-57a2d4851a1d" />
    <TestEntry testId="6f34fb8c-d619-23b1-a2b3-dde4c73ea402" executionId="7646a14f-3c21-499e-a81e-86a9213052ec" testListId="8c84fa94-04c1-424b-9868-57a2d4851a1d" />
    <TestEntry testId="71dcff6b-e732-6c33-e5a1-85ca528032ee" executionId="05a5110e-9bf9-4269-8524-062019c1783d" testListId="8c84fa94-04c1-424b-9868-57a2d4851a1d" />
    <TestEntry testId="8bd11791-be6f-6bbc-2cd3-f330033d64da" executionId="9a612e86-1990-4d6f-aa1d-5f20673f8512" testListId="8c84fa94-04c1-424b-9868-57a2d4851a1d" />
    <TestEntry testId="99e8fe7a-2dc4-b8bf-5973-f43514db8194" executionId="7432e35d-6bf2-41ac-8ae2-8c8da69fad87" testListId="8c84fa94-04c1-424b-9868-57a2d4851a1d" />
    <TestEntry testId="a03dd018-0c3a-2404-bcea-96a308115063" executionId="0011f03c-4a13-4b45-8a82-ce6ccc1c7178" testListId="8c84fa94-04c1-424b-9868-57a2d4851a1d" />
    <TestEntry testId="a37a26e5-3251-eae2-41ab-cfde8e82534c" executionId="45c8f327-e5d6-4282-97c4-cdfb05034df3" testListId="8c84fa94-04c1-424b-9868-57a2d4851a1d" />
    <TestEntry testId="a6be764d-4c17-7d50-b4ca-a609322a855f" executionId="3365b4df-e50c-46e3-a83e-22c14478173c" testListId="8c84fa94-04c1-424b-9868-57a2d4851a1d" />
    <TestEntry testId="a94384c9-d8f1-b3d7-95cb-392fdb62625f" executionId="b956923d-2d87-4d45-b567-463bef5d2517" testListId="8c84fa94-04c1-424b-9868-57a2d4851a1d" />
    <TestEntry testId="b2d28e5c-02f2-7621-be11-937a94c7f399" executionId="73a9ae39-34af-4c69-8712-f03f9e2d6833" testListId="8c84fa94-04c1-424b-9868-57a2d4851a1d" />
    <TestEntry testId="b9f52232-1b74-369c-c28a-1648794ca68b" executionId="54a480ee-900a-451b-b4c6-de0b414e35ed" testListId="8c84fa94-04c1-424b-9868-57a2d4851a1d" />
    <TestEntry testId="bb03be4f-ea91-5112-a71b-22043a2e65b7" executionId="df7458f2-83d1-4242-83de-111112da5e83" testListId="8c84fa94-04c1-424b-9868-57a2d4851a1d" />
    <TestEntry testId="bc190aaf-2fb3-0b3d-4043-9372d7d4d5e1" executionId="27c28765-c3d2-4d50-8265-34613ec00d07" testListId="8c84fa94-04c1-424b-9868-57a2d4851a1d" />
    <TestEntry testId="bce909f7-89d6-f9a2-5398-ce34d52550d5" executionId="cc248750-31e2-4485-978c-5d43b246cc11" testListId="8c84fa94-04c1-424b-9868-57a2d4851a1d" />
    <TestEntry testId="bf6924ff-32b9-e2c3-9658-0cd3f426ce9a" executionId="a0587a82-2916-423b-ac8d-1fed002b5031" testListId="8c84fa94-04c1-424b-9868-57a2d4851a1d" />
    <TestEntry testId="c14da039-df56-a14b-dda5-b66cb3117dc3" executionId="52dd7084-d9a7-48b2-a713-a1b9dfe4cdd1" testListId="8c84fa94-04c1-424b-9868-57a2d4851a1d" />
    <TestEntry testId="c33c3c45-bc58-e8ef-1cab-996cda5c4ccc" executionId="f4ea4987-ec61-422b-9ded-75e5ed3d0e11" testListId="8c84fa94-04c1-424b-9868-57a2d4851a1d" />
    <TestEntry testId="ca2989b2-7ee6-b36e-f08f-8f4a3814fa57" executionId="2d0f42c2-5818-4540-84ad-d72a5e0afe37" testListId="8c84fa94-04c1-424b-9868-57a2d4851a1d" />
    <TestEntry testId="ccd557cb-8d5e-3d46-06e4-fe4b0bc2858f" executionId="6ae83c3b-8dee-4150-b195-fe14dc6fd0d8" testListId="8c84fa94-04c1-424b-9868-57a2d4851a1d" />
    <TestEntry testId="ce413595-969f-4836-93d1-a32f53d7aed8" executionId="f31ce80e-96ae-48d2-88db-f76ff0d64662" testListId="8c84fa94-04c1-424b-9868-57a2d4851a1d" />
    <TestEntry testId="cecebdfe-6d27-291a-2de2-48893f597415" executionId="c2d415c1-07dd-4555-80e9-c56e674cfef6" testListId="8c84fa94-04c1-424b-9868-57a2d4851a1d" />
    <TestEntry testId="debe6527-36f9-32d2-7126-5f2a10b9915c" executionId="4f1fe36d-b520-4f20-9c3f-ba4032a660ca" testListId="8c84fa94-04c1-424b-9868-57a2d4851a1d" />
    <TestEntry testId="e343510d-1cbf-7e51-ccf4-d82793d7feae" executionId="a6845451-a870-403b-94d5-9a940f2d26f3" testListId="8c84fa94-04c1-424b-9868-57a2d4851a1d" />
    <TestEntry testId="e4f833c7-13fe-b064-7135-20b5f97c6d5d" executionId="3d6e6f9a-3ce3-4849-a68d-4a6210902362" testListId="8c84fa94-04c1-424b-9868-57a2d4851a1d" />
    <TestEntry testId="f835aa2c-fcac-adc6-42e6-7298b1ae58dc" executionId="a6c9e19c-763c-41f4-8d9b-028f367e0ed6" testListId="8c84fa94-04c1-424b-9868-57a2d4851a1d" />
  </TestEntries>
  <Results>
    <UnitTestResult executionId="ca442121-6cf2-4d86-bd04-f8d297658185" testId="01b3fe5c-9c9d-6b49-485b-3530d2ef3eb2" testName="QualityDecreasesByOneWhenSellInIsGreaterThanOrEqualToZero" computerName="WS-KWILLIAMS" duration="00:00:00.0112364" startTime="2012-10-08T08:33:36.9819040-04:00" endTime="2012-10-08T08:33:37.1691112-04:00" testType="13cdc9d9-ddb5-4fa4-a97d-d965ccfc6d4b" outcome="Passed" testListId="8c84fa94-04c1-424b-9868-57a2d4851a1d" relativeResultsDirectory="ca442121-6cf2-4d86-bd04-f8d297658185">
    </UnitTestResult>
    <UnitTestResult executionId="d56be50a-8c90-4f7d-a645-c7c6c5660d20" testId="0570af00-cdbf-7937-3fbb-38d7afe9fb36" testName="GetStrategyReturnsNormalQualityStrategyForNormalItem" computerName="WS-KWILLIAMS" duration="00:00:00.0006966" startTime="2012-10-08T08:33:37.1691112-04:00" endTime="2012-10-08T08:33:37.1691112-04:00" testType="13cdc9d9-ddb5-4fa4-a97d-d965ccfc6d4b" outcome="Passed" testListId="8c84fa94-04c1-424b-9868-57a2d4851a1d" relativeResultsDirectory="d56be50a-8c90-4f7d-a645-c7c6c5660d20">
    </UnitTestResult>
    <UnitTestResult executionId="c2500ffd-8698-4f82-8094-344c0767918e" testId="06372207-d70b-9ffd-e3b3-6c51f3decd07" testName="QualityDecreasesByTwoWhenSellInIsGreaterThanOrEqualToZero" computerName="WS-KWILLIAMS" duration="00:00:00.0001997" startTime="2012-10-08T08:33:37.1691112-04:00" endTime="2012-10-08T08:33:37.1847118-04:00" testType="13cdc9d9-ddb5-4fa4-a97d-d965ccfc6d4b" outcome="Passed" testListId="8c84fa94-04c1-424b-9868-57a2d4851a1d" relativeResultsDirectory="c2500ffd-8698-4f82-8094-344c0767918e">
    </UnitTestResult>
    <UnitTestResult executionId="c46a8009-5c25-41a4-8e91-a06357256ee1" testId="0892cff4-36db-81c4-7740-8978016ca9e2" testName="BackstagePassQualityIncreasesByTwoWhenSellInIsBetweenSixAndTenDays" computerName="WS-KWILLIAMS" duration="00:00:00.0015546" startTime="2012-10-08T08:33:37.1847118-04:00" endTime="2012-10-08T08:33:37.1847118-04:00" testType="13cdc9d9-ddb5-4fa4-a97d-d965ccfc6d4b" outcome="Passed" testListId="8c84fa94-04c1-424b-9868-57a2d4851a1d" relativeResultsDirectory="c46a8009-5c25-41a4-8e91-a06357256ee1">
    </UnitTestResult>
    <UnitTestResult executionId="191c543d-545a-48f4-b351-565afe64ac38" testId="0f1ea7f8-5373-5988-4b75-070480550a7a" testName="QualityOfAnItemIsNeverNegative" computerName="WS-KWILLIAMS" duration="00:00:00.0002501" startTime="2012-10-08T08:33:37.1847118-04:00" endTime="2012-10-08T08:33:37.1847118-04:00" testType="13cdc9d9-ddb5-4fa4-a97d-d965ccfc6d4b" outcome="Passed" testListId="8c84fa94-04c1-424b-9868-57a2d4851a1d" relativeResultsDirectory="191c543d-545a-48f4-b351-565afe64ac38">
    </UnitTestResult>
    <UnitTestResult executionId="7b08f76f-fdfc-4f9d-8e72-a80a0de5b500" testId="123bb257-3032-3f4f-ef39-48d1e6e4bb3a" testName="SellInForConjuredDecreasesByOne" computerName="WS-KWILLIAMS" duration="00:00:00.0003013" startTime="2012-10-08T08:33:37.1847118-04:00" endTime="2012-10-08T08:33:37.2003124-04:00" testType="13cdc9d9-ddb5-4fa4-a97d-d965ccfc6d4b" outcome="Passed" testListId="8c84fa94-04c1-424b-9868-57a2d4851a1d" relativeResultsDirectory="7b08f76f-fdfc-4f9d-8e72-a80a0de5b500">
    </UnitTestResult>
    <UnitTestResult executionId="e707803e-81db-4fd8-a191-132a7853966d" testId="1994e197-928f-3d31-fc37-5a4552c68ca8" testName="GetStrategyReturnsNormalQualityStrategyForNormalItem" computerName="WS-KWILLIAMS" duration="00:00:00.0002436" startTime="2012-10-08T08:33:37.2159130-04:00" endTime="2012-10-08T08:33:37.2159130-04:00" testType="13cdc9d9-ddb5-4fa4-a97d-d965ccfc6d4b" outcome="Passed" testListId="8c84fa94-04c1-424b-9868-57a2d4851a1d" relativeResultsDirectory="e707803e-81db-4fd8-a191-132a7853966d">
    </UnitTestResult>
    <UnitTestResult executionId="d06bd697-5c33-4f38-83f8-5b4f8f282eea" testId="28154d4f-24ee-8105-02a9-c7bc69939eb7" testName="QualityDoesNotGoAboveFiftyWhenSellInIsWithinZeroAndFiveDays" computerName="WS-KWILLIAMS" duration="00:00:00.0002821" startTime="2012-10-08T08:33:37.2315136-04:00" endTime="2012-10-08T08:33:37.2315136-04:00" testType="13cdc9d9-ddb5-4fa4-a97d-d965ccfc6d4b" outcome="Passed" testListId="8c84fa94-04c1-424b-9868-57a2d4851a1d" relativeResultsDirectory="d06bd697-5c33-4f38-83f8-5b4f8f282eea">
    </UnitTestResult>
    <UnitTestResult executionId="b4bc6efa-2a63-482e-b519-8ef68b6bbede" testId="3065c56a-dca4-e21a-532a-da264c1bda69" testName="BackstagePassQualityIncreasesByThreeWhenSellInIsBetweenSixAndTenDays" computerName="WS-KWILLIAMS" duration="00:00:00.0002451" startTime="2012-10-08T08:33:37.2315136-04:00" endTime="2012-10-08T08:33:37.2315136-04:00" testType="13cdc9d9-ddb5-4fa4-a97d-d965ccfc6d4b" outcome="Passed" testListId="8c84fa94-04c1-424b-9868-57a2d4851a1d" relativeResultsDirectory="b4bc6efa-2a63-482e-b519-8ef68b6bbede">
    </UnitTestResult>
    <UnitTestResult executionId="535494ca-ee75-4c4a-8381-95fe7eef5460" testId="33377cb1-02fc-c3bf-2deb-4f32f6490ca4" testName="QualityDoesNotGoAboveFifty" computerName="WS-KWILLIAMS" duration="00:00:00.0004976" startTime="2012-10-08T08:33:37.2315136-04:00" endTime="2012-10-08T08:33:37.2315136-04:00" testType="13cdc9d9-ddb5-4fa4-a97d-d965ccfc6d4b" outcome="Passed" testListId="8c84fa94-04c1-424b-9868-57a2d4851a1d" relativeResultsDirectory="535494ca-ee75-4c4a-8381-95fe7eef5460">
    </UnitTestResult>
    <UnitTestResult executionId="f49242ee-fea6-4f11-a1c1-062f7e002173" testId="3c23dad3-d82b-d1ff-5694-cf71c311fc39" testName="QualityDegradesTwiceAsFastForNormalItem" computerName="WS-KWILLIAMS" duration="00:00:00.0002959" startTime="2012-10-08T08:33:37.2315136-04:00" endTime="2012-10-08T08:33:37.2471142-04:00" testType="13cdc9d9-ddb5-4fa4-a97d-d965ccfc6d4b" outcome="Passed" testListId="8c84fa94-04c1-424b-9868-57a2d4851a1d" relativeResultsDirectory="f49242ee-fea6-4f11-a1c1-062f7e002173">
    </UnitTestResult>
    <UnitTestResult executionId="69661897-6a01-4ab6-9d57-54d1003be2f8" testId="4b68dd3f-1fec-2ad9-0153-971ebb6fd601" testName="QualityIncreasesForAgedBrie" computerName="WS-KWILLIAMS" duration="00:00:00.0002605" startTime="2012-10-08T08:33:37.2471142-04:00" endTime="2012-10-08T08:33:37.2471142-04:00" testType="13cdc9d9-ddb5-4fa4-a97d-d965ccfc6d4b" outcome="Passed" testListId="8c84fa94-04c1-424b-9868-57a2d4851a1d" relativeResultsDirectory="69661897-6a01-4ab6-9d57-54d1003be2f8">
    </UnitTestResult>
    <UnitTestResult executionId="f0855b44-64ee-46bc-bb89-4197c00dee20" testId="591af166-1b4a-0984-7eee-62898709dd3e" testName="GetStrategyReturnsBackStagePassQualityStrategyForBackstagePass" computerName="WS-KWILLIAMS" duration="00:00:00.0001809" startTime="2012-10-08T08:33:37.2471142-04:00" endTime="2012-10-08T08:33:37.2471142-04:00" testType="13cdc9d9-ddb5-4fa4-a97d-d965ccfc6d4b" outcome="Passed" testListId="8c84fa94-04c1-424b-9868-57a2d4851a1d" relativeResultsDirectory="f0855b44-64ee-46bc-bb89-4197c00dee20">
    </UnitTestResult>
    <UnitTestResult executionId="7646a14f-3c21-499e-a81e-86a9213052ec" testId="6f34fb8c-d619-23b1-a2b3-dde4c73ea402" testName="BackstagePassQualityDropsToZeroAfterTheConcert" computerName="WS-KWILLIAMS" duration="00:00:00.0002371" startTime="2012-10-08T08:33:37.2627148-04:00" endTime="2012-10-08T08:33:37.2627148-04:00" testType="13cdc9d9-ddb5-4fa4-a97d-d965ccfc6d4b" outcome="Passed" testListId="8c84fa94-04c1-424b-9868-57a2d4851a1d" relativeResultsDirectory="7646a14f-3c21-499e-a81e-86a9213052ec">
    </UnitTestResult>
    <UnitTestResult executionId="05a5110e-9bf9-4269-8524-062019c1783d" testId="71dcff6b-e732-6c33-e5a1-85ca528032ee" testName="GetStrategyReturnsConjuredQualityStrategyForConjured" computerName="WS-KWILLIAMS" duration="00:00:00.0002301" startTime="2012-10-08T08:33:37.2627148-04:00" endTime="2012-10-08T08:33:37.2627148-04:00" testType="13cdc9d9-ddb5-4fa4-a97d-d965ccfc6d4b" outcome="Passed" testListId="8c84fa94-04c1-424b-9868-57a2d4851a1d" relativeResultsDirectory="05a5110e-9bf9-4269-8524-062019c1783d">
    </UnitTestResult>
    <UnitTestResult executionId="9a612e86-1990-4d6f-aa1d-5f20673f8512" testId="8bd11791-be6f-6bbc-2cd3-f330033d64da" testName="GetStrategyReturnsAgedBrieQualityStrategyForAgedBrie" computerName="WS-KWILLIAMS" duration="00:00:00.0002659" startTime="2012-10-08T08:33:37.2627148-04:00" endTime="2012-10-08T08:33:37.2627148-04:00" testType="13cdc9d9-ddb5-4fa4-a97d-d965ccfc6d4b" outcome="Passed" testListId="8c84fa94-04c1-424b-9868-57a2d4851a1d" relativeResultsDirectory="9a612e86-1990-4d6f-aa1d-5f20673f8512">
    </UnitTestResult>
    <UnitTestResult executionId="7432e35d-6bf2-41ac-8ae2-8c8da69fad87" testId="99e8fe7a-2dc4-b8bf-5973-f43514db8194" testName="DoesNotChange" computerName="WS-KWILLIAMS" duration="00:00:00.0003025" startTime="2012-10-08T08:33:37.2627148-04:00" endTime="2012-10-08T08:33:37.2783154-04:00" testType="13cdc9d9-ddb5-4fa4-a97d-d965ccfc6d4b" outcome="Passed" testListId="8c84fa94-04c1-424b-9868-57a2d4851a1d" relativeResultsDirectory="7432e35d-6bf2-41ac-8ae2-8c8da69fad87">
    </UnitTestResult>
    <UnitTestResult executionId="0011f03c-4a13-4b45-8a82-ce6ccc1c7178" testId="a03dd018-0c3a-2404-bcea-96a308115063" testName="QualityOfAnItemIsNeverGreaterThanFifty" computerName="WS-KWILLIAMS" duration="00:00:00.0002394" startTime="2012-10-08T08:33:37.2783154-04:00" endTime="2012-10-08T08:33:37.2783154-04:00" testType="13cdc9d9-ddb5-4fa4-a97d-d965ccfc6d4b" outcome="Passed" testListId="8c84fa94-04c1-424b-9868-57a2d4851a1d" relativeResultsDirectory="0011f03c-4a13-4b45-8a82-ce6ccc1c7178">
    </UnitTestResult>
    <UnitTestResult executionId="45c8f327-e5d6-4282-97c4-cdfb05034df3" testId="a37a26e5-3251-eae2-41ab-cfde8e82534c" testName="SulfurasNeverHasToBeSold" computerName="WS-KWILLIAMS" duration="00:00:00.0003471" startTime="2012-10-08T08:33:37.2783154-04:00" endTime="2012-10-08T08:33:37.2783154-04:00" testType="13cdc9d9-ddb5-4fa4-a97d-d965ccfc6d4b" outcome="Passed" testListId="8c84fa94-04c1-424b-9868-57a2d4851a1d" relativeResultsDirectory="45c8f327-e5d6-4282-97c4-cdfb05034df3">
    </UnitTestResult>
    <UnitTestResult executionId="3365b4df-e50c-46e3-a83e-22c14478173c" testId="a6be764d-4c17-7d50-b4ca-a609322a855f" testName="QualityIncreasesByOne" computerName="WS-KWILLIAMS" duration="00:00:00.0001701" startTime="2012-10-08T08:33:37.2783154-04:00" endTime="2012-10-08T08:33:37.2783154-04:00" testType="13cdc9d9-ddb5-4fa4-a97d-d965ccfc6d4b" outcome="Passed" testListId="8c84fa94-04c1-424b-9868-57a2d4851a1d" relativeResultsDirectory="3365b4df-e50c-46e3-a83e-22c14478173c">
    </UnitTestResult>
    <UnitTestResult executionId="b956923d-2d87-4d45-b567-463bef5d2517" testId="a94384c9-d8f1-b3d7-95cb-392fdb62625f" testName="GetStrategyReturnsSulfurasQualityStrategyForSulfuras" computerName="WS-KWILLIAMS" duration="00:00:00.0001732" startTime="2012-10-08T08:33:37.2939160-04:00" endTime="2012-10-08T08:33:37.2939160-04:00" testType="13cdc9d9-ddb5-4fa4-a97d-d965ccfc6d4b" outcome="Passed" testListId="8c84fa94-04c1-424b-9868-57a2d4851a1d" relativeResultsDirectory="b956923d-2d87-4d45-b567-463bef5d2517">
    </UnitTestResult>
    <UnitTestResult executionId="73a9ae39-34af-4c69-8712-f03f9e2d6833" testId="b2d28e5c-02f2-7621-be11-937a94c7f399" testName="QualityIncreasesByTwoWhenSellInIsWithinSixAndTenDays" computerName="WS-KWILLIAMS" duration="00:00:00.0001951" startTime="2012-10-08T08:33:37.2939160-04:00" endTime="2012-10-08T08:33:37.2939160-04:00" testType="13cdc9d9-ddb5-4fa4-a97d-d965ccfc6d4b" outcome="Passed" testListId="8c84fa94-04c1-424b-9868-57a2d4851a1d" relativeResultsDirectory="73a9ae39-34af-4c69-8712-f03f9e2d6833">
    </UnitTestResult>
    <UnitTestResult executionId="54a480ee-900a-451b-b4c6-de0b414e35ed" testId="b9f52232-1b74-369c-c28a-1648794ca68b" testName="QualityDecreasesByFourWhenSellInIsGreaterThanOrEqualToZero" computerName="WS-KWILLIAMS" duration="00:00:00.0003864" startTime="2012-10-08T08:33:37.2939160-04:00" endTime="2012-10-08T08:33:37.2939160-04:00" testType="13cdc9d9-ddb5-4fa4-a97d-d965ccfc6d4b" outcome="Passed" testListId="8c84fa94-04c1-424b-9868-57a2d4851a1d" relativeResultsDirectory="54a480ee-900a-451b-b4c6-de0b414e35ed">
    </UnitTestResult>
    <UnitTestResult executionId="df7458f2-83d1-4242-83de-111112da5e83" testId="bb03be4f-ea91-5112-a71b-22043a2e65b7" testName="GetStrategyReturnsAgedBrieQualityStrategyForAgedBrie" computerName="WS-KWILLIAMS" duration="00:00:00.0001751" startTime="2012-10-08T08:33:37.2939160-04:00" endTime="2012-10-08T08:33:37.3095166-04:00" testType="13cdc9d9-ddb5-4fa4-a97d-d965ccfc6d4b" outcome="Passed" testListId="8c84fa94-04c1-424b-9868-57a2d4851a1d" relativeResultsDirectory="df7458f2-83d1-4242-83de-111112da5e83">
    </UnitTestResult>
    <UnitTestResult executionId="27c28765-c3d2-4d50-8265-34613ec00d07" testId="bc190aaf-2fb3-0b3d-4043-9372d7d4d5e1" testName="SulfurasNeverDegrades" computerName="WS-KWILLIAMS" duration="00:00:00.0002398" startTime="2012-10-08T08:33:37.3095166-04:00" endTime="2012-10-08T08:33:37.3095166-04:00" testType="13cdc9d9-ddb5-4fa4-a97d-d965ccfc6d4b" outcome="Passed" testListId="8c84fa94-04c1-424b-9868-57a2d4851a1d" relativeResultsDirectory="27c28765-c3d2-4d50-8265-34613ec00d07">
    </UnitTestResult>
    <UnitTestResult executionId="cc248750-31e2-4485-978c-5d43b246cc11" testId="bce909f7-89d6-f9a2-5398-ce34d52550d5" testName="SellInForBackstagePassDecreasesByOne" computerName="WS-KWILLIAMS" duration="00:00:00.0002294" startTime="2012-10-08T08:33:37.3095166-04:00" endTime="2012-10-08T08:33:37.3095166-04:00" testType="13cdc9d9-ddb5-4fa4-a97d-d965ccfc6d4b" outcome="Passed" testListId="8c84fa94-04c1-424b-9868-57a2d4851a1d" relativeResultsDirectory="cc248750-31e2-4485-978c-5d43b246cc11">
    </UnitTestResult>
    <UnitTestResult executionId="a0587a82-2916-423b-ac8d-1fed002b5031" testId="bf6924ff-32b9-e2c3-9658-0cd3f426ce9a" testName="QualityDecreasesByTwoWhenSellInIsGreaterThanOrEqualToZero" computerName="WS-KWILLIAMS" duration="00:00:00.0001782" startTime="2012-10-08T08:33:37.3095166-04:00" endTime="2012-10-08T08:33:37.3095166-04:00" testType="13cdc9d9-ddb5-4fa4-a97d-d965ccfc6d4b" outcome="Passed" testListId="8c84fa94-04c1-424b-9868-57a2d4851a1d" relativeResultsDirectory="a0587a82-2916-423b-ac8d-1fed002b5031">
    </UnitTestResult>
    <UnitTestResult executionId="52dd7084-d9a7-48b2-a713-a1b9dfe4cdd1" testId="c14da039-df56-a14b-dda5-b66cb3117dc3" testName="QualityDoesNotGoAboveFiftyWhenSellInIsGreaterThanTenDays" computerName="WS-KWILLIAMS" duration="00:00:00.0001805" startTime="2012-10-08T08:33:37.3251172-04:00" endTime="2012-10-08T08:33:37.3251172-04:00" testType="13cdc9d9-ddb5-4fa4-a97d-d965ccfc6d4b" outcome="Passed" testListId="8c84fa94-04c1-424b-9868-57a2d4851a1d" relativeResultsDirectory="52dd7084-d9a7-48b2-a713-a1b9dfe4cdd1">
    </UnitTestResult>
    <UnitTestResult executionId="f4ea4987-ec61-422b-9ded-75e5ed3d0e11" testId="c33c3c45-bc58-e8ef-1cab-996cda5c4ccc" testName="DecreasesByOne" computerName="WS-KWILLIAMS" duration="00:00:00.0002536" startTime="2012-10-08T08:33:37.3251172-04:00" endTime="2012-10-08T08:33:37.3251172-04:00" testType="13cdc9d9-ddb5-4fa4-a97d-d965ccfc6d4b" outcome="Passed" testListId="8c84fa94-04c1-424b-9868-57a2d4851a1d" relativeResultsDirectory="f4ea4987-ec61-422b-9ded-75e5ed3d0e11">
    </UnitTestResult>
    <UnitTestResult executionId="2d0f42c2-5818-4540-84ad-d72a5e0afe37" testId="ca2989b2-7ee6-b36e-f08f-8f4a3814fa57" testName="SellInForAgedBrieDecreasesByOne" computerName="WS-KWILLIAMS" duration="00:00:00.0002444" startTime="2012-10-08T08:33:37.3251172-04:00" endTime="2012-10-08T08:33:37.3251172-04:00" testType="13cdc9d9-ddb5-4fa4-a97d-d965ccfc6d4b" outcome="Passed" testListId="8c84fa94-04c1-424b-9868-57a2d4851a1d" relativeResultsDirectory="2d0f42c2-5818-4540-84ad-d72a5e0afe37">
    </UnitTestResult>
    <UnitTestResult executionId="6ae83c3b-8dee-4150-b195-fe14dc6fd0d8" testId="ccd557cb-8d5e-3d46-06e4-fe4b0bc2858f" testName="SellInForNormalItemDecreasesByOne" computerName="WS-KWILLIAMS" duration="00:00:00.0002451" startTime="2012-10-08T08:33:37.3251172-04:00" endTime="2012-10-08T08:33:37.3251172-04:00" testType="13cdc9d9-ddb5-4fa4-a97d-d965ccfc6d4b" outcome="Passed" testListId="8c84fa94-04c1-424b-9868-57a2d4851a1d" relativeResultsDirectory="6ae83c3b-8dee-4150-b195-fe14dc6fd0d8">
    </UnitTestResult>
    <UnitTestResult executionId="f31ce80e-96ae-48d2-88db-f76ff0d64662" testId="ce413595-969f-4836-93d1-a32f53d7aed8" testName="BackstagePassQualityStaysTheSameUntilTenDays" computerName="WS-KWILLIAMS" duration="00:00:00.0115539" startTime="2012-10-08T08:33:37.3407178-04:00" endTime="2012-10-08T08:33:37.3407178-04:00" testType="13cdc9d9-ddb5-4fa4-a97d-d965ccfc6d4b" outcome="Failed" testListId="8c84fa94-04c1-424b-9868-57a2d4851a1d" relativeResultsDirectory="f31ce80e-96ae-48d2-88db-f76ff0d64662">
      <Output>
        <ErrorInfo>
          <Message>Assert.AreEqual failed. Expected:&lt;10&gt;. Actual:&lt;20&gt;. </Message>
          <StackTrace>   at GildedRose.UnitTests.GildedRoseProcessorTests.BackstagePassQualityStaysTheSameUntilTenDays() in C:\Users\kwilliams\Downloads\NotMyself-GildedRose-v1.0-3-gccb50d0\NotMyself-GildedRose-ccb50d0\src\GildedRoses.UnitTests\GildedRoseProcessorTests.cs:line 150
</StackTrace>
        </ErrorInfo>
      </Output>
    </UnitTestResult>
    <UnitTestResult executionId="c2d415c1-07dd-4555-80e9-c56e674cfef6" testId="cecebdfe-6d27-291a-2de2-48893f597415" testName="QualityDoesNotGoAboveFiftyWhenSellInIsWithinSixAndTenDays" computerName="WS-KWILLIAMS" duration="00:00:00.0001959" startTime="2012-10-08T08:33:37.3563184-04:00" endTime="2012-10-08T08:33:37.3563184-04:00" testType="13cdc9d9-ddb5-4fa4-a97d-d965ccfc6d4b" outcome="Passed" testListId="8c84fa94-04c1-424b-9868-57a2d4851a1d" relativeResultsDirectory="c2d415c1-07dd-4555-80e9-c56e674cfef6">
    </UnitTestResult>
    <UnitTestResult executionId="4f1fe36d-b520-4f20-9c3f-ba4032a660ca" testId="debe6527-36f9-32d2-7126-5f2a10b9915c" testName="QualityIncreasesByOneWhenSellInIsGreaterThanTenDays" computerName="WS-KWILLIAMS" duration="00:00:00.0001786" startTime="2012-10-08T08:33:37.3563184-04:00" endTime="2012-10-08T08:33:37.3563184-04:00" testType="13cdc9d9-ddb5-4fa4-a97d-d965ccfc6d4b" outcome="Passed" testListId="8c84fa94-04c1-424b-9868-57a2d4851a1d" relativeResultsDirectory="4f1fe36d-b520-4f20-9c3f-ba4032a660ca">
    </UnitTestResult>
    <UnitTestResult executionId="a6845451-a870-403b-94d5-9a940f2d26f3" testId="e343510d-1cbf-7e51-ccf4-d82793d7feae" testName="QualityIncreasesByThreeWhenSellInIsWithinZeroAndFiveDays" computerName="WS-KWILLIAMS" duration="00:00:00.0001866" startTime="2012-10-08T08:33:37.3563184-04:00" endTime="2012-10-08T08:33:37.3563184-04:00" testType="13cdc9d9-ddb5-4fa4-a97d-d965ccfc6d4b" outcome="Passed" testListId="8c84fa94-04c1-424b-9868-57a2d4851a1d" relativeResultsDirectory="a6845451-a870-403b-94d5-9a940f2d26f3">
    </UnitTestResult>
    <UnitTestResult executionId="3d6e6f9a-3ce3-4849-a68d-4a6210902362" testId="e4f833c7-13fe-b064-7135-20b5f97c6d5d" testName="QualityDoesNotChange" computerName="WS-KWILLIAMS" duration="00:00:00.0002782" startTime="2012-10-08T08:33:37.3563184-04:00" endTime="2012-10-08T08:33:37.3719190-04:00" testType="13cdc9d9-ddb5-4fa4-a97d-d965ccfc6d4b" outcome="Passed" testListId="8c84fa94-04c1-424b-9868-57a2d4851a1d" relativeResultsDirectory="3d6e6f9a-3ce3-4849-a68d-4a6210902362">
    </UnitTestResult>
    <UnitTestResult executionId="a6c9e19c-763c-41f4-8d9b-028f367e0ed6" testId="f835aa2c-fcac-adc6-42e6-7298b1ae58dc" testName="ConjuredItemsDegradeInQualityTwiceAsFastAsNormalItems" computerName="WS-KWILLIAMS" duration="00:00:00.0002328" startTime="2012-10-08T08:33:37.3719190-04:00" endTime="2012-10-08T08:33:37.3719190-04:00" testType="13cdc9d9-ddb5-4fa4-a97d-d965ccfc6d4b" outcome="Passed" testListId="8c84fa94-04c1-424b-9868-57a2d4851a1d" relativeResultsDirectory="a6c9e19c-763c-41f4-8d9b-028f367e0ed6">
    </UnitTestResult>
  </Results>
</TestRun>