<?xml version="1.0" encoding="UTF-8"?>
<TestRun id="94af5606-bfc3-47a9-830f-af7e1d638669" name="kwilliams@WS-KWILLIAMS 2012-10-11 12:56:55" runUser="CCS\kwilliams" xmlns="http://microsoft.com/schemas/VisualStudio/TeamTest/2010">
  <TestSettings name="Local" id="a1caf380-46cb-40ec-bf71-1f09af674c7e">
    <Description>These are default test settings for a local test run.</Description>
    <Deployment enabled="false" runDeploymentRoot="kwilliams_WS-KWILLIAMS 2012-10-11 12_56_55">
      <DeploymentItem filename="C:\Users\kwilliams\Downloads\NotMyself-GildedRose-v1.0-3-gccb50d0\NotMyself-GildedRose-ccb50d0\src\GildedRose.Core\bin\Debug\GildedRose.Core.dll" />
    </Deployment>
    <Execution>
      <TestTypeSpecific />
      <AgentRule name="Execution Agents">
      </AgentRule>
    </Execution>
  </TestSettings>
  <Times creation="2012-10-11T12:56:55.2875810-04:00" queuing="2012-10-11T12:56:55.7214071-04:00" start="2012-10-11T12:56:55.7682089-04:00" finish="2012-10-11T12:56:56.2518275-04:00" />
  <ResultSummary outcome="Completed">
    <Counters total="37" executed="37" passed="37" error="0" failed="0" timeout="0" aborted="0" inconclusive="0" passedButRunAborted="0" notRunnable="0" notExecuted="0" disconnected="0" warning="0" completed="0" inProgress="0" pending="0" />
  </ResultSummary>
  <TestDefinitions>
    <UnitTest name="ConjuredItemsDegradeInQualityTwiceAsFastAsNormalItems" storage="c:\users\kwilliams\downloads\notmyself-gildedrose-v1.0-3-gccb50d0\notmyself-gildedrose-ccb50d0\src\gildedrose.unittests\bin\debug\gildedrose.unittests.dll" id="f835aa2c-fcac-adc6-42e6-7298b1ae58dc">
      <Execution id="e53dff71-b16f-4fed-b23d-c78987ab0066" />
      <TestMethod codeBase="C:/Users/kwilliams/Downloads/NotMyself-GildedRose-v1.0-3-gccb50d0/NotMyself-GildedRose-ccb50d0/src/GildedRose.UnitTests/bin/Debug/GildedRose.UnitTests.DLL" adapterTypeName="Microsoft.VisualStudio.TestTools.TestTypes.Unit.UnitTestAdapter, Microsoft.VisualStudio.QualityTools.Tips.UnitTest.Adapter, Version=10.0.0.0, Culture=neutral, PublicKeyToken=b03f5f7f11d50a3a" className="GildedRose.UnitTests.GildedRoseProcessorTests, GildedRose.UnitTests, Version=1.0.0.0, Culture=neutral, PublicKeyToken=null" name="ConjuredItemsDegradeInQualityTwiceAsFastAsNormalItems" />
    </UnitTest>
    <UnitTest name="SellInForConjuredDecreasesByOne" storage="c:\users\kwilliams\downloads\notmyself-gildedrose-v1.0-3-gccb50d0\notmyself-gildedrose-ccb50d0\src\gildedrose.unittests\bin\debug\gildedrose.unittests.dll" id="123bb257-3032-3f4f-ef39-48d1e6e4bb3a">
      <Execution id="02c18a28-d913-4715-ad19-f382be369de8" />
      <TestMethod codeBase="C:/Users/kwilliams/Downloads/NotMyself-GildedRose-v1.0-3-gccb50d0/NotMyself-GildedRose-ccb50d0/src/GildedRose.UnitTests/bin/Debug/GildedRose.UnitTests.DLL" adapterTypeName="Microsoft.VisualStudio.TestTools.TestTypes.Unit.UnitTestAdapter, Microsoft.VisualStudio.QualityTools.Tips.UnitTest.Adapter, Version=10.0.0.0, Culture=neutral, PublicKeyToken=b03f5f7f11d50a3a" className="GildedRose.UnitTests.GildedRoseProcessorTests, GildedRose.UnitTests, Version=1.0.0.0, Culture=neutral, PublicKeyToken=null" name="SellInForConjuredDecreasesByOne" />
    </UnitTest>
    <UnitTest name="BackstagePassQualityIncreasesByOneTenDays" storage="c:\users\kwilliams\downloads\notmyself-gildedrose-v1.0-3-gccb50d0\notmyself-gildedrose-ccb50d0\src\gildedrose.unittests\bin\debug\gildedrose.unittests.dll" id="e294a53a-8e48-f045-9dcf-c925acdd4191">
      <Execution id="172b9f20-a6b3-4f6b-8d64-c59980eaf31d" />
      <TestMethod codeBase="C:/Users/kwilliams/Downloads/NotMyself-GildedRose-v1.0-3-gccb50d0/NotMyself-GildedRose-ccb50d0/src/GildedRose.UnitTests/bin/Debug/GildedRose.UnitTests.DLL" adapterTypeName="Microsoft.VisualStudio.TestTools.TestTypes.Unit.UnitTestAdapter, Microsoft.VisualStudio.QualityTools.Tips.UnitTest.Adapter, Version=10.0.0.0, Culture=neutral, PublicKeyToken=b03f5f7f11d50a3a" className="GildedRose.UnitTests.GildedRoseProcessorTests, GildedRose.UnitTests, Version=1.0.0.0, Culture=neutral, PublicKeyToken=null" name="BackstagePassQualityIncreasesByOneTenDays" />
    </UnitTest>
    <UnitTest name="QualityDecreasesByOneWhenSellInIsGreaterThanOrEqualToZero" storage="c:\users\kwilliams\downloads\notmyself-gildedrose-v1.0-3-gccb50d0\notmyself-gildedrose-ccb50d0\src\gildedrose.unittests\bin\debug\gildedrose.unittests.dll" id="91659e9d-b956-f36a-a54e-9014b8c300dc">
      <Execution id="fe5fef70-d4e2-44c3-a28a-55ae23a0ff80" />
      <TestMethod codeBase="C:/Users/kwilliams/Downloads/NotMyself-GildedRose-v1.0-3-gccb50d0/NotMyself-GildedRose-ccb50d0/src/GildedRose.UnitTests/bin/Debug/GildedRose.UnitTests.DLL" adapterTypeName="Microsoft.VisualStudio.TestTools.TestTypes.Unit.UnitTestAdapter, Microsoft.VisualStudio.QualityTools.Tips.UnitTest.Adapter, Version=10.0.0.0, Culture=neutral, PublicKeyToken=b03f5f7f11d50a3a" className="GildedRose.UnitTests.Strategies.Quality.DefaultQualityStrategyTests, GildedRose.UnitTests, Version=1.0.0.0, Culture=neutral, PublicKeyToken=null" name="QualityDecreasesByOneWhenSellInIsGreaterThanOrEqualToZero" />
    </UnitTest>
    <UnitTest name="QualityIncreasesByThreeWhenSellInIsWithinZeroAndFiveDays" storage="c:\users\kwilliams\downloads\notmyself-gildedrose-v1.0-3-gccb50d0\notmyself-gildedrose-ccb50d0\src\gildedrose.unittests\bin\debug\gildedrose.unittests.dll" id="fd710335-74a2-9199-7500-1eedb55c28d9">
      <Execution id="18a228ff-d32f-4f3c-867a-3c03350f713c" />
      <TestMethod codeBase="C:/Users/kwilliams/Downloads/NotMyself-GildedRose-v1.0-3-gccb50d0/NotMyself-GildedRose-ccb50d0/src/GildedRose.UnitTests/bin/Debug/GildedRose.UnitTests.DLL" adapterTypeName="Microsoft.VisualStudio.TestTools.TestTypes.Unit.UnitTestAdapter, Microsoft.VisualStudio.QualityTools.Tips.UnitTest.Adapter, Version=10.0.0.0, Culture=neutral, PublicKeyToken=b03f5f7f11d50a3a" className="GildedRose.UnitTests.Strategies.Quality.BackstagePassQualityStrategyTests, GildedRose.UnitTests, Version=1.0.0.0, Culture=neutral, PublicKeyToken=null" name="QualityIncreasesByThreeWhenSellInIsWithinZeroAndFiveDays" />
    </UnitTest>
    <UnitTest name="GetStrategyReturnsAgedBrieQualityStrategyForAgedBrie" storage="c:\users\kwilliams\downloads\notmyself-gildedrose-v1.0-3-gccb50d0\notmyself-gildedrose-ccb50d0\src\gildedrose.unittests\bin\debug\gildedrose.unittests.dll" id="f917dd1b-9ac7-0f85-3d24-2af61a929d22">
      <Execution id="6be4579b-5ac0-46ce-a372-08c3a6f2617f" />
      <TestMethod codeBase="C:/Users/kwilliams/Downloads/NotMyself-GildedRose-v1.0-3-gccb50d0/NotMyself-GildedRose-ccb50d0/src/GildedRose.UnitTests/bin/Debug/GildedRose.UnitTests.DLL" adapterTypeName="Microsoft.VisualStudio.TestTools.TestTypes.Unit.UnitTestAdapter, Microsoft.VisualStudio.QualityTools.Tips.UnitTest.Adapter, Version=10.0.0.0, Culture=neutral, PublicKeyToken=b03f5f7f11d50a3a" className="GildedRose.UnitTests.Strategies.Quality.QualityStrategyFactoryTests, GildedRose.UnitTests, Version=1.0.0.0, Culture=neutral, PublicKeyToken=null" name="GetStrategyReturnsAgedBrieQualityStrategyForAgedBrie" />
    </UnitTest>
    <UnitTest name="QualityDecreasesByTwoWhenSellInIsGreaterThanOrEqualToZero" storage="c:\users\kwilliams\downloads\notmyself-gildedrose-v1.0-3-gccb50d0\notmyself-gildedrose-ccb50d0\src\gildedrose.unittests\bin\debug\gildedrose.unittests.dll" id="2c3af66c-872d-29ec-d9d5-610aa9ac5010">
      <Execution id="086aba22-3a1c-454f-bb3c-a1989585ae10" />
      <TestMethod codeBase="C:/Users/kwilliams/Downloads/NotMyself-GildedRose-v1.0-3-gccb50d0/NotMyself-GildedRose-ccb50d0/src/GildedRose.UnitTests/bin/Debug/GildedRose.UnitTests.DLL" adapterTypeName="Microsoft.VisualStudio.TestTools.TestTypes.Unit.UnitTestAdapter, Microsoft.VisualStudio.QualityTools.Tips.UnitTest.Adapter, Version=10.0.0.0, Culture=neutral, PublicKeyToken=b03f5f7f11d50a3a" className="GildedRose.UnitTests.Strategies.Quality.ConjuredQualityStrategyTests, GildedRose.UnitTests, Version=1.0.0.0, Culture=neutral, PublicKeyToken=null" name="QualityDecreasesByTwoWhenSellInIsGreaterThanOrEqualToZero" />
    </UnitTest>
    <UnitTest name="QualityDoesNotGoAboveFiftyWhenSellInIsGreaterThanTenDays" storage="c:\users\kwilliams\downloads\notmyself-gildedrose-v1.0-3-gccb50d0\notmyself-gildedrose-ccb50d0\src\gildedrose.unittests\bin\debug\gildedrose.unittests.dll" id="e9f7a96e-540e-33c6-dbe4-02974f47e82a">
      <Execution id="894c5e9d-5eaf-4ba4-8523-e2bcb6f9ebad" />
      <TestMethod codeBase="C:/Users/kwilliams/Downloads/NotMyself-GildedRose-v1.0-3-gccb50d0/NotMyself-GildedRose-ccb50d0/src/GildedRose.UnitTests/bin/Debug/GildedRose.UnitTests.DLL" adapterTypeName="Microsoft.VisualStudio.TestTools.TestTypes.Unit.UnitTestAdapter, Microsoft.VisualStudio.QualityTools.Tips.UnitTest.Adapter, Version=10.0.0.0, Culture=neutral, PublicKeyToken=b03f5f7f11d50a3a" className="GildedRose.UnitTests.Strategies.Quality.BackstagePassQualityStrategyTests, GildedRose.UnitTests, Version=1.0.0.0, Culture=neutral, PublicKeyToken=null" name="QualityDoesNotGoAboveFiftyWhenSellInIsGreaterThanTenDays" />
    </UnitTest>
    <UnitTest name="QualityDoesNotGoAboveFiftyWhenSellInIsWithinZeroAndFiveDays" storage="c:\users\kwilliams\downloads\notmyself-gildedrose-v1.0-3-gccb50d0\notmyself-gildedrose-ccb50d0\src\gildedrose.unittests\bin\debug\gildedrose.unittests.dll" id="82110a26-b684-2691-3066-06093ea9fcce">
      <Execution id="6726089d-7886-48b0-9e46-e212f41cc3c2" />
      <TestMethod codeBase="C:/Users/kwilliams/Downloads/NotMyself-GildedRose-v1.0-3-gccb50d0/NotMyself-GildedRose-ccb50d0/src/GildedRose.UnitTests/bin/Debug/GildedRose.UnitTests.DLL" adapterTypeName="Microsoft.VisualStudio.TestTools.TestTypes.Unit.UnitTestAdapter, Microsoft.VisualStudio.QualityTools.Tips.UnitTest.Adapter, Version=10.0.0.0, Culture=neutral, PublicKeyToken=b03f5f7f11d50a3a" className="GildedRose.UnitTests.Strategies.Quality.BackstagePassQualityStrategyTests, GildedRose.UnitTests, Version=1.0.0.0, Culture=neutral, PublicKeyToken=null" name="QualityDoesNotGoAboveFiftyWhenSellInIsWithinZeroAndFiveDays" />
    </UnitTest>
    <UnitTest name="SellInForNormalItemDecreasesByOne" storage="c:\users\kwilliams\downloads\notmyself-gildedrose-v1.0-3-gccb50d0\notmyself-gildedrose-ccb50d0\src\gildedrose.unittests\bin\debug\gildedrose.unittests.dll" id="ccd557cb-8d5e-3d46-06e4-fe4b0bc2858f">
      <Execution id="9ee9eb38-d30b-41b6-a461-a71b8469f0ab" />
      <TestMethod codeBase="C:/Users/kwilliams/Downloads/NotMyself-GildedRose-v1.0-3-gccb50d0/NotMyself-GildedRose-ccb50d0/src/GildedRose.UnitTests/bin/Debug/GildedRose.UnitTests.DLL" adapterTypeName="Microsoft.VisualStudio.TestTools.TestTypes.Unit.UnitTestAdapter, Microsoft.VisualStudio.QualityTools.Tips.UnitTest.Adapter, Version=10.0.0.0, Culture=neutral, PublicKeyToken=b03f5f7f11d50a3a" className="GildedRose.UnitTests.GildedRoseProcessorTests, GildedRose.UnitTests, Version=1.0.0.0, Culture=neutral, PublicKeyToken=null" name="SellInForNormalItemDecreasesByOne" />
    </UnitTest>
    <UnitTest name="QualityDoesNotChange" storage="c:\users\kwilliams\downloads\notmyself-gildedrose-v1.0-3-gccb50d0\notmyself-gildedrose-ccb50d0\src\gildedrose.unittests\bin\debug\gildedrose.unittests.dll" id="23e7d37e-66a2-3cbb-92a7-931caccc3af7">
      <Execution id="19ea1875-630f-4c04-b97d-22989a1fe90f" />
      <TestMethod codeBase="C:/Users/kwilliams/Downloads/NotMyself-GildedRose-v1.0-3-gccb50d0/NotMyself-GildedRose-ccb50d0/src/GildedRose.UnitTests/bin/Debug/GildedRose.UnitTests.DLL" adapterTypeName="Microsoft.VisualStudio.TestTools.TestTypes.Unit.UnitTestAdapter, Microsoft.VisualStudio.QualityTools.Tips.UnitTest.Adapter, Version=10.0.0.0, Culture=neutral, PublicKeyToken=b03f5f7f11d50a3a" className="GildedRose.UnitTests.Strategies.Quality.SulfurasQualityStrategyTests, GildedRose.UnitTests, Version=1.0.0.0, Culture=neutral, PublicKeyToken=null" name="QualityDoesNotChange" />
    </UnitTest>
    <UnitTest name="BackstagePassQualityDropsToZeroAfterTheConcert" storage="c:\users\kwilliams\downloads\notmyself-gildedrose-v1.0-3-gccb50d0\notmyself-gildedrose-ccb50d0\src\gildedrose.unittests\bin\debug\gildedrose.unittests.dll" id="6f34fb8c-d619-23b1-a2b3-dde4c73ea402">
      <Execution id="3e727460-d7c9-43d9-996d-bb8c87584b7a" />
      <TestMethod codeBase="C:/Users/kwilliams/Downloads/NotMyself-GildedRose-v1.0-3-gccb50d0/NotMyself-GildedRose-ccb50d0/src/GildedRose.UnitTests/bin/Debug/GildedRose.UnitTests.DLL" adapterTypeName="Microsoft.VisualStudio.TestTools.TestTypes.Unit.UnitTestAdapter, Microsoft.VisualStudio.QualityTools.Tips.UnitTest.Adapter, Version=10.0.0.0, Culture=neutral, PublicKeyToken=b03f5f7f11d50a3a" className="GildedRose.UnitTests.GildedRoseProcessorTests, GildedRose.UnitTests, Version=1.0.0.0, Culture=neutral, PublicKeyToken=null" name="BackstagePassQualityDropsToZeroAfterTheConcert" />
    </UnitTest>
    <UnitTest name="QualityIncreasesByOneWhenSellInIsGreaterThanTenDays" storage="c:\users\kwilliams\downloads\notmyself-gildedrose-v1.0-3-gccb50d0\notmyself-gildedrose-ccb50d0\src\gildedrose.unittests\bin\debug\gildedrose.unittests.dll" id="84dffe5e-ab0e-0858-1ab2-035e8b0950d9">
      <Execution id="d82d63b9-4bc1-4f4d-95a6-0bde4334b185" />
      <TestMethod codeBase="C:/Users/kwilliams/Downloads/NotMyself-GildedRose-v1.0-3-gccb50d0/NotMyself-GildedRose-ccb50d0/src/GildedRose.UnitTests/bin/Debug/GildedRose.UnitTests.DLL" adapterTypeName="Microsoft.VisualStudio.TestTools.TestTypes.Unit.UnitTestAdapter, Microsoft.VisualStudio.QualityTools.Tips.UnitTest.Adapter, Version=10.0.0.0, Culture=neutral, PublicKeyToken=b03f5f7f11d50a3a" className="GildedRose.UnitTests.Strategies.Quality.BackstagePassQualityStrategyTests, GildedRose.UnitTests, Version=1.0.0.0, Culture=neutral, PublicKeyToken=null" name="QualityIncreasesByOneWhenSellInIsGreaterThanTenDays" />
    </UnitTest>
    <UnitTest name="QualityDoesNotGoAboveFiftyWhenSellInIsWithinSixAndTenDays" storage="c:\users\kwilliams\downloads\notmyself-gildedrose-v1.0-3-gccb50d0\notmyself-gildedrose-ccb50d0\src\gildedrose.unittests\bin\debug\gildedrose.unittests.dll" id="029b7842-0b0f-715b-7a9c-149bdd2e4876">
      <Execution id="87f0dd4c-0e7d-4856-82e6-96109c42a9d7" />
      <TestMethod codeBase="C:/Users/kwilliams/Downloads/NotMyself-GildedRose-v1.0-3-gccb50d0/NotMyself-GildedRose-ccb50d0/src/GildedRose.UnitTests/bin/Debug/GildedRose.UnitTests.DLL" adapterTypeName="Microsoft.VisualStudio.TestTools.TestTypes.Unit.UnitTestAdapter, Microsoft.VisualStudio.QualityTools.Tips.UnitTest.Adapter, Version=10.0.0.0, Culture=neutral, PublicKeyToken=b03f5f7f11d50a3a" className="GildedRose.UnitTests.Strategies.Quality.BackstagePassQualityStrategyTests, GildedRose.UnitTests, Version=1.0.0.0, Culture=neutral, PublicKeyToken=null" name="QualityDoesNotGoAboveFiftyWhenSellInIsWithinSixAndTenDays" />
    </UnitTest>
    <UnitTest name="DoesNotChange" storage="c:\users\kwilliams\downloads\notmyself-gildedrose-v1.0-3-gccb50d0\notmyself-gildedrose-ccb50d0\src\gildedrose.unittests\bin\debug\gildedrose.unittests.dll" id="077f72ca-aa67-5eb5-83e8-c54bec8e49e1">
      <Execution id="29f87cff-cf0e-44d2-9b23-d024306188da" />
      <TestMethod codeBase="C:/Users/kwilliams/Downloads/NotMyself-GildedRose-v1.0-3-gccb50d0/NotMyself-GildedRose-ccb50d0/src/GildedRose.UnitTests/bin/Debug/GildedRose.UnitTests.DLL" adapterTypeName="Microsoft.VisualStudio.TestTools.TestTypes.Unit.UnitTestAdapter, Microsoft.VisualStudio.QualityTools.Tips.UnitTest.Adapter, Version=10.0.0.0, Culture=neutral, PublicKeyToken=b03f5f7f11d50a3a" className="GildedRose.UnitTests.Strategies.SellIn.SulfurasSellInStrategyTests, GildedRose.UnitTests, Version=1.0.0.0, Culture=neutral, PublicKeyToken=null" name="DoesNotChange" />
    </UnitTest>
    <UnitTest name="BackstagePassQualityIncreasesByTwoWhenSellInReachesBetweenSixAndTenDays" storage="c:\users\kwilliams\downloads\notmyself-gildedrose-v1.0-3-gccb50d0\notmyself-gildedrose-ccb50d0\src\gildedrose.unittests\bin\debug\gildedrose.unittests.dll" id="d5d591b6-668c-08dc-e4f6-88caa3242d92">
      <Execution id="aa744548-e7e5-4a6e-a0ef-cbce6c2e019a" />
      <TestMethod codeBase="C:/Users/kwilliams/Downloads/NotMyself-GildedRose-v1.0-3-gccb50d0/NotMyself-GildedRose-ccb50d0/src/GildedRose.UnitTests/bin/Debug/GildedRose.UnitTests.DLL" adapterTypeName="Microsoft.VisualStudio.TestTools.TestTypes.Unit.UnitTestAdapter, Microsoft.VisualStudio.QualityTools.Tips.UnitTest.Adapter, Version=10.0.0.0, Culture=neutral, PublicKeyToken=b03f5f7f11d50a3a" className="GildedRose.UnitTests.GildedRoseProcessorTests, GildedRose.UnitTests, Version=1.0.0.0, Culture=neutral, PublicKeyToken=null" name="BackstagePassQualityIncreasesByTwoWhenSellInReachesBetweenSixAndTenDays" />
    </UnitTest>
    <UnitTest name="QualityDoesNotGoAboveFifty" storage="c:\users\kwilliams\downloads\notmyself-gildedrose-v1.0-3-gccb50d0\notmyself-gildedrose-ccb50d0\src\gildedrose.unittests\bin\debug\gildedrose.unittests.dll" id="d5a6fe62-38b5-5778-33fd-d645e0bf73a8">
      <Execution id="9fddc855-6226-48b2-8eb7-fc0334c6fdcf" />
      <TestMethod codeBase="C:/Users/kwilliams/Downloads/NotMyself-GildedRose-v1.0-3-gccb50d0/NotMyself-GildedRose-ccb50d0/src/GildedRose.UnitTests/bin/Debug/GildedRose.UnitTests.DLL" adapterTypeName="Microsoft.VisualStudio.TestTools.TestTypes.Unit.UnitTestAdapter, Microsoft.VisualStudio.QualityTools.Tips.UnitTest.Adapter, Version=10.0.0.0, Culture=neutral, PublicKeyToken=b03f5f7f11d50a3a" className="GildedRose.UnitTests.Strategies.Quality.AgedBrieQualityStrategyTests, GildedRose.UnitTests, Version=1.0.0.0, Culture=neutral, PublicKeyToken=null" name="QualityDoesNotGoAboveFifty" />
    </UnitTest>
    <UnitTest name="QualityIncreasesForAgedBrie" storage="c:\users\kwilliams\downloads\notmyself-gildedrose-v1.0-3-gccb50d0\notmyself-gildedrose-ccb50d0\src\gildedrose.unittests\bin\debug\gildedrose.unittests.dll" id="4b68dd3f-1fec-2ad9-0153-971ebb6fd601">
      <Execution id="8dca8711-e058-4f93-a4b5-f3aad6c35147" />
      <TestMethod codeBase="C:/Users/kwilliams/Downloads/NotMyself-GildedRose-v1.0-3-gccb50d0/NotMyself-GildedRose-ccb50d0/src/GildedRose.UnitTests/bin/Debug/GildedRose.UnitTests.DLL" adapterTypeName="Microsoft.VisualStudio.TestTools.TestTypes.Unit.UnitTestAdapter, Microsoft.VisualStudio.QualityTools.Tips.UnitTest.Adapter, Version=10.0.0.0, Culture=neutral, PublicKeyToken=b03f5f7f11d50a3a" className="GildedRose.UnitTests.GildedRoseProcessorTests, GildedRose.UnitTests, Version=1.0.0.0, Culture=neutral, PublicKeyToken=null" name="QualityIncreasesForAgedBrie" />
    </UnitTest>
    <UnitTest name="QualityIncreasesByOne" storage="c:\users\kwilliams\downloads\notmyself-gildedrose-v1.0-3-gccb50d0\notmyself-gildedrose-ccb50d0\src\gildedrose.unittests\bin\debug\gildedrose.unittests.dll" id="4101c203-508c-fdae-7a80-4eb5c134b17c">
      <Execution id="f383d89c-8764-4493-8fc2-58ecc97e5c02" />
      <TestMethod codeBase="C:/Users/kwilliams/Downloads/NotMyself-GildedRose-v1.0-3-gccb50d0/NotMyself-GildedRose-ccb50d0/src/GildedRose.UnitTests/bin/Debug/GildedRose.UnitTests.DLL" adapterTypeName="Microsoft.VisualStudio.TestTools.TestTypes.Unit.UnitTestAdapter, Microsoft.VisualStudio.QualityTools.Tips.UnitTest.Adapter, Version=10.0.0.0, Culture=neutral, PublicKeyToken=b03f5f7f11d50a3a" className="GildedRose.UnitTests.Strategies.Quality.AgedBrieQualityStrategyTests, GildedRose.UnitTests, Version=1.0.0.0, Culture=neutral, PublicKeyToken=null" name="QualityIncreasesByOne" />
    </UnitTest>
    <UnitTest name="SellInForAgedBrieDecreasesByOne" storage="c:\users\kwilliams\downloads\notmyself-gildedrose-v1.0-3-gccb50d0\notmyself-gildedrose-ccb50d0\src\gildedrose.unittests\bin\debug\gildedrose.unittests.dll" id="ca2989b2-7ee6-b36e-f08f-8f4a3814fa57">
      <Execution id="81c4a074-51ce-45d5-93ef-8f89110185fe" />
      <TestMethod codeBase="C:/Users/kwilliams/Downloads/NotMyself-GildedRose-v1.0-3-gccb50d0/NotMyself-GildedRose-ccb50d0/src/GildedRose.UnitTests/bin/Debug/GildedRose.UnitTests.DLL" adapterTypeName="Microsoft.VisualStudio.TestTools.TestTypes.Unit.UnitTestAdapter, Microsoft.VisualStudio.QualityTools.Tips.UnitTest.Adapter, Version=10.0.0.0, Culture=neutral, PublicKeyToken=b03f5f7f11d50a3a" className="GildedRose.UnitTests.GildedRoseProcessorTests, GildedRose.UnitTests, Version=1.0.0.0, Culture=neutral, PublicKeyToken=null" name="SellInForAgedBrieDecreasesByOne" />
    </UnitTest>
    <UnitTest name="GetStrategyReturnsBackStagePassQualityStrategyForBackstagePass" storage="c:\users\kwilliams\downloads\notmyself-gildedrose-v1.0-3-gccb50d0\notmyself-gildedrose-ccb50d0\src\gildedrose.unittests\bin\debug\gildedrose.unittests.dll" id="36e68923-5b7c-2f07-f4ce-e1d790c3629c">
      <Execution id="315ae5f8-d121-40b3-8e7f-4c1c4fafc2de" />
      <TestMethod codeBase="C:/Users/kwilliams/Downloads/NotMyself-GildedRose-v1.0-3-gccb50d0/NotMyself-GildedRose-ccb50d0/src/GildedRose.UnitTests/bin/Debug/GildedRose.UnitTests.DLL" adapterTypeName="Microsoft.VisualStudio.TestTools.TestTypes.Unit.UnitTestAdapter, Microsoft.VisualStudio.QualityTools.Tips.UnitTest.Adapter, Version=10.0.0.0, Culture=neutral, PublicKeyToken=b03f5f7f11d50a3a" className="GildedRose.UnitTests.Strategies.Quality.QualityStrategyFactoryTests, GildedRose.UnitTests, Version=1.0.0.0, Culture=neutral, PublicKeyToken=null" name="GetStrategyReturnsBackStagePassQualityStrategyForBackstagePass" />
    </UnitTest>
    <UnitTest name="GetStrategyReturnsSulfurasQualityStrategyForSulfuras" storage="c:\users\kwilliams\downloads\notmyself-gildedrose-v1.0-3-gccb50d0\notmyself-gildedrose-ccb50d0\src\gildedrose.unittests\bin\debug\gildedrose.unittests.dll" id="8c5f07e9-21bb-6cf1-26e3-f9824b699a49">
      <Execution id="f97ec072-5120-46bb-977b-54080d1d7cda" />
      <TestMethod codeBase="C:/Users/kwilliams/Downloads/NotMyself-GildedRose-v1.0-3-gccb50d0/NotMyself-GildedRose-ccb50d0/src/GildedRose.UnitTests/bin/Debug/GildedRose.UnitTests.DLL" adapterTypeName="Microsoft.VisualStudio.TestTools.TestTypes.Unit.UnitTestAdapter, Microsoft.VisualStudio.QualityTools.Tips.UnitTest.Adapter, Version=10.0.0.0, Culture=neutral, PublicKeyToken=b03f5f7f11d50a3a" className="GildedRose.UnitTests.Strategies.Quality.QualityStrategyFactoryTests, GildedRose.UnitTests, Version=1.0.0.0, Culture=neutral, PublicKeyToken=null" name="GetStrategyReturnsSulfurasQualityStrategyForSulfuras" />
    </UnitTest>
    <UnitTest name="QualityOfAnItemIsNeverGreaterThanFifty" storage="c:\users\kwilliams\downloads\notmyself-gildedrose-v1.0-3-gccb50d0\notmyself-gildedrose-ccb50d0\src\gildedrose.unittests\bin\debug\gildedrose.unittests.dll" id="a03dd018-0c3a-2404-bcea-96a308115063">
      <Execution id="bbd43375-9f61-49a5-9d9c-b460c57ca5e9" />
      <TestMethod codeBase="C:/Users/kwilliams/Downloads/NotMyself-GildedRose-v1.0-3-gccb50d0/NotMyself-GildedRose-ccb50d0/src/GildedRose.UnitTests/bin/Debug/GildedRose.UnitTests.DLL" adapterTypeName="Microsoft.VisualStudio.TestTools.TestTypes.Unit.UnitTestAdapter, Microsoft.VisualStudio.QualityTools.Tips.UnitTest.Adapter, Version=10.0.0.0, Culture=neutral, PublicKeyToken=b03f5f7f11d50a3a" className="GildedRose.UnitTests.GildedRoseProcessorTests, GildedRose.UnitTests, Version=1.0.0.0, Culture=neutral, PublicKeyToken=null" name="QualityOfAnItemIsNeverGreaterThanFifty" />
    </UnitTest>
    <UnitTest name="SellInForBackstagePassDecreasesByOne" storage="c:\users\kwilliams\downloads\notmyself-gildedrose-v1.0-3-gccb50d0\notmyself-gildedrose-ccb50d0\src\gildedrose.unittests\bin\debug\gildedrose.unittests.dll" id="bce909f7-89d6-f9a2-5398-ce34d52550d5">
      <Execution id="f63dd733-0c97-447b-96f4-1602a195b223" />
      <TestMethod codeBase="C:/Users/kwilliams/Downloads/NotMyself-GildedRose-v1.0-3-gccb50d0/NotMyself-GildedRose-ccb50d0/src/GildedRose.UnitTests/bin/Debug/GildedRose.UnitTests.DLL" adapterTypeName="Microsoft.VisualStudio.TestTools.TestTypes.Unit.UnitTestAdapter, Microsoft.VisualStudio.QualityTools.Tips.UnitTest.Adapter, Version=10.0.0.0, Culture=neutral, PublicKeyToken=b03f5f7f11d50a3a" className="GildedRose.UnitTests.GildedRoseProcessorTests, GildedRose.UnitTests, Version=1.0.0.0, Culture=neutral, PublicKeyToken=null" name="SellInForBackstagePassDecreasesByOne" />
    </UnitTest>
    <UnitTest name="SulfurasNeverHasToBeSold" storage="c:\users\kwilliams\downloads\notmyself-gildedrose-v1.0-3-gccb50d0\notmyself-gildedrose-ccb50d0\src\gildedrose.unittests\bin\debug\gildedrose.unittests.dll" id="a37a26e5-3251-eae2-41ab-cfde8e82534c">
      <Execution id="dade2928-c234-40cd-8d30-b9fde55ead00" />
      <TestMethod codeBase="C:/Users/kwilliams/Downloads/NotMyself-GildedRose-v1.0-3-gccb50d0/NotMyself-GildedRose-ccb50d0/src/GildedRose.UnitTests/bin/Debug/GildedRose.UnitTests.DLL" adapterTypeName="Microsoft.VisualStudio.TestTools.TestTypes.Unit.UnitTestAdapter, Microsoft.VisualStudio.QualityTools.Tips.UnitTest.Adapter, Version=10.0.0.0, Culture=neutral, PublicKeyToken=b03f5f7f11d50a3a" className="GildedRose.UnitTests.GildedRoseProcessorTests, GildedRose.UnitTests, Version=1.0.0.0, Culture=neutral, PublicKeyToken=null" name="SulfurasNeverHasToBeSold" />
    </UnitTest>
    <UnitTest name="SulfurasNeverDegrades" storage="c:\users\kwilliams\downloads\notmyself-gildedrose-v1.0-3-gccb50d0\notmyself-gildedrose-ccb50d0\src\gildedrose.unittests\bin\debug\gildedrose.unittests.dll" id="bc190aaf-2fb3-0b3d-4043-9372d7d4d5e1">
      <Execution id="891b55bf-5e77-4ff4-80cc-5add8b213c75" />
      <TestMethod codeBase="C:/Users/kwilliams/Downloads/NotMyself-GildedRose-v1.0-3-gccb50d0/NotMyself-GildedRose-ccb50d0/src/GildedRose.UnitTests/bin/Debug/GildedRose.UnitTests.DLL" adapterTypeName="Microsoft.VisualStudio.TestTools.TestTypes.Unit.UnitTestAdapter, Microsoft.VisualStudio.QualityTools.Tips.UnitTest.Adapter, Version=10.0.0.0, Culture=neutral, PublicKeyToken=b03f5f7f11d50a3a" className="GildedRose.UnitTests.GildedRoseProcessorTests, GildedRose.UnitTests, Version=1.0.0.0, Culture=neutral, PublicKeyToken=null" name="SulfurasNeverDegrades" />
    </UnitTest>
    <UnitTest name="QualityDecreasesByFourWhenSellInIsGreaterThanOrEqualToZero" storage="c:\users\kwilliams\downloads\notmyself-gildedrose-v1.0-3-gccb50d0\notmyself-gildedrose-ccb50d0\src\gildedrose.unittests\bin\debug\gildedrose.unittests.dll" id="1797065f-b5f7-1954-4ba4-80b83d3ece0e">
      <Execution id="1172f025-a459-4442-a9af-02ff6485e9c7" />
      <TestMethod codeBase="C:/Users/kwilliams/Downloads/NotMyself-GildedRose-v1.0-3-gccb50d0/NotMyself-GildedRose-ccb50d0/src/GildedRose.UnitTests/bin/Debug/GildedRose.UnitTests.DLL" adapterTypeName="Microsoft.VisualStudio.TestTools.TestTypes.Unit.UnitTestAdapter, Microsoft.VisualStudio.QualityTools.Tips.UnitTest.Adapter, Version=10.0.0.0, Culture=neutral, PublicKeyToken=b03f5f7f11d50a3a" className="GildedRose.UnitTests.Strategies.Quality.ConjuredQualityStrategyTests, GildedRose.UnitTests, Version=1.0.0.0, Culture=neutral, PublicKeyToken=null" name="QualityDecreasesByFourWhenSellInIsGreaterThanOrEqualToZero" />
    </UnitTest>
    <UnitTest name="GetStrategyReturnsNormalQualityStrategyForNormalItem" storage="c:\users\kwilliams\downloads\notmyself-gildedrose-v1.0-3-gccb50d0\notmyself-gildedrose-ccb50d0\src\gildedrose.unittests\bin\debug\gildedrose.unittests.dll" id="ce362a3c-9351-e23a-cb32-9b5c4a08f08b">
      <Execution id="0c36d6e8-4c8d-4ee2-ad17-4cfda3bac1b2" />
      <TestMethod codeBase="C:/Users/kwilliams/Downloads/NotMyself-GildedRose-v1.0-3-gccb50d0/NotMyself-GildedRose-ccb50d0/src/GildedRose.UnitTests/bin/Debug/GildedRose.UnitTests.DLL" adapterTypeName="Microsoft.VisualStudio.TestTools.TestTypes.Unit.UnitTestAdapter, Microsoft.VisualStudio.QualityTools.Tips.UnitTest.Adapter, Version=10.0.0.0, Culture=neutral, PublicKeyToken=b03f5f7f11d50a3a" className="GildedRose.UnitTests.Strategies.Quality.QualityStrategyFactoryTests, GildedRose.UnitTests, Version=1.0.0.0, Culture=neutral, PublicKeyToken=null" name="GetStrategyReturnsNormalQualityStrategyForNormalItem" />
    </UnitTest>
    <UnitTest name="QualityIncreasesByTwoWhenSellInIsWithinSixAndTenDays" storage="c:\users\kwilliams\downloads\notmyself-gildedrose-v1.0-3-gccb50d0\notmyself-gildedrose-ccb50d0\src\gildedrose.unittests\bin\debug\gildedrose.unittests.dll" id="9af36150-87df-0a4e-2159-e53c0d18c40b">
      <Execution id="6d057f1e-d959-4664-8db0-ebf015eebcb7" />
      <TestMethod codeBase="C:/Users/kwilliams/Downloads/NotMyself-GildedRose-v1.0-3-gccb50d0/NotMyself-GildedRose-ccb50d0/src/GildedRose.UnitTests/bin/Debug/GildedRose.UnitTests.DLL" adapterTypeName="Microsoft.VisualStudio.TestTools.TestTypes.Unit.UnitTestAdapter, Microsoft.VisualStudio.QualityTools.Tips.UnitTest.Adapter, Version=10.0.0.0, Culture=neutral, PublicKeyToken=b03f5f7f11d50a3a" className="GildedRose.UnitTests.Strategies.Quality.BackstagePassQualityStrategyTests, GildedRose.UnitTests, Version=1.0.0.0, Culture=neutral, PublicKeyToken=null" name="QualityIncreasesByTwoWhenSellInIsWithinSixAndTenDays" />
    </UnitTest>
    <UnitTest name="GetStrategyReturnsNormalQualityStrategyForNormalItem" storage="c:\users\kwilliams\downloads\notmyself-gildedrose-v1.0-3-gccb50d0\notmyself-gildedrose-ccb50d0\src\gildedrose.unittests\bin\debug\gildedrose.unittests.dll" id="de54f744-57cc-2325-2576-47d34a9d1972">
      <Execution id="d1665f40-97ad-4c45-ba24-ba856c63d851" />
      <TestMethod codeBase="C:/Users/kwilliams/Downloads/NotMyself-GildedRose-v1.0-3-gccb50d0/NotMyself-GildedRose-ccb50d0/src/GildedRose.UnitTests/bin/Debug/GildedRose.UnitTests.DLL" adapterTypeName="Microsoft.VisualStudio.TestTools.TestTypes.Unit.UnitTestAdapter, Microsoft.VisualStudio.QualityTools.Tips.UnitTest.Adapter, Version=10.0.0.0, Culture=neutral, PublicKeyToken=b03f5f7f11d50a3a" className="GildedRose.UnitTests.Strategies.SellIn.SellInStrategyFactoryTests, GildedRose.UnitTests, Version=1.0.0.0, Culture=neutral, PublicKeyToken=null" name="GetStrategyReturnsNormalQualityStrategyForNormalItem" />
    </UnitTest>
    <UnitTest name="QualityDecreasesByTwoWhenSellInIsGreaterThanOrEqualToZero" storage="c:\users\kwilliams\downloads\notmyself-gildedrose-v1.0-3-gccb50d0\notmyself-gildedrose-ccb50d0\src\gildedrose.unittests\bin\debug\gildedrose.unittests.dll" id="a5be1cf3-35f4-88c7-cb0f-a627f44aa249">
      <Execution id="c7236a5e-8cc3-4efb-9663-a034fb04cd19" />
      <TestMethod codeBase="C:/Users/kwilliams/Downloads/NotMyself-GildedRose-v1.0-3-gccb50d0/NotMyself-GildedRose-ccb50d0/src/GildedRose.UnitTests/bin/Debug/GildedRose.UnitTests.DLL" adapterTypeName="Microsoft.VisualStudio.TestTools.TestTypes.Unit.UnitTestAdapter, Microsoft.VisualStudio.QualityTools.Tips.UnitTest.Adapter, Version=10.0.0.0, Culture=neutral, PublicKeyToken=b03f5f7f11d50a3a" className="GildedRose.UnitTests.Strategies.Quality.DefaultQualityStrategyTests, GildedRose.UnitTests, Version=1.0.0.0, Culture=neutral, PublicKeyToken=null" name="QualityDecreasesByTwoWhenSellInIsGreaterThanOrEqualToZero" />
    </UnitTest>
    <UnitTest name="DecreasesByOne" storage="c:\users\kwilliams\downloads\notmyself-gildedrose-v1.0-3-gccb50d0\notmyself-gildedrose-ccb50d0\src\gildedrose.unittests\bin\debug\gildedrose.unittests.dll" id="a20a59a4-41f3-589b-cc10-2bd4d544b017">
      <Execution id="2b566d21-3158-4125-bc6f-3a5833cfca5e" />
      <TestMethod codeBase="C:/Users/kwilliams/Downloads/NotMyself-GildedRose-v1.0-3-gccb50d0/NotMyself-GildedRose-ccb50d0/src/GildedRose.UnitTests/bin/Debug/GildedRose.UnitTests.DLL" adapterTypeName="Microsoft.VisualStudio.TestTools.TestTypes.Unit.UnitTestAdapter, Microsoft.VisualStudio.QualityTools.Tips.UnitTest.Adapter, Version=10.0.0.0, Culture=neutral, PublicKeyToken=b03f5f7f11d50a3a" className="GildedRose.UnitTests.Strategies.SellIn.NormalSellInStrategyTests, GildedRose.UnitTests, Version=1.0.0.0, Culture=neutral, PublicKeyToken=null" name="DecreasesByOne" />
    </UnitTest>
    <UnitTest name="GetStrategyReturnsConjuredQualityStrategyForConjured" storage="c:\users\kwilliams\downloads\notmyself-gildedrose-v1.0-3-gccb50d0\notmyself-gildedrose-ccb50d0\src\gildedrose.unittests\bin\debug\gildedrose.unittests.dll" id="597979c6-db9a-b794-3d1d-6e36cc2dda54">
      <Execution id="10c8d436-88a4-4c8a-abf5-7ea174c95557" />
      <TestMethod codeBase="C:/Users/kwilliams/Downloads/NotMyself-GildedRose-v1.0-3-gccb50d0/NotMyself-GildedRose-ccb50d0/src/GildedRose.UnitTests/bin/Debug/GildedRose.UnitTests.DLL" adapterTypeName="Microsoft.VisualStudio.TestTools.TestTypes.Unit.UnitTestAdapter, Microsoft.VisualStudio.QualityTools.Tips.UnitTest.Adapter, Version=10.0.0.0, Culture=neutral, PublicKeyToken=b03f5f7f11d50a3a" className="GildedRose.UnitTests.Strategies.Quality.QualityStrategyFactoryTests, GildedRose.UnitTests, Version=1.0.0.0, Culture=neutral, PublicKeyToken=null" name="GetStrategyReturnsConjuredQualityStrategyForConjured" />
    </UnitTest>
    <UnitTest name="QualityDegradesTwiceAsFastForNormalItem" storage="c:\users\kwilliams\downloads\notmyself-gildedrose-v1.0-3-gccb50d0\notmyself-gildedrose-ccb50d0\src\gildedrose.unittests\bin\debug\gildedrose.unittests.dll" id="3c23dad3-d82b-d1ff-5694-cf71c311fc39">
      <Execution id="795821e0-0822-414e-965f-efa2e6caab43" />
      <TestMethod codeBase="C:/Users/kwilliams/Downloads/NotMyself-GildedRose-v1.0-3-gccb50d0/NotMyself-GildedRose-ccb50d0/src/GildedRose.UnitTests/bin/Debug/GildedRose.UnitTests.DLL" adapterTypeName="Microsoft.VisualStudio.TestTools.TestTypes.Unit.UnitTestAdapter, Microsoft.VisualStudio.QualityTools.Tips.UnitTest.Adapter, Version=10.0.0.0, Culture=neutral, PublicKeyToken=b03f5f7f11d50a3a" className="GildedRose.UnitTests.GildedRoseProcessorTests, GildedRose.UnitTests, Version=1.0.0.0, Culture=neutral, PublicKeyToken=null" name="QualityDegradesTwiceAsFastForNormalItem" />
    </UnitTest>
    <UnitTest name="GetStrategyReturnsAgedBrieQualityStrategyForAgedBrie" storage="c:\users\kwilliams\downloads\notmyself-gildedrose-v1.0-3-gccb50d0\notmyself-gildedrose-ccb50d0\src\gildedrose.unittests\bin\debug\gildedrose.unittests.dll" id="7dc6d7d8-a011-80d7-b0ff-008307dbadc0">
      <Execution id="16355e76-cfcc-4706-89e1-9ff910822207" />
      <TestMethod codeBase="C:/Users/kwilliams/Downloads/NotMyself-GildedRose-v1.0-3-gccb50d0/NotMyself-GildedRose-ccb50d0/src/GildedRose.UnitTests/bin/Debug/GildedRose.UnitTests.DLL" adapterTypeName="Microsoft.VisualStudio.TestTools.TestTypes.Unit.UnitTestAdapter, Microsoft.VisualStudio.QualityTools.Tips.UnitTest.Adapter, Version=10.0.0.0, Culture=neutral, PublicKeyToken=b03f5f7f11d50a3a" className="GildedRose.UnitTests.Strategies.SellIn.SellInStrategyFactoryTests, GildedRose.UnitTests, Version=1.0.0.0, Culture=neutral, PublicKeyToken=null" name="GetStrategyReturnsAgedBrieQualityStrategyForAgedBrie" />
    </UnitTest>
    <UnitTest name="BackstagePassQualityIncreasesByThreeWhenSellInReachesBetweenFiveAndZeroDays" storage="c:\users\kwilliams\downloads\notmyself-gildedrose-v1.0-3-gccb50d0\notmyself-gildedrose-ccb50d0\src\gildedrose.unittests\bin\debug\gildedrose.unittests.dll" id="076ecee5-7462-3c4f-2031-a8102b178220">
      <Execution id="57c32a4a-9171-47fa-9cf7-98e4ce66a911" />
      <TestMethod codeBase="C:/Users/kwilliams/Downloads/NotMyself-GildedRose-v1.0-3-gccb50d0/NotMyself-GildedRose-ccb50d0/src/GildedRose.UnitTests/bin/Debug/GildedRose.UnitTests.DLL" adapterTypeName="Microsoft.VisualStudio.TestTools.TestTypes.Unit.UnitTestAdapter, Microsoft.VisualStudio.QualityTools.Tips.UnitTest.Adapter, Version=10.0.0.0, Culture=neutral, PublicKeyToken=b03f5f7f11d50a3a" className="GildedRose.UnitTests.GildedRoseProcessorTests, GildedRose.UnitTests, Version=1.0.0.0, Culture=neutral, PublicKeyToken=null" name="BackstagePassQualityIncreasesByThreeWhenSellInReachesBetweenFiveAndZeroDays" />
    </UnitTest>
    <UnitTest name="QualityOfAnItemIsNeverNegative" storage="c:\users\kwilliams\downloads\notmyself-gildedrose-v1.0-3-gccb50d0\notmyself-gildedrose-ccb50d0\src\gildedrose.unittests\bin\debug\gildedrose.unittests.dll" id="0f1ea7f8-5373-5988-4b75-070480550a7a">
      <Execution id="4cef0bf5-a896-4d1d-8f26-91f6fe9b80bc" />
      <TestMethod codeBase="C:/Users/kwilliams/Downloads/NotMyself-GildedRose-v1.0-3-gccb50d0/NotMyself-GildedRose-ccb50d0/src/GildedRose.UnitTests/bin/Debug/GildedRose.UnitTests.DLL" adapterTypeName="Microsoft.VisualStudio.TestTools.TestTypes.Unit.UnitTestAdapter, Microsoft.VisualStudio.QualityTools.Tips.UnitTest.Adapter, Version=10.0.0.0, Culture=neutral, PublicKeyToken=b03f5f7f11d50a3a" className="GildedRose.UnitTests.GildedRoseProcessorTests, GildedRose.UnitTests, Version=1.0.0.0, Culture=neutral, PublicKeyToken=null" name="QualityOfAnItemIsNeverNegative" />
    </UnitTest>
  </TestDefinitions>
  <TestLists>
    <TestList name="Results Not in a List" id="8c84fa94-04c1-424b-9868-57a2d4851a1d" />
    <TestList name="All Loaded Results" id="19431567-8539-422a-85d7-44ee4e166bda" />
  </TestLists>
  <TestEntries>
    <TestEntry testId="029b7842-0b0f-715b-7a9c-149bdd2e4876" executionId="87f0dd4c-0e7d-4856-82e6-96109c42a9d7" testListId="8c84fa94-04c1-424b-9868-57a2d4851a1d" />
    <TestEntry testId="076ecee5-7462-3c4f-2031-a8102b178220" executionId="57c32a4a-9171-47fa-9cf7-98e4ce66a911" testListId="8c84fa94-04c1-424b-9868-57a2d4851a1d" />
    <TestEntry testId="077f72ca-aa67-5eb5-83e8-c54bec8e49e1" executionId="29f87cff-cf0e-44d2-9b23-d024306188da" testListId="8c84fa94-04c1-424b-9868-57a2d4851a1d" />
    <TestEntry testId="0f1ea7f8-5373-5988-4b75-070480550a7a" executionId="4cef0bf5-a896-4d1d-8f26-91f6fe9b80bc" testListId="8c84fa94-04c1-424b-9868-57a2d4851a1d" />
    <TestEntry testId="123bb257-3032-3f4f-ef39-48d1e6e4bb3a" executionId="02c18a28-d913-4715-ad19-f382be369de8" testListId="8c84fa94-04c1-424b-9868-57a2d4851a1d" />
    <TestEntry testId="1797065f-b5f7-1954-4ba4-80b83d3ece0e" executionId="1172f025-a459-4442-a9af-02ff6485e9c7" testListId="8c84fa94-04c1-424b-9868-57a2d4851a1d" />
    <TestEntry testId="23e7d37e-66a2-3cbb-92a7-931caccc3af7" executionId="19ea1875-630f-4c04-b97d-22989a1fe90f" testListId="8c84fa94-04c1-424b-9868-57a2d4851a1d" />
    <TestEntry testId="2c3af66c-872d-29ec-d9d5-610aa9ac5010" executionId="086aba22-3a1c-454f-bb3c-a1989585ae10" testListId="8c84fa94-04c1-424b-9868-57a2d4851a1d" />
    <TestEntry testId="36e68923-5b7c-2f07-f4ce-e1d790c3629c" executionId="315ae5f8-d121-40b3-8e7f-4c1c4fafc2de" testListId="8c84fa94-04c1-424b-9868-57a2d4851a1d" />
    <TestEntry testId="3c23dad3-d82b-d1ff-5694-cf71c311fc39" executionId="795821e0-0822-414e-965f-efa2e6caab43" testListId="8c84fa94-04c1-424b-9868-57a2d4851a1d" />
    <TestEntry testId="4101c203-508c-fdae-7a80-4eb5c134b17c" executionId="f383d89c-8764-4493-8fc2-58ecc97e5c02" testListId="8c84fa94-04c1-424b-9868-57a2d4851a1d" />
    <TestEntry testId="4b68dd3f-1fec-2ad9-0153-971ebb6fd601" executionId="8dca8711-e058-4f93-a4b5-f3aad6c35147" testListId="8c84fa94-04c1-424b-9868-57a2d4851a1d" />
    <TestEntry testId="597979c6-db9a-b794-3d1d-6e36cc2dda54" executionId="10c8d436-88a4-4c8a-abf5-7ea174c95557" testListId="8c84fa94-04c1-424b-9868-57a2d4851a1d" />
    <TestEntry testId="6f34fb8c-d619-23b1-a2b3-dde4c73ea402" executionId="3e727460-d7c9-43d9-996d-bb8c87584b7a" testListId="8c84fa94-04c1-424b-9868-57a2d4851a1d" />
    <TestEntry testId="7dc6d7d8-a011-80d7-b0ff-008307dbadc0" executionId="16355e76-cfcc-4706-89e1-9ff910822207" testListId="8c84fa94-04c1-424b-9868-57a2d4851a1d" />
    <TestEntry testId="82110a26-b684-2691-3066-06093ea9fcce" executionId="6726089d-7886-48b0-9e46-e212f41cc3c2" testListId="8c84fa94-04c1-424b-9868-57a2d4851a1d" />
    <TestEntry testId="84dffe5e-ab0e-0858-1ab2-035e8b0950d9" executionId="d82d63b9-4bc1-4f4d-95a6-0bde4334b185" testListId="8c84fa94-04c1-424b-9868-57a2d4851a1d" />
    <TestEntry testId="8c5f07e9-21bb-6cf1-26e3-f9824b699a49" executionId="f97ec072-5120-46bb-977b-54080d1d7cda" testListId="8c84fa94-04c1-424b-9868-57a2d4851a1d" />
    <TestEntry testId="91659e9d-b956-f36a-a54e-9014b8c300dc" executionId="fe5fef70-d4e2-44c3-a28a-55ae23a0ff80" testListId="8c84fa94-04c1-424b-9868-57a2d4851a1d" />
    <TestEntry testId="9af36150-87df-0a4e-2159-e53c0d18c40b" executionId="6d057f1e-d959-4664-8db0-ebf015eebcb7" testListId="8c84fa94-04c1-424b-9868-57a2d4851a1d" />
    <TestEntry testId="a03dd018-0c3a-2404-bcea-96a308115063" executionId="bbd43375-9f61-49a5-9d9c-b460c57ca5e9" testListId="8c84fa94-04c1-424b-9868-57a2d4851a1d" />
    <TestEntry testId="a20a59a4-41f3-589b-cc10-2bd4d544b017" executionId="2b566d21-3158-4125-bc6f-3a5833cfca5e" testListId="8c84fa94-04c1-424b-9868-57a2d4851a1d" />
    <TestEntry testId="a37a26e5-3251-eae2-41ab-cfde8e82534c" executionId="dade2928-c234-40cd-8d30-b9fde55ead00" testListId="8c84fa94-04c1-424b-9868-57a2d4851a1d" />
    <TestEntry testId="a5be1cf3-35f4-88c7-cb0f-a627f44aa249" executionId="c7236a5e-8cc3-4efb-9663-a034fb04cd19" testListId="8c84fa94-04c1-424b-9868-57a2d4851a1d" />
    <TestEntry testId="bc190aaf-2fb3-0b3d-4043-9372d7d4d5e1" executionId="891b55bf-5e77-4ff4-80cc-5add8b213c75" testListId="8c84fa94-04c1-424b-9868-57a2d4851a1d" />
    <TestEntry testId="bce909f7-89d6-f9a2-5398-ce34d52550d5" executionId="f63dd733-0c97-447b-96f4-1602a195b223" testListId="8c84fa94-04c1-424b-9868-57a2d4851a1d" />
    <TestEntry testId="ca2989b2-7ee6-b36e-f08f-8f4a3814fa57" executionId="81c4a074-51ce-45d5-93ef-8f89110185fe" testListId="8c84fa94-04c1-424b-9868-57a2d4851a1d" />
    <TestEntry testId="ccd557cb-8d5e-3d46-06e4-fe4b0bc2858f" executionId="9ee9eb38-d30b-41b6-a461-a71b8469f0ab" testListId="8c84fa94-04c1-424b-9868-57a2d4851a1d" />
    <TestEntry testId="ce362a3c-9351-e23a-cb32-9b5c4a08f08b" executionId="0c36d6e8-4c8d-4ee2-ad17-4cfda3bac1b2" testListId="8c84fa94-04c1-424b-9868-57a2d4851a1d" />
    <TestEntry testId="d5a6fe62-38b5-5778-33fd-d645e0bf73a8" executionId="9fddc855-6226-48b2-8eb7-fc0334c6fdcf" testListId="8c84fa94-04c1-424b-9868-57a2d4851a1d" />
    <TestEntry testId="d5d591b6-668c-08dc-e4f6-88caa3242d92" executionId="aa744548-e7e5-4a6e-a0ef-cbce6c2e019a" testListId="8c84fa94-04c1-424b-9868-57a2d4851a1d" />
    <TestEntry testId="de54f744-57cc-2325-2576-47d34a9d1972" executionId="d1665f40-97ad-4c45-ba24-ba856c63d851" testListId="8c84fa94-04c1-424b-9868-57a2d4851a1d" />
    <TestEntry testId="e294a53a-8e48-f045-9dcf-c925acdd4191" executionId="172b9f20-a6b3-4f6b-8d64-c59980eaf31d" testListId="8c84fa94-04c1-424b-9868-57a2d4851a1d" />
    <TestEntry testId="e9f7a96e-540e-33c6-dbe4-02974f47e82a" executionId="894c5e9d-5eaf-4ba4-8523-e2bcb6f9ebad" testListId="8c84fa94-04c1-424b-9868-57a2d4851a1d" />
    <TestEntry testId="f835aa2c-fcac-adc6-42e6-7298b1ae58dc" executionId="e53dff71-b16f-4fed-b23d-c78987ab0066" testListId="8c84fa94-04c1-424b-9868-57a2d4851a1d" />
    <TestEntry testId="f917dd1b-9ac7-0f85-3d24-2af61a929d22" executionId="6be4579b-5ac0-46ce-a372-08c3a6f2617f" testListId="8c84fa94-04c1-424b-9868-57a2d4851a1d" />
    <TestEntry testId="fd710335-74a2-9199-7500-1eedb55c28d9" executionId="18a228ff-d32f-4f3c-867a-3c03350f713c" testListId="8c84fa94-04c1-424b-9868-57a2d4851a1d" />
  </TestEntries>
  <Results>
    <UnitTestResult executionId="87f0dd4c-0e7d-4856-82e6-96109c42a9d7" testId="029b7842-0b0f-715b-7a9c-149bdd2e4876" testName="QualityDoesNotGoAboveFiftyWhenSellInIsWithinSixAndTenDays" computerName="WS-KWILLIAMS" duration="00:00:00.0117187" startTime="2012-10-11T12:56:55.7838095-04:00" endTime="2012-10-11T12:56:56.0022179-04:00" testType="13cdc9d9-ddb5-4fa4-a97d-d965ccfc6d4b" outcome="Passed" testListId="8c84fa94-04c1-424b-9868-57a2d4851a1d" relativeResultsDirectory="87f0dd4c-0e7d-4856-82e6-96109c42a9d7">
    </UnitTestResult>
    <UnitTestResult executionId="57c32a4a-9171-47fa-9cf7-98e4ce66a911" testId="076ecee5-7462-3c4f-2031-a8102b178220" testName="BackstagePassQualityIncreasesByThreeWhenSellInReachesBetweenFiveAndZeroDays" computerName="WS-KWILLIAMS" duration="00:00:00.0019407" startTime="2012-10-11T12:56:56.0022179-04:00" endTime="2012-10-11T12:56:56.0022179-04:00" testType="13cdc9d9-ddb5-4fa4-a97d-d965ccfc6d4b" outcome="Passed" testListId="8c84fa94-04c1-424b-9868-57a2d4851a1d" relativeResultsDirectory="57c32a4a-9171-47fa-9cf7-98e4ce66a911">
    </UnitTestResult>
    <UnitTestResult executionId="29f87cff-cf0e-44d2-9b23-d024306188da" testId="077f72ca-aa67-5eb5-83e8-c54bec8e49e1" testName="DoesNotChange" computerName="WS-KWILLIAMS" duration="00:00:00.0003171" startTime="2012-10-11T12:56:56.0022179-04:00" endTime="2012-10-11T12:56:56.0022179-04:00" testType="13cdc9d9-ddb5-4fa4-a97d-d965ccfc6d4b" outcome="Passed" testListId="8c84fa94-04c1-424b-9868-57a2d4851a1d" relativeResultsDirectory="29f87cff-cf0e-44d2-9b23-d024306188da">
    </UnitTestResult>
    <UnitTestResult executionId="4cef0bf5-a896-4d1d-8f26-91f6fe9b80bc" testId="0f1ea7f8-5373-5988-4b75-070480550a7a" testName="QualityOfAnItemIsNeverNegative" computerName="WS-KWILLIAMS" duration="00:00:00.0002213" startTime="2012-10-11T12:56:56.0022179-04:00" endTime="2012-10-11T12:56:56.0178185-04:00" testType="13cdc9d9-ddb5-4fa4-a97d-d965ccfc6d4b" outcome="Passed" testListId="8c84fa94-04c1-424b-9868-57a2d4851a1d" relativeResultsDirectory="4cef0bf5-a896-4d1d-8f26-91f6fe9b80bc">
    </UnitTestResult>
    <UnitTestResult executionId="02c18a28-d913-4715-ad19-f382be369de8" testId="123bb257-3032-3f4f-ef39-48d1e6e4bb3a" testName="SellInForConjuredDecreasesByOne" computerName="WS-KWILLIAMS" duration="00:00:00.0002702" startTime="2012-10-11T12:56:56.0178185-04:00" endTime="2012-10-11T12:56:56.0178185-04:00" testType="13cdc9d9-ddb5-4fa4-a97d-d965ccfc6d4b" outcome="Passed" testListId="8c84fa94-04c1-424b-9868-57a2d4851a1d" relativeResultsDirectory="02c18a28-d913-4715-ad19-f382be369de8">
    </UnitTestResult>
    <UnitTestResult executionId="1172f025-a459-4442-a9af-02ff6485e9c7" testId="1797065f-b5f7-1954-4ba4-80b83d3ece0e" testName="QualityDecreasesByFourWhenSellInIsGreaterThanOrEqualToZero" computerName="WS-KWILLIAMS" duration="00:00:00.0003514" startTime="2012-10-11T12:56:56.0178185-04:00" endTime="2012-10-11T12:56:56.0178185-04:00" testType="13cdc9d9-ddb5-4fa4-a97d-d965ccfc6d4b" outcome="Passed" testListId="8c84fa94-04c1-424b-9868-57a2d4851a1d" relativeResultsDirectory="1172f025-a459-4442-a9af-02ff6485e9c7">
    </UnitTestResult>
    <UnitTestResult executionId="19ea1875-630f-4c04-b97d-22989a1fe90f" testId="23e7d37e-66a2-3cbb-92a7-931caccc3af7" testName="QualityDoesNotChange" computerName="WS-KWILLIAMS" duration="00:00:00.0003052" startTime="2012-10-11T12:56:56.0178185-04:00" endTime="2012-10-11T12:56:56.0178185-04:00" testType="13cdc9d9-ddb5-4fa4-a97d-d965ccfc6d4b" outcome="Passed" testListId="8c84fa94-04c1-424b-9868-57a2d4851a1d" relativeResultsDirectory="19ea1875-630f-4c04-b97d-22989a1fe90f">
    </UnitTestResult>
    <UnitTestResult executionId="086aba22-3a1c-454f-bb3c-a1989585ae10" testId="2c3af66c-872d-29ec-d9d5-610aa9ac5010" testName="QualityDecreasesByTwoWhenSellInIsGreaterThanOrEqualToZero" computerName="WS-KWILLIAMS" duration="00:00:00.0001739" startTime="2012-10-11T12:56:56.0334191-04:00" endTime="2012-10-11T12:56:56.0334191-04:00" testType="13cdc9d9-ddb5-4fa4-a97d-d965ccfc6d4b" outcome="Passed" testListId="8c84fa94-04c1-424b-9868-57a2d4851a1d" relativeResultsDirectory="086aba22-3a1c-454f-bb3c-a1989585ae10">
    </UnitTestResult>
    <UnitTestResult executionId="315ae5f8-d121-40b3-8e7f-4c1c4fafc2de" testId="36e68923-5b7c-2f07-f4ce-e1d790c3629c" testName="GetStrategyReturnsBackStagePassQualityStrategyForBackstagePass" computerName="WS-KWILLIAMS" duration="00:00:00.0002394" startTime="2012-10-11T12:56:56.0334191-04:00" endTime="2012-10-11T12:56:56.0334191-04:00" testType="13cdc9d9-ddb5-4fa4-a97d-d965ccfc6d4b" outcome="Passed" testListId="8c84fa94-04c1-424b-9868-57a2d4851a1d" relativeResultsDirectory="315ae5f8-d121-40b3-8e7f-4c1c4fafc2de">
    </UnitTestResult>
    <UnitTestResult executionId="795821e0-0822-414e-965f-efa2e6caab43" testId="3c23dad3-d82b-d1ff-5694-cf71c311fc39" testName="QualityDegradesTwiceAsFastForNormalItem" computerName="WS-KWILLIAMS" duration="00:00:00.0003475" startTime="2012-10-11T12:56:56.0334191-04:00" endTime="2012-10-11T12:56:56.0334191-04:00" testType="13cdc9d9-ddb5-4fa4-a97d-d965ccfc6d4b" outcome="Passed" testListId="8c84fa94-04c1-424b-9868-57a2d4851a1d" relativeResultsDirectory="795821e0-0822-414e-965f-efa2e6caab43">
    </UnitTestResult>
    <UnitTestResult executionId="f383d89c-8764-4493-8fc2-58ecc97e5c02" testId="4101c203-508c-fdae-7a80-4eb5c134b17c" testName="QualityIncreasesByOne" computerName="WS-KWILLIAMS" duration="00:00:00.0003806" startTime="2012-10-11T12:56:56.0334191-04:00" endTime="2012-10-11T12:56:56.0334191-04:00" testType="13cdc9d9-ddb5-4fa4-a97d-d965ccfc6d4b" outcome="Passed" testListId="8c84fa94-04c1-424b-9868-57a2d4851a1d" relativeResultsDirectory="f383d89c-8764-4493-8fc2-58ecc97e5c02">
    </UnitTestResult>
    <UnitTestResult executionId="8dca8711-e058-4f93-a4b5-f3aad6c35147" testId="4b68dd3f-1fec-2ad9-0153-971ebb6fd601" testName="QualityIncreasesForAgedBrie" computerName="WS-KWILLIAMS" duration="00:00:00.0002628" startTime="2012-10-11T12:56:56.0490197-04:00" endTime="2012-10-11T12:56:56.0490197-04:00" testType="13cdc9d9-ddb5-4fa4-a97d-d965ccfc6d4b" outcome="Passed" testListId="8c84fa94-04c1-424b-9868-57a2d4851a1d" relativeResultsDirectory="8dca8711-e058-4f93-a4b5-f3aad6c35147">
    </UnitTestResult>
    <UnitTestResult executionId="10c8d436-88a4-4c8a-abf5-7ea174c95557" testId="597979c6-db9a-b794-3d1d-6e36cc2dda54" testName="GetStrategyReturnsConjuredQualityStrategyForConjured" computerName="WS-KWILLIAMS" duration="00:00:00.0001778" startTime="2012-10-11T12:56:56.0490197-04:00" endTime="2012-10-11T12:56:56.0490197-04:00" testType="13cdc9d9-ddb5-4fa4-a97d-d965ccfc6d4b" outcome="Passed" testListId="8c84fa94-04c1-424b-9868-57a2d4851a1d" relativeResultsDirectory="10c8d436-88a4-4c8a-abf5-7ea174c95557">
    </UnitTestResult>
    <UnitTestResult executionId="3e727460-d7c9-43d9-996d-bb8c87584b7a" testId="6f34fb8c-d619-23b1-a2b3-dde4c73ea402" testName="BackstagePassQualityDropsToZeroAfterTheConcert" computerName="WS-KWILLIAMS" duration="00:00:00.0002336" startTime="2012-10-11T12:56:56.0490197-04:00" endTime="2012-10-11T12:56:56.0490197-04:00" testType="13cdc9d9-ddb5-4fa4-a97d-d965ccfc6d4b" outcome="Passed" testListId="8c84fa94-04c1-424b-9868-57a2d4851a1d" relativeResultsDirectory="3e727460-d7c9-43d9-996d-bb8c87584b7a">
    </UnitTestResult>
    <UnitTestResult executionId="16355e76-cfcc-4706-89e1-9ff910822207" testId="7dc6d7d8-a011-80d7-b0ff-008307dbadc0" testName="GetStrategyReturnsAgedBrieQualityStrategyForAgedBrie" computerName="WS-KWILLIAMS" duration="00:00:00.0002883" startTime="2012-10-11T12:56:56.0490197-04:00" endTime="2012-10-11T12:56:56.0646203-04:00" testType="13cdc9d9-ddb5-4fa4-a97d-d965ccfc6d4b" outcome="Passed" testListId="8c84fa94-04c1-424b-9868-57a2d4851a1d" relativeResultsDirectory="16355e76-cfcc-4706-89e1-9ff910822207">
    </UnitTestResult>
    <UnitTestResult executionId="6726089d-7886-48b0-9e46-e212f41cc3c2" testId="82110a26-b684-2691-3066-06093ea9fcce" testName="QualityDoesNotGoAboveFiftyWhenSellInIsWithinZeroAndFiveDays" computerName="WS-KWILLIAMS" duration="00:00:00.0001816" startTime="2012-10-11T12:56:56.0646203-04:00" endTime="2012-10-11T12:56:56.0646203-04:00" testType="13cdc9d9-ddb5-4fa4-a97d-d965ccfc6d4b" outcome="Passed" testListId="8c84fa94-04c1-424b-9868-57a2d4851a1d" relativeResultsDirectory="6726089d-7886-48b0-9e46-e212f41cc3c2">
    </UnitTestResult>
    <UnitTestResult executionId="d82d63b9-4bc1-4f4d-95a6-0bde4334b185" testId="84dffe5e-ab0e-0858-1ab2-035e8b0950d9" testName="QualityIncreasesByOneWhenSellInIsGreaterThanTenDays" computerName="WS-KWILLIAMS" duration="00:00:00.0001828" startTime="2012-10-11T12:56:56.0646203-04:00" endTime="2012-10-11T12:56:56.0646203-04:00" testType="13cdc9d9-ddb5-4fa4-a97d-d965ccfc6d4b" outcome="Passed" testListId="8c84fa94-04c1-424b-9868-57a2d4851a1d" relativeResultsDirectory="d82d63b9-4bc1-4f4d-95a6-0bde4334b185">
    </UnitTestResult>
    <UnitTestResult executionId="f97ec072-5120-46bb-977b-54080d1d7cda" testId="8c5f07e9-21bb-6cf1-26e3-f9824b699a49" testName="GetStrategyReturnsSulfurasQualityStrategyForSulfuras" computerName="WS-KWILLIAMS" duration="00:00:00.0001747" startTime="2012-10-11T12:56:56.0646203-04:00" endTime="2012-10-11T12:56:56.0646203-04:00" testType="13cdc9d9-ddb5-4fa4-a97d-d965ccfc6d4b" outcome="Passed" testListId="8c84fa94-04c1-424b-9868-57a2d4851a1d" relativeResultsDirectory="f97ec072-5120-46bb-977b-54080d1d7cda">
    </UnitTestResult>
    <UnitTestResult executionId="fe5fef70-d4e2-44c3-a28a-55ae23a0ff80" testId="91659e9d-b956-f36a-a54e-9014b8c300dc" testName="QualityDecreasesByOneWhenSellInIsGreaterThanOrEqualToZero" computerName="WS-KWILLIAMS" duration="00:00:00.0002725" startTime="2012-10-11T12:56:56.0646203-04:00" endTime="2012-10-11T12:56:56.0802209-04:00" testType="13cdc9d9-ddb5-4fa4-a97d-d965ccfc6d4b" outcome="Passed" testListId="8c84fa94-04c1-424b-9868-57a2d4851a1d" relativeResultsDirectory="fe5fef70-d4e2-44c3-a28a-55ae23a0ff80">
    </UnitTestResult>
    <UnitTestResult executionId="6d057f1e-d959-4664-8db0-ebf015eebcb7" testId="9af36150-87df-0a4e-2159-e53c0d18c40b" testName="QualityIncreasesByTwoWhenSellInIsWithinSixAndTenDays" computerName="WS-KWILLIAMS" duration="00:00:00.0001797" startTime="2012-10-11T12:56:56.0802209-04:00" endTime="2012-10-11T12:56:56.0802209-04:00" testType="13cdc9d9-ddb5-4fa4-a97d-d965ccfc6d4b" outcome="Passed" testListId="8c84fa94-04c1-424b-9868-57a2d4851a1d" relativeResultsDirectory="6d057f1e-d959-4664-8db0-ebf015eebcb7">
    </UnitTestResult>
    <UnitTestResult executionId="bbd43375-9f61-49a5-9d9c-b460c57ca5e9" testId="a03dd018-0c3a-2404-bcea-96a308115063" testName="QualityOfAnItemIsNeverGreaterThanFifty" computerName="WS-KWILLIAMS" duration="00:00:00.0002113" startTime="2012-10-11T12:56:56.0802209-04:00" endTime="2012-10-11T12:56:56.0802209-04:00" testType="13cdc9d9-ddb5-4fa4-a97d-d965ccfc6d4b" outcome="Passed" testListId="8c84fa94-04c1-424b-9868-57a2d4851a1d" relativeResultsDirectory="bbd43375-9f61-49a5-9d9c-b460c57ca5e9">
    </UnitTestResult>
    <UnitTestResult executionId="2b566d21-3158-4125-bc6f-3a5833cfca5e" testId="a20a59a4-41f3-589b-cc10-2bd4d544b017" testName="DecreasesByOne" computerName="WS-KWILLIAMS" duration="00:00:00.0002663" startTime="2012-10-11T12:56:56.0802209-04:00" endTime="2012-10-11T12:56:56.0802209-04:00" testType="13cdc9d9-ddb5-4fa4-a97d-d965ccfc6d4b" outcome="Passed" testListId="8c84fa94-04c1-424b-9868-57a2d4851a1d" relativeResultsDirectory="2b566d21-3158-4125-bc6f-3a5833cfca5e">
    </UnitTestResult>
    <UnitTestResult executionId="dade2928-c234-40cd-8d30-b9fde55ead00" testId="a37a26e5-3251-eae2-41ab-cfde8e82534c" testName="SulfurasNeverHasToBeSold" computerName="WS-KWILLIAMS" duration="00:00:00.0002259" startTime="2012-10-11T12:56:56.0958215-04:00" endTime="2012-10-11T12:56:56.0958215-04:00" testType="13cdc9d9-ddb5-4fa4-a97d-d965ccfc6d4b" outcome="Passed" testListId="8c84fa94-04c1-424b-9868-57a2d4851a1d" relativeResultsDirectory="dade2928-c234-40cd-8d30-b9fde55ead00">
    </UnitTestResult>
    <UnitTestResult executionId="c7236a5e-8cc3-4efb-9663-a034fb04cd19" testId="a5be1cf3-35f4-88c7-cb0f-a627f44aa249" testName="QualityDecreasesByTwoWhenSellInIsGreaterThanOrEqualToZero" computerName="WS-KWILLIAMS" duration="00:00:00.0001843" startTime="2012-10-11T12:56:56.0958215-04:00" endTime="2012-10-11T12:56:56.0958215-04:00" testType="13cdc9d9-ddb5-4fa4-a97d-d965ccfc6d4b" outcome="Passed" testListId="8c84fa94-04c1-424b-9868-57a2d4851a1d" relativeResultsDirectory="c7236a5e-8cc3-4efb-9663-a034fb04cd19">
    </UnitTestResult>
    <UnitTestResult executionId="891b55bf-5e77-4ff4-80cc-5add8b213c75" testId="bc190aaf-2fb3-0b3d-4043-9372d7d4d5e1" testName="SulfurasNeverDegrades" computerName="WS-KWILLIAMS" duration="00:00:00.0002047" startTime="2012-10-11T12:56:56.0958215-04:00" endTime="2012-10-11T12:56:56.0958215-04:00" testType="13cdc9d9-ddb5-4fa4-a97d-d965ccfc6d4b" outcome="Passed" testListId="8c84fa94-04c1-424b-9868-57a2d4851a1d" relativeResultsDirectory="891b55bf-5e77-4ff4-80cc-5add8b213c75">
    </UnitTestResult>
    <UnitTestResult executionId="f63dd733-0c97-447b-96f4-1602a195b223" testId="bce909f7-89d6-f9a2-5398-ce34d52550d5" testName="SellInForBackstagePassDecreasesByOne" computerName="WS-KWILLIAMS" duration="00:00:00.0002040" startTime="2012-10-11T12:56:56.0958215-04:00" endTime="2012-10-11T12:56:56.0958215-04:00" testType="13cdc9d9-ddb5-4fa4-a97d-d965ccfc6d4b" outcome="Passed" testListId="8c84fa94-04c1-424b-9868-57a2d4851a1d" relativeResultsDirectory="f63dd733-0c97-447b-96f4-1602a195b223">
    </UnitTestResult>
    <UnitTestResult executionId="81c4a074-51ce-45d5-93ef-8f89110185fe" testId="ca2989b2-7ee6-b36e-f08f-8f4a3814fa57" testName="SellInForAgedBrieDecreasesByOne" computerName="WS-KWILLIAMS" duration="00:00:00.0002128" startTime="2012-10-11T12:56:56.0958215-04:00" endTime="2012-10-11T12:56:56.1114221-04:00" testType="13cdc9d9-ddb5-4fa4-a97d-d965ccfc6d4b" outcome="Passed" testListId="8c84fa94-04c1-424b-9868-57a2d4851a1d" relativeResultsDirectory="81c4a074-51ce-45d5-93ef-8f89110185fe">
    </UnitTestResult>
    <UnitTestResult executionId="9ee9eb38-d30b-41b6-a461-a71b8469f0ab" testId="ccd557cb-8d5e-3d46-06e4-fe4b0bc2858f" testName="SellInForNormalItemDecreasesByOne" computerName="WS-KWILLIAMS" duration="00:00:00.0002255" startTime="2012-10-11T12:56:56.1114221-04:00" endTime="2012-10-11T12:56:56.1114221-04:00" testType="13cdc9d9-ddb5-4fa4-a97d-d965ccfc6d4b" outcome="Passed" testListId="8c84fa94-04c1-424b-9868-57a2d4851a1d" relativeResultsDirectory="9ee9eb38-d30b-41b6-a461-a71b8469f0ab">
    </UnitTestResult>
    <UnitTestResult executionId="0c36d6e8-4c8d-4ee2-ad17-4cfda3bac1b2" testId="ce362a3c-9351-e23a-cb32-9b5c4a08f08b" testName="GetStrategyReturnsNormalQualityStrategyForNormalItem" computerName="WS-KWILLIAMS" duration="00:00:00.0002036" startTime="2012-10-11T12:56:56.1114221-04:00" endTime="2012-10-11T12:56:56.1114221-04:00" testType="13cdc9d9-ddb5-4fa4-a97d-d965ccfc6d4b" outcome="Passed" testListId="8c84fa94-04c1-424b-9868-57a2d4851a1d" relativeResultsDirectory="0c36d6e8-4c8d-4ee2-ad17-4cfda3bac1b2">
    </UnitTestResult>
    <UnitTestResult executionId="9fddc855-6226-48b2-8eb7-fc0334c6fdcf" testId="d5a6fe62-38b5-5778-33fd-d645e0bf73a8" testName="QualityDoesNotGoAboveFifty" computerName="WS-KWILLIAMS" duration="00:00:00.0001786" startTime="2012-10-11T12:56:56.1114221-04:00" endTime="2012-10-11T12:56:56.1270227-04:00" testType="13cdc9d9-ddb5-4fa4-a97d-d965ccfc6d4b" outcome="Passed" testListId="8c84fa94-04c1-424b-9868-57a2d4851a1d" relativeResultsDirectory="9fddc855-6226-48b2-8eb7-fc0334c6fdcf">
    </UnitTestResult>
    <UnitTestResult executionId="aa744548-e7e5-4a6e-a0ef-cbce6c2e019a" testId="d5d591b6-668c-08dc-e4f6-88caa3242d92" testName="BackstagePassQualityIncreasesByTwoWhenSellInReachesBetweenSixAndTenDays" computerName="WS-KWILLIAMS" duration="00:00:00.0002159" startTime="2012-10-11T12:56:56.1270227-04:00" endTime="2012-10-11T12:56:56.1270227-04:00" testType="13cdc9d9-ddb5-4fa4-a97d-d965ccfc6d4b" outcome="Passed" testListId="8c84fa94-04c1-424b-9868-57a2d4851a1d" relativeResultsDirectory="aa744548-e7e5-4a6e-a0ef-cbce6c2e019a">
    </UnitTestResult>
    <UnitTestResult executionId="d1665f40-97ad-4c45-ba24-ba856c63d851" testId="de54f744-57cc-2325-2576-47d34a9d1972" testName="GetStrategyReturnsNormalQualityStrategyForNormalItem" computerName="WS-KWILLIAMS" duration="00:00:00.0001770" startTime="2012-10-11T12:56:56.1582239-04:00" endTime="2012-10-11T12:56:56.1582239-04:00" testType="13cdc9d9-ddb5-4fa4-a97d-d965ccfc6d4b" outcome="Passed" testListId="8c84fa94-04c1-424b-9868-57a2d4851a1d" relativeResultsDirectory="d1665f40-97ad-4c45-ba24-ba856c63d851">
    </UnitTestResult>
    <UnitTestResult executionId="172b9f20-a6b3-4f6b-8d64-c59980eaf31d" testId="e294a53a-8e48-f045-9dcf-c925acdd4191" testName="BackstagePassQualityIncreasesByOneTenDays" computerName="WS-KWILLIAMS" duration="00:00:00.0003202" startTime="2012-10-11T12:56:56.1894251-04:00" endTime="2012-10-11T12:56:56.1894251-04:00" testType="13cdc9d9-ddb5-4fa4-a97d-d965ccfc6d4b" outcome="Passed" testListId="8c84fa94-04c1-424b-9868-57a2d4851a1d" relativeResultsDirectory="172b9f20-a6b3-4f6b-8d64-c59980eaf31d">
    </UnitTestResult>
    <UnitTestResult executionId="894c5e9d-5eaf-4ba4-8523-e2bcb6f9ebad" testId="e9f7a96e-540e-33c6-dbe4-02974f47e82a" testName="QualityDoesNotGoAboveFiftyWhenSellInIsGreaterThanTenDays" computerName="WS-KWILLIAMS" duration="00:00:00.0002244" startTime="2012-10-11T12:56:56.2050257-04:00" endTime="2012-10-11T12:56:56.2050257-04:00" testType="13cdc9d9-ddb5-4fa4-a97d-d965ccfc6d4b" outcome="Passed" testListId="8c84fa94-04c1-424b-9868-57a2d4851a1d" relativeResultsDirectory="894c5e9d-5eaf-4ba4-8523-e2bcb6f9ebad">
    </UnitTestResult>
    <UnitTestResult executionId="e53dff71-b16f-4fed-b23d-c78987ab0066" testId="f835aa2c-fcac-adc6-42e6-7298b1ae58dc" testName="ConjuredItemsDegradeInQualityTwiceAsFastAsNormalItems" computerName="WS-KWILLIAMS" duration="00:00:00.0002536" startTime="2012-10-11T12:56:56.2050257-04:00" endTime="2012-10-11T12:56:56.2050257-04:00" testType="13cdc9d9-ddb5-4fa4-a97d-d965ccfc6d4b" outcome="Passed" testListId="8c84fa94-04c1-424b-9868-57a2d4851a1d" relativeResultsDirectory="e53dff71-b16f-4fed-b23d-c78987ab0066">
    </UnitTestResult>
    <UnitTestResult executionId="6be4579b-5ac0-46ce-a372-08c3a6f2617f" testId="f917dd1b-9ac7-0f85-3d24-2af61a929d22" testName="GetStrategyReturnsAgedBrieQualityStrategyForAgedBrie" computerName="WS-KWILLIAMS" duration="00:00:00.0001859" startTime="2012-10-11T12:56:56.2050257-04:00" endTime="2012-10-11T12:56:56.2050257-04:00" testType="13cdc9d9-ddb5-4fa4-a97d-d965ccfc6d4b" outcome="Passed" testListId="8c84fa94-04c1-424b-9868-57a2d4851a1d" relativeResultsDirectory="6be4579b-5ac0-46ce-a372-08c3a6f2617f">
    </UnitTestResult>
    <UnitTestResult executionId="18a228ff-d32f-4f3c-867a-3c03350f713c" testId="fd710335-74a2-9199-7500-1eedb55c28d9" testName="QualityIncreasesByThreeWhenSellInIsWithinZeroAndFiveDays" computerName="WS-KWILLIAMS" duration="00:00:00.0001797" startTime="2012-10-11T12:56:56.2050257-04:00" endTime="2012-10-11T12:56:56.2206263-04:00" testType="13cdc9d9-ddb5-4fa4-a97d-d965ccfc6d4b" outcome="Passed" testListId="8c84fa94-04c1-424b-9868-57a2d4851a1d" relativeResultsDirectory="18a228ff-d32f-4f3c-867a-3c03350f713c">
    </UnitTestResult>
  </Results>
</TestRun>