<?xml version="1.0" encoding="UTF-8"?>
<TestRun id="c2868caa-0cc2-4cba-9d17-8d0edf49e856" name="kwilliams@WS-KWILLIAMS 2012-10-05 14:57:05" runUser="CCS\kwilliams" xmlns="http://microsoft.com/schemas/VisualStudio/TeamTest/2010">
  <TestSettings name="Local" id="a1caf380-46cb-40ec-bf71-1f09af674c7e">
    <Description>These are default test settings for a local test run.</Description>
    <Deployment enabled="false" runDeploymentRoot="kwilliams_WS-KWILLIAMS 2012-10-05 14_57_05">
      <DeploymentItem filename="C:\Users\kwilliams\Downloads\NotMyself-GildedRose-v1.0-3-gccb50d0\NotMyself-GildedRose-ccb50d0\GildedRose.Core\bin\Debug\GildedRose.Core.dll" />
    </Deployment>
    <Execution>
      <TestTypeSpecific />
      <AgentRule name="Execution Agents">
      </AgentRule>
    </Execution>
  </TestSettings>
  <Times creation="2012-10-05T14:57:05.3283760-04:00" queuing="2012-10-05T14:57:05.3907784-04:00" start="2012-10-05T14:57:05.4063790-04:00" finish="2012-10-05T14:57:05.7339916-04:00" />
  <ResultSummary outcome="Completed">
    <Counters total="37" executed="37" passed="37" error="0" failed="0" timeout="0" aborted="0" inconclusive="0" passedButRunAborted="0" notRunnable="0" notExecuted="0" disconnected="0" warning="0" completed="0" inProgress="0" pending="0" />
  </ResultSummary>
  <TestDefinitions>
    <UnitTest name="QualityIncreasesByTwoWhenSellInIsWithinSixAndTenDays" storage="c:\users\kwilliams\downloads\notmyself-gildedrose-v1.0-3-gccb50d0\notmyself-gildedrose-ccb50d0\src\gildedroses.unittests\bin\debug\gildedroses.unittests.dll" id="b2d28e5c-02f2-7621-be11-937a94c7f399">
      <Execution id="042d5297-6510-400a-a1dd-9b0f28e21a28" />
      <TestMethod codeBase="C:/Users/kwilliams/Downloads/NotMyself-GildedRose-v1.0-3-gccb50d0/NotMyself-GildedRose-ccb50d0/src/GildedRoses.UnitTests/bin/Debug/GildedRoses.UnitTests.DLL" adapterTypeName="Microsoft.VisualStudio.TestTools.TestTypes.Unit.UnitTestAdapter, Microsoft.VisualStudio.QualityTools.Tips.UnitTest.Adapter, Version=10.0.0.0, Culture=neutral, PublicKeyToken=b03f5f7f11d50a3a" className="GildedRoses.UnitTests.Strategies.Quality.BackstagePassQualityStrategyTests, GildedRoses.UnitTests, Version=1.0.0.0, Culture=neutral, PublicKeyToken=null" name="QualityIncreasesByTwoWhenSellInIsWithinSixAndTenDays" />
    </UnitTest>
    <UnitTest name="SellInForBackstagePassDecreasesByOne" storage="c:\users\kwilliams\downloads\notmyself-gildedrose-v1.0-3-gccb50d0\notmyself-gildedrose-ccb50d0\src\gildedroses.unittests\bin\debug\gildedroses.unittests.dll" id="bce909f7-89d6-f9a2-5398-ce34d52550d5">
      <Execution id="4ea9f8f3-ea53-42c5-8ad0-e10c0dead0f2" />
      <TestMethod codeBase="C:/Users/kwilliams/Downloads/NotMyself-GildedRose-v1.0-3-gccb50d0/NotMyself-GildedRose-ccb50d0/src/GildedRoses.UnitTests/bin/Debug/GildedRoses.UnitTests.DLL" adapterTypeName="Microsoft.VisualStudio.TestTools.TestTypes.Unit.UnitTestAdapter, Microsoft.VisualStudio.QualityTools.Tips.UnitTest.Adapter, Version=10.0.0.0, Culture=neutral, PublicKeyToken=b03f5f7f11d50a3a" className="GildedRose.UnitTests.GildedRoseProcessorTests, GildedRoses.UnitTests, Version=1.0.0.0, Culture=neutral, PublicKeyToken=null" name="SellInForBackstagePassDecreasesByOne" />
    </UnitTest>
    <UnitTest name="ConjuredItemsDegradeInQualityTwiceAsFastAsNormalItems" storage="c:\users\kwilliams\downloads\notmyself-gildedrose-v1.0-3-gccb50d0\notmyself-gildedrose-ccb50d0\src\gildedroses.unittests\bin\debug\gildedroses.unittests.dll" id="f835aa2c-fcac-adc6-42e6-7298b1ae58dc">
      <Execution id="fd6acaf6-0a9d-4f54-b1dc-3918a80c83b6" />
      <TestMethod codeBase="C:/Users/kwilliams/Downloads/NotMyself-GildedRose-v1.0-3-gccb50d0/NotMyself-GildedRose-ccb50d0/src/GildedRoses.UnitTests/bin/Debug/GildedRoses.UnitTests.DLL" adapterTypeName="Microsoft.VisualStudio.TestTools.TestTypes.Unit.UnitTestAdapter, Microsoft.VisualStudio.QualityTools.Tips.UnitTest.Adapter, Version=10.0.0.0, Culture=neutral, PublicKeyToken=b03f5f7f11d50a3a" className="GildedRose.UnitTests.GildedRoseProcessorTests, GildedRoses.UnitTests, Version=1.0.0.0, Culture=neutral, PublicKeyToken=null" name="ConjuredItemsDegradeInQualityTwiceAsFastAsNormalItems" />
    </UnitTest>
    <UnitTest name="QualityIncreasesForAgedBrie" storage="c:\users\kwilliams\downloads\notmyself-gildedrose-v1.0-3-gccb50d0\notmyself-gildedrose-ccb50d0\src\gildedroses.unittests\bin\debug\gildedroses.unittests.dll" id="4b68dd3f-1fec-2ad9-0153-971ebb6fd601">
      <Execution id="fafc5773-b0ad-4219-8fd0-1eb0742bd84b" />
      <TestMethod codeBase="C:/Users/kwilliams/Downloads/NotMyself-GildedRose-v1.0-3-gccb50d0/NotMyself-GildedRose-ccb50d0/src/GildedRoses.UnitTests/bin/Debug/GildedRoses.UnitTests.DLL" adapterTypeName="Microsoft.VisualStudio.TestTools.TestTypes.Unit.UnitTestAdapter, Microsoft.VisualStudio.QualityTools.Tips.UnitTest.Adapter, Version=10.0.0.0, Culture=neutral, PublicKeyToken=b03f5f7f11d50a3a" className="GildedRose.UnitTests.GildedRoseProcessorTests, GildedRoses.UnitTests, Version=1.0.0.0, Culture=neutral, PublicKeyToken=null" name="QualityIncreasesForAgedBrie" />
    </UnitTest>
    <UnitTest name="BackstagePassQualityStaysTheSameUntilTenDays" storage="c:\users\kwilliams\downloads\notmyself-gildedrose-v1.0-3-gccb50d0\notmyself-gildedrose-ccb50d0\src\gildedroses.unittests\bin\debug\gildedroses.unittests.dll" id="ce413595-969f-4836-93d1-a32f53d7aed8">
      <Execution id="465502cd-f750-4007-99f1-dd62c5784e8a" />
      <TestMethod codeBase="C:/Users/kwilliams/Downloads/NotMyself-GildedRose-v1.0-3-gccb50d0/NotMyself-GildedRose-ccb50d0/src/GildedRoses.UnitTests/bin/Debug/GildedRoses.UnitTests.DLL" adapterTypeName="Microsoft.VisualStudio.TestTools.TestTypes.Unit.UnitTestAdapter, Microsoft.VisualStudio.QualityTools.Tips.UnitTest.Adapter, Version=10.0.0.0, Culture=neutral, PublicKeyToken=b03f5f7f11d50a3a" className="GildedRose.UnitTests.GildedRoseProcessorTests, GildedRoses.UnitTests, Version=1.0.0.0, Culture=neutral, PublicKeyToken=null" name="BackstagePassQualityStaysTheSameUntilTenDays" />
    </UnitTest>
    <UnitTest name="QualityDoesNotGoAboveFifty" storage="c:\users\kwilliams\downloads\notmyself-gildedrose-v1.0-3-gccb50d0\notmyself-gildedrose-ccb50d0\src\gildedroses.unittests\bin\debug\gildedroses.unittests.dll" id="33377cb1-02fc-c3bf-2deb-4f32f6490ca4">
      <Execution id="d8e5696c-c48e-490c-9707-1ea7f5c4694c" />
      <TestMethod codeBase="C:/Users/kwilliams/Downloads/NotMyself-GildedRose-v1.0-3-gccb50d0/NotMyself-GildedRose-ccb50d0/src/GildedRoses.UnitTests/bin/Debug/GildedRoses.UnitTests.DLL" adapterTypeName="Microsoft.VisualStudio.TestTools.TestTypes.Unit.UnitTestAdapter, Microsoft.VisualStudio.QualityTools.Tips.UnitTest.Adapter, Version=10.0.0.0, Culture=neutral, PublicKeyToken=b03f5f7f11d50a3a" className="GildedRoses.UnitTests.Strategies.Quality.AgedBrieQualityStrategyTests, GildedRoses.UnitTests, Version=1.0.0.0, Culture=neutral, PublicKeyToken=null" name="QualityDoesNotGoAboveFifty" />
    </UnitTest>
    <UnitTest name="GetStrategyReturnsAgedBrieQualityStrategyForAgedBrie" storage="c:\users\kwilliams\downloads\notmyself-gildedrose-v1.0-3-gccb50d0\notmyself-gildedrose-ccb50d0\src\gildedroses.unittests\bin\debug\gildedroses.unittests.dll" id="bb03be4f-ea91-5112-a71b-22043a2e65b7">
      <Execution id="5c20aa91-0a47-4d5b-8d0f-061a3fcd72ed" />
      <TestMethod codeBase="C:/Users/kwilliams/Downloads/NotMyself-GildedRose-v1.0-3-gccb50d0/NotMyself-GildedRose-ccb50d0/src/GildedRoses.UnitTests/bin/Debug/GildedRoses.UnitTests.DLL" adapterTypeName="Microsoft.VisualStudio.TestTools.TestTypes.Unit.UnitTestAdapter, Microsoft.VisualStudio.QualityTools.Tips.UnitTest.Adapter, Version=10.0.0.0, Culture=neutral, PublicKeyToken=b03f5f7f11d50a3a" className="GildedRoses.UnitTests.Strategies.Quality.QualityStrategyFactoryTests, GildedRoses.UnitTests, Version=1.0.0.0, Culture=neutral, PublicKeyToken=null" name="GetStrategyReturnsAgedBrieQualityStrategyForAgedBrie" />
    </UnitTest>
    <UnitTest name="SellInForNormalItemDecreasesByOne" storage="c:\users\kwilliams\downloads\notmyself-gildedrose-v1.0-3-gccb50d0\notmyself-gildedrose-ccb50d0\src\gildedroses.unittests\bin\debug\gildedroses.unittests.dll" id="ccd557cb-8d5e-3d46-06e4-fe4b0bc2858f">
      <Execution id="9a024acf-76f7-4845-8103-e957f9397d4a" />
      <TestMethod codeBase="C:/Users/kwilliams/Downloads/NotMyself-GildedRose-v1.0-3-gccb50d0/NotMyself-GildedRose-ccb50d0/src/GildedRoses.UnitTests/bin/Debug/GildedRoses.UnitTests.DLL" adapterTypeName="Microsoft.VisualStudio.TestTools.TestTypes.Unit.UnitTestAdapter, Microsoft.VisualStudio.QualityTools.Tips.UnitTest.Adapter, Version=10.0.0.0, Culture=neutral, PublicKeyToken=b03f5f7f11d50a3a" className="GildedRose.UnitTests.GildedRoseProcessorTests, GildedRoses.UnitTests, Version=1.0.0.0, Culture=neutral, PublicKeyToken=null" name="SellInForNormalItemDecreasesByOne" />
    </UnitTest>
    <UnitTest name="DoesNotChange" storage="c:\users\kwilliams\downloads\notmyself-gildedrose-v1.0-3-gccb50d0\notmyself-gildedrose-ccb50d0\src\gildedroses.unittests\bin\debug\gildedroses.unittests.dll" id="99e8fe7a-2dc4-b8bf-5973-f43514db8194">
      <Execution id="58295415-d557-4b8f-9e70-f3df427d6710" />
      <TestMethod codeBase="C:/Users/kwilliams/Downloads/NotMyself-GildedRose-v1.0-3-gccb50d0/NotMyself-GildedRose-ccb50d0/src/GildedRoses.UnitTests/bin/Debug/GildedRoses.UnitTests.DLL" adapterTypeName="Microsoft.VisualStudio.TestTools.TestTypes.Unit.UnitTestAdapter, Microsoft.VisualStudio.QualityTools.Tips.UnitTest.Adapter, Version=10.0.0.0, Culture=neutral, PublicKeyToken=b03f5f7f11d50a3a" className="GildedRoses.UnitTests.Strategies.SellIn.SulfurasSellInStrategyTests, GildedRoses.UnitTests, Version=1.0.0.0, Culture=neutral, PublicKeyToken=null" name="DoesNotChange" />
    </UnitTest>
    <UnitTest name="BackstagePassQualityDropsToZeroAfterTheConcert" storage="c:\users\kwilliams\downloads\notmyself-gildedrose-v1.0-3-gccb50d0\notmyself-gildedrose-ccb50d0\src\gildedroses.unittests\bin\debug\gildedroses.unittests.dll" id="6f34fb8c-d619-23b1-a2b3-dde4c73ea402">
      <Execution id="90bf3d81-f6dc-4be6-b5fa-ad2c7ec55302" />
      <TestMethod codeBase="C:/Users/kwilliams/Downloads/NotMyself-GildedRose-v1.0-3-gccb50d0/NotMyself-GildedRose-ccb50d0/src/GildedRoses.UnitTests/bin/Debug/GildedRoses.UnitTests.DLL" adapterTypeName="Microsoft.VisualStudio.TestTools.TestTypes.Unit.UnitTestAdapter, Microsoft.VisualStudio.QualityTools.Tips.UnitTest.Adapter, Version=10.0.0.0, Culture=neutral, PublicKeyToken=b03f5f7f11d50a3a" className="GildedRose.UnitTests.GildedRoseProcessorTests, GildedRoses.UnitTests, Version=1.0.0.0, Culture=neutral, PublicKeyToken=null" name="BackstagePassQualityDropsToZeroAfterTheConcert" />
    </UnitTest>
    <UnitTest name="QualityDecreasesByFourWhenSellInIsGreaterThanOrEqualToZero" storage="c:\users\kwilliams\downloads\notmyself-gildedrose-v1.0-3-gccb50d0\notmyself-gildedrose-ccb50d0\src\gildedroses.unittests\bin\debug\gildedroses.unittests.dll" id="b9f52232-1b74-369c-c28a-1648794ca68b">
      <Execution id="6cf54add-b5dc-491c-87bb-70d8d2fd41d6" />
      <TestMethod codeBase="C:/Users/kwilliams/Downloads/NotMyself-GildedRose-v1.0-3-gccb50d0/NotMyself-GildedRose-ccb50d0/src/GildedRoses.UnitTests/bin/Debug/GildedRoses.UnitTests.DLL" adapterTypeName="Microsoft.VisualStudio.TestTools.TestTypes.Unit.UnitTestAdapter, Microsoft.VisualStudio.QualityTools.Tips.UnitTest.Adapter, Version=10.0.0.0, Culture=neutral, PublicKeyToken=b03f5f7f11d50a3a" className="GildedRoses.UnitTests.Strategies.Quality.ConjuredQualityStrategyTests, GildedRoses.UnitTests, Version=1.0.0.0, Culture=neutral, PublicKeyToken=null" name="QualityDecreasesByFourWhenSellInIsGreaterThanOrEqualToZero" />
    </UnitTest>
    <UnitTest name="GetStrategyReturnsBackStagePassQualityStrategyForBackstagePass" storage="c:\users\kwilliams\downloads\notmyself-gildedrose-v1.0-3-gccb50d0\notmyself-gildedrose-ccb50d0\src\gildedroses.unittests\bin\debug\gildedroses.unittests.dll" id="591af166-1b4a-0984-7eee-62898709dd3e">
      <Execution id="fb0272ec-ec32-4b8a-bed5-1b24ae214ec3" />
      <TestMethod codeBase="C:/Users/kwilliams/Downloads/NotMyself-GildedRose-v1.0-3-gccb50d0/NotMyself-GildedRose-ccb50d0/src/GildedRoses.UnitTests/bin/Debug/GildedRoses.UnitTests.DLL" adapterTypeName="Microsoft.VisualStudio.TestTools.TestTypes.Unit.UnitTestAdapter, Microsoft.VisualStudio.QualityTools.Tips.UnitTest.Adapter, Version=10.0.0.0, Culture=neutral, PublicKeyToken=b03f5f7f11d50a3a" className="GildedRoses.UnitTests.Strategies.Quality.QualityStrategyFactoryTests, GildedRoses.UnitTests, Version=1.0.0.0, Culture=neutral, PublicKeyToken=null" name="GetStrategyReturnsBackStagePassQualityStrategyForBackstagePass" />
    </UnitTest>
    <UnitTest name="QualityDoesNotGoAboveFiftyWhenSellInIsWithinSixAndTenDays" storage="c:\users\kwilliams\downloads\notmyself-gildedrose-v1.0-3-gccb50d0\notmyself-gildedrose-ccb50d0\src\gildedroses.unittests\bin\debug\gildedroses.unittests.dll" id="cecebdfe-6d27-291a-2de2-48893f597415">
      <Execution id="43b66a3d-1b7f-4460-bb30-8644f388561d" />
      <TestMethod codeBase="C:/Users/kwilliams/Downloads/NotMyself-GildedRose-v1.0-3-gccb50d0/NotMyself-GildedRose-ccb50d0/src/GildedRoses.UnitTests/bin/Debug/GildedRoses.UnitTests.DLL" adapterTypeName="Microsoft.VisualStudio.TestTools.TestTypes.Unit.UnitTestAdapter, Microsoft.VisualStudio.QualityTools.Tips.UnitTest.Adapter, Version=10.0.0.0, Culture=neutral, PublicKeyToken=b03f5f7f11d50a3a" className="GildedRoses.UnitTests.Strategies.Quality.BackstagePassQualityStrategyTests, GildedRoses.UnitTests, Version=1.0.0.0, Culture=neutral, PublicKeyToken=null" name="QualityDoesNotGoAboveFiftyWhenSellInIsWithinSixAndTenDays" />
    </UnitTest>
    <UnitTest name="QualityDoesNotGoAboveFiftyWhenSellInIsGreaterThanTenDays" storage="c:\users\kwilliams\downloads\notmyself-gildedrose-v1.0-3-gccb50d0\notmyself-gildedrose-ccb50d0\src\gildedroses.unittests\bin\debug\gildedroses.unittests.dll" id="c14da039-df56-a14b-dda5-b66cb3117dc3">
      <Execution id="23404adf-1fb4-4080-a62b-7e732f3e5c9a" />
      <TestMethod codeBase="C:/Users/kwilliams/Downloads/NotMyself-GildedRose-v1.0-3-gccb50d0/NotMyself-GildedRose-ccb50d0/src/GildedRoses.UnitTests/bin/Debug/GildedRoses.UnitTests.DLL" adapterTypeName="Microsoft.VisualStudio.TestTools.TestTypes.Unit.UnitTestAdapter, Microsoft.VisualStudio.QualityTools.Tips.UnitTest.Adapter, Version=10.0.0.0, Culture=neutral, PublicKeyToken=b03f5f7f11d50a3a" className="GildedRoses.UnitTests.Strategies.Quality.BackstagePassQualityStrategyTests, GildedRoses.UnitTests, Version=1.0.0.0, Culture=neutral, PublicKeyToken=null" name="QualityDoesNotGoAboveFiftyWhenSellInIsGreaterThanTenDays" />
    </UnitTest>
    <UnitTest name="QualityIncreasesByOne" storage="c:\users\kwilliams\downloads\notmyself-gildedrose-v1.0-3-gccb50d0\notmyself-gildedrose-ccb50d0\src\gildedroses.unittests\bin\debug\gildedroses.unittests.dll" id="a6be764d-4c17-7d50-b4ca-a609322a855f">
      <Execution id="6a152874-b7dd-44ee-bace-590aeea73650" />
      <TestMethod codeBase="C:/Users/kwilliams/Downloads/NotMyself-GildedRose-v1.0-3-gccb50d0/NotMyself-GildedRose-ccb50d0/src/GildedRoses.UnitTests/bin/Debug/GildedRoses.UnitTests.DLL" adapterTypeName="Microsoft.VisualStudio.TestTools.TestTypes.Unit.UnitTestAdapter, Microsoft.VisualStudio.QualityTools.Tips.UnitTest.Adapter, Version=10.0.0.0, Culture=neutral, PublicKeyToken=b03f5f7f11d50a3a" className="GildedRoses.UnitTests.Strategies.Quality.AgedBrieQualityStrategyTests, GildedRoses.UnitTests, Version=1.0.0.0, Culture=neutral, PublicKeyToken=null" name="QualityIncreasesByOne" />
    </UnitTest>
    <UnitTest name="QualityDoesNotChange" storage="c:\users\kwilliams\downloads\notmyself-gildedrose-v1.0-3-gccb50d0\notmyself-gildedrose-ccb50d0\src\gildedroses.unittests\bin\debug\gildedroses.unittests.dll" id="e4f833c7-13fe-b064-7135-20b5f97c6d5d">
      <Execution id="e23c85e6-d8f4-4150-8f18-74f0653b8bbe" />
      <TestMethod codeBase="C:/Users/kwilliams/Downloads/NotMyself-GildedRose-v1.0-3-gccb50d0/NotMyself-GildedRose-ccb50d0/src/GildedRoses.UnitTests/bin/Debug/GildedRoses.UnitTests.DLL" adapterTypeName="Microsoft.VisualStudio.TestTools.TestTypes.Unit.UnitTestAdapter, Microsoft.VisualStudio.QualityTools.Tips.UnitTest.Adapter, Version=10.0.0.0, Culture=neutral, PublicKeyToken=b03f5f7f11d50a3a" className="GildedRoses.UnitTests.Strategies.Quality.SulfurasQualityStrategyTests, GildedRoses.UnitTests, Version=1.0.0.0, Culture=neutral, PublicKeyToken=null" name="QualityDoesNotChange" />
    </UnitTest>
    <UnitTest name="SulfurasNeverHasToBeSold" storage="c:\users\kwilliams\downloads\notmyself-gildedrose-v1.0-3-gccb50d0\notmyself-gildedrose-ccb50d0\src\gildedroses.unittests\bin\debug\gildedroses.unittests.dll" id="a37a26e5-3251-eae2-41ab-cfde8e82534c">
      <Execution id="33b75fb0-a721-40ff-a68f-87b35f24e322" />
      <TestMethod codeBase="C:/Users/kwilliams/Downloads/NotMyself-GildedRose-v1.0-3-gccb50d0/NotMyself-GildedRose-ccb50d0/src/GildedRoses.UnitTests/bin/Debug/GildedRoses.UnitTests.DLL" adapterTypeName="Microsoft.VisualStudio.TestTools.TestTypes.Unit.UnitTestAdapter, Microsoft.VisualStudio.QualityTools.Tips.UnitTest.Adapter, Version=10.0.0.0, Culture=neutral, PublicKeyToken=b03f5f7f11d50a3a" className="GildedRose.UnitTests.GildedRoseProcessorTests, GildedRoses.UnitTests, Version=1.0.0.0, Culture=neutral, PublicKeyToken=null" name="SulfurasNeverHasToBeSold" />
    </UnitTest>
    <UnitTest name="DecreasesByOne" storage="c:\users\kwilliams\downloads\notmyself-gildedrose-v1.0-3-gccb50d0\notmyself-gildedrose-ccb50d0\src\gildedroses.unittests\bin\debug\gildedroses.unittests.dll" id="c33c3c45-bc58-e8ef-1cab-996cda5c4ccc">
      <Execution id="5e23c0d0-b5c2-4a1c-9743-c2f7d568ed03" />
      <TestMethod codeBase="C:/Users/kwilliams/Downloads/NotMyself-GildedRose-v1.0-3-gccb50d0/NotMyself-GildedRose-ccb50d0/src/GildedRoses.UnitTests/bin/Debug/GildedRoses.UnitTests.DLL" adapterTypeName="Microsoft.VisualStudio.TestTools.TestTypes.Unit.UnitTestAdapter, Microsoft.VisualStudio.QualityTools.Tips.UnitTest.Adapter, Version=10.0.0.0, Culture=neutral, PublicKeyToken=b03f5f7f11d50a3a" className="GildedRoses.UnitTests.Strategies.SellIn.NormalSellInStrategyTests, GildedRoses.UnitTests, Version=1.0.0.0, Culture=neutral, PublicKeyToken=null" name="DecreasesByOne" />
    </UnitTest>
    <UnitTest name="SellInForAgedBrieDecreasesByOne" storage="c:\users\kwilliams\downloads\notmyself-gildedrose-v1.0-3-gccb50d0\notmyself-gildedrose-ccb50d0\src\gildedroses.unittests\bin\debug\gildedroses.unittests.dll" id="ca2989b2-7ee6-b36e-f08f-8f4a3814fa57">
      <Execution id="dfc03079-a95b-4747-b94b-5d3a22b85ea1" />
      <TestMethod codeBase="C:/Users/kwilliams/Downloads/NotMyself-GildedRose-v1.0-3-gccb50d0/NotMyself-GildedRose-ccb50d0/src/GildedRoses.UnitTests/bin/Debug/GildedRoses.UnitTests.DLL" adapterTypeName="Microsoft.VisualStudio.TestTools.TestTypes.Unit.UnitTestAdapter, Microsoft.VisualStudio.QualityTools.Tips.UnitTest.Adapter, Version=10.0.0.0, Culture=neutral, PublicKeyToken=b03f5f7f11d50a3a" className="GildedRose.UnitTests.GildedRoseProcessorTests, GildedRoses.UnitTests, Version=1.0.0.0, Culture=neutral, PublicKeyToken=null" name="SellInForAgedBrieDecreasesByOne" />
    </UnitTest>
    <UnitTest name="BackstagePassQualityIncreasesByTwoWhenSellInIsBetweenSixAndTenDays" storage="c:\users\kwilliams\downloads\notmyself-gildedrose-v1.0-3-gccb50d0\notmyself-gildedrose-ccb50d0\src\gildedroses.unittests\bin\debug\gildedroses.unittests.dll" id="0892cff4-36db-81c4-7740-8978016ca9e2">
      <Execution id="06b23e59-edf1-444c-bdcb-d89918d17f6a" />
      <TestMethod codeBase="C:/Users/kwilliams/Downloads/NotMyself-GildedRose-v1.0-3-gccb50d0/NotMyself-GildedRose-ccb50d0/src/GildedRoses.UnitTests/bin/Debug/GildedRoses.UnitTests.DLL" adapterTypeName="Microsoft.VisualStudio.TestTools.TestTypes.Unit.UnitTestAdapter, Microsoft.VisualStudio.QualityTools.Tips.UnitTest.Adapter, Version=10.0.0.0, Culture=neutral, PublicKeyToken=b03f5f7f11d50a3a" className="GildedRose.UnitTests.GildedRoseProcessorTests, GildedRoses.UnitTests, Version=1.0.0.0, Culture=neutral, PublicKeyToken=null" name="BackstagePassQualityIncreasesByTwoWhenSellInIsBetweenSixAndTenDays" />
    </UnitTest>
    <UnitTest name="QualityOfAnItemIsNeverGreaterThanFifty" storage="c:\users\kwilliams\downloads\notmyself-gildedrose-v1.0-3-gccb50d0\notmyself-gildedrose-ccb50d0\src\gildedroses.unittests\bin\debug\gildedroses.unittests.dll" id="a03dd018-0c3a-2404-bcea-96a308115063">
      <Execution id="bb51d5d8-06d7-4de1-a57c-e44ef19c205b" />
      <TestMethod codeBase="C:/Users/kwilliams/Downloads/NotMyself-GildedRose-v1.0-3-gccb50d0/NotMyself-GildedRose-ccb50d0/src/GildedRoses.UnitTests/bin/Debug/GildedRoses.UnitTests.DLL" adapterTypeName="Microsoft.VisualStudio.TestTools.TestTypes.Unit.UnitTestAdapter, Microsoft.VisualStudio.QualityTools.Tips.UnitTest.Adapter, Version=10.0.0.0, Culture=neutral, PublicKeyToken=b03f5f7f11d50a3a" className="GildedRose.UnitTests.GildedRoseProcessorTests, GildedRoses.UnitTests, Version=1.0.0.0, Culture=neutral, PublicKeyToken=null" name="QualityOfAnItemIsNeverGreaterThanFifty" />
    </UnitTest>
    <UnitTest name="GetStrategyReturnsAgedBrieQualityStrategyForAgedBrie" storage="c:\users\kwilliams\downloads\notmyself-gildedrose-v1.0-3-gccb50d0\notmyself-gildedrose-ccb50d0\src\gildedroses.unittests\bin\debug\gildedroses.unittests.dll" id="8bd11791-be6f-6bbc-2cd3-f330033d64da">
      <Execution id="4b0d2c6e-801c-4240-8922-413c865a1525" />
      <TestMethod codeBase="C:/Users/kwilliams/Downloads/NotMyself-GildedRose-v1.0-3-gccb50d0/NotMyself-GildedRose-ccb50d0/src/GildedRoses.UnitTests/bin/Debug/GildedRoses.UnitTests.DLL" adapterTypeName="Microsoft.VisualStudio.TestTools.TestTypes.Unit.UnitTestAdapter, Microsoft.VisualStudio.QualityTools.Tips.UnitTest.Adapter, Version=10.0.0.0, Culture=neutral, PublicKeyToken=b03f5f7f11d50a3a" className="GildedRoses.UnitTests.Strategies.SellIn.SellInStrategyFactoryTests, GildedRoses.UnitTests, Version=1.0.0.0, Culture=neutral, PublicKeyToken=null" name="GetStrategyReturnsAgedBrieQualityStrategyForAgedBrie" />
    </UnitTest>
    <UnitTest name="QualityDecreasesByOneWhenSellInIsGreaterThanOrEqualToZero" storage="c:\users\kwilliams\downloads\notmyself-gildedrose-v1.0-3-gccb50d0\notmyself-gildedrose-ccb50d0\src\gildedroses.unittests\bin\debug\gildedroses.unittests.dll" id="e2ecdda0-2a47-3cba-a9f2-715b72d9d5c4">
      <Execution id="50716613-45e4-45da-bba4-f2ab3329a400" />
      <TestMethod codeBase="C:/Users/kwilliams/Downloads/NotMyself-GildedRose-v1.0-3-gccb50d0/NotMyself-GildedRose-ccb50d0/src/GildedRoses.UnitTests/bin/Debug/GildedRoses.UnitTests.DLL" adapterTypeName="Microsoft.VisualStudio.TestTools.TestTypes.Unit.UnitTestAdapter, Microsoft.VisualStudio.QualityTools.Tips.UnitTest.Adapter, Version=10.0.0.0, Culture=neutral, PublicKeyToken=b03f5f7f11d50a3a" className="GildedRoses.UnitTests.Strategies.Quality.NormalQualityStrategyTests, GildedRoses.UnitTests, Version=1.0.0.0, Culture=neutral, PublicKeyToken=null" name="QualityDecreasesByOneWhenSellInIsGreaterThanOrEqualToZero" />
    </UnitTest>
    <UnitTest name="GetStrategyReturnsNormalQualityStrategyForNormalItem" storage="c:\users\kwilliams\downloads\notmyself-gildedrose-v1.0-3-gccb50d0\notmyself-gildedrose-ccb50d0\src\gildedroses.unittests\bin\debug\gildedroses.unittests.dll" id="1994e197-928f-3d31-fc37-5a4552c68ca8">
      <Execution id="7a3c8d98-b596-4441-8378-4384d1a90f05" />
      <TestMethod codeBase="C:/Users/kwilliams/Downloads/NotMyself-GildedRose-v1.0-3-gccb50d0/NotMyself-GildedRose-ccb50d0/src/GildedRoses.UnitTests/bin/Debug/GildedRoses.UnitTests.DLL" adapterTypeName="Microsoft.VisualStudio.TestTools.TestTypes.Unit.UnitTestAdapter, Microsoft.VisualStudio.QualityTools.Tips.UnitTest.Adapter, Version=10.0.0.0, Culture=neutral, PublicKeyToken=b03f5f7f11d50a3a" className="GildedRoses.UnitTests.Strategies.SellIn.SellInStrategyFactoryTests, GildedRoses.UnitTests, Version=1.0.0.0, Culture=neutral, PublicKeyToken=null" name="GetStrategyReturnsNormalQualityStrategyForNormalItem" />
    </UnitTest>
    <UnitTest name="GetStrategyReturnsConjuredQualityStrategyForConjured" storage="c:\users\kwilliams\downloads\notmyself-gildedrose-v1.0-3-gccb50d0\notmyself-gildedrose-ccb50d0\src\gildedroses.unittests\bin\debug\gildedroses.unittests.dll" id="71dcff6b-e732-6c33-e5a1-85ca528032ee">
      <Execution id="e3651c38-f7b2-437f-b55a-a12e29dd185f" />
      <TestMethod codeBase="C:/Users/kwilliams/Downloads/NotMyself-GildedRose-v1.0-3-gccb50d0/NotMyself-GildedRose-ccb50d0/src/GildedRoses.UnitTests/bin/Debug/GildedRoses.UnitTests.DLL" adapterTypeName="Microsoft.VisualStudio.TestTools.TestTypes.Unit.UnitTestAdapter, Microsoft.VisualStudio.QualityTools.Tips.UnitTest.Adapter, Version=10.0.0.0, Culture=neutral, PublicKeyToken=b03f5f7f11d50a3a" className="GildedRoses.UnitTests.Strategies.Quality.QualityStrategyFactoryTests, GildedRoses.UnitTests, Version=1.0.0.0, Culture=neutral, PublicKeyToken=null" name="GetStrategyReturnsConjuredQualityStrategyForConjured" />
    </UnitTest>
    <UnitTest name="SulfurasNeverDegrades" storage="c:\users\kwilliams\downloads\notmyself-gildedrose-v1.0-3-gccb50d0\notmyself-gildedrose-ccb50d0\src\gildedroses.unittests\bin\debug\gildedroses.unittests.dll" id="bc190aaf-2fb3-0b3d-4043-9372d7d4d5e1">
      <Execution id="0dee9aa4-d689-4d6b-a906-d489cfac5904" />
      <TestMethod codeBase="C:/Users/kwilliams/Downloads/NotMyself-GildedRose-v1.0-3-gccb50d0/NotMyself-GildedRose-ccb50d0/src/GildedRoses.UnitTests/bin/Debug/GildedRoses.UnitTests.DLL" adapterTypeName="Microsoft.VisualStudio.TestTools.TestTypes.Unit.UnitTestAdapter, Microsoft.VisualStudio.QualityTools.Tips.UnitTest.Adapter, Version=10.0.0.0, Culture=neutral, PublicKeyToken=b03f5f7f11d50a3a" className="GildedRose.UnitTests.GildedRoseProcessorTests, GildedRoses.UnitTests, Version=1.0.0.0, Culture=neutral, PublicKeyToken=null" name="SulfurasNeverDegrades" />
    </UnitTest>
    <UnitTest name="BackstagePassQualityIncreasesByThreeWhenSellInIsBetweenSixAndTenDays" storage="c:\users\kwilliams\downloads\notmyself-gildedrose-v1.0-3-gccb50d0\notmyself-gildedrose-ccb50d0\src\gildedroses.unittests\bin\debug\gildedroses.unittests.dll" id="3065c56a-dca4-e21a-532a-da264c1bda69">
      <Execution id="95cf448a-f7db-444c-a99b-e408e47f7f89" />
      <TestMethod codeBase="C:/Users/kwilliams/Downloads/NotMyself-GildedRose-v1.0-3-gccb50d0/NotMyself-GildedRose-ccb50d0/src/GildedRoses.UnitTests/bin/Debug/GildedRoses.UnitTests.DLL" adapterTypeName="Microsoft.VisualStudio.TestTools.TestTypes.Unit.UnitTestAdapter, Microsoft.VisualStudio.QualityTools.Tips.UnitTest.Adapter, Version=10.0.0.0, Culture=neutral, PublicKeyToken=b03f5f7f11d50a3a" className="GildedRose.UnitTests.GildedRoseProcessorTests, GildedRoses.UnitTests, Version=1.0.0.0, Culture=neutral, PublicKeyToken=null" name="BackstagePassQualityIncreasesByThreeWhenSellInIsBetweenSixAndTenDays" />
    </UnitTest>
    <UnitTest name="QualityIncreasesByThreeWhenSellInIsWithinZeroAndFiveDays" storage="c:\users\kwilliams\downloads\notmyself-gildedrose-v1.0-3-gccb50d0\notmyself-gildedrose-ccb50d0\src\gildedroses.unittests\bin\debug\gildedroses.unittests.dll" id="e343510d-1cbf-7e51-ccf4-d82793d7feae">
      <Execution id="6ca1c9e8-0207-40dd-8793-4678851c6c38" />
      <TestMethod codeBase="C:/Users/kwilliams/Downloads/NotMyself-GildedRose-v1.0-3-gccb50d0/NotMyself-GildedRose-ccb50d0/src/GildedRoses.UnitTests/bin/Debug/GildedRoses.UnitTests.DLL" adapterTypeName="Microsoft.VisualStudio.TestTools.TestTypes.Unit.UnitTestAdapter, Microsoft.VisualStudio.QualityTools.Tips.UnitTest.Adapter, Version=10.0.0.0, Culture=neutral, PublicKeyToken=b03f5f7f11d50a3a" className="GildedRoses.UnitTests.Strategies.Quality.BackstagePassQualityStrategyTests, GildedRoses.UnitTests, Version=1.0.0.0, Culture=neutral, PublicKeyToken=null" name="QualityIncreasesByThreeWhenSellInIsWithinZeroAndFiveDays" />
    </UnitTest>
    <UnitTest name="QualityDoesNotGoAboveFiftyWhenSellInIsWithinZeroAndFiveDays" storage="c:\users\kwilliams\downloads\notmyself-gildedrose-v1.0-3-gccb50d0\notmyself-gildedrose-ccb50d0\src\gildedroses.unittests\bin\debug\gildedroses.unittests.dll" id="28154d4f-24ee-8105-02a9-c7bc69939eb7">
      <Execution id="95859b64-a966-4a5e-9f0a-861f13ba81ae" />
      <TestMethod codeBase="C:/Users/kwilliams/Downloads/NotMyself-GildedRose-v1.0-3-gccb50d0/NotMyself-GildedRose-ccb50d0/src/GildedRoses.UnitTests/bin/Debug/GildedRoses.UnitTests.DLL" adapterTypeName="Microsoft.VisualStudio.TestTools.TestTypes.Unit.UnitTestAdapter, Microsoft.VisualStudio.QualityTools.Tips.UnitTest.Adapter, Version=10.0.0.0, Culture=neutral, PublicKeyToken=b03f5f7f11d50a3a" className="GildedRoses.UnitTests.Strategies.Quality.BackstagePassQualityStrategyTests, GildedRoses.UnitTests, Version=1.0.0.0, Culture=neutral, PublicKeyToken=null" name="QualityDoesNotGoAboveFiftyWhenSellInIsWithinZeroAndFiveDays" />
    </UnitTest>
    <UnitTest name="QualityDecreasesByTwoWhenSellInIsGreaterThanOrEqualToZero" storage="c:\users\kwilliams\downloads\notmyself-gildedrose-v1.0-3-gccb50d0\notmyself-gildedrose-ccb50d0\src\gildedroses.unittests\bin\debug\gildedroses.unittests.dll" id="bf6924ff-32b9-e2c3-9658-0cd3f426ce9a">
      <Execution id="66c285cf-dfb6-4673-8f0b-4a2f92385416" />
      <TestMethod codeBase="C:/Users/kwilliams/Downloads/NotMyself-GildedRose-v1.0-3-gccb50d0/NotMyself-GildedRose-ccb50d0/src/GildedRoses.UnitTests/bin/Debug/GildedRoses.UnitTests.DLL" adapterTypeName="Microsoft.VisualStudio.TestTools.TestTypes.Unit.UnitTestAdapter, Microsoft.VisualStudio.QualityTools.Tips.UnitTest.Adapter, Version=10.0.0.0, Culture=neutral, PublicKeyToken=b03f5f7f11d50a3a" className="GildedRoses.UnitTests.Strategies.Quality.ConjuredQualityStrategyTests, GildedRoses.UnitTests, Version=1.0.0.0, Culture=neutral, PublicKeyToken=null" name="QualityDecreasesByTwoWhenSellInIsGreaterThanOrEqualToZero" />
    </UnitTest>
    <UnitTest name="GetStrategyReturnsSulfurasQualityStrategyForSulfuras" storage="c:\users\kwilliams\downloads\notmyself-gildedrose-v1.0-3-gccb50d0\notmyself-gildedrose-ccb50d0\src\gildedroses.unittests\bin\debug\gildedroses.unittests.dll" id="a94384c9-d8f1-b3d7-95cb-392fdb62625f">
      <Execution id="53040dbd-2237-4dda-bce4-e0bd12c6b066" />
      <TestMethod codeBase="C:/Users/kwilliams/Downloads/NotMyself-GildedRose-v1.0-3-gccb50d0/NotMyself-GildedRose-ccb50d0/src/GildedRoses.UnitTests/bin/Debug/GildedRoses.UnitTests.DLL" adapterTypeName="Microsoft.VisualStudio.TestTools.TestTypes.Unit.UnitTestAdapter, Microsoft.VisualStudio.QualityTools.Tips.UnitTest.Adapter, Version=10.0.0.0, Culture=neutral, PublicKeyToken=b03f5f7f11d50a3a" className="GildedRoses.UnitTests.Strategies.Quality.QualityStrategyFactoryTests, GildedRoses.UnitTests, Version=1.0.0.0, Culture=neutral, PublicKeyToken=null" name="GetStrategyReturnsSulfurasQualityStrategyForSulfuras" />
    </UnitTest>
    <UnitTest name="QualityIncreasesByOneWhenSellInIsGreaterThanTenDays" storage="c:\users\kwilliams\downloads\notmyself-gildedrose-v1.0-3-gccb50d0\notmyself-gildedrose-ccb50d0\src\gildedroses.unittests\bin\debug\gildedroses.unittests.dll" id="debe6527-36f9-32d2-7126-5f2a10b9915c">
      <Execution id="d62c0a3f-354d-40b9-a77f-de042f51f2db" />
      <TestMethod codeBase="C:/Users/kwilliams/Downloads/NotMyself-GildedRose-v1.0-3-gccb50d0/NotMyself-GildedRose-ccb50d0/src/GildedRoses.UnitTests/bin/Debug/GildedRoses.UnitTests.DLL" adapterTypeName="Microsoft.VisualStudio.TestTools.TestTypes.Unit.UnitTestAdapter, Microsoft.VisualStudio.QualityTools.Tips.UnitTest.Adapter, Version=10.0.0.0, Culture=neutral, PublicKeyToken=b03f5f7f11d50a3a" className="GildedRoses.UnitTests.Strategies.Quality.BackstagePassQualityStrategyTests, GildedRoses.UnitTests, Version=1.0.0.0, Culture=neutral, PublicKeyToken=null" name="QualityIncreasesByOneWhenSellInIsGreaterThanTenDays" />
    </UnitTest>
    <UnitTest name="QualityDegradesTwiceAsFastForNormalItem" storage="c:\users\kwilliams\downloads\notmyself-gildedrose-v1.0-3-gccb50d0\notmyself-gildedrose-ccb50d0\src\gildedroses.unittests\bin\debug\gildedroses.unittests.dll" id="3c23dad3-d82b-d1ff-5694-cf71c311fc39">
      <Execution id="d4fbd19a-e1cd-4ca6-b323-f2b7c3375c1c" />
      <TestMethod codeBase="C:/Users/kwilliams/Downloads/NotMyself-GildedRose-v1.0-3-gccb50d0/NotMyself-GildedRose-ccb50d0/src/GildedRoses.UnitTests/bin/Debug/GildedRoses.UnitTests.DLL" adapterTypeName="Microsoft.VisualStudio.TestTools.TestTypes.Unit.UnitTestAdapter, Microsoft.VisualStudio.QualityTools.Tips.UnitTest.Adapter, Version=10.0.0.0, Culture=neutral, PublicKeyToken=b03f5f7f11d50a3a" className="GildedRose.UnitTests.GildedRoseProcessorTests, GildedRoses.UnitTests, Version=1.0.0.0, Culture=neutral, PublicKeyToken=null" name="QualityDegradesTwiceAsFastForNormalItem" />
    </UnitTest>
    <UnitTest name="SellInForConjuredDecreasesByOne" storage="c:\users\kwilliams\downloads\notmyself-gildedrose-v1.0-3-gccb50d0\notmyself-gildedrose-ccb50d0\src\gildedroses.unittests\bin\debug\gildedroses.unittests.dll" id="123bb257-3032-3f4f-ef39-48d1e6e4bb3a">
      <Execution id="29e99250-2a7b-49e0-ab96-c2c2edc01afd" />
      <TestMethod codeBase="C:/Users/kwilliams/Downloads/NotMyself-GildedRose-v1.0-3-gccb50d0/NotMyself-GildedRose-ccb50d0/src/GildedRoses.UnitTests/bin/Debug/GildedRoses.UnitTests.DLL" adapterTypeName="Microsoft.VisualStudio.TestTools.TestTypes.Unit.UnitTestAdapter, Microsoft.VisualStudio.QualityTools.Tips.UnitTest.Adapter, Version=10.0.0.0, Culture=neutral, PublicKeyToken=b03f5f7f11d50a3a" className="GildedRose.UnitTests.GildedRoseProcessorTests, GildedRoses.UnitTests, Version=1.0.0.0, Culture=neutral, PublicKeyToken=null" name="SellInForConjuredDecreasesByOne" />
    </UnitTest>
    <UnitTest name="QualityDecreasesByTwoWhenSellInIsGreaterThanOrEqualToZero" storage="c:\users\kwilliams\downloads\notmyself-gildedrose-v1.0-3-gccb50d0\notmyself-gildedrose-ccb50d0\src\gildedroses.unittests\bin\debug\gildedroses.unittests.dll" id="b6baf848-01a8-8b22-ce9e-f8faf3a8aa04">
      <Execution id="552bc0ab-02b5-49eb-be17-43471151e27e" />
      <TestMethod codeBase="C:/Users/kwilliams/Downloads/NotMyself-GildedRose-v1.0-3-gccb50d0/NotMyself-GildedRose-ccb50d0/src/GildedRoses.UnitTests/bin/Debug/GildedRoses.UnitTests.DLL" adapterTypeName="Microsoft.VisualStudio.TestTools.TestTypes.Unit.UnitTestAdapter, Microsoft.VisualStudio.QualityTools.Tips.UnitTest.Adapter, Version=10.0.0.0, Culture=neutral, PublicKeyToken=b03f5f7f11d50a3a" className="GildedRoses.UnitTests.Strategies.Quality.NormalQualityStrategyTests, GildedRoses.UnitTests, Version=1.0.0.0, Culture=neutral, PublicKeyToken=null" name="QualityDecreasesByTwoWhenSellInIsGreaterThanOrEqualToZero" />
    </UnitTest>
    <UnitTest name="GetStrategyReturnsNormalQualityStrategyForNormalItem" storage="c:\users\kwilliams\downloads\notmyself-gildedrose-v1.0-3-gccb50d0\notmyself-gildedrose-ccb50d0\src\gildedroses.unittests\bin\debug\gildedroses.unittests.dll" id="0570af00-cdbf-7937-3fbb-38d7afe9fb36">
      <Execution id="93a5d69a-0f9e-4935-a117-d4748a95c1fa" />
      <TestMethod codeBase="C:/Users/kwilliams/Downloads/NotMyself-GildedRose-v1.0-3-gccb50d0/NotMyself-GildedRose-ccb50d0/src/GildedRoses.UnitTests/bin/Debug/GildedRoses.UnitTests.DLL" adapterTypeName="Microsoft.VisualStudio.TestTools.TestTypes.Unit.UnitTestAdapter, Microsoft.VisualStudio.QualityTools.Tips.UnitTest.Adapter, Version=10.0.0.0, Culture=neutral, PublicKeyToken=b03f5f7f11d50a3a" className="GildedRoses.UnitTests.Strategies.Quality.QualityStrategyFactoryTests, GildedRoses.UnitTests, Version=1.0.0.0, Culture=neutral, PublicKeyToken=null" name="GetStrategyReturnsNormalQualityStrategyForNormalItem" />
    </UnitTest>
    <UnitTest name="QualityOfAnItemIsNeverNegative" storage="c:\users\kwilliams\downloads\notmyself-gildedrose-v1.0-3-gccb50d0\notmyself-gildedrose-ccb50d0\src\gildedroses.unittests\bin\debug\gildedroses.unittests.dll" id="0f1ea7f8-5373-5988-4b75-070480550a7a">
      <Execution id="8b483ca7-902e-431b-8bdc-ae047f97805a" />
      <TestMethod codeBase="C:/Users/kwilliams/Downloads/NotMyself-GildedRose-v1.0-3-gccb50d0/NotMyself-GildedRose-ccb50d0/src/GildedRoses.UnitTests/bin/Debug/GildedRoses.UnitTests.DLL" adapterTypeName="Microsoft.VisualStudio.TestTools.TestTypes.Unit.UnitTestAdapter, Microsoft.VisualStudio.QualityTools.Tips.UnitTest.Adapter, Version=10.0.0.0, Culture=neutral, PublicKeyToken=b03f5f7f11d50a3a" className="GildedRose.UnitTests.GildedRoseProcessorTests, GildedRoses.UnitTests, Version=1.0.0.0, Culture=neutral, PublicKeyToken=null" name="QualityOfAnItemIsNeverNegative" />
    </UnitTest>
  </TestDefinitions>
  <TestLists>
    <TestList name="Results Not in a List" id="8c84fa94-04c1-424b-9868-57a2d4851a1d" />
    <TestList name="All Loaded Results" id="19431567-8539-422a-85d7-44ee4e166bda" />
  </TestLists>
  <TestEntries>
    <TestEntry testId="0570af00-cdbf-7937-3fbb-38d7afe9fb36" executionId="93a5d69a-0f9e-4935-a117-d4748a95c1fa" testListId="8c84fa94-04c1-424b-9868-57a2d4851a1d" />
    <TestEntry testId="0892cff4-36db-81c4-7740-8978016ca9e2" executionId="06b23e59-edf1-444c-bdcb-d89918d17f6a" testListId="8c84fa94-04c1-424b-9868-57a2d4851a1d" />
    <TestEntry testId="0f1ea7f8-5373-5988-4b75-070480550a7a" executionId="8b483ca7-902e-431b-8bdc-ae047f97805a" testListId="8c84fa94-04c1-424b-9868-57a2d4851a1d" />
    <TestEntry testId="123bb257-3032-3f4f-ef39-48d1e6e4bb3a" executionId="29e99250-2a7b-49e0-ab96-c2c2edc01afd" testListId="8c84fa94-04c1-424b-9868-57a2d4851a1d" />
    <TestEntry testId="1994e197-928f-3d31-fc37-5a4552c68ca8" executionId="7a3c8d98-b596-4441-8378-4384d1a90f05" testListId="8c84fa94-04c1-424b-9868-57a2d4851a1d" />
    <TestEntry testId="28154d4f-24ee-8105-02a9-c7bc69939eb7" executionId="95859b64-a966-4a5e-9f0a-861f13ba81ae" testListId="8c84fa94-04c1-424b-9868-57a2d4851a1d" />
    <TestEntry testId="3065c56a-dca4-e21a-532a-da264c1bda69" executionId="95cf448a-f7db-444c-a99b-e408e47f7f89" testListId="8c84fa94-04c1-424b-9868-57a2d4851a1d" />
    <TestEntry testId="33377cb1-02fc-c3bf-2deb-4f32f6490ca4" executionId="d8e5696c-c48e-490c-9707-1ea7f5c4694c" testListId="8c84fa94-04c1-424b-9868-57a2d4851a1d" />
    <TestEntry testId="3c23dad3-d82b-d1ff-5694-cf71c311fc39" executionId="d4fbd19a-e1cd-4ca6-b323-f2b7c3375c1c" testListId="8c84fa94-04c1-424b-9868-57a2d4851a1d" />
    <TestEntry testId="4b68dd3f-1fec-2ad9-0153-971ebb6fd601" executionId="fafc5773-b0ad-4219-8fd0-1eb0742bd84b" testListId="8c84fa94-04c1-424b-9868-57a2d4851a1d" />
    <TestEntry testId="591af166-1b4a-0984-7eee-62898709dd3e" executionId="fb0272ec-ec32-4b8a-bed5-1b24ae214ec3" testListId="8c84fa94-04c1-424b-9868-57a2d4851a1d" />
    <TestEntry testId="6f34fb8c-d619-23b1-a2b3-dde4c73ea402" executionId="90bf3d81-f6dc-4be6-b5fa-ad2c7ec55302" testListId="8c84fa94-04c1-424b-9868-57a2d4851a1d" />
    <TestEntry testId="71dcff6b-e732-6c33-e5a1-85ca528032ee" executionId="e3651c38-f7b2-437f-b55a-a12e29dd185f" testListId="8c84fa94-04c1-424b-9868-57a2d4851a1d" />
    <TestEntry testId="8bd11791-be6f-6bbc-2cd3-f330033d64da" executionId="4b0d2c6e-801c-4240-8922-413c865a1525" testListId="8c84fa94-04c1-424b-9868-57a2d4851a1d" />
    <TestEntry testId="99e8fe7a-2dc4-b8bf-5973-f43514db8194" executionId="58295415-d557-4b8f-9e70-f3df427d6710" testListId="8c84fa94-04c1-424b-9868-57a2d4851a1d" />
    <TestEntry testId="a03dd018-0c3a-2404-bcea-96a308115063" executionId="bb51d5d8-06d7-4de1-a57c-e44ef19c205b" testListId="8c84fa94-04c1-424b-9868-57a2d4851a1d" />
    <TestEntry testId="a37a26e5-3251-eae2-41ab-cfde8e82534c" executionId="33b75fb0-a721-40ff-a68f-87b35f24e322" testListId="8c84fa94-04c1-424b-9868-57a2d4851a1d" />
    <TestEntry testId="a6be764d-4c17-7d50-b4ca-a609322a855f" executionId="6a152874-b7dd-44ee-bace-590aeea73650" testListId="8c84fa94-04c1-424b-9868-57a2d4851a1d" />
    <TestEntry testId="a94384c9-d8f1-b3d7-95cb-392fdb62625f" executionId="53040dbd-2237-4dda-bce4-e0bd12c6b066" testListId="8c84fa94-04c1-424b-9868-57a2d4851a1d" />
    <TestEntry testId="b2d28e5c-02f2-7621-be11-937a94c7f399" executionId="042d5297-6510-400a-a1dd-9b0f28e21a28" testListId="8c84fa94-04c1-424b-9868-57a2d4851a1d" />
    <TestEntry testId="b6baf848-01a8-8b22-ce9e-f8faf3a8aa04" executionId="552bc0ab-02b5-49eb-be17-43471151e27e" testListId="8c84fa94-04c1-424b-9868-57a2d4851a1d" />
    <TestEntry testId="b9f52232-1b74-369c-c28a-1648794ca68b" executionId="6cf54add-b5dc-491c-87bb-70d8d2fd41d6" testListId="8c84fa94-04c1-424b-9868-57a2d4851a1d" />
    <TestEntry testId="bb03be4f-ea91-5112-a71b-22043a2e65b7" executionId="5c20aa91-0a47-4d5b-8d0f-061a3fcd72ed" testListId="8c84fa94-04c1-424b-9868-57a2d4851a1d" />
    <TestEntry testId="bc190aaf-2fb3-0b3d-4043-9372d7d4d5e1" executionId="0dee9aa4-d689-4d6b-a906-d489cfac5904" testListId="8c84fa94-04c1-424b-9868-57a2d4851a1d" />
    <TestEntry testId="bce909f7-89d6-f9a2-5398-ce34d52550d5" executionId="4ea9f8f3-ea53-42c5-8ad0-e10c0dead0f2" testListId="8c84fa94-04c1-424b-9868-57a2d4851a1d" />
    <TestEntry testId="bf6924ff-32b9-e2c3-9658-0cd3f426ce9a" executionId="66c285cf-dfb6-4673-8f0b-4a2f92385416" testListId="8c84fa94-04c1-424b-9868-57a2d4851a1d" />
    <TestEntry testId="c14da039-df56-a14b-dda5-b66cb3117dc3" executionId="23404adf-1fb4-4080-a62b-7e732f3e5c9a" testListId="8c84fa94-04c1-424b-9868-57a2d4851a1d" />
    <TestEntry testId="c33c3c45-bc58-e8ef-1cab-996cda5c4ccc" executionId="5e23c0d0-b5c2-4a1c-9743-c2f7d568ed03" testListId="8c84fa94-04c1-424b-9868-57a2d4851a1d" />
    <TestEntry testId="ca2989b2-7ee6-b36e-f08f-8f4a3814fa57" executionId="dfc03079-a95b-4747-b94b-5d3a22b85ea1" testListId="8c84fa94-04c1-424b-9868-57a2d4851a1d" />
    <TestEntry testId="ccd557cb-8d5e-3d46-06e4-fe4b0bc2858f" executionId="9a024acf-76f7-4845-8103-e957f9397d4a" testListId="8c84fa94-04c1-424b-9868-57a2d4851a1d" />
    <TestEntry testId="ce413595-969f-4836-93d1-a32f53d7aed8" executionId="465502cd-f750-4007-99f1-dd62c5784e8a" testListId="8c84fa94-04c1-424b-9868-57a2d4851a1d" />
    <TestEntry testId="cecebdfe-6d27-291a-2de2-48893f597415" executionId="43b66a3d-1b7f-4460-bb30-8644f388561d" testListId="8c84fa94-04c1-424b-9868-57a2d4851a1d" />
    <TestEntry testId="debe6527-36f9-32d2-7126-5f2a10b9915c" executionId="d62c0a3f-354d-40b9-a77f-de042f51f2db" testListId="8c84fa94-04c1-424b-9868-57a2d4851a1d" />
    <TestEntry testId="e2ecdda0-2a47-3cba-a9f2-715b72d9d5c4" executionId="50716613-45e4-45da-bba4-f2ab3329a400" testListId="8c84fa94-04c1-424b-9868-57a2d4851a1d" />
    <TestEntry testId="e343510d-1cbf-7e51-ccf4-d82793d7feae" executionId="6ca1c9e8-0207-40dd-8793-4678851c6c38" testListId="8c84fa94-04c1-424b-9868-57a2d4851a1d" />
    <TestEntry testId="e4f833c7-13fe-b064-7135-20b5f97c6d5d" executionId="e23c85e6-d8f4-4150-8f18-74f0653b8bbe" testListId="8c84fa94-04c1-424b-9868-57a2d4851a1d" />
    <TestEntry testId="f835aa2c-fcac-adc6-42e6-7298b1ae58dc" executionId="fd6acaf6-0a9d-4f54-b1dc-3918a80c83b6" testListId="8c84fa94-04c1-424b-9868-57a2d4851a1d" />
  </TestEntries>
  <Results>
    <UnitTestResult executionId="93a5d69a-0f9e-4935-a117-d4748a95c1fa" testId="0570af00-cdbf-7937-3fbb-38d7afe9fb36" testName="GetStrategyReturnsNormalQualityStrategyForNormalItem" computerName="WS-KWILLIAMS" duration="00:00:00.0124704" startTime="2012-10-05T14:57:05.4063790-04:00" endTime="2012-10-05T14:57:05.5779856-04:00" testType="13cdc9d9-ddb5-4fa4-a97d-d965ccfc6d4b" outcome="Passed" testListId="8c84fa94-04c1-424b-9868-57a2d4851a1d" relativeResultsDirectory="93a5d69a-0f9e-4935-a117-d4748a95c1fa">
    </UnitTestResult>
    <UnitTestResult executionId="06b23e59-edf1-444c-bdcb-d89918d17f6a" testId="0892cff4-36db-81c4-7740-8978016ca9e2" testName="BackstagePassQualityIncreasesByTwoWhenSellInIsBetweenSixAndTenDays" computerName="WS-KWILLIAMS" duration="00:00:00.0015843" startTime="2012-10-05T14:57:05.5779856-04:00" endTime="2012-10-05T14:57:05.5779856-04:00" testType="13cdc9d9-ddb5-4fa4-a97d-d965ccfc6d4b" outcome="Passed" testListId="8c84fa94-04c1-424b-9868-57a2d4851a1d" relativeResultsDirectory="06b23e59-edf1-444c-bdcb-d89918d17f6a">
    </UnitTestResult>
    <UnitTestResult executionId="8b483ca7-902e-431b-8bdc-ae047f97805a" testId="0f1ea7f8-5373-5988-4b75-070480550a7a" testName="QualityOfAnItemIsNeverNegative" computerName="WS-KWILLIAMS" duration="00:00:00.0001951" startTime="2012-10-05T14:57:05.5779856-04:00" endTime="2012-10-05T14:57:05.5779856-04:00" testType="13cdc9d9-ddb5-4fa4-a97d-d965ccfc6d4b" outcome="Passed" testListId="8c84fa94-04c1-424b-9868-57a2d4851a1d" relativeResultsDirectory="8b483ca7-902e-431b-8bdc-ae047f97805a">
    </UnitTestResult>
    <UnitTestResult executionId="29e99250-2a7b-49e0-ab96-c2c2edc01afd" testId="123bb257-3032-3f4f-ef39-48d1e6e4bb3a" testName="SellInForConjuredDecreasesByOne" computerName="WS-KWILLIAMS" duration="00:00:00.0002744" startTime="2012-10-05T14:57:05.5779856-04:00" endTime="2012-10-05T14:57:05.5779856-04:00" testType="13cdc9d9-ddb5-4fa4-a97d-d965ccfc6d4b" outcome="Passed" testListId="8c84fa94-04c1-424b-9868-57a2d4851a1d" relativeResultsDirectory="29e99250-2a7b-49e0-ab96-c2c2edc01afd">
    </UnitTestResult>
    <UnitTestResult executionId="7a3c8d98-b596-4441-8378-4384d1a90f05" testId="1994e197-928f-3d31-fc37-5a4552c68ca8" testName="GetStrategyReturnsNormalQualityStrategyForNormalItem" computerName="WS-KWILLIAMS" duration="00:00:00.0001943" startTime="2012-10-05T14:57:05.5779856-04:00" endTime="2012-10-05T14:57:05.5935862-04:00" testType="13cdc9d9-ddb5-4fa4-a97d-d965ccfc6d4b" outcome="Passed" testListId="8c84fa94-04c1-424b-9868-57a2d4851a1d" relativeResultsDirectory="7a3c8d98-b596-4441-8378-4384d1a90f05">
    </UnitTestResult>
    <UnitTestResult executionId="95859b64-a966-4a5e-9f0a-861f13ba81ae" testId="28154d4f-24ee-8105-02a9-c7bc69939eb7" testName="QualityDoesNotGoAboveFiftyWhenSellInIsWithinZeroAndFiveDays" computerName="WS-KWILLIAMS" duration="00:00:00.0002490" startTime="2012-10-05T14:57:05.5935862-04:00" endTime="2012-10-05T14:57:05.5935862-04:00" testType="13cdc9d9-ddb5-4fa4-a97d-d965ccfc6d4b" outcome="Passed" testListId="8c84fa94-04c1-424b-9868-57a2d4851a1d" relativeResultsDirectory="95859b64-a966-4a5e-9f0a-861f13ba81ae">
    </UnitTestResult>
    <UnitTestResult executionId="95cf448a-f7db-444c-a99b-e408e47f7f89" testId="3065c56a-dca4-e21a-532a-da264c1bda69" testName="BackstagePassQualityIncreasesByThreeWhenSellInIsBetweenSixAndTenDays" computerName="WS-KWILLIAMS" duration="00:00:00.0002074" startTime="2012-10-05T14:57:05.5935862-04:00" endTime="2012-10-05T14:57:05.5935862-04:00" testType="13cdc9d9-ddb5-4fa4-a97d-d965ccfc6d4b" outcome="Passed" testListId="8c84fa94-04c1-424b-9868-57a2d4851a1d" relativeResultsDirectory="95cf448a-f7db-444c-a99b-e408e47f7f89">
    </UnitTestResult>
    <UnitTestResult executionId="d8e5696c-c48e-490c-9707-1ea7f5c4694c" testId="33377cb1-02fc-c3bf-2deb-4f32f6490ca4" testName="QualityDoesNotGoAboveFifty" computerName="WS-KWILLIAMS" duration="00:00:00.0003806" startTime="2012-10-05T14:57:05.5935862-04:00" endTime="2012-10-05T14:57:05.5935862-04:00" testType="13cdc9d9-ddb5-4fa4-a97d-d965ccfc6d4b" outcome="Passed" testListId="8c84fa94-04c1-424b-9868-57a2d4851a1d" relativeResultsDirectory="d8e5696c-c48e-490c-9707-1ea7f5c4694c">
    </UnitTestResult>
    <UnitTestResult executionId="d4fbd19a-e1cd-4ca6-b323-f2b7c3375c1c" testId="3c23dad3-d82b-d1ff-5694-cf71c311fc39" testName="QualityDegradesTwiceAsFastForNormalItem" computerName="WS-KWILLIAMS" duration="00:00:00.0003233" startTime="2012-10-05T14:57:05.5935862-04:00" endTime="2012-10-05T14:57:05.6091868-04:00" testType="13cdc9d9-ddb5-4fa4-a97d-d965ccfc6d4b" outcome="Passed" testListId="8c84fa94-04c1-424b-9868-57a2d4851a1d" relativeResultsDirectory="d4fbd19a-e1cd-4ca6-b323-f2b7c3375c1c">
    </UnitTestResult>
    <UnitTestResult executionId="fafc5773-b0ad-4219-8fd0-1eb0742bd84b" testId="4b68dd3f-1fec-2ad9-0153-971ebb6fd601" testName="QualityIncreasesForAgedBrie" computerName="WS-KWILLIAMS" duration="00:00:00.0002351" startTime="2012-10-05T14:57:05.6091868-04:00" endTime="2012-10-05T14:57:05.6091868-04:00" testType="13cdc9d9-ddb5-4fa4-a97d-d965ccfc6d4b" outcome="Passed" testListId="8c84fa94-04c1-424b-9868-57a2d4851a1d" relativeResultsDirectory="fafc5773-b0ad-4219-8fd0-1eb0742bd84b">
    </UnitTestResult>
    <UnitTestResult executionId="fb0272ec-ec32-4b8a-bed5-1b24ae214ec3" testId="591af166-1b4a-0984-7eee-62898709dd3e" testName="GetStrategyReturnsBackStagePassQualityStrategyForBackstagePass" computerName="WS-KWILLIAMS" duration="00:00:00.0001401" startTime="2012-10-05T14:57:05.6091868-04:00" endTime="2012-10-05T14:57:05.6091868-04:00" testType="13cdc9d9-ddb5-4fa4-a97d-d965ccfc6d4b" outcome="Passed" testListId="8c84fa94-04c1-424b-9868-57a2d4851a1d" relativeResultsDirectory="fb0272ec-ec32-4b8a-bed5-1b24ae214ec3">
    </UnitTestResult>
    <UnitTestResult executionId="90bf3d81-f6dc-4be6-b5fa-ad2c7ec55302" testId="6f34fb8c-d619-23b1-a2b3-dde4c73ea402" testName="BackstagePassQualityDropsToZeroAfterTheConcert" computerName="WS-KWILLIAMS" duration="00:00:00.0002024" startTime="2012-10-05T14:57:05.6091868-04:00" endTime="2012-10-05T14:57:05.6091868-04:00" testType="13cdc9d9-ddb5-4fa4-a97d-d965ccfc6d4b" outcome="Passed" testListId="8c84fa94-04c1-424b-9868-57a2d4851a1d" relativeResultsDirectory="90bf3d81-f6dc-4be6-b5fa-ad2c7ec55302">
    </UnitTestResult>
    <UnitTestResult executionId="e3651c38-f7b2-437f-b55a-a12e29dd185f" testId="71dcff6b-e732-6c33-e5a1-85ca528032ee" testName="GetStrategyReturnsConjuredQualityStrategyForConjured" computerName="WS-KWILLIAMS" duration="00:00:00.0001951" startTime="2012-10-05T14:57:05.6091868-04:00" endTime="2012-10-05T14:57:05.6091868-04:00" testType="13cdc9d9-ddb5-4fa4-a97d-d965ccfc6d4b" outcome="Passed" testListId="8c84fa94-04c1-424b-9868-57a2d4851a1d" relativeResultsDirectory="e3651c38-f7b2-437f-b55a-a12e29dd185f">
    </UnitTestResult>
    <UnitTestResult executionId="4b0d2c6e-801c-4240-8922-413c865a1525" testId="8bd11791-be6f-6bbc-2cd3-f330033d64da" testName="GetStrategyReturnsAgedBrieQualityStrategyForAgedBrie" computerName="WS-KWILLIAMS" duration="00:00:00.0002205" startTime="2012-10-05T14:57:05.6247874-04:00" endTime="2012-10-05T14:57:05.6247874-04:00" testType="13cdc9d9-ddb5-4fa4-a97d-d965ccfc6d4b" outcome="Passed" testListId="8c84fa94-04c1-424b-9868-57a2d4851a1d" relativeResultsDirectory="4b0d2c6e-801c-4240-8922-413c865a1525">
    </UnitTestResult>
    <UnitTestResult executionId="58295415-d557-4b8f-9e70-f3df427d6710" testId="99e8fe7a-2dc4-b8bf-5973-f43514db8194" testName="DoesNotChange" computerName="WS-KWILLIAMS" duration="00:00:00.0002690" startTime="2012-10-05T14:57:05.6247874-04:00" endTime="2012-10-05T14:57:05.6247874-04:00" testType="13cdc9d9-ddb5-4fa4-a97d-d965ccfc6d4b" outcome="Passed" testListId="8c84fa94-04c1-424b-9868-57a2d4851a1d" relativeResultsDirectory="58295415-d557-4b8f-9e70-f3df427d6710">
    </UnitTestResult>
    <UnitTestResult executionId="bb51d5d8-06d7-4de1-a57c-e44ef19c205b" testId="a03dd018-0c3a-2404-bcea-96a308115063" testName="QualityOfAnItemIsNeverGreaterThanFifty" computerName="WS-KWILLIAMS" duration="00:00:00.0002317" startTime="2012-10-05T14:57:05.6247874-04:00" endTime="2012-10-05T14:57:05.6247874-04:00" testType="13cdc9d9-ddb5-4fa4-a97d-d965ccfc6d4b" outcome="Passed" testListId="8c84fa94-04c1-424b-9868-57a2d4851a1d" relativeResultsDirectory="bb51d5d8-06d7-4de1-a57c-e44ef19c205b">
    </UnitTestResult>
    <UnitTestResult executionId="33b75fb0-a721-40ff-a68f-87b35f24e322" testId="a37a26e5-3251-eae2-41ab-cfde8e82534c" testName="SulfurasNeverHasToBeSold" computerName="WS-KWILLIAMS" duration="00:00:00.0003341" startTime="2012-10-05T14:57:05.6247874-04:00" endTime="2012-10-05T14:57:05.6403880-04:00" testType="13cdc9d9-ddb5-4fa4-a97d-d965ccfc6d4b" outcome="Passed" testListId="8c84fa94-04c1-424b-9868-57a2d4851a1d" relativeResultsDirectory="33b75fb0-a721-40ff-a68f-87b35f24e322">
    </UnitTestResult>
    <UnitTestResult executionId="6a152874-b7dd-44ee-bace-590aeea73650" testId="a6be764d-4c17-7d50-b4ca-a609322a855f" testName="QualityIncreasesByOne" computerName="WS-KWILLIAMS" duration="00:00:00.0001597" startTime="2012-10-05T14:57:05.6403880-04:00" endTime="2012-10-05T14:57:05.6403880-04:00" testType="13cdc9d9-ddb5-4fa4-a97d-d965ccfc6d4b" outcome="Passed" testListId="8c84fa94-04c1-424b-9868-57a2d4851a1d" relativeResultsDirectory="6a152874-b7dd-44ee-bace-590aeea73650">
    </UnitTestResult>
    <UnitTestResult executionId="53040dbd-2237-4dda-bce4-e0bd12c6b066" testId="a94384c9-d8f1-b3d7-95cb-392fdb62625f" testName="GetStrategyReturnsSulfurasQualityStrategyForSulfuras" computerName="WS-KWILLIAMS" duration="00:00:00.0001555" startTime="2012-10-05T14:57:05.6403880-04:00" endTime="2012-10-05T14:57:05.6403880-04:00" testType="13cdc9d9-ddb5-4fa4-a97d-d965ccfc6d4b" outcome="Passed" testListId="8c84fa94-04c1-424b-9868-57a2d4851a1d" relativeResultsDirectory="53040dbd-2237-4dda-bce4-e0bd12c6b066">
    </UnitTestResult>
    <UnitTestResult executionId="042d5297-6510-400a-a1dd-9b0f28e21a28" testId="b2d28e5c-02f2-7621-be11-937a94c7f399" testName="QualityIncreasesByTwoWhenSellInIsWithinSixAndTenDays" computerName="WS-KWILLIAMS" duration="00:00:00.0001624" startTime="2012-10-05T14:57:05.6403880-04:00" endTime="2012-10-05T14:57:05.6403880-04:00" testType="13cdc9d9-ddb5-4fa4-a97d-d965ccfc6d4b" outcome="Passed" testListId="8c84fa94-04c1-424b-9868-57a2d4851a1d" relativeResultsDirectory="042d5297-6510-400a-a1dd-9b0f28e21a28">
    </UnitTestResult>
    <UnitTestResult executionId="552bc0ab-02b5-49eb-be17-43471151e27e" testId="b6baf848-01a8-8b22-ce9e-f8faf3a8aa04" testName="QualityDecreasesByTwoWhenSellInIsGreaterThanOrEqualToZero" computerName="WS-KWILLIAMS" duration="00:00:00.0002455" startTime="2012-10-05T14:57:05.6403880-04:00" endTime="2012-10-05T14:57:05.6403880-04:00" testType="13cdc9d9-ddb5-4fa4-a97d-d965ccfc6d4b" outcome="Passed" testListId="8c84fa94-04c1-424b-9868-57a2d4851a1d" relativeResultsDirectory="552bc0ab-02b5-49eb-be17-43471151e27e">
    </UnitTestResult>
    <UnitTestResult executionId="6cf54add-b5dc-491c-87bb-70d8d2fd41d6" testId="b9f52232-1b74-369c-c28a-1648794ca68b" testName="QualityDecreasesByFourWhenSellInIsGreaterThanOrEqualToZero" computerName="WS-KWILLIAMS" duration="00:00:00.0003418" startTime="2012-10-05T14:57:05.6559886-04:00" endTime="2012-10-05T14:57:05.6559886-04:00" testType="13cdc9d9-ddb5-4fa4-a97d-d965ccfc6d4b" outcome="Passed" testListId="8c84fa94-04c1-424b-9868-57a2d4851a1d" relativeResultsDirectory="6cf54add-b5dc-491c-87bb-70d8d2fd41d6">
    </UnitTestResult>
    <UnitTestResult executionId="5c20aa91-0a47-4d5b-8d0f-061a3fcd72ed" testId="bb03be4f-ea91-5112-a71b-22043a2e65b7" testName="GetStrategyReturnsAgedBrieQualityStrategyForAgedBrie" computerName="WS-KWILLIAMS" duration="00:00:00.0001489" startTime="2012-10-05T14:57:05.6559886-04:00" endTime="2012-10-05T14:57:05.6559886-04:00" testType="13cdc9d9-ddb5-4fa4-a97d-d965ccfc6d4b" outcome="Passed" testListId="8c84fa94-04c1-424b-9868-57a2d4851a1d" relativeResultsDirectory="5c20aa91-0a47-4d5b-8d0f-061a3fcd72ed">
    </UnitTestResult>
    <UnitTestResult executionId="0dee9aa4-d689-4d6b-a906-d489cfac5904" testId="bc190aaf-2fb3-0b3d-4043-9372d7d4d5e1" testName="SulfurasNeverDegrades" computerName="WS-KWILLIAMS" duration="00:00:00.0002128" startTime="2012-10-05T14:57:05.6559886-04:00" endTime="2012-10-05T14:57:05.6559886-04:00" testType="13cdc9d9-ddb5-4fa4-a97d-d965ccfc6d4b" outcome="Passed" testListId="8c84fa94-04c1-424b-9868-57a2d4851a1d" relativeResultsDirectory="0dee9aa4-d689-4d6b-a906-d489cfac5904">
    </UnitTestResult>
    <UnitTestResult executionId="4ea9f8f3-ea53-42c5-8ad0-e10c0dead0f2" testId="bce909f7-89d6-f9a2-5398-ce34d52550d5" testName="SellInForBackstagePassDecreasesByOne" computerName="WS-KWILLIAMS" duration="00:00:00.0002024" startTime="2012-10-05T14:57:05.6559886-04:00" endTime="2012-10-05T14:57:05.6559886-04:00" testType="13cdc9d9-ddb5-4fa4-a97d-d965ccfc6d4b" outcome="Passed" testListId="8c84fa94-04c1-424b-9868-57a2d4851a1d" relativeResultsDirectory="4ea9f8f3-ea53-42c5-8ad0-e10c0dead0f2">
    </UnitTestResult>
    <UnitTestResult executionId="66c285cf-dfb6-4673-8f0b-4a2f92385416" testId="bf6924ff-32b9-e2c3-9658-0cd3f426ce9a" testName="QualityDecreasesByTwoWhenSellInIsGreaterThanOrEqualToZero" computerName="WS-KWILLIAMS" duration="00:00:00.0001535" startTime="2012-10-05T14:57:05.6715892-04:00" endTime="2012-10-05T14:57:05.6715892-04:00" testType="13cdc9d9-ddb5-4fa4-a97d-d965ccfc6d4b" outcome="Passed" testListId="8c84fa94-04c1-424b-9868-57a2d4851a1d" relativeResultsDirectory="66c285cf-dfb6-4673-8f0b-4a2f92385416">
    </UnitTestResult>
    <UnitTestResult executionId="23404adf-1fb4-4080-a62b-7e732f3e5c9a" testId="c14da039-df56-a14b-dda5-b66cb3117dc3" testName="QualityDoesNotGoAboveFiftyWhenSellInIsGreaterThanTenDays" computerName="WS-KWILLIAMS" duration="00:00:00.0001505" startTime="2012-10-05T14:57:05.6715892-04:00" endTime="2012-10-05T14:57:05.6715892-04:00" testType="13cdc9d9-ddb5-4fa4-a97d-d965ccfc6d4b" outcome="Passed" testListId="8c84fa94-04c1-424b-9868-57a2d4851a1d" relativeResultsDirectory="23404adf-1fb4-4080-a62b-7e732f3e5c9a">
    </UnitTestResult>
    <UnitTestResult executionId="5e23c0d0-b5c2-4a1c-9743-c2f7d568ed03" testId="c33c3c45-bc58-e8ef-1cab-996cda5c4ccc" testName="DecreasesByOne" computerName="WS-KWILLIAMS" duration="00:00:00.0002278" startTime="2012-10-05T14:57:05.6715892-04:00" endTime="2012-10-05T14:57:05.6715892-04:00" testType="13cdc9d9-ddb5-4fa4-a97d-d965ccfc6d4b" outcome="Passed" testListId="8c84fa94-04c1-424b-9868-57a2d4851a1d" relativeResultsDirectory="5e23c0d0-b5c2-4a1c-9743-c2f7d568ed03">
    </UnitTestResult>
    <UnitTestResult executionId="dfc03079-a95b-4747-b94b-5d3a22b85ea1" testId="ca2989b2-7ee6-b36e-f08f-8f4a3814fa57" testName="SellInForAgedBrieDecreasesByOne" computerName="WS-KWILLIAMS" duration="00:00:00.0002047" startTime="2012-10-05T14:57:05.6715892-04:00" endTime="2012-10-05T14:57:05.6715892-04:00" testType="13cdc9d9-ddb5-4fa4-a97d-d965ccfc6d4b" outcome="Passed" testListId="8c84fa94-04c1-424b-9868-57a2d4851a1d" relativeResultsDirectory="dfc03079-a95b-4747-b94b-5d3a22b85ea1">
    </UnitTestResult>
    <UnitTestResult executionId="9a024acf-76f7-4845-8103-e957f9397d4a" testId="ccd557cb-8d5e-3d46-06e4-fe4b0bc2858f" testName="SellInForNormalItemDecreasesByOne" computerName="WS-KWILLIAMS" duration="00:00:00.0002009" startTime="2012-10-05T14:57:05.6715892-04:00" endTime="2012-10-05T14:57:05.6871898-04:00" testType="13cdc9d9-ddb5-4fa4-a97d-d965ccfc6d4b" outcome="Passed" testListId="8c84fa94-04c1-424b-9868-57a2d4851a1d" relativeResultsDirectory="9a024acf-76f7-4845-8103-e957f9397d4a">
    </UnitTestResult>
    <UnitTestResult executionId="465502cd-f750-4007-99f1-dd62c5784e8a" testId="ce413595-969f-4836-93d1-a32f53d7aed8" testName="BackstagePassQualityStaysTheSameUntilTenDays" computerName="WS-KWILLIAMS" duration="00:00:00.0001982" startTime="2012-10-05T14:57:05.6871898-04:00" endTime="2012-10-05T14:57:05.6871898-04:00" testType="13cdc9d9-ddb5-4fa4-a97d-d965ccfc6d4b" outcome="Passed" testListId="8c84fa94-04c1-424b-9868-57a2d4851a1d" relativeResultsDirectory="465502cd-f750-4007-99f1-dd62c5784e8a">
    </UnitTestResult>
    <UnitTestResult executionId="43b66a3d-1b7f-4460-bb30-8644f388561d" testId="cecebdfe-6d27-291a-2de2-48893f597415" testName="QualityDoesNotGoAboveFiftyWhenSellInIsWithinSixAndTenDays" computerName="WS-KWILLIAMS" duration="00:00:00.0001512" startTime="2012-10-05T14:57:05.6871898-04:00" endTime="2012-10-05T14:57:05.6871898-04:00" testType="13cdc9d9-ddb5-4fa4-a97d-d965ccfc6d4b" outcome="Passed" testListId="8c84fa94-04c1-424b-9868-57a2d4851a1d" relativeResultsDirectory="43b66a3d-1b7f-4460-bb30-8644f388561d">
    </UnitTestResult>
    <UnitTestResult executionId="d62c0a3f-354d-40b9-a77f-de042f51f2db" testId="debe6527-36f9-32d2-7126-5f2a10b9915c" testName="QualityIncreasesByOneWhenSellInIsGreaterThanTenDays" computerName="WS-KWILLIAMS" duration="00:00:00.0001501" startTime="2012-10-05T14:57:05.6871898-04:00" endTime="2012-10-05T14:57:05.6871898-04:00" testType="13cdc9d9-ddb5-4fa4-a97d-d965ccfc6d4b" outcome="Passed" testListId="8c84fa94-04c1-424b-9868-57a2d4851a1d" relativeResultsDirectory="d62c0a3f-354d-40b9-a77f-de042f51f2db">
    </UnitTestResult>
    <UnitTestResult executionId="50716613-45e4-45da-bba4-f2ab3329a400" testId="e2ecdda0-2a47-3cba-a9f2-715b72d9d5c4" testName="QualityDecreasesByOneWhenSellInIsGreaterThanOrEqualToZero" computerName="WS-KWILLIAMS" duration="00:00:00.0001531" startTime="2012-10-05T14:57:05.6871898-04:00" endTime="2012-10-05T14:57:05.6871898-04:00" testType="13cdc9d9-ddb5-4fa4-a97d-d965ccfc6d4b" outcome="Passed" testListId="8c84fa94-04c1-424b-9868-57a2d4851a1d" relativeResultsDirectory="50716613-45e4-45da-bba4-f2ab3329a400">
    </UnitTestResult>
    <UnitTestResult executionId="6ca1c9e8-0207-40dd-8793-4678851c6c38" testId="e343510d-1cbf-7e51-ccf4-d82793d7feae" testName="QualityIncreasesByThreeWhenSellInIsWithinZeroAndFiveDays" computerName="WS-KWILLIAMS" duration="00:00:00.0001555" startTime="2012-10-05T14:57:05.7027904-04:00" endTime="2012-10-05T14:57:05.7027904-04:00" testType="13cdc9d9-ddb5-4fa4-a97d-d965ccfc6d4b" outcome="Passed" testListId="8c84fa94-04c1-424b-9868-57a2d4851a1d" relativeResultsDirectory="6ca1c9e8-0207-40dd-8793-4678851c6c38">
    </UnitTestResult>
    <UnitTestResult executionId="e23c85e6-d8f4-4150-8f18-74f0653b8bbe" testId="e4f833c7-13fe-b064-7135-20b5f97c6d5d" testName="QualityDoesNotChange" computerName="WS-KWILLIAMS" duration="00:00:00.0002428" startTime="2012-10-05T14:57:05.7027904-04:00" endTime="2012-10-05T14:57:05.7027904-04:00" testType="13cdc9d9-ddb5-4fa4-a97d-d965ccfc6d4b" outcome="Passed" testListId="8c84fa94-04c1-424b-9868-57a2d4851a1d" relativeResultsDirectory="e23c85e6-d8f4-4150-8f18-74f0653b8bbe">
    </UnitTestResult>
    <UnitTestResult executionId="fd6acaf6-0a9d-4f54-b1dc-3918a80c83b6" testId="f835aa2c-fcac-adc6-42e6-7298b1ae58dc" testName="ConjuredItemsDegradeInQualityTwiceAsFastAsNormalItems" computerName="WS-KWILLIAMS" duration="00:00:00.0002194" startTime="2012-10-05T14:57:05.7027904-04:00" endTime="2012-10-05T14:57:05.7027904-04:00" testType="13cdc9d9-ddb5-4fa4-a97d-d965ccfc6d4b" outcome="Passed" testListId="8c84fa94-04c1-424b-9868-57a2d4851a1d" relativeResultsDirectory="fd6acaf6-0a9d-4f54-b1dc-3918a80c83b6">
    </UnitTestResult>
  </Results>
</TestRun>