<?xml version="1.0" encoding="UTF-8"?>
<TestRun id="c4c9eabf-cbc1-4ec7-ac8e-ee53335e3fa8" name="kwilliams@WS-KWILLIAMS 2012-10-08 08:42:27" runUser="CCS\kwilliams" xmlns="http://microsoft.com/schemas/VisualStudio/TeamTest/2010">
  <TestSettings name="Local" id="a1caf380-46cb-40ec-bf71-1f09af674c7e">
    <Description>These are default test settings for a local test run.</Description>
    <Deployment enabled="false" runDeploymentRoot="kwilliams_WS-KWILLIAMS 2012-10-08 08_42_27">
      <DeploymentItem filename="C:\Users\kwilliams\Downloads\NotMyself-GildedRose-v1.0-3-gccb50d0\NotMyself-GildedRose-ccb50d0\GildedRose.Core\bin\Debug\GildedRose.Core.dll" />
    </Deployment>
    <Execution>
      <TestTypeSpecific />
      <AgentRule name="Execution Agents">
      </AgentRule>
    </Execution>
  </TestSettings>
  <Times creation="2012-10-08T08:42:27.5235583-04:00" queuing="2012-10-08T08:42:27.5703601-04:00" start="2012-10-08T08:42:27.5859607-04:00" finish="2012-10-08T08:42:27.9603751-04:00" />
  <ResultSummary outcome="Failed">
    <Counters total="37" executed="37" passed="35" error="0" failed="2" timeout="0" aborted="0" inconclusive="0" passedButRunAborted="0" notRunnable="0" notExecuted="0" disconnected="0" warning="0" completed="0" inProgress="0" pending="0" />
  </ResultSummary>
  <TestDefinitions>
    <UnitTest name="QualityIncreasesByTwoWhenSellInIsWithinSixAndTenDays" storage="c:\users\kwilliams\downloads\notmyself-gildedrose-v1.0-3-gccb50d0\notmyself-gildedrose-ccb50d0\src\gildedroses.unittests\bin\debug\gildedroses.unittests.dll" id="b2d28e5c-02f2-7621-be11-937a94c7f399">
      <Execution id="aa86c43c-16bf-434a-accc-cc64f8749d79" />
      <TestMethod codeBase="C:/Users/kwilliams/Downloads/NotMyself-GildedRose-v1.0-3-gccb50d0/NotMyself-GildedRose-ccb50d0/src/GildedRoses.UnitTests/bin/Debug/GildedRoses.UnitTests.DLL" adapterTypeName="Microsoft.VisualStudio.TestTools.TestTypes.Unit.UnitTestAdapter, Microsoft.VisualStudio.QualityTools.Tips.UnitTest.Adapter, Version=10.0.0.0, Culture=neutral, PublicKeyToken=b03f5f7f11d50a3a" className="GildedRoses.UnitTests.Strategies.Quality.BackstagePassQualityStrategyTests, GildedRoses.UnitTests, Version=1.0.0.0, Culture=neutral, PublicKeyToken=null" name="QualityIncreasesByTwoWhenSellInIsWithinSixAndTenDays" />
    </UnitTest>
    <UnitTest name="DoesNotChange" storage="c:\users\kwilliams\downloads\notmyself-gildedrose-v1.0-3-gccb50d0\notmyself-gildedrose-ccb50d0\src\gildedroses.unittests\bin\debug\gildedroses.unittests.dll" id="99e8fe7a-2dc4-b8bf-5973-f43514db8194">
      <Execution id="d7cc4fe4-878d-4d51-a089-4b40ec7553dc" />
      <TestMethod codeBase="C:/Users/kwilliams/Downloads/NotMyself-GildedRose-v1.0-3-gccb50d0/NotMyself-GildedRose-ccb50d0/src/GildedRoses.UnitTests/bin/Debug/GildedRoses.UnitTests.DLL" adapterTypeName="Microsoft.VisualStudio.TestTools.TestTypes.Unit.UnitTestAdapter, Microsoft.VisualStudio.QualityTools.Tips.UnitTest.Adapter, Version=10.0.0.0, Culture=neutral, PublicKeyToken=b03f5f7f11d50a3a" className="GildedRoses.UnitTests.Strategies.SellIn.SulfurasSellInStrategyTests, GildedRoses.UnitTests, Version=1.0.0.0, Culture=neutral, PublicKeyToken=null" name="DoesNotChange" />
    </UnitTest>
    <UnitTest name="SulfurasNeverDegrades" storage="c:\users\kwilliams\downloads\notmyself-gildedrose-v1.0-3-gccb50d0\notmyself-gildedrose-ccb50d0\src\gildedroses.unittests\bin\debug\gildedroses.unittests.dll" id="e11acf43-8b72-ef0a-3f56-4944d3063c48">
      <Execution id="001bbc31-601c-462a-bf4c-40ec5dcc1587" />
      <TestMethod codeBase="C:/Users/kwilliams/Downloads/NotMyself-GildedRose-v1.0-3-gccb50d0/NotMyself-GildedRose-ccb50d0/src/GildedRoses.UnitTests/bin/Debug/GildedRoses.UnitTests.DLL" adapterTypeName="Microsoft.VisualStudio.TestTools.TestTypes.Unit.UnitTestAdapter, Microsoft.VisualStudio.QualityTools.Tips.UnitTest.Adapter, Version=10.0.0.0, Culture=neutral, PublicKeyToken=b03f5f7f11d50a3a" className="GildedRoses.UnitTests.GildedRoseProcessorTests, GildedRoses.UnitTests, Version=1.0.0.0, Culture=neutral, PublicKeyToken=null" name="SulfurasNeverDegrades" />
    </UnitTest>
    <UnitTest name="SellInForNormalItemDecreasesByOne" storage="c:\users\kwilliams\downloads\notmyself-gildedrose-v1.0-3-gccb50d0\notmyself-gildedrose-ccb50d0\src\gildedroses.unittests\bin\debug\gildedroses.unittests.dll" id="5a70c8e3-3797-968c-683e-53e240c9614d">
      <Execution id="6194ecf4-2d84-47e3-99a7-afcc43e2a6be" />
      <TestMethod codeBase="C:/Users/kwilliams/Downloads/NotMyself-GildedRose-v1.0-3-gccb50d0/NotMyself-GildedRose-ccb50d0/src/GildedRoses.UnitTests/bin/Debug/GildedRoses.UnitTests.DLL" adapterTypeName="Microsoft.VisualStudio.TestTools.TestTypes.Unit.UnitTestAdapter, Microsoft.VisualStudio.QualityTools.Tips.UnitTest.Adapter, Version=10.0.0.0, Culture=neutral, PublicKeyToken=b03f5f7f11d50a3a" className="GildedRoses.UnitTests.GildedRoseProcessorTests, GildedRoses.UnitTests, Version=1.0.0.0, Culture=neutral, PublicKeyToken=null" name="SellInForNormalItemDecreasesByOne" />
    </UnitTest>
    <UnitTest name="BackstagePassQualityIncreasesByThreeWhenSellInIsBetweenFiveAndZeroDays" storage="c:\users\kwilliams\downloads\notmyself-gildedrose-v1.0-3-gccb50d0\notmyself-gildedrose-ccb50d0\src\gildedroses.unittests\bin\debug\gildedroses.unittests.dll" id="ad04d720-9c82-06a8-6df0-8185f69d3af2">
      <Execution id="baedcbe5-eec3-4a78-9fe1-f20e445165d1" />
      <TestMethod codeBase="C:/Users/kwilliams/Downloads/NotMyself-GildedRose-v1.0-3-gccb50d0/NotMyself-GildedRose-ccb50d0/src/GildedRoses.UnitTests/bin/Debug/GildedRoses.UnitTests.DLL" adapterTypeName="Microsoft.VisualStudio.TestTools.TestTypes.Unit.UnitTestAdapter, Microsoft.VisualStudio.QualityTools.Tips.UnitTest.Adapter, Version=10.0.0.0, Culture=neutral, PublicKeyToken=b03f5f7f11d50a3a" className="GildedRoses.UnitTests.GildedRoseProcessorTests, GildedRoses.UnitTests, Version=1.0.0.0, Culture=neutral, PublicKeyToken=null" name="BackstagePassQualityIncreasesByThreeWhenSellInIsBetweenFiveAndZeroDays" />
    </UnitTest>
    <UnitTest name="QualityDegradesTwiceAsFastForNormalItem" storage="c:\users\kwilliams\downloads\notmyself-gildedrose-v1.0-3-gccb50d0\notmyself-gildedrose-ccb50d0\src\gildedroses.unittests\bin\debug\gildedroses.unittests.dll" id="3bcc2279-1a8f-0714-a6fd-9d4937534e55">
      <Execution id="3c042b8c-d3f4-4d3f-b784-2e455eb6adee" />
      <TestMethod codeBase="C:/Users/kwilliams/Downloads/NotMyself-GildedRose-v1.0-3-gccb50d0/NotMyself-GildedRose-ccb50d0/src/GildedRoses.UnitTests/bin/Debug/GildedRoses.UnitTests.DLL" adapterTypeName="Microsoft.VisualStudio.TestTools.TestTypes.Unit.UnitTestAdapter, Microsoft.VisualStudio.QualityTools.Tips.UnitTest.Adapter, Version=10.0.0.0, Culture=neutral, PublicKeyToken=b03f5f7f11d50a3a" className="GildedRoses.UnitTests.GildedRoseProcessorTests, GildedRoses.UnitTests, Version=1.0.0.0, Culture=neutral, PublicKeyToken=null" name="QualityDegradesTwiceAsFastForNormalItem" />
    </UnitTest>
    <UnitTest name="QualityDecreasesByOneWhenSellInIsGreaterThanOrEqualToZero" storage="c:\users\kwilliams\downloads\notmyself-gildedrose-v1.0-3-gccb50d0\notmyself-gildedrose-ccb50d0\src\gildedroses.unittests\bin\debug\gildedroses.unittests.dll" id="01b3fe5c-9c9d-6b49-485b-3530d2ef3eb2">
      <Execution id="21a8363f-e27f-447d-b2b3-ab00c68d542b" />
      <TestMethod codeBase="C:/Users/kwilliams/Downloads/NotMyself-GildedRose-v1.0-3-gccb50d0/NotMyself-GildedRose-ccb50d0/src/GildedRoses.UnitTests/bin/Debug/GildedRoses.UnitTests.DLL" adapterTypeName="Microsoft.VisualStudio.TestTools.TestTypes.Unit.UnitTestAdapter, Microsoft.VisualStudio.QualityTools.Tips.UnitTest.Adapter, Version=10.0.0.0, Culture=neutral, PublicKeyToken=b03f5f7f11d50a3a" className="GildedRoses.UnitTests.Strategies.Quality.DefaultQualityStrategyTests, GildedRoses.UnitTests, Version=1.0.0.0, Culture=neutral, PublicKeyToken=null" name="QualityDecreasesByOneWhenSellInIsGreaterThanOrEqualToZero" />
    </UnitTest>
    <UnitTest name="GetStrategyReturnsAgedBrieQualityStrategyForAgedBrie" storage="c:\users\kwilliams\downloads\notmyself-gildedrose-v1.0-3-gccb50d0\notmyself-gildedrose-ccb50d0\src\gildedroses.unittests\bin\debug\gildedroses.unittests.dll" id="bb03be4f-ea91-5112-a71b-22043a2e65b7">
      <Execution id="c65ce07f-ed97-4740-82d1-8f7e441f02d3" />
      <TestMethod codeBase="C:/Users/kwilliams/Downloads/NotMyself-GildedRose-v1.0-3-gccb50d0/NotMyself-GildedRose-ccb50d0/src/GildedRoses.UnitTests/bin/Debug/GildedRoses.UnitTests.DLL" adapterTypeName="Microsoft.VisualStudio.TestTools.TestTypes.Unit.UnitTestAdapter, Microsoft.VisualStudio.QualityTools.Tips.UnitTest.Adapter, Version=10.0.0.0, Culture=neutral, PublicKeyToken=b03f5f7f11d50a3a" className="GildedRoses.UnitTests.Strategies.Quality.QualityStrategyFactoryTests, GildedRoses.UnitTests, Version=1.0.0.0, Culture=neutral, PublicKeyToken=null" name="GetStrategyReturnsAgedBrieQualityStrategyForAgedBrie" />
    </UnitTest>
    <UnitTest name="QualityDoesNotGoAboveFifty" storage="c:\users\kwilliams\downloads\notmyself-gildedrose-v1.0-3-gccb50d0\notmyself-gildedrose-ccb50d0\src\gildedroses.unittests\bin\debug\gildedroses.unittests.dll" id="33377cb1-02fc-c3bf-2deb-4f32f6490ca4">
      <Execution id="e35295a4-9dbb-4281-833c-f6ddf2eb4f35" />
      <TestMethod codeBase="C:/Users/kwilliams/Downloads/NotMyself-GildedRose-v1.0-3-gccb50d0/NotMyself-GildedRose-ccb50d0/src/GildedRoses.UnitTests/bin/Debug/GildedRoses.UnitTests.DLL" adapterTypeName="Microsoft.VisualStudio.TestTools.TestTypes.Unit.UnitTestAdapter, Microsoft.VisualStudio.QualityTools.Tips.UnitTest.Adapter, Version=10.0.0.0, Culture=neutral, PublicKeyToken=b03f5f7f11d50a3a" className="GildedRoses.UnitTests.Strategies.Quality.AgedBrieQualityStrategyTests, GildedRoses.UnitTests, Version=1.0.0.0, Culture=neutral, PublicKeyToken=null" name="QualityDoesNotGoAboveFifty" />
    </UnitTest>
    <UnitTest name="QualityDoesNotGoAboveFiftyWhenSellInIsWithinZeroAndFiveDays" storage="c:\users\kwilliams\downloads\notmyself-gildedrose-v1.0-3-gccb50d0\notmyself-gildedrose-ccb50d0\src\gildedroses.unittests\bin\debug\gildedroses.unittests.dll" id="28154d4f-24ee-8105-02a9-c7bc69939eb7">
      <Execution id="68978333-7fb6-4f53-bdf0-e6b579f94d6b" />
      <TestMethod codeBase="C:/Users/kwilliams/Downloads/NotMyself-GildedRose-v1.0-3-gccb50d0/NotMyself-GildedRose-ccb50d0/src/GildedRoses.UnitTests/bin/Debug/GildedRoses.UnitTests.DLL" adapterTypeName="Microsoft.VisualStudio.TestTools.TestTypes.Unit.UnitTestAdapter, Microsoft.VisualStudio.QualityTools.Tips.UnitTest.Adapter, Version=10.0.0.0, Culture=neutral, PublicKeyToken=b03f5f7f11d50a3a" className="GildedRoses.UnitTests.Strategies.Quality.BackstagePassQualityStrategyTests, GildedRoses.UnitTests, Version=1.0.0.0, Culture=neutral, PublicKeyToken=null" name="QualityDoesNotGoAboveFiftyWhenSellInIsWithinZeroAndFiveDays" />
    </UnitTest>
    <UnitTest name="BackstagePassQualityIncreasesByOneTenDays" storage="c:\users\kwilliams\downloads\notmyself-gildedrose-v1.0-3-gccb50d0\notmyself-gildedrose-ccb50d0\src\gildedroses.unittests\bin\debug\gildedroses.unittests.dll" id="9202ead1-dedc-5e0d-2780-c966e630f975">
      <Execution id="e75cfc11-835c-4848-b1f8-bd0831b71d1e" />
      <TestMethod codeBase="C:/Users/kwilliams/Downloads/NotMyself-GildedRose-v1.0-3-gccb50d0/NotMyself-GildedRose-ccb50d0/src/GildedRoses.UnitTests/bin/Debug/GildedRoses.UnitTests.DLL" adapterTypeName="Microsoft.VisualStudio.TestTools.TestTypes.Unit.UnitTestAdapter, Microsoft.VisualStudio.QualityTools.Tips.UnitTest.Adapter, Version=10.0.0.0, Culture=neutral, PublicKeyToken=b03f5f7f11d50a3a" className="GildedRoses.UnitTests.GildedRoseProcessorTests, GildedRoses.UnitTests, Version=1.0.0.0, Culture=neutral, PublicKeyToken=null" name="BackstagePassQualityIncreasesByOneTenDays" />
    </UnitTest>
    <UnitTest name="QualityDecreasesByFourWhenSellInIsGreaterThanOrEqualToZero" storage="c:\users\kwilliams\downloads\notmyself-gildedrose-v1.0-3-gccb50d0\notmyself-gildedrose-ccb50d0\src\gildedroses.unittests\bin\debug\gildedroses.unittests.dll" id="b9f52232-1b74-369c-c28a-1648794ca68b">
      <Execution id="496ddbd3-fab2-4348-9a0e-b48f114a04cc" />
      <TestMethod codeBase="C:/Users/kwilliams/Downloads/NotMyself-GildedRose-v1.0-3-gccb50d0/NotMyself-GildedRose-ccb50d0/src/GildedRoses.UnitTests/bin/Debug/GildedRoses.UnitTests.DLL" adapterTypeName="Microsoft.VisualStudio.TestTools.TestTypes.Unit.UnitTestAdapter, Microsoft.VisualStudio.QualityTools.Tips.UnitTest.Adapter, Version=10.0.0.0, Culture=neutral, PublicKeyToken=b03f5f7f11d50a3a" className="GildedRoses.UnitTests.Strategies.Quality.ConjuredQualityStrategyTests, GildedRoses.UnitTests, Version=1.0.0.0, Culture=neutral, PublicKeyToken=null" name="QualityDecreasesByFourWhenSellInIsGreaterThanOrEqualToZero" />
    </UnitTest>
    <UnitTest name="GetStrategyReturnsBackStagePassQualityStrategyForBackstagePass" storage="c:\users\kwilliams\downloads\notmyself-gildedrose-v1.0-3-gccb50d0\notmyself-gildedrose-ccb50d0\src\gildedroses.unittests\bin\debug\gildedroses.unittests.dll" id="591af166-1b4a-0984-7eee-62898709dd3e">
      <Execution id="fdbc317f-47da-4d43-8070-583635a3b7dd" />
      <TestMethod codeBase="C:/Users/kwilliams/Downloads/NotMyself-GildedRose-v1.0-3-gccb50d0/NotMyself-GildedRose-ccb50d0/src/GildedRoses.UnitTests/bin/Debug/GildedRoses.UnitTests.DLL" adapterTypeName="Microsoft.VisualStudio.TestTools.TestTypes.Unit.UnitTestAdapter, Microsoft.VisualStudio.QualityTools.Tips.UnitTest.Adapter, Version=10.0.0.0, Culture=neutral, PublicKeyToken=b03f5f7f11d50a3a" className="GildedRoses.UnitTests.Strategies.Quality.QualityStrategyFactoryTests, GildedRoses.UnitTests, Version=1.0.0.0, Culture=neutral, PublicKeyToken=null" name="GetStrategyReturnsBackStagePassQualityStrategyForBackstagePass" />
    </UnitTest>
    <UnitTest name="QualityDoesNotGoAboveFiftyWhenSellInIsGreaterThanTenDays" storage="c:\users\kwilliams\downloads\notmyself-gildedrose-v1.0-3-gccb50d0\notmyself-gildedrose-ccb50d0\src\gildedroses.unittests\bin\debug\gildedroses.unittests.dll" id="c14da039-df56-a14b-dda5-b66cb3117dc3">
      <Execution id="62a8b598-c0c8-434c-867b-9bf401cb7656" />
      <TestMethod codeBase="C:/Users/kwilliams/Downloads/NotMyself-GildedRose-v1.0-3-gccb50d0/NotMyself-GildedRose-ccb50d0/src/GildedRoses.UnitTests/bin/Debug/GildedRoses.UnitTests.DLL" adapterTypeName="Microsoft.VisualStudio.TestTools.TestTypes.Unit.UnitTestAdapter, Microsoft.VisualStudio.QualityTools.Tips.UnitTest.Adapter, Version=10.0.0.0, Culture=neutral, PublicKeyToken=b03f5f7f11d50a3a" className="GildedRoses.UnitTests.Strategies.Quality.BackstagePassQualityStrategyTests, GildedRoses.UnitTests, Version=1.0.0.0, Culture=neutral, PublicKeyToken=null" name="QualityDoesNotGoAboveFiftyWhenSellInIsGreaterThanTenDays" />
    </UnitTest>
    <UnitTest name="SellInForBackstagePassDecreasesByOne" storage="c:\users\kwilliams\downloads\notmyself-gildedrose-v1.0-3-gccb50d0\notmyself-gildedrose-ccb50d0\src\gildedroses.unittests\bin\debug\gildedroses.unittests.dll" id="40b689f2-c768-3d7f-d7eb-990bb800d1b0">
      <Execution id="729bcbe9-7baa-4254-8ea1-21d1e46e8c12" />
      <TestMethod codeBase="C:/Users/kwilliams/Downloads/NotMyself-GildedRose-v1.0-3-gccb50d0/NotMyself-GildedRose-ccb50d0/src/GildedRoses.UnitTests/bin/Debug/GildedRoses.UnitTests.DLL" adapterTypeName="Microsoft.VisualStudio.TestTools.TestTypes.Unit.UnitTestAdapter, Microsoft.VisualStudio.QualityTools.Tips.UnitTest.Adapter, Version=10.0.0.0, Culture=neutral, PublicKeyToken=b03f5f7f11d50a3a" className="GildedRoses.UnitTests.GildedRoseProcessorTests, GildedRoses.UnitTests, Version=1.0.0.0, Culture=neutral, PublicKeyToken=null" name="SellInForBackstagePassDecreasesByOne" />
    </UnitTest>
    <UnitTest name="BackstagePassQualityDropsToZeroAfterTheConcert" storage="c:\users\kwilliams\downloads\notmyself-gildedrose-v1.0-3-gccb50d0\notmyself-gildedrose-ccb50d0\src\gildedroses.unittests\bin\debug\gildedroses.unittests.dll" id="27d60e5a-ef7a-8ef1-9964-13d0f335072f">
      <Execution id="b74dea2a-c29f-49dc-9780-6f5c130673fc" />
      <TestMethod codeBase="C:/Users/kwilliams/Downloads/NotMyself-GildedRose-v1.0-3-gccb50d0/NotMyself-GildedRose-ccb50d0/src/GildedRoses.UnitTests/bin/Debug/GildedRoses.UnitTests.DLL" adapterTypeName="Microsoft.VisualStudio.TestTools.TestTypes.Unit.UnitTestAdapter, Microsoft.VisualStudio.QualityTools.Tips.UnitTest.Adapter, Version=10.0.0.0, Culture=neutral, PublicKeyToken=b03f5f7f11d50a3a" className="GildedRoses.UnitTests.GildedRoseProcessorTests, GildedRoses.UnitTests, Version=1.0.0.0, Culture=neutral, PublicKeyToken=null" name="BackstagePassQualityDropsToZeroAfterTheConcert" />
    </UnitTest>
    <UnitTest name="SellInForConjuredDecreasesByOne" storage="c:\users\kwilliams\downloads\notmyself-gildedrose-v1.0-3-gccb50d0\notmyself-gildedrose-ccb50d0\src\gildedroses.unittests\bin\debug\gildedroses.unittests.dll" id="ddf4f376-d23b-f447-f252-2fe1d83b1b05">
      <Execution id="74cb6b22-74c2-4baf-b6bc-c8aec0606d2a" />
      <TestMethod codeBase="C:/Users/kwilliams/Downloads/NotMyself-GildedRose-v1.0-3-gccb50d0/NotMyself-GildedRose-ccb50d0/src/GildedRoses.UnitTests/bin/Debug/GildedRoses.UnitTests.DLL" adapterTypeName="Microsoft.VisualStudio.TestTools.TestTypes.Unit.UnitTestAdapter, Microsoft.VisualStudio.QualityTools.Tips.UnitTest.Adapter, Version=10.0.0.0, Culture=neutral, PublicKeyToken=b03f5f7f11d50a3a" className="GildedRoses.UnitTests.GildedRoseProcessorTests, GildedRoses.UnitTests, Version=1.0.0.0, Culture=neutral, PublicKeyToken=null" name="SellInForConjuredDecreasesByOne" />
    </UnitTest>
    <UnitTest name="QualityIncreasesByOne" storage="c:\users\kwilliams\downloads\notmyself-gildedrose-v1.0-3-gccb50d0\notmyself-gildedrose-ccb50d0\src\gildedroses.unittests\bin\debug\gildedroses.unittests.dll" id="a6be764d-4c17-7d50-b4ca-a609322a855f">
      <Execution id="38b12c84-4c4f-4dbf-aec4-c4a9fa740ebd" />
      <TestMethod codeBase="C:/Users/kwilliams/Downloads/NotMyself-GildedRose-v1.0-3-gccb50d0/NotMyself-GildedRose-ccb50d0/src/GildedRoses.UnitTests/bin/Debug/GildedRoses.UnitTests.DLL" adapterTypeName="Microsoft.VisualStudio.TestTools.TestTypes.Unit.UnitTestAdapter, Microsoft.VisualStudio.QualityTools.Tips.UnitTest.Adapter, Version=10.0.0.0, Culture=neutral, PublicKeyToken=b03f5f7f11d50a3a" className="GildedRoses.UnitTests.Strategies.Quality.AgedBrieQualityStrategyTests, GildedRoses.UnitTests, Version=1.0.0.0, Culture=neutral, PublicKeyToken=null" name="QualityIncreasesByOne" />
    </UnitTest>
    <UnitTest name="QualityDoesNotChange" storage="c:\users\kwilliams\downloads\notmyself-gildedrose-v1.0-3-gccb50d0\notmyself-gildedrose-ccb50d0\src\gildedroses.unittests\bin\debug\gildedroses.unittests.dll" id="e4f833c7-13fe-b064-7135-20b5f97c6d5d">
      <Execution id="a43942d1-62fb-4956-acd9-2768e0bf2a25" />
      <TestMethod codeBase="C:/Users/kwilliams/Downloads/NotMyself-GildedRose-v1.0-3-gccb50d0/NotMyself-GildedRose-ccb50d0/src/GildedRoses.UnitTests/bin/Debug/GildedRoses.UnitTests.DLL" adapterTypeName="Microsoft.VisualStudio.TestTools.TestTypes.Unit.UnitTestAdapter, Microsoft.VisualStudio.QualityTools.Tips.UnitTest.Adapter, Version=10.0.0.0, Culture=neutral, PublicKeyToken=b03f5f7f11d50a3a" className="GildedRoses.UnitTests.Strategies.Quality.SulfurasQualityStrategyTests, GildedRoses.UnitTests, Version=1.0.0.0, Culture=neutral, PublicKeyToken=null" name="QualityDoesNotChange" />
    </UnitTest>
    <UnitTest name="SellInForAgedBrieDecreasesByOne" storage="c:\users\kwilliams\downloads\notmyself-gildedrose-v1.0-3-gccb50d0\notmyself-gildedrose-ccb50d0\src\gildedroses.unittests\bin\debug\gildedroses.unittests.dll" id="1f23eec8-cc35-f80d-1a5e-828ebf392750">
      <Execution id="d543b369-b9a2-448a-8fdc-acade20889e8" />
      <TestMethod codeBase="C:/Users/kwilliams/Downloads/NotMyself-GildedRose-v1.0-3-gccb50d0/NotMyself-GildedRose-ccb50d0/src/GildedRoses.UnitTests/bin/Debug/GildedRoses.UnitTests.DLL" adapterTypeName="Microsoft.VisualStudio.TestTools.TestTypes.Unit.UnitTestAdapter, Microsoft.VisualStudio.QualityTools.Tips.UnitTest.Adapter, Version=10.0.0.0, Culture=neutral, PublicKeyToken=b03f5f7f11d50a3a" className="GildedRoses.UnitTests.GildedRoseProcessorTests, GildedRoses.UnitTests, Version=1.0.0.0, Culture=neutral, PublicKeyToken=null" name="SellInForAgedBrieDecreasesByOne" />
    </UnitTest>
    <UnitTest name="QualityIncreasesByOneWhenSellInIsGreaterThanTenDays" storage="c:\users\kwilliams\downloads\notmyself-gildedrose-v1.0-3-gccb50d0\notmyself-gildedrose-ccb50d0\src\gildedroses.unittests\bin\debug\gildedroses.unittests.dll" id="debe6527-36f9-32d2-7126-5f2a10b9915c">
      <Execution id="9d22d583-acc7-49dc-a3ad-9cf5a030a78c" />
      <TestMethod codeBase="C:/Users/kwilliams/Downloads/NotMyself-GildedRose-v1.0-3-gccb50d0/NotMyself-GildedRose-ccb50d0/src/GildedRoses.UnitTests/bin/Debug/GildedRoses.UnitTests.DLL" adapterTypeName="Microsoft.VisualStudio.TestTools.TestTypes.Unit.UnitTestAdapter, Microsoft.VisualStudio.QualityTools.Tips.UnitTest.Adapter, Version=10.0.0.0, Culture=neutral, PublicKeyToken=b03f5f7f11d50a3a" className="GildedRoses.UnitTests.Strategies.Quality.BackstagePassQualityStrategyTests, GildedRoses.UnitTests, Version=1.0.0.0, Culture=neutral, PublicKeyToken=null" name="QualityIncreasesByOneWhenSellInIsGreaterThanTenDays" />
    </UnitTest>
    <UnitTest name="DecreasesByOne" storage="c:\users\kwilliams\downloads\notmyself-gildedrose-v1.0-3-gccb50d0\notmyself-gildedrose-ccb50d0\src\gildedroses.unittests\bin\debug\gildedroses.unittests.dll" id="c33c3c45-bc58-e8ef-1cab-996cda5c4ccc">
      <Execution id="c53d23c2-b552-40dd-bef6-3a29d1cad42a" />
      <TestMethod codeBase="C:/Users/kwilliams/Downloads/NotMyself-GildedRose-v1.0-3-gccb50d0/NotMyself-GildedRose-ccb50d0/src/GildedRoses.UnitTests/bin/Debug/GildedRoses.UnitTests.DLL" adapterTypeName="Microsoft.VisualStudio.TestTools.TestTypes.Unit.UnitTestAdapter, Microsoft.VisualStudio.QualityTools.Tips.UnitTest.Adapter, Version=10.0.0.0, Culture=neutral, PublicKeyToken=b03f5f7f11d50a3a" className="GildedRoses.UnitTests.Strategies.SellIn.NormalSellInStrategyTests, GildedRoses.UnitTests, Version=1.0.0.0, Culture=neutral, PublicKeyToken=null" name="DecreasesByOne" />
    </UnitTest>
    <UnitTest name="QualityOfAnItemIsNeverGreaterThanFifty" storage="c:\users\kwilliams\downloads\notmyself-gildedrose-v1.0-3-gccb50d0\notmyself-gildedrose-ccb50d0\src\gildedroses.unittests\bin\debug\gildedroses.unittests.dll" id="241e0825-0a15-4f2d-7550-cf48efb3e3f7">
      <Execution id="fe04c795-c3f1-453b-9308-7154dc272d6d" />
      <TestMethod codeBase="C:/Users/kwilliams/Downloads/NotMyself-GildedRose-v1.0-3-gccb50d0/NotMyself-GildedRose-ccb50d0/src/GildedRoses.UnitTests/bin/Debug/GildedRoses.UnitTests.DLL" adapterTypeName="Microsoft.VisualStudio.TestTools.TestTypes.Unit.UnitTestAdapter, Microsoft.VisualStudio.QualityTools.Tips.UnitTest.Adapter, Version=10.0.0.0, Culture=neutral, PublicKeyToken=b03f5f7f11d50a3a" className="GildedRoses.UnitTests.GildedRoseProcessorTests, GildedRoses.UnitTests, Version=1.0.0.0, Culture=neutral, PublicKeyToken=null" name="QualityOfAnItemIsNeverGreaterThanFifty" />
    </UnitTest>
    <UnitTest name="GetStrategyReturnsAgedBrieQualityStrategyForAgedBrie" storage="c:\users\kwilliams\downloads\notmyself-gildedrose-v1.0-3-gccb50d0\notmyself-gildedrose-ccb50d0\src\gildedroses.unittests\bin\debug\gildedroses.unittests.dll" id="8bd11791-be6f-6bbc-2cd3-f330033d64da">
      <Execution id="3b9f128c-ed80-4ab6-8e7a-1bfe9c448584" />
      <TestMethod codeBase="C:/Users/kwilliams/Downloads/NotMyself-GildedRose-v1.0-3-gccb50d0/NotMyself-GildedRose-ccb50d0/src/GildedRoses.UnitTests/bin/Debug/GildedRoses.UnitTests.DLL" adapterTypeName="Microsoft.VisualStudio.TestTools.TestTypes.Unit.UnitTestAdapter, Microsoft.VisualStudio.QualityTools.Tips.UnitTest.Adapter, Version=10.0.0.0, Culture=neutral, PublicKeyToken=b03f5f7f11d50a3a" className="GildedRoses.UnitTests.Strategies.SellIn.SellInStrategyFactoryTests, GildedRoses.UnitTests, Version=1.0.0.0, Culture=neutral, PublicKeyToken=null" name="GetStrategyReturnsAgedBrieQualityStrategyForAgedBrie" />
    </UnitTest>
    <UnitTest name="QualityDecreasesByTwoWhenSellInIsGreaterThanOrEqualToZero" storage="c:\users\kwilliams\downloads\notmyself-gildedrose-v1.0-3-gccb50d0\notmyself-gildedrose-ccb50d0\src\gildedroses.unittests\bin\debug\gildedroses.unittests.dll" id="06372207-d70b-9ffd-e3b3-6c51f3decd07">
      <Execution id="8a2972d7-de58-49a5-bb68-41d15ead8f07" />
      <TestMethod codeBase="C:/Users/kwilliams/Downloads/NotMyself-GildedRose-v1.0-3-gccb50d0/NotMyself-GildedRose-ccb50d0/src/GildedRoses.UnitTests/bin/Debug/GildedRoses.UnitTests.DLL" adapterTypeName="Microsoft.VisualStudio.TestTools.TestTypes.Unit.UnitTestAdapter, Microsoft.VisualStudio.QualityTools.Tips.UnitTest.Adapter, Version=10.0.0.0, Culture=neutral, PublicKeyToken=b03f5f7f11d50a3a" className="GildedRoses.UnitTests.Strategies.Quality.DefaultQualityStrategyTests, GildedRoses.UnitTests, Version=1.0.0.0, Culture=neutral, PublicKeyToken=null" name="QualityDecreasesByTwoWhenSellInIsGreaterThanOrEqualToZero" />
    </UnitTest>
    <UnitTest name="GetStrategyReturnsNormalQualityStrategyForNormalItem" storage="c:\users\kwilliams\downloads\notmyself-gildedrose-v1.0-3-gccb50d0\notmyself-gildedrose-ccb50d0\src\gildedroses.unittests\bin\debug\gildedroses.unittests.dll" id="1994e197-928f-3d31-fc37-5a4552c68ca8">
      <Execution id="4e017d93-dcbc-4c14-98a5-9b121f62fd00" />
      <TestMethod codeBase="C:/Users/kwilliams/Downloads/NotMyself-GildedRose-v1.0-3-gccb50d0/NotMyself-GildedRose-ccb50d0/src/GildedRoses.UnitTests/bin/Debug/GildedRoses.UnitTests.DLL" adapterTypeName="Microsoft.VisualStudio.TestTools.TestTypes.Unit.UnitTestAdapter, Microsoft.VisualStudio.QualityTools.Tips.UnitTest.Adapter, Version=10.0.0.0, Culture=neutral, PublicKeyToken=b03f5f7f11d50a3a" className="GildedRoses.UnitTests.Strategies.SellIn.SellInStrategyFactoryTests, GildedRoses.UnitTests, Version=1.0.0.0, Culture=neutral, PublicKeyToken=null" name="GetStrategyReturnsNormalQualityStrategyForNormalItem" />
    </UnitTest>
    <UnitTest name="GetStrategyReturnsConjuredQualityStrategyForConjured" storage="c:\users\kwilliams\downloads\notmyself-gildedrose-v1.0-3-gccb50d0\notmyself-gildedrose-ccb50d0\src\gildedroses.unittests\bin\debug\gildedroses.unittests.dll" id="71dcff6b-e732-6c33-e5a1-85ca528032ee">
      <Execution id="d7237015-59ef-4330-937e-384c7623203a" />
      <TestMethod codeBase="C:/Users/kwilliams/Downloads/NotMyself-GildedRose-v1.0-3-gccb50d0/NotMyself-GildedRose-ccb50d0/src/GildedRoses.UnitTests/bin/Debug/GildedRoses.UnitTests.DLL" adapterTypeName="Microsoft.VisualStudio.TestTools.TestTypes.Unit.UnitTestAdapter, Microsoft.VisualStudio.QualityTools.Tips.UnitTest.Adapter, Version=10.0.0.0, Culture=neutral, PublicKeyToken=b03f5f7f11d50a3a" className="GildedRoses.UnitTests.Strategies.Quality.QualityStrategyFactoryTests, GildedRoses.UnitTests, Version=1.0.0.0, Culture=neutral, PublicKeyToken=null" name="GetStrategyReturnsConjuredQualityStrategyForConjured" />
    </UnitTest>
    <UnitTest name="QualityIncreasesByThreeWhenSellInIsWithinZeroAndFiveDays" storage="c:\users\kwilliams\downloads\notmyself-gildedrose-v1.0-3-gccb50d0\notmyself-gildedrose-ccb50d0\src\gildedroses.unittests\bin\debug\gildedroses.unittests.dll" id="e343510d-1cbf-7e51-ccf4-d82793d7feae">
      <Execution id="f853be0d-420c-498f-b24a-a608f65b005d" />
      <TestMethod codeBase="C:/Users/kwilliams/Downloads/NotMyself-GildedRose-v1.0-3-gccb50d0/NotMyself-GildedRose-ccb50d0/src/GildedRoses.UnitTests/bin/Debug/GildedRoses.UnitTests.DLL" adapterTypeName="Microsoft.VisualStudio.TestTools.TestTypes.Unit.UnitTestAdapter, Microsoft.VisualStudio.QualityTools.Tips.UnitTest.Adapter, Version=10.0.0.0, Culture=neutral, PublicKeyToken=b03f5f7f11d50a3a" className="GildedRoses.UnitTests.Strategies.Quality.BackstagePassQualityStrategyTests, GildedRoses.UnitTests, Version=1.0.0.0, Culture=neutral, PublicKeyToken=null" name="QualityIncreasesByThreeWhenSellInIsWithinZeroAndFiveDays" />
    </UnitTest>
    <UnitTest name="BackstagePassQualityIncreasesByTwoWhenSellInIsBetweenSixAndTenDays" storage="c:\users\kwilliams\downloads\notmyself-gildedrose-v1.0-3-gccb50d0\notmyself-gildedrose-ccb50d0\src\gildedroses.unittests\bin\debug\gildedroses.unittests.dll" id="4894d071-074d-20dd-f6bc-5e57825bcec8">
      <Execution id="07682d12-afb8-4c23-aba1-65b6486ad6ec" />
      <TestMethod codeBase="C:/Users/kwilliams/Downloads/NotMyself-GildedRose-v1.0-3-gccb50d0/NotMyself-GildedRose-ccb50d0/src/GildedRoses.UnitTests/bin/Debug/GildedRoses.UnitTests.DLL" adapterTypeName="Microsoft.VisualStudio.TestTools.TestTypes.Unit.UnitTestAdapter, Microsoft.VisualStudio.QualityTools.Tips.UnitTest.Adapter, Version=10.0.0.0, Culture=neutral, PublicKeyToken=b03f5f7f11d50a3a" className="GildedRoses.UnitTests.GildedRoseProcessorTests, GildedRoses.UnitTests, Version=1.0.0.0, Culture=neutral, PublicKeyToken=null" name="BackstagePassQualityIncreasesByTwoWhenSellInIsBetweenSixAndTenDays" />
    </UnitTest>
    <UnitTest name="QualityDecreasesByTwoWhenSellInIsGreaterThanOrEqualToZero" storage="c:\users\kwilliams\downloads\notmyself-gildedrose-v1.0-3-gccb50d0\notmyself-gildedrose-ccb50d0\src\gildedroses.unittests\bin\debug\gildedroses.unittests.dll" id="bf6924ff-32b9-e2c3-9658-0cd3f426ce9a">
      <Execution id="82634870-89e6-41c4-ba45-e8d06c589329" />
      <TestMethod codeBase="C:/Users/kwilliams/Downloads/NotMyself-GildedRose-v1.0-3-gccb50d0/NotMyself-GildedRose-ccb50d0/src/GildedRoses.UnitTests/bin/Debug/GildedRoses.UnitTests.DLL" adapterTypeName="Microsoft.VisualStudio.TestTools.TestTypes.Unit.UnitTestAdapter, Microsoft.VisualStudio.QualityTools.Tips.UnitTest.Adapter, Version=10.0.0.0, Culture=neutral, PublicKeyToken=b03f5f7f11d50a3a" className="GildedRoses.UnitTests.Strategies.Quality.ConjuredQualityStrategyTests, GildedRoses.UnitTests, Version=1.0.0.0, Culture=neutral, PublicKeyToken=null" name="QualityDecreasesByTwoWhenSellInIsGreaterThanOrEqualToZero" />
    </UnitTest>
    <UnitTest name="SulfurasNeverHasToBeSold" storage="c:\users\kwilliams\downloads\notmyself-gildedrose-v1.0-3-gccb50d0\notmyself-gildedrose-ccb50d0\src\gildedroses.unittests\bin\debug\gildedroses.unittests.dll" id="46505c2c-0fe3-f3a0-6e81-7b857b1e2798">
      <Execution id="c5689dee-cb07-4d18-90a6-6e62e883e602" />
      <TestMethod codeBase="C:/Users/kwilliams/Downloads/NotMyself-GildedRose-v1.0-3-gccb50d0/NotMyself-GildedRose-ccb50d0/src/GildedRoses.UnitTests/bin/Debug/GildedRoses.UnitTests.DLL" adapterTypeName="Microsoft.VisualStudio.TestTools.TestTypes.Unit.UnitTestAdapter, Microsoft.VisualStudio.QualityTools.Tips.UnitTest.Adapter, Version=10.0.0.0, Culture=neutral, PublicKeyToken=b03f5f7f11d50a3a" className="GildedRoses.UnitTests.GildedRoseProcessorTests, GildedRoses.UnitTests, Version=1.0.0.0, Culture=neutral, PublicKeyToken=null" name="SulfurasNeverHasToBeSold" />
    </UnitTest>
    <UnitTest name="GetStrategyReturnsSulfurasQualityStrategyForSulfuras" storage="c:\users\kwilliams\downloads\notmyself-gildedrose-v1.0-3-gccb50d0\notmyself-gildedrose-ccb50d0\src\gildedroses.unittests\bin\debug\gildedroses.unittests.dll" id="a94384c9-d8f1-b3d7-95cb-392fdb62625f">
      <Execution id="ba045071-6e6c-4fa3-b662-c31f1bb0816b" />
      <TestMethod codeBase="C:/Users/kwilliams/Downloads/NotMyself-GildedRose-v1.0-3-gccb50d0/NotMyself-GildedRose-ccb50d0/src/GildedRoses.UnitTests/bin/Debug/GildedRoses.UnitTests.DLL" adapterTypeName="Microsoft.VisualStudio.TestTools.TestTypes.Unit.UnitTestAdapter, Microsoft.VisualStudio.QualityTools.Tips.UnitTest.Adapter, Version=10.0.0.0, Culture=neutral, PublicKeyToken=b03f5f7f11d50a3a" className="GildedRoses.UnitTests.Strategies.Quality.QualityStrategyFactoryTests, GildedRoses.UnitTests, Version=1.0.0.0, Culture=neutral, PublicKeyToken=null" name="GetStrategyReturnsSulfurasQualityStrategyForSulfuras" />
    </UnitTest>
    <UnitTest name="QualityIncreasesForAgedBrie" storage="c:\users\kwilliams\downloads\notmyself-gildedrose-v1.0-3-gccb50d0\notmyself-gildedrose-ccb50d0\src\gildedroses.unittests\bin\debug\gildedroses.unittests.dll" id="b25b1176-8d56-e62a-3696-f3a35826d4ba">
      <Execution id="3d7d1700-61b0-48e8-8d5c-b017c067efe1" />
      <TestMethod codeBase="C:/Users/kwilliams/Downloads/NotMyself-GildedRose-v1.0-3-gccb50d0/NotMyself-GildedRose-ccb50d0/src/GildedRoses.UnitTests/bin/Debug/GildedRoses.UnitTests.DLL" adapterTypeName="Microsoft.VisualStudio.TestTools.TestTypes.Unit.UnitTestAdapter, Microsoft.VisualStudio.QualityTools.Tips.UnitTest.Adapter, Version=10.0.0.0, Culture=neutral, PublicKeyToken=b03f5f7f11d50a3a" className="GildedRoses.UnitTests.GildedRoseProcessorTests, GildedRoses.UnitTests, Version=1.0.0.0, Culture=neutral, PublicKeyToken=null" name="QualityIncreasesForAgedBrie" />
    </UnitTest>
    <UnitTest name="QualityOfAnItemIsNeverNegative" storage="c:\users\kwilliams\downloads\notmyself-gildedrose-v1.0-3-gccb50d0\notmyself-gildedrose-ccb50d0\src\gildedroses.unittests\bin\debug\gildedroses.unittests.dll" id="5334f3a6-73a7-3531-f824-e6113d25ab7f">
      <Execution id="ffa5d933-6a6a-40a7-804e-d5409773511c" />
      <TestMethod codeBase="C:/Users/kwilliams/Downloads/NotMyself-GildedRose-v1.0-3-gccb50d0/NotMyself-GildedRose-ccb50d0/src/GildedRoses.UnitTests/bin/Debug/GildedRoses.UnitTests.DLL" adapterTypeName="Microsoft.VisualStudio.TestTools.TestTypes.Unit.UnitTestAdapter, Microsoft.VisualStudio.QualityTools.Tips.UnitTest.Adapter, Version=10.0.0.0, Culture=neutral, PublicKeyToken=b03f5f7f11d50a3a" className="GildedRoses.UnitTests.GildedRoseProcessorTests, GildedRoses.UnitTests, Version=1.0.0.0, Culture=neutral, PublicKeyToken=null" name="QualityOfAnItemIsNeverNegative" />
    </UnitTest>
    <UnitTest name="ConjuredItemsDegradeInQualityTwiceAsFastAsNormalItems" storage="c:\users\kwilliams\downloads\notmyself-gildedrose-v1.0-3-gccb50d0\notmyself-gildedrose-ccb50d0\src\gildedroses.unittests\bin\debug\gildedroses.unittests.dll" id="a461a388-f879-aaf1-0d5b-96e359488f0b">
      <Execution id="645894a8-5b84-4034-ba29-d6e70a251c0a" />
      <TestMethod codeBase="C:/Users/kwilliams/Downloads/NotMyself-GildedRose-v1.0-3-gccb50d0/NotMyself-GildedRose-ccb50d0/src/GildedRoses.UnitTests/bin/Debug/GildedRoses.UnitTests.DLL" adapterTypeName="Microsoft.VisualStudio.TestTools.TestTypes.Unit.UnitTestAdapter, Microsoft.VisualStudio.QualityTools.Tips.UnitTest.Adapter, Version=10.0.0.0, Culture=neutral, PublicKeyToken=b03f5f7f11d50a3a" className="GildedRoses.UnitTests.GildedRoseProcessorTests, GildedRoses.UnitTests, Version=1.0.0.0, Culture=neutral, PublicKeyToken=null" name="ConjuredItemsDegradeInQualityTwiceAsFastAsNormalItems" />
    </UnitTest>
    <UnitTest name="GetStrategyReturnsNormalQualityStrategyForNormalItem" storage="c:\users\kwilliams\downloads\notmyself-gildedrose-v1.0-3-gccb50d0\notmyself-gildedrose-ccb50d0\src\gildedroses.unittests\bin\debug\gildedroses.unittests.dll" id="0570af00-cdbf-7937-3fbb-38d7afe9fb36">
      <Execution id="ca6becc9-a348-4d01-95d7-a5100456ce1c" />
      <TestMethod codeBase="C:/Users/kwilliams/Downloads/NotMyself-GildedRose-v1.0-3-gccb50d0/NotMyself-GildedRose-ccb50d0/src/GildedRoses.UnitTests/bin/Debug/GildedRoses.UnitTests.DLL" adapterTypeName="Microsoft.VisualStudio.TestTools.TestTypes.Unit.UnitTestAdapter, Microsoft.VisualStudio.QualityTools.Tips.UnitTest.Adapter, Version=10.0.0.0, Culture=neutral, PublicKeyToken=b03f5f7f11d50a3a" className="GildedRoses.UnitTests.Strategies.Quality.QualityStrategyFactoryTests, GildedRoses.UnitTests, Version=1.0.0.0, Culture=neutral, PublicKeyToken=null" name="GetStrategyReturnsNormalQualityStrategyForNormalItem" />
    </UnitTest>
    <UnitTest name="QualityDoesNotGoAboveFiftyWhenSellInIsWithinSixAndTenDays" storage="c:\users\kwilliams\downloads\notmyself-gildedrose-v1.0-3-gccb50d0\notmyself-gildedrose-ccb50d0\src\gildedroses.unittests\bin\debug\gildedroses.unittests.dll" id="cecebdfe-6d27-291a-2de2-48893f597415">
      <Execution id="181ee2dd-d604-43a4-998d-b48eabc77459" />
      <TestMethod codeBase="C:/Users/kwilliams/Downloads/NotMyself-GildedRose-v1.0-3-gccb50d0/NotMyself-GildedRose-ccb50d0/src/GildedRoses.UnitTests/bin/Debug/GildedRoses.UnitTests.DLL" adapterTypeName="Microsoft.VisualStudio.TestTools.TestTypes.Unit.UnitTestAdapter, Microsoft.VisualStudio.QualityTools.Tips.UnitTest.Adapter, Version=10.0.0.0, Culture=neutral, PublicKeyToken=b03f5f7f11d50a3a" className="GildedRoses.UnitTests.Strategies.Quality.BackstagePassQualityStrategyTests, GildedRoses.UnitTests, Version=1.0.0.0, Culture=neutral, PublicKeyToken=null" name="QualityDoesNotGoAboveFiftyWhenSellInIsWithinSixAndTenDays" />
    </UnitTest>
  </TestDefinitions>
  <TestLists>
    <TestList name="Results Not in a List" id="8c84fa94-04c1-424b-9868-57a2d4851a1d" />
    <TestList name="All Loaded Results" id="19431567-8539-422a-85d7-44ee4e166bda" />
  </TestLists>
  <TestEntries>
    <TestEntry testId="01b3fe5c-9c9d-6b49-485b-3530d2ef3eb2" executionId="21a8363f-e27f-447d-b2b3-ab00c68d542b" testListId="8c84fa94-04c1-424b-9868-57a2d4851a1d" />
    <TestEntry testId="0570af00-cdbf-7937-3fbb-38d7afe9fb36" executionId="ca6becc9-a348-4d01-95d7-a5100456ce1c" testListId="8c84fa94-04c1-424b-9868-57a2d4851a1d" />
    <TestEntry testId="06372207-d70b-9ffd-e3b3-6c51f3decd07" executionId="8a2972d7-de58-49a5-bb68-41d15ead8f07" testListId="8c84fa94-04c1-424b-9868-57a2d4851a1d" />
    <TestEntry testId="1994e197-928f-3d31-fc37-5a4552c68ca8" executionId="4e017d93-dcbc-4c14-98a5-9b121f62fd00" testListId="8c84fa94-04c1-424b-9868-57a2d4851a1d" />
    <TestEntry testId="1f23eec8-cc35-f80d-1a5e-828ebf392750" executionId="d543b369-b9a2-448a-8fdc-acade20889e8" testListId="8c84fa94-04c1-424b-9868-57a2d4851a1d" />
    <TestEntry testId="241e0825-0a15-4f2d-7550-cf48efb3e3f7" executionId="fe04c795-c3f1-453b-9308-7154dc272d6d" testListId="8c84fa94-04c1-424b-9868-57a2d4851a1d" />
    <TestEntry testId="27d60e5a-ef7a-8ef1-9964-13d0f335072f" executionId="b74dea2a-c29f-49dc-9780-6f5c130673fc" testListId="8c84fa94-04c1-424b-9868-57a2d4851a1d" />
    <TestEntry testId="28154d4f-24ee-8105-02a9-c7bc69939eb7" executionId="68978333-7fb6-4f53-bdf0-e6b579f94d6b" testListId="8c84fa94-04c1-424b-9868-57a2d4851a1d" />
    <TestEntry testId="33377cb1-02fc-c3bf-2deb-4f32f6490ca4" executionId="e35295a4-9dbb-4281-833c-f6ddf2eb4f35" testListId="8c84fa94-04c1-424b-9868-57a2d4851a1d" />
    <TestEntry testId="3bcc2279-1a8f-0714-a6fd-9d4937534e55" executionId="3c042b8c-d3f4-4d3f-b784-2e455eb6adee" testListId="8c84fa94-04c1-424b-9868-57a2d4851a1d" />
    <TestEntry testId="40b689f2-c768-3d7f-d7eb-990bb800d1b0" executionId="729bcbe9-7baa-4254-8ea1-21d1e46e8c12" testListId="8c84fa94-04c1-424b-9868-57a2d4851a1d" />
    <TestEntry testId="46505c2c-0fe3-f3a0-6e81-7b857b1e2798" executionId="c5689dee-cb07-4d18-90a6-6e62e883e602" testListId="8c84fa94-04c1-424b-9868-57a2d4851a1d" />
    <TestEntry testId="4894d071-074d-20dd-f6bc-5e57825bcec8" executionId="07682d12-afb8-4c23-aba1-65b6486ad6ec" testListId="8c84fa94-04c1-424b-9868-57a2d4851a1d" />
    <TestEntry testId="5334f3a6-73a7-3531-f824-e6113d25ab7f" executionId="ffa5d933-6a6a-40a7-804e-d5409773511c" testListId="8c84fa94-04c1-424b-9868-57a2d4851a1d" />
    <TestEntry testId="591af166-1b4a-0984-7eee-62898709dd3e" executionId="fdbc317f-47da-4d43-8070-583635a3b7dd" testListId="8c84fa94-04c1-424b-9868-57a2d4851a1d" />
    <TestEntry testId="5a70c8e3-3797-968c-683e-53e240c9614d" executionId="6194ecf4-2d84-47e3-99a7-afcc43e2a6be" testListId="8c84fa94-04c1-424b-9868-57a2d4851a1d" />
    <TestEntry testId="71dcff6b-e732-6c33-e5a1-85ca528032ee" executionId="d7237015-59ef-4330-937e-384c7623203a" testListId="8c84fa94-04c1-424b-9868-57a2d4851a1d" />
    <TestEntry testId="8bd11791-be6f-6bbc-2cd3-f330033d64da" executionId="3b9f128c-ed80-4ab6-8e7a-1bfe9c448584" testListId="8c84fa94-04c1-424b-9868-57a2d4851a1d" />
    <TestEntry testId="9202ead1-dedc-5e0d-2780-c966e630f975" executionId="e75cfc11-835c-4848-b1f8-bd0831b71d1e" testListId="8c84fa94-04c1-424b-9868-57a2d4851a1d" />
    <TestEntry testId="99e8fe7a-2dc4-b8bf-5973-f43514db8194" executionId="d7cc4fe4-878d-4d51-a089-4b40ec7553dc" testListId="8c84fa94-04c1-424b-9868-57a2d4851a1d" />
    <TestEntry testId="a461a388-f879-aaf1-0d5b-96e359488f0b" executionId="645894a8-5b84-4034-ba29-d6e70a251c0a" testListId="8c84fa94-04c1-424b-9868-57a2d4851a1d" />
    <TestEntry testId="a6be764d-4c17-7d50-b4ca-a609322a855f" executionId="38b12c84-4c4f-4dbf-aec4-c4a9fa740ebd" testListId="8c84fa94-04c1-424b-9868-57a2d4851a1d" />
    <TestEntry testId="a94384c9-d8f1-b3d7-95cb-392fdb62625f" executionId="ba045071-6e6c-4fa3-b662-c31f1bb0816b" testListId="8c84fa94-04c1-424b-9868-57a2d4851a1d" />
    <TestEntry testId="ad04d720-9c82-06a8-6df0-8185f69d3af2" executionId="baedcbe5-eec3-4a78-9fe1-f20e445165d1" testListId="8c84fa94-04c1-424b-9868-57a2d4851a1d" />
    <TestEntry testId="b25b1176-8d56-e62a-3696-f3a35826d4ba" executionId="3d7d1700-61b0-48e8-8d5c-b017c067efe1" testListId="8c84fa94-04c1-424b-9868-57a2d4851a1d" />
    <TestEntry testId="b2d28e5c-02f2-7621-be11-937a94c7f399" executionId="aa86c43c-16bf-434a-accc-cc64f8749d79" testListId="8c84fa94-04c1-424b-9868-57a2d4851a1d" />
    <TestEntry testId="b9f52232-1b74-369c-c28a-1648794ca68b" executionId="496ddbd3-fab2-4348-9a0e-b48f114a04cc" testListId="8c84fa94-04c1-424b-9868-57a2d4851a1d" />
    <TestEntry testId="bb03be4f-ea91-5112-a71b-22043a2e65b7" executionId="c65ce07f-ed97-4740-82d1-8f7e441f02d3" testListId="8c84fa94-04c1-424b-9868-57a2d4851a1d" />
    <TestEntry testId="bf6924ff-32b9-e2c3-9658-0cd3f426ce9a" executionId="82634870-89e6-41c4-ba45-e8d06c589329" testListId="8c84fa94-04c1-424b-9868-57a2d4851a1d" />
    <TestEntry testId="c14da039-df56-a14b-dda5-b66cb3117dc3" executionId="62a8b598-c0c8-434c-867b-9bf401cb7656" testListId="8c84fa94-04c1-424b-9868-57a2d4851a1d" />
    <TestEntry testId="c33c3c45-bc58-e8ef-1cab-996cda5c4ccc" executionId="c53d23c2-b552-40dd-bef6-3a29d1cad42a" testListId="8c84fa94-04c1-424b-9868-57a2d4851a1d" />
    <TestEntry testId="cecebdfe-6d27-291a-2de2-48893f597415" executionId="181ee2dd-d604-43a4-998d-b48eabc77459" testListId="8c84fa94-04c1-424b-9868-57a2d4851a1d" />
    <TestEntry testId="ddf4f376-d23b-f447-f252-2fe1d83b1b05" executionId="74cb6b22-74c2-4baf-b6bc-c8aec0606d2a" testListId="8c84fa94-04c1-424b-9868-57a2d4851a1d" />
    <TestEntry testId="debe6527-36f9-32d2-7126-5f2a10b9915c" executionId="9d22d583-acc7-49dc-a3ad-9cf5a030a78c" testListId="8c84fa94-04c1-424b-9868-57a2d4851a1d" />
    <TestEntry testId="e11acf43-8b72-ef0a-3f56-4944d3063c48" executionId="001bbc31-601c-462a-bf4c-40ec5dcc1587" testListId="8c84fa94-04c1-424b-9868-57a2d4851a1d" />
    <TestEntry testId="e343510d-1cbf-7e51-ccf4-d82793d7feae" executionId="f853be0d-420c-498f-b24a-a608f65b005d" testListId="8c84fa94-04c1-424b-9868-57a2d4851a1d" />
    <TestEntry testId="e4f833c7-13fe-b064-7135-20b5f97c6d5d" executionId="a43942d1-62fb-4956-acd9-2768e0bf2a25" testListId="8c84fa94-04c1-424b-9868-57a2d4851a1d" />
  </TestEntries>
  <Results>
    <UnitTestResult executionId="21a8363f-e27f-447d-b2b3-ab00c68d542b" testId="01b3fe5c-9c9d-6b49-485b-3530d2ef3eb2" testName="QualityDecreasesByOneWhenSellInIsGreaterThanOrEqualToZero" computerName="WS-KWILLIAMS" duration="00:00:00.0113037" startTime="2012-10-08T08:42:27.5859607-04:00" endTime="2012-10-08T08:42:27.7575673-04:00" testType="13cdc9d9-ddb5-4fa4-a97d-d965ccfc6d4b" outcome="Passed" testListId="8c84fa94-04c1-424b-9868-57a2d4851a1d" relativeResultsDirectory="21a8363f-e27f-447d-b2b3-ab00c68d542b">
    </UnitTestResult>
    <UnitTestResult executionId="ca6becc9-a348-4d01-95d7-a5100456ce1c" testId="0570af00-cdbf-7937-3fbb-38d7afe9fb36" testName="GetStrategyReturnsNormalQualityStrategyForNormalItem" computerName="WS-KWILLIAMS" duration="00:00:00.0007463" startTime="2012-10-08T08:42:27.7575673-04:00" endTime="2012-10-08T08:42:27.7731679-04:00" testType="13cdc9d9-ddb5-4fa4-a97d-d965ccfc6d4b" outcome="Passed" testListId="8c84fa94-04c1-424b-9868-57a2d4851a1d" relativeResultsDirectory="ca6becc9-a348-4d01-95d7-a5100456ce1c">
    </UnitTestResult>
    <UnitTestResult executionId="8a2972d7-de58-49a5-bb68-41d15ead8f07" testId="06372207-d70b-9ffd-e3b3-6c51f3decd07" testName="QualityDecreasesByTwoWhenSellInIsGreaterThanOrEqualToZero" computerName="WS-KWILLIAMS" duration="00:00:00.0001932" startTime="2012-10-08T08:42:27.7731679-04:00" endTime="2012-10-08T08:42:27.7731679-04:00" testType="13cdc9d9-ddb5-4fa4-a97d-d965ccfc6d4b" outcome="Passed" testListId="8c84fa94-04c1-424b-9868-57a2d4851a1d" relativeResultsDirectory="8a2972d7-de58-49a5-bb68-41d15ead8f07">
    </UnitTestResult>
    <UnitTestResult executionId="4e017d93-dcbc-4c14-98a5-9b121f62fd00" testId="1994e197-928f-3d31-fc37-5a4552c68ca8" testName="GetStrategyReturnsNormalQualityStrategyForNormalItem" computerName="WS-KWILLIAMS" duration="00:00:00.0004803" startTime="2012-10-08T08:42:27.7731679-04:00" endTime="2012-10-08T08:42:27.7731679-04:00" testType="13cdc9d9-ddb5-4fa4-a97d-d965ccfc6d4b" outcome="Passed" testListId="8c84fa94-04c1-424b-9868-57a2d4851a1d" relativeResultsDirectory="4e017d93-dcbc-4c14-98a5-9b121f62fd00">
    </UnitTestResult>
    <UnitTestResult executionId="d543b369-b9a2-448a-8fdc-acade20889e8" testId="1f23eec8-cc35-f80d-1a5e-828ebf392750" testName="SellInForAgedBrieDecreasesByOne" computerName="WS-KWILLIAMS" duration="00:00:00.0010223" startTime="2012-10-08T08:42:27.7731679-04:00" endTime="2012-10-08T08:42:27.7731679-04:00" testType="13cdc9d9-ddb5-4fa4-a97d-d965ccfc6d4b" outcome="Passed" testListId="8c84fa94-04c1-424b-9868-57a2d4851a1d" relativeResultsDirectory="d543b369-b9a2-448a-8fdc-acade20889e8">
    </UnitTestResult>
    <UnitTestResult executionId="fe04c795-c3f1-453b-9308-7154dc272d6d" testId="241e0825-0a15-4f2d-7550-cf48efb3e3f7" testName="QualityOfAnItemIsNeverGreaterThanFifty" computerName="WS-KWILLIAMS" duration="00:00:00.0004087" startTime="2012-10-08T08:42:27.7887685-04:00" endTime="2012-10-08T08:42:27.7887685-04:00" testType="13cdc9d9-ddb5-4fa4-a97d-d965ccfc6d4b" outcome="Passed" testListId="8c84fa94-04c1-424b-9868-57a2d4851a1d" relativeResultsDirectory="fe04c795-c3f1-453b-9308-7154dc272d6d">
    </UnitTestResult>
    <UnitTestResult executionId="b74dea2a-c29f-49dc-9780-6f5c130673fc" testId="27d60e5a-ef7a-8ef1-9964-13d0f335072f" testName="BackstagePassQualityDropsToZeroAfterTheConcert" computerName="WS-KWILLIAMS" duration="00:00:00.0007374" startTime="2012-10-08T08:42:27.7887685-04:00" endTime="2012-10-08T08:42:27.7887685-04:00" testType="13cdc9d9-ddb5-4fa4-a97d-d965ccfc6d4b" outcome="Passed" testListId="8c84fa94-04c1-424b-9868-57a2d4851a1d" relativeResultsDirectory="b74dea2a-c29f-49dc-9780-6f5c130673fc">
    </UnitTestResult>
    <UnitTestResult executionId="68978333-7fb6-4f53-bdf0-e6b579f94d6b" testId="28154d4f-24ee-8105-02a9-c7bc69939eb7" testName="QualityDoesNotGoAboveFiftyWhenSellInIsWithinZeroAndFiveDays" computerName="WS-KWILLIAMS" duration="00:00:00.0002813" startTime="2012-10-08T08:42:27.8043691-04:00" endTime="2012-10-08T08:42:27.8043691-04:00" testType="13cdc9d9-ddb5-4fa4-a97d-d965ccfc6d4b" outcome="Passed" testListId="8c84fa94-04c1-424b-9868-57a2d4851a1d" relativeResultsDirectory="68978333-7fb6-4f53-bdf0-e6b579f94d6b">
    </UnitTestResult>
    <UnitTestResult executionId="e35295a4-9dbb-4281-833c-f6ddf2eb4f35" testId="33377cb1-02fc-c3bf-2deb-4f32f6490ca4" testName="QualityDoesNotGoAboveFifty" computerName="WS-KWILLIAMS" duration="00:00:00.0002759" startTime="2012-10-08T08:42:27.8043691-04:00" endTime="2012-10-08T08:42:27.8043691-04:00" testType="13cdc9d9-ddb5-4fa4-a97d-d965ccfc6d4b" outcome="Passed" testListId="8c84fa94-04c1-424b-9868-57a2d4851a1d" relativeResultsDirectory="e35295a4-9dbb-4281-833c-f6ddf2eb4f35">
    </UnitTestResult>
    <UnitTestResult executionId="3c042b8c-d3f4-4d3f-b784-2e455eb6adee" testId="3bcc2279-1a8f-0714-a6fd-9d4937534e55" testName="QualityDegradesTwiceAsFastForNormalItem" computerName="WS-KWILLIAMS" duration="00:00:00.0002613" startTime="2012-10-08T08:42:27.8043691-04:00" endTime="2012-10-08T08:42:27.8043691-04:00" testType="13cdc9d9-ddb5-4fa4-a97d-d965ccfc6d4b" outcome="Passed" testListId="8c84fa94-04c1-424b-9868-57a2d4851a1d" relativeResultsDirectory="3c042b8c-d3f4-4d3f-b784-2e455eb6adee">
    </UnitTestResult>
    <UnitTestResult executionId="729bcbe9-7baa-4254-8ea1-21d1e46e8c12" testId="40b689f2-c768-3d7f-d7eb-990bb800d1b0" testName="SellInForBackstagePassDecreasesByOne" computerName="WS-KWILLIAMS" duration="00:00:00.0002401" startTime="2012-10-08T08:42:27.8199697-04:00" endTime="2012-10-08T08:42:27.8199697-04:00" testType="13cdc9d9-ddb5-4fa4-a97d-d965ccfc6d4b" outcome="Passed" testListId="8c84fa94-04c1-424b-9868-57a2d4851a1d" relativeResultsDirectory="729bcbe9-7baa-4254-8ea1-21d1e46e8c12">
    </UnitTestResult>
    <UnitTestResult executionId="c5689dee-cb07-4d18-90a6-6e62e883e602" testId="46505c2c-0fe3-f3a0-6e81-7b857b1e2798" testName="SulfurasNeverHasToBeSold" computerName="WS-KWILLIAMS" duration="00:00:00.0005446" startTime="2012-10-08T08:42:27.8199697-04:00" endTime="2012-10-08T08:42:27.8199697-04:00" testType="13cdc9d9-ddb5-4fa4-a97d-d965ccfc6d4b" outcome="Passed" testListId="8c84fa94-04c1-424b-9868-57a2d4851a1d" relativeResultsDirectory="c5689dee-cb07-4d18-90a6-6e62e883e602">
    </UnitTestResult>
    <UnitTestResult executionId="07682d12-afb8-4c23-aba1-65b6486ad6ec" testId="4894d071-074d-20dd-f6bc-5e57825bcec8" testName="BackstagePassQualityIncreasesByTwoWhenSellInIsBetweenSixAndTenDays" computerName="WS-KWILLIAMS" duration="00:00:00.0116906" startTime="2012-10-08T08:42:27.8199697-04:00" endTime="2012-10-08T08:42:27.8355703-04:00" testType="13cdc9d9-ddb5-4fa4-a97d-d965ccfc6d4b" outcome="Failed" testListId="8c84fa94-04c1-424b-9868-57a2d4851a1d" relativeResultsDirectory="07682d12-afb8-4c23-aba1-65b6486ad6ec">
      <Output>
        <ErrorInfo>
          <Message>Assert.AreEqual failed. Expected:&lt;20&gt;. Actual:&lt;21&gt;. </Message>
          <StackTrace>   at GildedRoses.UnitTests.GildedRoseProcessorTests.BackstagePassQualityIncreasesByTwoWhenSellInIsBetweenSixAndTenDays() in C:\Users\kwilliams\Downloads\NotMyself-GildedRose-v1.0-3-gccb50d0\NotMyself-GildedRose-ccb50d0\src\GildedRoses.UnitTests\ItemsProcessorTests.cs:line 120
</StackTrace>
        </ErrorInfo>
      </Output>
    </UnitTestResult>
    <UnitTestResult executionId="ffa5d933-6a6a-40a7-804e-d5409773511c" testId="5334f3a6-73a7-3531-f824-e6113d25ab7f" testName="QualityOfAnItemIsNeverNegative" computerName="WS-KWILLIAMS" duration="00:00:00.0002270" startTime="2012-10-08T08:42:27.8355703-04:00" endTime="2012-10-08T08:42:27.8355703-04:00" testType="13cdc9d9-ddb5-4fa4-a97d-d965ccfc6d4b" outcome="Passed" testListId="8c84fa94-04c1-424b-9868-57a2d4851a1d" relativeResultsDirectory="ffa5d933-6a6a-40a7-804e-d5409773511c">
    </UnitTestResult>
    <UnitTestResult executionId="fdbc317f-47da-4d43-8070-583635a3b7dd" testId="591af166-1b4a-0984-7eee-62898709dd3e" testName="GetStrategyReturnsBackStagePassQualityStrategyForBackstagePass" computerName="WS-KWILLIAMS" duration="00:00:00.0001531" startTime="2012-10-08T08:42:27.8355703-04:00" endTime="2012-10-08T08:42:27.8511709-04:00" testType="13cdc9d9-ddb5-4fa4-a97d-d965ccfc6d4b" outcome="Passed" testListId="8c84fa94-04c1-424b-9868-57a2d4851a1d" relativeResultsDirectory="fdbc317f-47da-4d43-8070-583635a3b7dd">
    </UnitTestResult>
    <UnitTestResult executionId="6194ecf4-2d84-47e3-99a7-afcc43e2a6be" testId="5a70c8e3-3797-968c-683e-53e240c9614d" testName="SellInForNormalItemDecreasesByOne" computerName="WS-KWILLIAMS" duration="00:00:00.0002086" startTime="2012-10-08T08:42:27.8511709-04:00" endTime="2012-10-08T08:42:27.8511709-04:00" testType="13cdc9d9-ddb5-4fa4-a97d-d965ccfc6d4b" outcome="Passed" testListId="8c84fa94-04c1-424b-9868-57a2d4851a1d" relativeResultsDirectory="6194ecf4-2d84-47e3-99a7-afcc43e2a6be">
    </UnitTestResult>
    <UnitTestResult executionId="d7237015-59ef-4330-937e-384c7623203a" testId="71dcff6b-e732-6c33-e5a1-85ca528032ee" testName="GetStrategyReturnsConjuredQualityStrategyForConjured" computerName="WS-KWILLIAMS" duration="00:00:00.0002790" startTime="2012-10-08T08:42:27.8511709-04:00" endTime="2012-10-08T08:42:27.8511709-04:00" testType="13cdc9d9-ddb5-4fa4-a97d-d965ccfc6d4b" outcome="Passed" testListId="8c84fa94-04c1-424b-9868-57a2d4851a1d" relativeResultsDirectory="d7237015-59ef-4330-937e-384c7623203a">
    </UnitTestResult>
    <UnitTestResult executionId="3b9f128c-ed80-4ab6-8e7a-1bfe9c448584" testId="8bd11791-be6f-6bbc-2cd3-f330033d64da" testName="GetStrategyReturnsAgedBrieQualityStrategyForAgedBrie" computerName="WS-KWILLIAMS" duration="00:00:00.0001547" startTime="2012-10-08T08:42:27.8511709-04:00" endTime="2012-10-08T08:42:27.8511709-04:00" testType="13cdc9d9-ddb5-4fa4-a97d-d965ccfc6d4b" outcome="Passed" testListId="8c84fa94-04c1-424b-9868-57a2d4851a1d" relativeResultsDirectory="3b9f128c-ed80-4ab6-8e7a-1bfe9c448584">
    </UnitTestResult>
    <UnitTestResult executionId="e75cfc11-835c-4848-b1f8-bd0831b71d1e" testId="9202ead1-dedc-5e0d-2780-c966e630f975" testName="BackstagePassQualityIncreasesByOneTenDays" computerName="WS-KWILLIAMS" duration="00:00:00.0011959" startTime="2012-10-08T08:42:27.8667715-04:00" endTime="2012-10-08T08:42:27.8667715-04:00" testType="13cdc9d9-ddb5-4fa4-a97d-d965ccfc6d4b" outcome="Failed" testListId="8c84fa94-04c1-424b-9868-57a2d4851a1d" relativeResultsDirectory="e75cfc11-835c-4848-b1f8-bd0831b71d1e">
      <Output>
        <ErrorInfo>
          <Message>Assert.AreEqual failed. Expected:&lt;20&gt;. Actual:&lt;21&gt;. </Message>
          <StackTrace>   at GildedRoses.UnitTests.GildedRoseProcessorTests.BackstagePassQualityIncreasesByOneTenDays() in C:\Users\kwilliams\Downloads\NotMyself-GildedRose-v1.0-3-gccb50d0\NotMyself-GildedRose-ccb50d0\src\GildedRoses.UnitTests\ItemsProcessorTests.cs:line 150
</StackTrace>
        </ErrorInfo>
      </Output>
    </UnitTestResult>
    <UnitTestResult executionId="d7cc4fe4-878d-4d51-a089-4b40ec7553dc" testId="99e8fe7a-2dc4-b8bf-5973-f43514db8194" testName="DoesNotChange" computerName="WS-KWILLIAMS" duration="00:00:00.0002459" startTime="2012-10-08T08:42:27.8667715-04:00" endTime="2012-10-08T08:42:27.8667715-04:00" testType="13cdc9d9-ddb5-4fa4-a97d-d965ccfc6d4b" outcome="Passed" testListId="8c84fa94-04c1-424b-9868-57a2d4851a1d" relativeResultsDirectory="d7cc4fe4-878d-4d51-a089-4b40ec7553dc">
    </UnitTestResult>
    <UnitTestResult executionId="645894a8-5b84-4034-ba29-d6e70a251c0a" testId="a461a388-f879-aaf1-0d5b-96e359488f0b" testName="ConjuredItemsDegradeInQualityTwiceAsFastAsNormalItems" computerName="WS-KWILLIAMS" duration="00:00:00.0003260" startTime="2012-10-08T08:42:27.8667715-04:00" endTime="2012-10-08T08:42:27.8667715-04:00" testType="13cdc9d9-ddb5-4fa4-a97d-d965ccfc6d4b" outcome="Passed" testListId="8c84fa94-04c1-424b-9868-57a2d4851a1d" relativeResultsDirectory="645894a8-5b84-4034-ba29-d6e70a251c0a">
    </UnitTestResult>
    <UnitTestResult executionId="38b12c84-4c4f-4dbf-aec4-c4a9fa740ebd" testId="a6be764d-4c17-7d50-b4ca-a609322a855f" testName="QualityIncreasesByOne" computerName="WS-KWILLIAMS" duration="00:00:00.0001508" startTime="2012-10-08T08:42:27.8667715-04:00" endTime="2012-10-08T08:42:27.8667715-04:00" testType="13cdc9d9-ddb5-4fa4-a97d-d965ccfc6d4b" outcome="Passed" testListId="8c84fa94-04c1-424b-9868-57a2d4851a1d" relativeResultsDirectory="38b12c84-4c4f-4dbf-aec4-c4a9fa740ebd">
    </UnitTestResult>
    <UnitTestResult executionId="ba045071-6e6c-4fa3-b662-c31f1bb0816b" testId="a94384c9-d8f1-b3d7-95cb-392fdb62625f" testName="GetStrategyReturnsSulfurasQualityStrategyForSulfuras" computerName="WS-KWILLIAMS" duration="00:00:00.0001524" startTime="2012-10-08T08:42:27.8823721-04:00" endTime="2012-10-08T08:42:27.8823721-04:00" testType="13cdc9d9-ddb5-4fa4-a97d-d965ccfc6d4b" outcome="Passed" testListId="8c84fa94-04c1-424b-9868-57a2d4851a1d" relativeResultsDirectory="ba045071-6e6c-4fa3-b662-c31f1bb0816b">
    </UnitTestResult>
    <UnitTestResult executionId="baedcbe5-eec3-4a78-9fe1-f20e445165d1" testId="ad04d720-9c82-06a8-6df0-8185f69d3af2" testName="BackstagePassQualityIncreasesByThreeWhenSellInIsBetweenFiveAndZeroDays" computerName="WS-KWILLIAMS" duration="00:00:00.0002020" startTime="2012-10-08T08:42:27.8823721-04:00" endTime="2012-10-08T08:42:27.8823721-04:00" testType="13cdc9d9-ddb5-4fa4-a97d-d965ccfc6d4b" outcome="Passed" testListId="8c84fa94-04c1-424b-9868-57a2d4851a1d" relativeResultsDirectory="baedcbe5-eec3-4a78-9fe1-f20e445165d1">
    </UnitTestResult>
    <UnitTestResult executionId="3d7d1700-61b0-48e8-8d5c-b017c067efe1" testId="b25b1176-8d56-e62a-3696-f3a35826d4ba" testName="QualityIncreasesForAgedBrie" computerName="WS-KWILLIAMS" duration="00:00:00.0002698" startTime="2012-10-08T08:42:27.8823721-04:00" endTime="2012-10-08T08:42:27.8823721-04:00" testType="13cdc9d9-ddb5-4fa4-a97d-d965ccfc6d4b" outcome="Passed" testListId="8c84fa94-04c1-424b-9868-57a2d4851a1d" relativeResultsDirectory="3d7d1700-61b0-48e8-8d5c-b017c067efe1">
    </UnitTestResult>
    <UnitTestResult executionId="aa86c43c-16bf-434a-accc-cc64f8749d79" testId="b2d28e5c-02f2-7621-be11-937a94c7f399" testName="QualityIncreasesByTwoWhenSellInIsWithinSixAndTenDays" computerName="WS-KWILLIAMS" duration="00:00:00.0001670" startTime="2012-10-08T08:42:27.8823721-04:00" endTime="2012-10-08T08:42:27.8979727-04:00" testType="13cdc9d9-ddb5-4fa4-a97d-d965ccfc6d4b" outcome="Passed" testListId="8c84fa94-04c1-424b-9868-57a2d4851a1d" relativeResultsDirectory="aa86c43c-16bf-434a-accc-cc64f8749d79">
    </UnitTestResult>
    <UnitTestResult executionId="496ddbd3-fab2-4348-9a0e-b48f114a04cc" testId="b9f52232-1b74-369c-c28a-1648794ca68b" testName="QualityDecreasesByFourWhenSellInIsGreaterThanOrEqualToZero" computerName="WS-KWILLIAMS" duration="00:00:00.0002625" startTime="2012-10-08T08:42:27.8979727-04:00" endTime="2012-10-08T08:42:27.8979727-04:00" testType="13cdc9d9-ddb5-4fa4-a97d-d965ccfc6d4b" outcome="Passed" testListId="8c84fa94-04c1-424b-9868-57a2d4851a1d" relativeResultsDirectory="496ddbd3-fab2-4348-9a0e-b48f114a04cc">
    </UnitTestResult>
    <UnitTestResult executionId="c65ce07f-ed97-4740-82d1-8f7e441f02d3" testId="bb03be4f-ea91-5112-a71b-22043a2e65b7" testName="GetStrategyReturnsAgedBrieQualityStrategyForAgedBrie" computerName="WS-KWILLIAMS" duration="00:00:00.0001462" startTime="2012-10-08T08:42:27.8979727-04:00" endTime="2012-10-08T08:42:27.8979727-04:00" testType="13cdc9d9-ddb5-4fa4-a97d-d965ccfc6d4b" outcome="Passed" testListId="8c84fa94-04c1-424b-9868-57a2d4851a1d" relativeResultsDirectory="c65ce07f-ed97-4740-82d1-8f7e441f02d3">
    </UnitTestResult>
    <UnitTestResult executionId="82634870-89e6-41c4-ba45-e8d06c589329" testId="bf6924ff-32b9-e2c3-9658-0cd3f426ce9a" testName="QualityDecreasesByTwoWhenSellInIsGreaterThanOrEqualToZero" computerName="WS-KWILLIAMS" duration="00:00:00.0001570" startTime="2012-10-08T08:42:27.8979727-04:00" endTime="2012-10-08T08:42:27.8979727-04:00" testType="13cdc9d9-ddb5-4fa4-a97d-d965ccfc6d4b" outcome="Passed" testListId="8c84fa94-04c1-424b-9868-57a2d4851a1d" relativeResultsDirectory="82634870-89e6-41c4-ba45-e8d06c589329">
    </UnitTestResult>
    <UnitTestResult executionId="62a8b598-c0c8-434c-867b-9bf401cb7656" testId="c14da039-df56-a14b-dda5-b66cb3117dc3" testName="QualityDoesNotGoAboveFiftyWhenSellInIsGreaterThanTenDays" computerName="WS-KWILLIAMS" duration="00:00:00.0001635" startTime="2012-10-08T08:42:27.8979727-04:00" endTime="2012-10-08T08:42:27.9135733-04:00" testType="13cdc9d9-ddb5-4fa4-a97d-d965ccfc6d4b" outcome="Passed" testListId="8c84fa94-04c1-424b-9868-57a2d4851a1d" relativeResultsDirectory="62a8b598-c0c8-434c-867b-9bf401cb7656">
    </UnitTestResult>
    <UnitTestResult executionId="c53d23c2-b552-40dd-bef6-3a29d1cad42a" testId="c33c3c45-bc58-e8ef-1cab-996cda5c4ccc" testName="DecreasesByOne" computerName="WS-KWILLIAMS" duration="00:00:00.0002413" startTime="2012-10-08T08:42:27.9135733-04:00" endTime="2012-10-08T08:42:27.9135733-04:00" testType="13cdc9d9-ddb5-4fa4-a97d-d965ccfc6d4b" outcome="Passed" testListId="8c84fa94-04c1-424b-9868-57a2d4851a1d" relativeResultsDirectory="c53d23c2-b552-40dd-bef6-3a29d1cad42a">
    </UnitTestResult>
    <UnitTestResult executionId="181ee2dd-d604-43a4-998d-b48eabc77459" testId="cecebdfe-6d27-291a-2de2-48893f597415" testName="QualityDoesNotGoAboveFiftyWhenSellInIsWithinSixAndTenDays" computerName="WS-KWILLIAMS" duration="00:00:00.0001601" startTime="2012-10-08T08:42:27.9135733-04:00" endTime="2012-10-08T08:42:27.9135733-04:00" testType="13cdc9d9-ddb5-4fa4-a97d-d965ccfc6d4b" outcome="Passed" testListId="8c84fa94-04c1-424b-9868-57a2d4851a1d" relativeResultsDirectory="181ee2dd-d604-43a4-998d-b48eabc77459">
    </UnitTestResult>
    <UnitTestResult executionId="74cb6b22-74c2-4baf-b6bc-c8aec0606d2a" testId="ddf4f376-d23b-f447-f252-2fe1d83b1b05" testName="SellInForConjuredDecreasesByOne" computerName="WS-KWILLIAMS" duration="00:00:00.0002101" startTime="2012-10-08T08:42:27.9135733-04:00" endTime="2012-10-08T08:42:27.9135733-04:00" testType="13cdc9d9-ddb5-4fa4-a97d-d965ccfc6d4b" outcome="Passed" testListId="8c84fa94-04c1-424b-9868-57a2d4851a1d" relativeResultsDirectory="74cb6b22-74c2-4baf-b6bc-c8aec0606d2a">
    </UnitTestResult>
    <UnitTestResult executionId="9d22d583-acc7-49dc-a3ad-9cf5a030a78c" testId="debe6527-36f9-32d2-7126-5f2a10b9915c" testName="QualityIncreasesByOneWhenSellInIsGreaterThanTenDays" computerName="WS-KWILLIAMS" duration="00:00:00.0001574" startTime="2012-10-08T08:42:27.9135733-04:00" endTime="2012-10-08T08:42:27.9135733-04:00" testType="13cdc9d9-ddb5-4fa4-a97d-d965ccfc6d4b" outcome="Passed" testListId="8c84fa94-04c1-424b-9868-57a2d4851a1d" relativeResultsDirectory="9d22d583-acc7-49dc-a3ad-9cf5a030a78c">
    </UnitTestResult>
    <UnitTestResult executionId="001bbc31-601c-462a-bf4c-40ec5dcc1587" testId="e11acf43-8b72-ef0a-3f56-4944d3063c48" testName="SulfurasNeverDegrades" computerName="WS-KWILLIAMS" duration="00:00:00.0002113" startTime="2012-10-08T08:42:27.9291739-04:00" endTime="2012-10-08T08:42:27.9291739-04:00" testType="13cdc9d9-ddb5-4fa4-a97d-d965ccfc6d4b" outcome="Passed" testListId="8c84fa94-04c1-424b-9868-57a2d4851a1d" relativeResultsDirectory="001bbc31-601c-462a-bf4c-40ec5dcc1587">
    </UnitTestResult>
    <UnitTestResult executionId="f853be0d-420c-498f-b24a-a608f65b005d" testId="e343510d-1cbf-7e51-ccf4-d82793d7feae" testName="QualityIncreasesByThreeWhenSellInIsWithinZeroAndFiveDays" computerName="WS-KWILLIAMS" duration="00:00:00.0001543" startTime="2012-10-08T08:42:27.9291739-04:00" endTime="2012-10-08T08:42:27.9291739-04:00" testType="13cdc9d9-ddb5-4fa4-a97d-d965ccfc6d4b" outcome="Passed" testListId="8c84fa94-04c1-424b-9868-57a2d4851a1d" relativeResultsDirectory="f853be0d-420c-498f-b24a-a608f65b005d">
    </UnitTestResult>
    <UnitTestResult executionId="a43942d1-62fb-4956-acd9-2768e0bf2a25" testId="e4f833c7-13fe-b064-7135-20b5f97c6d5d" testName="QualityDoesNotChange" computerName="WS-KWILLIAMS" duration="00:00:00.0002394" startTime="2012-10-08T08:42:27.9291739-04:00" endTime="2012-10-08T08:42:27.9291739-04:00" testType="13cdc9d9-ddb5-4fa4-a97d-d965ccfc6d4b" outcome="Passed" testListId="8c84fa94-04c1-424b-9868-57a2d4851a1d" relativeResultsDirectory="a43942d1-62fb-4956-acd9-2768e0bf2a25">
    </UnitTestResult>
  </Results>
</TestRun>