<?xml version="1.0" encoding="UTF-8"?>
<TestRun id="4005a5d7-e399-4d2c-912b-2ab77c1c7a96" name="kwilliams@WS-KWILLIAMS 2012-10-08 08:33:55" runUser="CCS\kwilliams" xmlns="http://microsoft.com/schemas/VisualStudio/TeamTest/2010">
  <TestSettings name="Local" id="a1caf380-46cb-40ec-bf71-1f09af674c7e">
    <Description>These are default test settings for a local test run.</Description>
    <Deployment enabled="false" runDeploymentRoot="kwilliams_WS-KWILLIAMS 2012-10-08 08_33_55">
      <DeploymentItem filename="C:\Users\kwilliams\Downloads\NotMyself-GildedRose-v1.0-3-gccb50d0\NotMyself-GildedRose-ccb50d0\GildedRose.Core\bin\Debug\GildedRose.Core.dll" />
    </Deployment>
    <Execution>
      <TestTypeSpecific />
      <AgentRule name="Execution Agents">
      </AgentRule>
    </Execution>
  </TestSettings>
  <Times creation="2012-10-08T08:33:55.2354272-04:00" queuing="2012-10-08T08:33:55.2666284-04:00" start="2012-10-08T08:33:55.2822290-04:00" finish="2012-10-08T08:33:55.4850368-04:00" />
  <ResultSummary outcome="Completed">
    <Counters total="1" executed="1" passed="1" error="0" failed="0" timeout="0" aborted="0" inconclusive="0" passedButRunAborted="0" notRunnable="0" notExecuted="0" disconnected="0" warning="0" completed="0" inProgress="0" pending="0" />
  </ResultSummary>
  <TestDefinitions>
    <UnitTest name="BackstagePassQualityIncreasesByOneTenDays" storage="c:\users\kwilliams\downloads\notmyself-gildedrose-v1.0-3-gccb50d0\notmyself-gildedrose-ccb50d0\src\gildedroses.unittests\bin\debug\gildedroses.unittests.dll" id="e294a53a-8e48-f045-9dcf-c925acdd4191">
      <Execution id="33a3236d-5ca5-4fc1-bfec-a3f33fa47ec2" />
      <TestMethod codeBase="C:/Users/kwilliams/Downloads/NotMyself-GildedRose-v1.0-3-gccb50d0/NotMyself-GildedRose-ccb50d0/src/GildedRoses.UnitTests/bin/Debug/GildedRoses.UnitTests.DLL" adapterTypeName="Microsoft.VisualStudio.TestTools.TestTypes.Unit.UnitTestAdapter, Microsoft.VisualStudio.QualityTools.Tips.UnitTest.Adapter, Version=10.0.0.0, Culture=neutral, PublicKeyToken=b03f5f7f11d50a3a" className="GildedRose.UnitTests.GildedRoseProcessorTests, GildedRoses.UnitTests, Version=1.0.0.0, Culture=neutral, PublicKeyToken=null" name="BackstagePassQualityIncreasesByOneTenDays" />
    </UnitTest>
  </TestDefinitions>
  <TestLists>
    <TestList name="Results Not in a List" id="8c84fa94-04c1-424b-9868-57a2d4851a1d" />
    <TestList name="All Loaded Results" id="19431567-8539-422a-85d7-44ee4e166bda" />
  </TestLists>
  <TestEntries>
    <TestEntry testId="e294a53a-8e48-f045-9dcf-c925acdd4191" executionId="33a3236d-5ca5-4fc1-bfec-a3f33fa47ec2" testListId="8c84fa94-04c1-424b-9868-57a2d4851a1d" />
  </TestEntries>
  <Results>
    <UnitTestResult executionId="33a3236d-5ca5-4fc1-bfec-a3f33fa47ec2" testId="e294a53a-8e48-f045-9dcf-c925acdd4191" testName="BackstagePassQualityIncreasesByOneTenDays" computerName="WS-KWILLIAMS" duration="00:00:00.0128842" startTime="2012-10-08T08:33:55.2822290-04:00" endTime="2012-10-08T08:33:55.4538356-04:00" testType="13cdc9d9-ddb5-4fa4-a97d-d965ccfc6d4b" outcome="Passed" testListId="8c84fa94-04c1-424b-9868-57a2d4851a1d" relativeResultsDirectory="33a3236d-5ca5-4fc1-bfec-a3f33fa47ec2">
    </UnitTestResult>
  </Results>
</TestRun>